<?xml version="1.0" encoding="UTF-8"?>
<testExecutions version="1">
  <file path="/Users/namanh/ReactNative/bic-group-app/src/screens/Menu/AccountSettings/EditBasicInfo/EditBasicInfo.test.tsx">
    <testCase name="EditDescription screen should disable save button when not change any value" duration="64">
      <failure message="TypeError: Cannot set properties of undefined (setting &apos;myProfile&apos;)"><![CDATA[TypeError: Cannot set properties of undefined (setting 'myProfile')
    at Object.<anonymous> (/Users/namanh/ReactNative/bic-group-app/src/screens/Menu/AccountSettings/EditBasicInfo/EditBasicInfo.test.tsx:33:29)
    at Promise.then.completed (/Users/namanh/ReactNative/bic-group-app/node_modules/jest-circus/build/utils.js:390:28)
    at new Promise (<anonymous>)
    at callAsyncCircusFn (/Users/namanh/ReactNative/bic-group-app/node_modules/jest-circus/build/utils.js:315:10)
    at _callCircusHook (/Users/namanh/ReactNative/bic-group-app/node_modules/jest-circus/build/run.js:181:40)
    at processTicksAndRejections (node:internal/process/task_queues:96:5)
    at _runTest (/Users/namanh/ReactNative/bic-group-app/node_modules/jest-circus/build/run.js:148:5)
    at _runTestsForDescribeBlock (/Users/namanh/ReactNative/bic-group-app/node_modules/jest-circus/build/run.js:66:9)
    at _runTestsForDescribeBlock (/Users/namanh/ReactNative/bic-group-app/node_modules/jest-circus/build/run.js:60:9)
    at run (/Users/namanh/ReactNative/bic-group-app/node_modules/jest-circus/build/run.js:25:3)]]></failure>
    </testCase>
    <testCase name="EditDescription screen should enable save button when change name" duration="32">
      <failure message="TypeError: Cannot set properties of undefined (setting &apos;myProfile&apos;)"><![CDATA[TypeError: Cannot set properties of undefined (setting 'myProfile')
    at Object.<anonymous> (/Users/namanh/ReactNative/bic-group-app/src/screens/Menu/AccountSettings/EditBasicInfo/EditBasicInfo.test.tsx:33:29)
    at Promise.then.completed (/Users/namanh/ReactNative/bic-group-app/node_modules/jest-circus/build/utils.js:390:28)
    at new Promise (<anonymous>)
    at callAsyncCircusFn (/Users/namanh/ReactNative/bic-group-app/node_modules/jest-circus/build/utils.js:315:10)
    at _callCircusHook (/Users/namanh/ReactNative/bic-group-app/node_modules/jest-circus/build/run.js:181:40)
    at processTicksAndRejections (node:internal/process/task_queues:96:5)
    at _runTest (/Users/namanh/ReactNative/bic-group-app/node_modules/jest-circus/build/run.js:148:5)
    at _runTestsForDescribeBlock (/Users/namanh/ReactNative/bic-group-app/node_modules/jest-circus/build/run.js:66:9)
    at _runTestsForDescribeBlock (/Users/namanh/ReactNative/bic-group-app/node_modules/jest-circus/build/run.js:60:9)
    at run (/Users/namanh/ReactNative/bic-group-app/node_modules/jest-circus/build/run.js:25:3)]]></failure>
    </testCase>
    <testCase name="EditDescription screen should render gender bottom sheet when click gender item" duration="11">
      <failure message="TypeError: Cannot set properties of undefined (setting &apos;myProfile&apos;)"><![CDATA[TypeError: Cannot set properties of undefined (setting 'myProfile')
    at Object.<anonymous> (/Users/namanh/ReactNative/bic-group-app/src/screens/Menu/AccountSettings/EditBasicInfo/EditBasicInfo.test.tsx:33:29)
    at Promise.then.completed (/Users/namanh/ReactNative/bic-group-app/node_modules/jest-circus/build/utils.js:390:28)
    at new Promise (<anonymous>)
    at callAsyncCircusFn (/Users/namanh/ReactNative/bic-group-app/node_modules/jest-circus/build/utils.js:315:10)
    at _callCircusHook (/Users/namanh/ReactNative/bic-group-app/node_modules/jest-circus/build/run.js:181:40)
    at processTicksAndRejections (node:internal/process/task_queues:96:5)
    at _runTest (/Users/namanh/ReactNative/bic-group-app/node_modules/jest-circus/build/run.js:148:5)
    at _runTestsForDescribeBlock (/Users/namanh/ReactNative/bic-group-app/node_modules/jest-circus/build/run.js:66:9)
    at _runTestsForDescribeBlock (/Users/namanh/ReactNative/bic-group-app/node_modules/jest-circus/build/run.js:60:9)
    at run (/Users/namanh/ReactNative/bic-group-app/node_modules/jest-circus/build/run.js:25:3)]]></failure>
    </testCase>
    <testCase name="EditDescription screen should render show date picker when click birthday item" duration="25">
      <failure message="TypeError: Cannot set properties of undefined (setting &apos;myProfile&apos;)"><![CDATA[TypeError: Cannot set properties of undefined (setting 'myProfile')
    at Object.<anonymous> (/Users/namanh/ReactNative/bic-group-app/src/screens/Menu/AccountSettings/EditBasicInfo/EditBasicInfo.test.tsx:33:29)
    at Promise.then.completed (/Users/namanh/ReactNative/bic-group-app/node_modules/jest-circus/build/utils.js:390:28)
    at new Promise (<anonymous>)
    at callAsyncCircusFn (/Users/namanh/ReactNative/bic-group-app/node_modules/jest-circus/build/utils.js:315:10)
    at _callCircusHook (/Users/namanh/ReactNative/bic-group-app/node_modules/jest-circus/build/run.js:181:40)
    at processTicksAndRejections (node:internal/process/task_queues:96:5)
    at _runTest (/Users/namanh/ReactNative/bic-group-app/node_modules/jest-circus/build/run.js:148:5)
    at _runTestsForDescribeBlock (/Users/namanh/ReactNative/bic-group-app/node_modules/jest-circus/build/run.js:66:9)
    at _runTestsForDescribeBlock (/Users/namanh/ReactNative/bic-group-app/node_modules/jest-circus/build/run.js:60:9)
    at run (/Users/namanh/ReactNative/bic-group-app/node_modules/jest-circus/build/run.js:25:3)]]></failure>
    </testCase>
    <testCase name="EditDescription screen should render language option bottom sheet and enable Save button when click language item" duration="14">
      <failure message="TypeError: Cannot set properties of undefined (setting &apos;myProfile&apos;)"><![CDATA[TypeError: Cannot set properties of undefined (setting 'myProfile')
    at Object.<anonymous> (/Users/namanh/ReactNative/bic-group-app/src/screens/Menu/AccountSettings/EditBasicInfo/EditBasicInfo.test.tsx:33:29)
    at Promise.then.completed (/Users/namanh/ReactNative/bic-group-app/node_modules/jest-circus/build/utils.js:390:28)
    at new Promise (<anonymous>)
    at callAsyncCircusFn (/Users/namanh/ReactNative/bic-group-app/node_modules/jest-circus/build/utils.js:315:10)
    at _callCircusHook (/Users/namanh/ReactNative/bic-group-app/node_modules/jest-circus/build/run.js:181:40)
    at processTicksAndRejections (node:internal/process/task_queues:96:5)
    at _runTest (/Users/namanh/ReactNative/bic-group-app/node_modules/jest-circus/build/run.js:148:5)
    at _runTestsForDescribeBlock (/Users/namanh/ReactNative/bic-group-app/node_modules/jest-circus/build/run.js:66:9)
    at _runTestsForDescribeBlock (/Users/namanh/ReactNative/bic-group-app/node_modules/jest-circus/build/run.js:60:9)
    at run (/Users/namanh/ReactNative/bic-group-app/node_modules/jest-circus/build/run.js:25:3)]]></failure>
    </testCase>
    <testCase name="EditDescription screen should render relationship bottom sheet when click relationship item" duration="26">
      <failure message="TypeError: Cannot set properties of undefined (setting &apos;myProfile&apos;)"><![CDATA[TypeError: Cannot set properties of undefined (setting 'myProfile')
    at Object.<anonymous> (/Users/namanh/ReactNative/bic-group-app/src/screens/Menu/AccountSettings/EditBasicInfo/EditBasicInfo.test.tsx:33:29)
    at Promise.then.completed (/Users/namanh/ReactNative/bic-group-app/node_modules/jest-circus/build/utils.js:390:28)
    at new Promise (<anonymous>)
    at callAsyncCircusFn (/Users/namanh/ReactNative/bic-group-app/node_modules/jest-circus/build/utils.js:315:10)
    at _callCircusHook (/Users/namanh/ReactNative/bic-group-app/node_modules/jest-circus/build/run.js:181:40)
    at processTicksAndRejections (node:internal/process/task_queues:96:5)
    at _runTest (/Users/namanh/ReactNative/bic-group-app/node_modules/jest-circus/build/run.js:148:5)
    at _runTestsForDescribeBlock (/Users/namanh/ReactNative/bic-group-app/node_modules/jest-circus/build/run.js:66:9)
    at _runTestsForDescribeBlock (/Users/namanh/ReactNative/bic-group-app/node_modules/jest-circus/build/run.js:60:9)
    at run (/Users/namanh/ReactNative/bic-group-app/node_modules/jest-circus/build/run.js:25:3)]]></failure>
    </testCase>
    <testCase name="EditDescription screen should back to previous screen successfully " duration="9">
      <failure message="TypeError: Cannot set properties of undefined (setting &apos;myProfile&apos;)"><![CDATA[TypeError: Cannot set properties of undefined (setting 'myProfile')
    at Object.<anonymous> (/Users/namanh/ReactNative/bic-group-app/src/screens/Menu/AccountSettings/EditBasicInfo/EditBasicInfo.test.tsx:33:29)
    at Promise.then.completed (/Users/namanh/ReactNative/bic-group-app/node_modules/jest-circus/build/utils.js:390:28)
    at new Promise (<anonymous>)
    at callAsyncCircusFn (/Users/namanh/ReactNative/bic-group-app/node_modules/jest-circus/build/utils.js:315:10)
    at _callCircusHook (/Users/namanh/ReactNative/bic-group-app/node_modules/jest-circus/build/run.js:181:40)
    at processTicksAndRejections (node:internal/process/task_queues:96:5)
    at _runTest (/Users/namanh/ReactNative/bic-group-app/node_modules/jest-circus/build/run.js:148:5)
    at _runTestsForDescribeBlock (/Users/namanh/ReactNative/bic-group-app/node_modules/jest-circus/build/run.js:66:9)
    at _runTestsForDescribeBlock (/Users/namanh/ReactNative/bic-group-app/node_modules/jest-circus/build/run.js:60:9)
    at run (/Users/namanh/ReactNative/bic-group-app/node_modules/jest-circus/build/run.js:25:3)]]></failure>
    </testCase>
    <testCase name="EditDescription screen should show alert when changed value and click back " duration="20">
      <failure message="TypeError: Cannot set properties of undefined (setting &apos;myProfile&apos;)"><![CDATA[TypeError: Cannot set properties of undefined (setting 'myProfile')
    at Object.<anonymous> (/Users/namanh/ReactNative/bic-group-app/src/screens/Menu/AccountSettings/EditBasicInfo/EditBasicInfo.test.tsx:33:29)
    at Promise.then.completed (/Users/namanh/ReactNative/bic-group-app/node_modules/jest-circus/build/utils.js:390:28)
    at new Promise (<anonymous>)
    at callAsyncCircusFn (/Users/namanh/ReactNative/bic-group-app/node_modules/jest-circus/build/utils.js:315:10)
    at _callCircusHook (/Users/namanh/ReactNative/bic-group-app/node_modules/jest-circus/build/run.js:181:40)
    at processTicksAndRejections (node:internal/process/task_queues:96:5)
    at _runTest (/Users/namanh/ReactNative/bic-group-app/node_modules/jest-circus/build/run.js:148:5)
    at _runTestsForDescribeBlock (/Users/namanh/ReactNative/bic-group-app/node_modules/jest-circus/build/run.js:66:9)
    at _runTestsForDescribeBlock (/Users/namanh/ReactNative/bic-group-app/node_modules/jest-circus/build/run.js:60:9)
    at run (/Users/namanh/ReactNative/bic-group-app/node_modules/jest-circus/build/run.js:25:3)]]></failure>
    </testCase>
    <testCase name="EditDescription screen should dismiss keyboard when click button save " duration="10">
      <failure message="TypeError: Cannot set properties of undefined (setting &apos;myProfile&apos;)"><![CDATA[TypeError: Cannot set properties of undefined (setting 'myProfile')
    at Object.<anonymous> (/Users/namanh/ReactNative/bic-group-app/src/screens/Menu/AccountSettings/EditBasicInfo/EditBasicInfo.test.tsx:33:29)
    at Promise.then.completed (/Users/namanh/ReactNative/bic-group-app/node_modules/jest-circus/build/utils.js:390:28)
    at new Promise (<anonymous>)
    at callAsyncCircusFn (/Users/namanh/ReactNative/bic-group-app/node_modules/jest-circus/build/utils.js:315:10)
    at _callCircusHook (/Users/namanh/ReactNative/bic-group-app/node_modules/jest-circus/build/run.js:181:40)
    at processTicksAndRejections (node:internal/process/task_queues:96:5)
    at _runTest (/Users/namanh/ReactNative/bic-group-app/node_modules/jest-circus/build/run.js:148:5)
    at _runTestsForDescribeBlock (/Users/namanh/ReactNative/bic-group-app/node_modules/jest-circus/build/run.js:66:9)
    at _runTestsForDescribeBlock (/Users/namanh/ReactNative/bic-group-app/node_modules/jest-circus/build/run.js:60:9)
    at run (/Users/namanh/ReactNative/bic-group-app/node_modules/jest-circus/build/run.js:25:3)]]></failure>
    </testCase>
    <testCase name="EditDescription screen should show error text when deleting all character of name" duration="14">
      <failure message="TypeError: Cannot set properties of undefined (setting &apos;myProfile&apos;)"><![CDATA[TypeError: Cannot set properties of undefined (setting 'myProfile')
    at Object.<anonymous> (/Users/namanh/ReactNative/bic-group-app/src/screens/Menu/AccountSettings/EditBasicInfo/EditBasicInfo.test.tsx:33:29)
    at Promise.then.completed (/Users/namanh/ReactNative/bic-group-app/node_modules/jest-circus/build/utils.js:390:28)
    at new Promise (<anonymous>)
    at callAsyncCircusFn (/Users/namanh/ReactNative/bic-group-app/node_modules/jest-circus/build/utils.js:315:10)
    at _callCircusHook (/Users/namanh/ReactNative/bic-group-app/node_modules/jest-circus/build/run.js:181:40)
    at processTicksAndRejections (node:internal/process/task_queues:96:5)
    at _runTest (/Users/namanh/ReactNative/bic-group-app/node_modules/jest-circus/build/run.js:148:5)
    at _runTestsForDescribeBlock (/Users/namanh/ReactNative/bic-group-app/node_modules/jest-circus/build/run.js:66:9)
    at _runTestsForDescribeBlock (/Users/namanh/ReactNative/bic-group-app/node_modules/jest-circus/build/run.js:60:9)
    at run (/Users/namanh/ReactNative/bic-group-app/node_modules/jest-circus/build/run.js:25:3)]]></failure>
    </testCase>
  </file>
  <file path="/Users/namanh/ReactNative/bic-group-app/src/beinComponents/Header/index.test.tsx">
    <testCase name="Header component renders correctly" duration="308"/>
    <testCase name="Header component renders correctly with children" duration="31"/>
    <testCase name="Header component renders correctly with props header ref" duration="37"/>
    <testCase name="Header component renders correctly with props title" duration="39"/>
    <testCase name="Header component renders correctly with props title props" duration="31"/>
    <testCase name="Header component renders correctly with props sub title" duration="39"/>
    <testCase name="Header component renders correctly with props sub title props" duration="36"/>
    <testCase name="Header component renders correctly with props left icon" duration="26"/>
    <testCase name="Header component renders correctly with props icon" duration="50"/>
    <testCase name="Header component renders correctly with props right icon" duration="155">
      <failure message="Error: Unable to find an element with testID: header.rightIcon"><![CDATA[Error: Unable to find an element with testID: header.rightIcon
    at Object.<anonymous> (/Users/namanh/ReactNative/bic-group-app/src/beinComponents/Header/index.test.tsx:129:40)
    at Promise.then.completed (/Users/namanh/ReactNative/bic-group-app/node_modules/jest-circus/build/utils.js:390:28)
    at new Promise (<anonymous>)
    at callAsyncCircusFn (/Users/namanh/ReactNative/bic-group-app/node_modules/jest-circus/build/utils.js:315:10)
    at _callCircusTest (/Users/namanh/ReactNative/bic-group-app/node_modules/jest-circus/build/run.js:218:40)
    at processTicksAndRejections (node:internal/process/task_queues:96:5)
    at _runTest (/Users/namanh/ReactNative/bic-group-app/node_modules/jest-circus/build/run.js:155:3)
    at _runTestsForDescribeBlock (/Users/namanh/ReactNative/bic-group-app/node_modules/jest-circus/build/run.js:66:9)
    at _runTestsForDescribeBlock (/Users/namanh/ReactNative/bic-group-app/node_modules/jest-circus/build/run.js:60:9)
    at run (/Users/namanh/ReactNative/bic-group-app/node_modules/jest-circus/build/run.js:25:3)]]></failure>
    </testCase>
    <testCase name="Header component renders correctly with props on press icon" duration="32"/>
    <testCase name="Header component renders correctly with props button text" duration="53"/>
    <testCase name="Header component renders correctly with props button props" duration="29"/>
    <testCase name="Header component renders correctly with props on press button" duration="29"/>
    <testCase name="Header component renders correctly with props menu icon" duration="33">
      <failure message="Error: Unable to find an element with testID: header.menuIcon"><![CDATA[Error: Unable to find an element with testID: header.menuIcon
    at Object.<anonymous> (/Users/namanh/ReactNative/bic-group-app/src/beinComponents/Header/index.test.tsx:187:40)
    at Promise.then.completed (/Users/namanh/ReactNative/bic-group-app/node_modules/jest-circus/build/utils.js:390:28)
    at new Promise (<anonymous>)
    at callAsyncCircusFn (/Users/namanh/ReactNative/bic-group-app/node_modules/jest-circus/build/utils.js:315:10)
    at _callCircusTest (/Users/namanh/ReactNative/bic-group-app/node_modules/jest-circus/build/run.js:218:40)
    at processTicksAndRejections (node:internal/process/task_queues:96:5)
    at _runTest (/Users/namanh/ReactNative/bic-group-app/node_modules/jest-circus/build/run.js:155:3)
    at _runTestsForDescribeBlock (/Users/namanh/ReactNative/bic-group-app/node_modules/jest-circus/build/run.js:66:9)
    at _runTestsForDescribeBlock (/Users/namanh/ReactNative/bic-group-app/node_modules/jest-circus/build/run.js:60:9)
    at run (/Users/namanh/ReactNative/bic-group-app/node_modules/jest-circus/build/run.js:25:3)]]></failure>
    </testCase>
    <testCase name="Header component renders correctly with props on press menu" duration="76">
      <failure message="Error: Unable to find an element with testID: header.menuIcon"><![CDATA[Error: Unable to find an element with testID: header.menuIcon
    at Object.<anonymous> (/Users/namanh/ReactNative/bic-group-app/src/beinComponents/Header/index.test.tsx:196:40)
    at Promise.then.completed (/Users/namanh/ReactNative/bic-group-app/node_modules/jest-circus/build/utils.js:390:28)
    at new Promise (<anonymous>)
    at callAsyncCircusFn (/Users/namanh/ReactNative/bic-group-app/node_modules/jest-circus/build/utils.js:315:10)
    at _callCircusTest (/Users/namanh/ReactNative/bic-group-app/node_modules/jest-circus/build/run.js:218:40)
    at processTicksAndRejections (node:internal/process/task_queues:96:5)
    at _runTest (/Users/namanh/ReactNative/bic-group-app/node_modules/jest-circus/build/run.js:155:3)
    at _runTestsForDescribeBlock (/Users/namanh/ReactNative/bic-group-app/node_modules/jest-circus/build/run.js:66:9)
    at _runTestsForDescribeBlock (/Users/namanh/ReactNative/bic-group-app/node_modules/jest-circus/build/run.js:60:9)
    at run (/Users/namanh/ReactNative/bic-group-app/node_modules/jest-circus/build/run.js:25:3)]]></failure>
    </testCase>
    <testCase name="Header component renders correctly with props hide back" duration="112"/>
    <testCase name="Header component renders correctly with props on press back" duration="16"/>
    <testCase name="Header component renders correctly with props disable inset top" duration="49"/>
    <testCase name="Header component renders correctly with props remove border and shadow" duration="13"/>
    <testCase name="Header component renders correctly with props auto focus search" duration="107">
      <failure message="Error: Unable to find an element with testID: header.search.input"><![CDATA[Error: Unable to find an element with testID: header.search.input
    at _callee3$ (/Users/namanh/ReactNative/bic-group-app/src/beinComponents/Header/index.test.tsx:252:21)
    at tryCatch (/Users/namanh/ReactNative/bic-group-app/node_modules/regenerator-runtime/runtime.js:64:40)
    at Generator.invoke (/Users/namanh/ReactNative/bic-group-app/node_modules/regenerator-runtime/runtime.js:299:22)
    at Generator.next (/Users/namanh/ReactNative/bic-group-app/node_modules/regenerator-runtime/runtime.js:124:21)
    at tryCatch (/Users/namanh/ReactNative/bic-group-app/node_modules/regenerator-runtime/runtime.js:64:40)
    at invoke (/Users/namanh/ReactNative/bic-group-app/node_modules/regenerator-runtime/runtime.js:160:20)
    at /Users/namanh/ReactNative/bic-group-app/node_modules/regenerator-runtime/runtime.js:195:11
    at tryCallTwo (/Users/namanh/ReactNative/bic-group-app/node_modules/react-native/node_modules/promise/lib/core.js:45:5)
    at doResolve (/Users/namanh/ReactNative/bic-group-app/node_modules/react-native/node_modules/promise/lib/core.js:200:13)
    at new Promise (/Users/namanh/ReactNative/bic-group-app/node_modules/react-native/node_modules/promise/lib/core.js:66:3)]]></failure>
    </testCase>
    <testCase name="Header component renders correctly with props search input test ID" duration="65">
      <failure message="Error: Unable to find an element with testID: header.search.input"><![CDATA[Error: Unable to find an element with testID: header.search.input
    at _callee4$ (/Users/namanh/ReactNative/bic-group-app/src/beinComponents/Header/index.test.tsx:273:21)
    at tryCatch (/Users/namanh/ReactNative/bic-group-app/node_modules/regenerator-runtime/runtime.js:64:40)
    at Generator.invoke (/Users/namanh/ReactNative/bic-group-app/node_modules/regenerator-runtime/runtime.js:299:22)
    at Generator.next (/Users/namanh/ReactNative/bic-group-app/node_modules/regenerator-runtime/runtime.js:124:21)
    at tryCatch (/Users/namanh/ReactNative/bic-group-app/node_modules/regenerator-runtime/runtime.js:64:40)
    at invoke (/Users/namanh/ReactNative/bic-group-app/node_modules/regenerator-runtime/runtime.js:160:20)
    at /Users/namanh/ReactNative/bic-group-app/node_modules/regenerator-runtime/runtime.js:195:11
    at tryCallTwo (/Users/namanh/ReactNative/bic-group-app/node_modules/react-native/node_modules/promise/lib/core.js:45:5)
    at doResolve (/Users/namanh/ReactNative/bic-group-app/node_modules/react-native/node_modules/promise/lib/core.js:200:13)
    at new Promise (/Users/namanh/ReactNative/bic-group-app/node_modules/react-native/node_modules/promise/lib/core.js:66:3)]]></failure>
    </testCase>
    <testCase name="Header component renders correctly with props search icon test ID" duration="30"/>
    <testCase name="Header component renders correctly with props on focus search" duration="23">
      <failure message="Error: Unable to find an element with testID: header.search.input"><![CDATA[Error: Unable to find an element with testID: header.search.input
    at _callee5$ (/Users/namanh/ReactNative/bic-group-app/src/beinComponents/Header/index.test.tsx:306:21)
    at tryCatch (/Users/namanh/ReactNative/bic-group-app/node_modules/regenerator-runtime/runtime.js:64:40)
    at Generator.invoke (/Users/namanh/ReactNative/bic-group-app/node_modules/regenerator-runtime/runtime.js:299:22)
    at Generator.next (/Users/namanh/ReactNative/bic-group-app/node_modules/regenerator-runtime/runtime.js:124:21)
    at tryCatch (/Users/namanh/ReactNative/bic-group-app/node_modules/regenerator-runtime/runtime.js:64:40)
    at invoke (/Users/namanh/ReactNative/bic-group-app/node_modules/regenerator-runtime/runtime.js:160:20)
    at /Users/namanh/ReactNative/bic-group-app/node_modules/regenerator-runtime/runtime.js:195:11
    at tryCallTwo (/Users/namanh/ReactNative/bic-group-app/node_modules/react-native/node_modules/promise/lib/core.js:45:5)
    at doResolve (/Users/namanh/ReactNative/bic-group-app/node_modules/react-native/node_modules/promise/lib/core.js:200:13)
    at new Promise (/Users/namanh/ReactNative/bic-group-app/node_modules/react-native/node_modules/promise/lib/core.js:66:3)]]></failure>
    </testCase>
    <testCase name="Header component renders correctly with props on submit search" duration="32">
      <failure message="Error: Unable to find an element with testID: header.search.input"><![CDATA[Error: Unable to find an element with testID: header.search.input
    at _callee6$ (/Users/namanh/ReactNative/bic-group-app/src/beinComponents/Header/index.test.tsx:328:21)
    at tryCatch (/Users/namanh/ReactNative/bic-group-app/node_modules/regenerator-runtime/runtime.js:64:40)
    at Generator.invoke (/Users/namanh/ReactNative/bic-group-app/node_modules/regenerator-runtime/runtime.js:299:22)
    at Generator.next (/Users/namanh/ReactNative/bic-group-app/node_modules/regenerator-runtime/runtime.js:124:21)
    at tryCatch (/Users/namanh/ReactNative/bic-group-app/node_modules/regenerator-runtime/runtime.js:64:40)
    at invoke (/Users/namanh/ReactNative/bic-group-app/node_modules/regenerator-runtime/runtime.js:160:20)
    at /Users/namanh/ReactNative/bic-group-app/node_modules/regenerator-runtime/runtime.js:195:11
    at tryCallTwo (/Users/namanh/ReactNative/bic-group-app/node_modules/react-native/node_modules/promise/lib/core.js:45:5)
    at doResolve (/Users/namanh/ReactNative/bic-group-app/node_modules/react-native/node_modules/promise/lib/core.js:200:13)
    at new Promise (/Users/namanh/ReactNative/bic-group-app/node_modules/react-native/node_modules/promise/lib/core.js:66:3)]]></failure>
    </testCase>
    <testCase name="Header component renders correctly with props on show search" duration="44">
      <failure message="Error: Unable to find an element with testID: header.search.input"><![CDATA[Error: Unable to find an element with testID: header.search.input
    at _callee7$ (/Users/namanh/ReactNative/bic-group-app/src/beinComponents/Header/index.test.tsx:356:21)
    at tryCatch (/Users/namanh/ReactNative/bic-group-app/node_modules/regenerator-runtime/runtime.js:64:40)
    at Generator.invoke (/Users/namanh/ReactNative/bic-group-app/node_modules/regenerator-runtime/runtime.js:299:22)
    at Generator.next (/Users/namanh/ReactNative/bic-group-app/node_modules/regenerator-runtime/runtime.js:124:21)
    at tryCatch (/Users/namanh/ReactNative/bic-group-app/node_modules/regenerator-runtime/runtime.js:64:40)
    at invoke (/Users/namanh/ReactNative/bic-group-app/node_modules/regenerator-runtime/runtime.js:160:20)
    at /Users/namanh/ReactNative/bic-group-app/node_modules/regenerator-runtime/runtime.js:195:11
    at tryCallTwo (/Users/namanh/ReactNative/bic-group-app/node_modules/react-native/node_modules/promise/lib/core.js:45:5)
    at doResolve (/Users/namanh/ReactNative/bic-group-app/node_modules/react-native/node_modules/promise/lib/core.js:200:13)
    at new Promise (/Users/namanh/ReactNative/bic-group-app/node_modules/react-native/node_modules/promise/lib/core.js:66:3)]]></failure>
    </testCase>
    <testCase name="Header component renders correctly with props on text search" duration="23">
      <failure message="Error: Unable to find an element with testID: header.search.input"><![CDATA[Error: Unable to find an element with testID: header.search.input
    at _callee8$ (/Users/namanh/ReactNative/bic-group-app/src/beinComponents/Header/index.test.tsx:374:21)
    at tryCatch (/Users/namanh/ReactNative/bic-group-app/node_modules/regenerator-runtime/runtime.js:64:40)
    at Generator.invoke (/Users/namanh/ReactNative/bic-group-app/node_modules/regenerator-runtime/runtime.js:299:22)
    at Generator.next (/Users/namanh/ReactNative/bic-group-app/node_modules/regenerator-runtime/runtime.js:124:21)
    at tryCatch (/Users/namanh/ReactNative/bic-group-app/node_modules/regenerator-runtime/runtime.js:64:40)
    at invoke (/Users/namanh/ReactNative/bic-group-app/node_modules/regenerator-runtime/runtime.js:160:20)
    at /Users/namanh/ReactNative/bic-group-app/node_modules/regenerator-runtime/runtime.js:195:11
    at tryCallTwo (/Users/namanh/ReactNative/bic-group-app/node_modules/react-native/node_modules/promise/lib/core.js:45:5)
    at doResolve (/Users/namanh/ReactNative/bic-group-app/node_modules/react-native/node_modules/promise/lib/core.js:200:13)
    at new Promise (/Users/namanh/ReactNative/bic-group-app/node_modules/react-native/node_modules/promise/lib/core.js:66:3)]]></failure>
    </testCase>
    <testCase name="Header component renders correctly with props search placeholder" duration="44">
      <failure message="Error: Unable to find an element with testID: header.search.input"><![CDATA[Error: Unable to find an element with testID: header.search.input
    at _callee9$ (/Users/namanh/ReactNative/bic-group-app/src/beinComponents/Header/index.test.tsx:403:21)
    at tryCatch (/Users/namanh/ReactNative/bic-group-app/node_modules/regenerator-runtime/runtime.js:64:40)
    at Generator.invoke (/Users/namanh/ReactNative/bic-group-app/node_modules/regenerator-runtime/runtime.js:299:22)
    at Generator.next (/Users/namanh/ReactNative/bic-group-app/node_modules/regenerator-runtime/runtime.js:124:21)
    at tryCatch (/Users/namanh/ReactNative/bic-group-app/node_modules/regenerator-runtime/runtime.js:64:40)
    at invoke (/Users/namanh/ReactNative/bic-group-app/node_modules/regenerator-runtime/runtime.js:160:20)
    at /Users/namanh/ReactNative/bic-group-app/node_modules/regenerator-runtime/runtime.js:195:11
    at tryCallTwo (/Users/namanh/ReactNative/bic-group-app/node_modules/react-native/node_modules/promise/lib/core.js:45:5)
    at doResolve (/Users/namanh/ReactNative/bic-group-app/node_modules/react-native/node_modules/promise/lib/core.js:200:13)
    at new Promise (/Users/namanh/ReactNative/bic-group-app/node_modules/react-native/node_modules/promise/lib/core.js:66:3)]]></failure>
    </testCase>
    <testCase name="Header component renders correctly with props on press header" duration="20">
      <failure message="Error: Unable to find an element with testID: header.avatar"><![CDATA[Error: Unable to find an element with testID: header.avatar
    at Object.<anonymous> (/Users/namanh/ReactNative/bic-group-app/src/beinComponents/Header/index.test.tsx:414:35)
    at Promise.then.completed (/Users/namanh/ReactNative/bic-group-app/node_modules/jest-circus/build/utils.js:390:28)
    at new Promise (<anonymous>)
    at callAsyncCircusFn (/Users/namanh/ReactNative/bic-group-app/node_modules/jest-circus/build/utils.js:315:10)
    at _callCircusTest (/Users/namanh/ReactNative/bic-group-app/node_modules/jest-circus/build/run.js:218:40)
    at processTicksAndRejections (node:internal/process/task_queues:96:5)
    at _runTest (/Users/namanh/ReactNative/bic-group-app/node_modules/jest-circus/build/run.js:155:3)
    at _runTestsForDescribeBlock (/Users/namanh/ReactNative/bic-group-app/node_modules/jest-circus/build/run.js:66:9)
    at _runTestsForDescribeBlock (/Users/namanh/ReactNative/bic-group-app/node_modules/jest-circus/build/run.js:60:9)
    at run (/Users/namanh/ReactNative/bic-group-app/node_modules/jest-circus/build/run.js:25:3)]]></failure>
    </testCase>
    <testCase name="Header component renders correctly with props on right press" duration="25">
      <failure message="Error: Unable to find an element with testID: header.rightIcon"><![CDATA[Error: Unable to find an element with testID: header.rightIcon
    at Object.<anonymous> (/Users/namanh/ReactNative/bic-group-app/src/beinComponents/Header/index.test.tsx:425:40)
    at Promise.then.completed (/Users/namanh/ReactNative/bic-group-app/node_modules/jest-circus/build/utils.js:390:28)
    at new Promise (<anonymous>)
    at callAsyncCircusFn (/Users/namanh/ReactNative/bic-group-app/node_modules/jest-circus/build/utils.js:315:10)
    at _callCircusTest (/Users/namanh/ReactNative/bic-group-app/node_modules/jest-circus/build/run.js:218:40)
    at processTicksAndRejections (node:internal/process/task_queues:96:5)
    at _runTest (/Users/namanh/ReactNative/bic-group-app/node_modules/jest-circus/build/run.js:155:3)
    at _runTestsForDescribeBlock (/Users/namanh/ReactNative/bic-group-app/node_modules/jest-circus/build/run.js:66:9)
    at _runTestsForDescribeBlock (/Users/namanh/ReactNative/bic-group-app/node_modules/jest-circus/build/run.js:60:9)
    at run (/Users/namanh/ReactNative/bic-group-app/node_modules/jest-circus/build/run.js:25:3)]]></failure>
    </testCase>
    <testCase name="Header component renders correctly with props on press chat" duration="22">
      <failure message="Error: Unable to find an element with testID: header.iconChat"><![CDATA[Error: Unable to find an element with testID: header.iconChat
    at Object.<anonymous> (/Users/namanh/ReactNative/bic-group-app/src/beinComponents/Header/index.test.tsx:438:41)
    at Promise.then.completed (/Users/namanh/ReactNative/bic-group-app/node_modules/jest-circus/build/utils.js:390:28)
    at new Promise (<anonymous>)
    at callAsyncCircusFn (/Users/namanh/ReactNative/bic-group-app/node_modules/jest-circus/build/utils.js:315:10)
    at _callCircusTest (/Users/namanh/ReactNative/bic-group-app/node_modules/jest-circus/build/run.js:218:40)
    at processTicksAndRejections (node:internal/process/task_queues:96:5)
    at _runTest (/Users/namanh/ReactNative/bic-group-app/node_modules/jest-circus/build/run.js:155:3)
    at _runTestsForDescribeBlock (/Users/namanh/ReactNative/bic-group-app/node_modules/jest-circus/build/run.js:66:9)
    at _runTestsForDescribeBlock (/Users/namanh/ReactNative/bic-group-app/node_modules/jest-circus/build/run.js:60:9)
    at run (/Users/namanh/ReactNative/bic-group-app/node_modules/jest-circus/build/run.js:25:3)]]></failure>
    </testCase>
  </file>
  <file path="/Users/namanh/ReactNative/bic-group-app/src/screens/post/PostSettings/index.test.tsx">
    <testCase name="Post Setting Screen renders correctly default setting" duration="64">
      <failure message="TypeError: Cannot set properties of undefined (setting &apos;currentSettings&apos;)"><![CDATA[TypeError: Cannot set properties of undefined (setting 'currentSettings')
    at Object.<anonymous> (/Users/namanh/ReactNative/bic-group-app/src/screens/post/PostSettings/index.test.tsx:25:46)
    at Promise.then.completed (/Users/namanh/ReactNative/bic-group-app/node_modules/jest-circus/build/utils.js:390:28)
    at new Promise (<anonymous>)
    at callAsyncCircusFn (/Users/namanh/ReactNative/bic-group-app/node_modules/jest-circus/build/utils.js:315:10)
    at _callCircusHook (/Users/namanh/ReactNative/bic-group-app/node_modules/jest-circus/build/run.js:181:40)
    at processTicksAndRejections (node:internal/process/task_queues:96:5)
    at _runTest (/Users/namanh/ReactNative/bic-group-app/node_modules/jest-circus/build/run.js:148:5)
    at _runTestsForDescribeBlock (/Users/namanh/ReactNative/bic-group-app/node_modules/jest-circus/build/run.js:66:9)
    at _runTestsForDescribeBlock (/Users/namanh/ReactNative/bic-group-app/node_modules/jest-circus/build/run.js:60:9)
    at run (/Users/namanh/ReactNative/bic-group-app/node_modules/jest-circus/build/run.js:25:3)]]></failure>
    </testCase>
    <testCase name="Post Setting Screen renders correctly disable to enable important" duration="56">
      <failure message="TypeError: Cannot set properties of undefined (setting &apos;currentSettings&apos;)"><![CDATA[TypeError: Cannot set properties of undefined (setting 'currentSettings')
    at Object.<anonymous> (/Users/namanh/ReactNative/bic-group-app/src/screens/post/PostSettings/index.test.tsx:25:46)
    at Promise.then.completed (/Users/namanh/ReactNative/bic-group-app/node_modules/jest-circus/build/utils.js:390:28)
    at new Promise (<anonymous>)
    at callAsyncCircusFn (/Users/namanh/ReactNative/bic-group-app/node_modules/jest-circus/build/utils.js:315:10)
    at _callCircusHook (/Users/namanh/ReactNative/bic-group-app/node_modules/jest-circus/build/run.js:181:40)
    at processTicksAndRejections (node:internal/process/task_queues:96:5)
    at _runTest (/Users/namanh/ReactNative/bic-group-app/node_modules/jest-circus/build/run.js:148:5)
    at _runTestsForDescribeBlock (/Users/namanh/ReactNative/bic-group-app/node_modules/jest-circus/build/run.js:66:9)
    at _runTestsForDescribeBlock (/Users/namanh/ReactNative/bic-group-app/node_modules/jest-circus/build/run.js:60:9)
    at run (/Users/namanh/ReactNative/bic-group-app/node_modules/jest-circus/build/run.js:25:3)]]></failure>
    </testCase>
    <testCase name="Post Setting Screen renders correctly enable to disable important" duration="160">
      <failure message="TypeError: Cannot set properties of undefined (setting &apos;currentSettings&apos;)"><![CDATA[TypeError: Cannot set properties of undefined (setting 'currentSettings')
    at Object.<anonymous> (/Users/namanh/ReactNative/bic-group-app/src/screens/post/PostSettings/index.test.tsx:25:46)
    at Promise.then.completed (/Users/namanh/ReactNative/bic-group-app/node_modules/jest-circus/build/utils.js:390:28)
    at new Promise (<anonymous>)
    at callAsyncCircusFn (/Users/namanh/ReactNative/bic-group-app/node_modules/jest-circus/build/utils.js:315:10)
    at _callCircusHook (/Users/namanh/ReactNative/bic-group-app/node_modules/jest-circus/build/run.js:181:40)
    at processTicksAndRejections (node:internal/process/task_queues:96:5)
    at _runTest (/Users/namanh/ReactNative/bic-group-app/node_modules/jest-circus/build/run.js:148:5)
    at _runTestsForDescribeBlock (/Users/namanh/ReactNative/bic-group-app/node_modules/jest-circus/build/run.js:66:9)
    at _runTestsForDescribeBlock (/Users/namanh/ReactNative/bic-group-app/node_modules/jest-circus/build/run.js:60:9)
    at run (/Users/namanh/ReactNative/bic-group-app/node_modules/jest-circus/build/run.js:25:3)]]></failure>
    </testCase>
    <testCase name="Post Setting Screen should show navigate back when press back without changed" duration="11">
      <failure message="TypeError: Cannot set properties of undefined (setting &apos;currentSettings&apos;)"><![CDATA[TypeError: Cannot set properties of undefined (setting 'currentSettings')
    at Object.<anonymous> (/Users/namanh/ReactNative/bic-group-app/src/screens/post/PostSettings/index.test.tsx:25:46)
    at Promise.then.completed (/Users/namanh/ReactNative/bic-group-app/node_modules/jest-circus/build/utils.js:390:28)
    at new Promise (<anonymous>)
    at callAsyncCircusFn (/Users/namanh/ReactNative/bic-group-app/node_modules/jest-circus/build/utils.js:315:10)
    at _callCircusHook (/Users/namanh/ReactNative/bic-group-app/node_modules/jest-circus/build/run.js:181:40)
    at processTicksAndRejections (node:internal/process/task_queues:96:5)
    at _runTest (/Users/namanh/ReactNative/bic-group-app/node_modules/jest-circus/build/run.js:148:5)
    at _runTestsForDescribeBlock (/Users/namanh/ReactNative/bic-group-app/node_modules/jest-circus/build/run.js:66:9)
    at _runTestsForDescribeBlock (/Users/namanh/ReactNative/bic-group-app/node_modules/jest-circus/build/run.js:60:9)
    at run (/Users/namanh/ReactNative/bic-group-app/node_modules/jest-circus/build/run.js:25:3)]]></failure>
    </testCase>
    <testCase name="Post Setting Screen should show alert when press back with changed" duration="9">
      <failure message="TypeError: Cannot set properties of undefined (setting &apos;currentSettings&apos;)"><![CDATA[TypeError: Cannot set properties of undefined (setting 'currentSettings')
    at Object.<anonymous> (/Users/namanh/ReactNative/bic-group-app/src/screens/post/PostSettings/index.test.tsx:25:46)
    at Promise.then.completed (/Users/namanh/ReactNative/bic-group-app/node_modules/jest-circus/build/utils.js:390:28)
    at new Promise (<anonymous>)
    at callAsyncCircusFn (/Users/namanh/ReactNative/bic-group-app/node_modules/jest-circus/build/utils.js:315:10)
    at _callCircusHook (/Users/namanh/ReactNative/bic-group-app/node_modules/jest-circus/build/run.js:181:40)
    at processTicksAndRejections (node:internal/process/task_queues:96:5)
    at _runTest (/Users/namanh/ReactNative/bic-group-app/node_modules/jest-circus/build/run.js:148:5)
    at _runTestsForDescribeBlock (/Users/namanh/ReactNative/bic-group-app/node_modules/jest-circus/build/run.js:66:9)
    at _runTestsForDescribeBlock (/Users/namanh/ReactNative/bic-group-app/node_modules/jest-circus/build/run.js:60:9)
    at run (/Users/namanh/ReactNative/bic-group-app/node_modules/jest-circus/build/run.js:25:3)]]></failure>
    </testCase>
    <testCase name="Post Setting Screen should dispatch setCreatePostSettings then go back when press back with changed" duration="35">
      <failure message="TypeError: Cannot set properties of undefined (setting &apos;currentSettings&apos;)"><![CDATA[TypeError: Cannot set properties of undefined (setting 'currentSettings')
    at Object.<anonymous> (/Users/namanh/ReactNative/bic-group-app/src/screens/post/PostSettings/index.test.tsx:25:46)
    at Promise.then.completed (/Users/namanh/ReactNative/bic-group-app/node_modules/jest-circus/build/utils.js:390:28)
    at new Promise (<anonymous>)
    at callAsyncCircusFn (/Users/namanh/ReactNative/bic-group-app/node_modules/jest-circus/build/utils.js:315:10)
    at _callCircusHook (/Users/namanh/ReactNative/bic-group-app/node_modules/jest-circus/build/run.js:181:40)
    at processTicksAndRejections (node:internal/process/task_queues:96:5)
    at _runTest (/Users/namanh/ReactNative/bic-group-app/node_modules/jest-circus/build/run.js:148:5)
    at _runTestsForDescribeBlock (/Users/namanh/ReactNative/bic-group-app/node_modules/jest-circus/build/run.js:66:9)
    at _runTestsForDescribeBlock (/Users/namanh/ReactNative/bic-group-app/node_modules/jest-circus/build/run.js:60:9)
    at run (/Users/namanh/ReactNative/bic-group-app/node_modules/jest-circus/build/run.js:25:3)]]></failure>
    </testCase>
    <testCase name="Post Setting Screen should render important date picker when press important date" duration="9">
      <failure message="TypeError: Cannot set properties of undefined (setting &apos;currentSettings&apos;)"><![CDATA[TypeError: Cannot set properties of undefined (setting 'currentSettings')
    at Object.<anonymous> (/Users/namanh/ReactNative/bic-group-app/src/screens/post/PostSettings/index.test.tsx:25:46)
    at Promise.then.completed (/Users/namanh/ReactNative/bic-group-app/node_modules/jest-circus/build/utils.js:390:28)
    at new Promise (<anonymous>)
    at callAsyncCircusFn (/Users/namanh/ReactNative/bic-group-app/node_modules/jest-circus/build/utils.js:315:10)
    at _callCircusHook (/Users/namanh/ReactNative/bic-group-app/node_modules/jest-circus/build/run.js:181:40)
    at processTicksAndRejections (node:internal/process/task_queues:96:5)
    at _runTest (/Users/namanh/ReactNative/bic-group-app/node_modules/jest-circus/build/run.js:148:5)
    at _runTestsForDescribeBlock (/Users/namanh/ReactNative/bic-group-app/node_modules/jest-circus/build/run.js:66:9)
    at _runTestsForDescribeBlock (/Users/namanh/ReactNative/bic-group-app/node_modules/jest-circus/build/run.js:60:9)
    at run (/Users/namanh/ReactNative/bic-group-app/node_modules/jest-circus/build/run.js:25:3)]]></failure>
    </testCase>
    <testCase name="Post Setting Screen should render important time picker when press important time" duration="38">
      <failure message="TypeError: Cannot set properties of undefined (setting &apos;currentSettings&apos;)"><![CDATA[TypeError: Cannot set properties of undefined (setting 'currentSettings')
    at Object.<anonymous> (/Users/namanh/ReactNative/bic-group-app/src/screens/post/PostSettings/index.test.tsx:25:46)
    at Promise.then.completed (/Users/namanh/ReactNative/bic-group-app/node_modules/jest-circus/build/utils.js:390:28)
    at new Promise (<anonymous>)
    at callAsyncCircusFn (/Users/namanh/ReactNative/bic-group-app/node_modules/jest-circus/build/utils.js:315:10)
    at _callCircusHook (/Users/namanh/ReactNative/bic-group-app/node_modules/jest-circus/build/run.js:181:40)
    at processTicksAndRejections (node:internal/process/task_queues:96:5)
    at _runTest (/Users/namanh/ReactNative/bic-group-app/node_modules/jest-circus/build/run.js:148:5)
    at _runTestsForDescribeBlock (/Users/namanh/ReactNative/bic-group-app/node_modules/jest-circus/build/run.js:66:9)
    at _runTestsForDescribeBlock (/Users/namanh/ReactNative/bic-group-app/node_modules/jest-circus/build/run.js:60:9)
    at run (/Users/namanh/ReactNative/bic-group-app/node_modules/jest-circus/build/run.js:25:3)]]></failure>
    </testCase>
    <testCase name="Post Setting Screen should update state important date as selected when change date" duration="19">
      <failure message="TypeError: Cannot set properties of undefined (setting &apos;currentSettings&apos;)"><![CDATA[TypeError: Cannot set properties of undefined (setting 'currentSettings')
    at Object.<anonymous> (/Users/namanh/ReactNative/bic-group-app/src/screens/post/PostSettings/index.test.tsx:25:46)
    at Promise.then.completed (/Users/namanh/ReactNative/bic-group-app/node_modules/jest-circus/build/utils.js:390:28)
    at new Promise (<anonymous>)
    at callAsyncCircusFn (/Users/namanh/ReactNative/bic-group-app/node_modules/jest-circus/build/utils.js:315:10)
    at _callCircusHook (/Users/namanh/ReactNative/bic-group-app/node_modules/jest-circus/build/run.js:181:40)
    at processTicksAndRejections (node:internal/process/task_queues:96:5)
    at _runTest (/Users/namanh/ReactNative/bic-group-app/node_modules/jest-circus/build/run.js:148:5)
    at _runTestsForDescribeBlock (/Users/namanh/ReactNative/bic-group-app/node_modules/jest-circus/build/run.js:66:9)
    at _runTestsForDescribeBlock (/Users/namanh/ReactNative/bic-group-app/node_modules/jest-circus/build/run.js:60:9)
    at run (/Users/namanh/ReactNative/bic-group-app/node_modules/jest-circus/build/run.js:25:3)]]></failure>
    </testCase>
    <testCase name="Post Setting Screen should update state important date as min date when change date to yesterday" duration="41">
      <failure message="TypeError: Cannot set properties of undefined (setting &apos;currentSettings&apos;)"><![CDATA[TypeError: Cannot set properties of undefined (setting 'currentSettings')
    at Object.<anonymous> (/Users/namanh/ReactNative/bic-group-app/src/screens/post/PostSettings/index.test.tsx:25:46)
    at Promise.then.completed (/Users/namanh/ReactNative/bic-group-app/node_modules/jest-circus/build/utils.js:390:28)
    at new Promise (<anonymous>)
    at callAsyncCircusFn (/Users/namanh/ReactNative/bic-group-app/node_modules/jest-circus/build/utils.js:315:10)
    at _callCircusHook (/Users/namanh/ReactNative/bic-group-app/node_modules/jest-circus/build/run.js:181:40)
    at processTicksAndRejections (node:internal/process/task_queues:96:5)
    at _runTest (/Users/namanh/ReactNative/bic-group-app/node_modules/jest-circus/build/run.js:148:5)
    at _runTestsForDescribeBlock (/Users/namanh/ReactNative/bic-group-app/node_modules/jest-circus/build/run.js:66:9)
    at _runTestsForDescribeBlock (/Users/namanh/ReactNative/bic-group-app/node_modules/jest-circus/build/run.js:60:9)
    at run (/Users/namanh/ReactNative/bic-group-app/node_modules/jest-circus/build/run.js:25:3)]]></failure>
    </testCase>
    <testCase name="Post Setting Screen should update state important hour as selected when change hour" duration="20">
      <failure message="TypeError: Cannot set properties of undefined (setting &apos;currentSettings&apos;)"><![CDATA[TypeError: Cannot set properties of undefined (setting 'currentSettings')
    at Object.<anonymous> (/Users/namanh/ReactNative/bic-group-app/src/screens/post/PostSettings/index.test.tsx:25:46)
    at Promise.then.completed (/Users/namanh/ReactNative/bic-group-app/node_modules/jest-circus/build/utils.js:390:28)
    at new Promise (<anonymous>)
    at callAsyncCircusFn (/Users/namanh/ReactNative/bic-group-app/node_modules/jest-circus/build/utils.js:315:10)
    at _callCircusHook (/Users/namanh/ReactNative/bic-group-app/node_modules/jest-circus/build/run.js:181:40)
    at processTicksAndRejections (node:internal/process/task_queues:96:5)
    at _runTest (/Users/namanh/ReactNative/bic-group-app/node_modules/jest-circus/build/run.js:148:5)
    at _runTestsForDescribeBlock (/Users/namanh/ReactNative/bic-group-app/node_modules/jest-circus/build/run.js:66:9)
    at _runTestsForDescribeBlock (/Users/namanh/ReactNative/bic-group-app/node_modules/jest-circus/build/run.js:60:9)
    at run (/Users/namanh/ReactNative/bic-group-app/node_modules/jest-circus/build/run.js:25:3)]]></failure>
    </testCase>
    <testCase name="Post Setting Screen should update state important hour as min date when not selected date and selected hour smaller than now" duration="14">
      <failure message="TypeError: Cannot set properties of undefined (setting &apos;currentSettings&apos;)"><![CDATA[TypeError: Cannot set properties of undefined (setting 'currentSettings')
    at Object.<anonymous> (/Users/namanh/ReactNative/bic-group-app/src/screens/post/PostSettings/index.test.tsx:25:46)
    at Promise.then.completed (/Users/namanh/ReactNative/bic-group-app/node_modules/jest-circus/build/utils.js:390:28)
    at new Promise (<anonymous>)
    at callAsyncCircusFn (/Users/namanh/ReactNative/bic-group-app/node_modules/jest-circus/build/utils.js:315:10)
    at _callCircusHook (/Users/namanh/ReactNative/bic-group-app/node_modules/jest-circus/build/run.js:181:40)
    at processTicksAndRejections (node:internal/process/task_queues:96:5)
    at _runTest (/Users/namanh/ReactNative/bic-group-app/node_modules/jest-circus/build/run.js:148:5)
    at _runTestsForDescribeBlock (/Users/namanh/ReactNative/bic-group-app/node_modules/jest-circus/build/run.js:66:9)
    at _runTestsForDescribeBlock (/Users/namanh/ReactNative/bic-group-app/node_modules/jest-circus/build/run.js:60:9)
    at run (/Users/namanh/ReactNative/bic-group-app/node_modules/jest-circus/build/run.js:25:3)]]></failure>
    </testCase>
    <testCase name="Post Setting Screen should putUpdateSettings when press save" duration="21">
      <failure message="TypeError: Cannot set properties of undefined (setting &apos;currentSettings&apos;)"><![CDATA[TypeError: Cannot set properties of undefined (setting 'currentSettings')
    at Object.<anonymous> (/Users/namanh/ReactNative/bic-group-app/src/screens/post/PostSettings/index.test.tsx:25:46)
    at Promise.then.completed (/Users/namanh/ReactNative/bic-group-app/node_modules/jest-circus/build/utils.js:390:28)
    at new Promise (<anonymous>)
    at callAsyncCircusFn (/Users/namanh/ReactNative/bic-group-app/node_modules/jest-circus/build/utils.js:315:10)
    at _callCircusHook (/Users/namanh/ReactNative/bic-group-app/node_modules/jest-circus/build/run.js:181:40)
    at processTicksAndRejections (node:internal/process/task_queues:96:5)
    at _runTest (/Users/namanh/ReactNative/bic-group-app/node_modules/jest-circus/build/run.js:148:5)
    at _runTestsForDescribeBlock (/Users/namanh/ReactNative/bic-group-app/node_modules/jest-circus/build/run.js:66:9)
    at _runTestsForDescribeBlock (/Users/namanh/ReactNative/bic-group-app/node_modules/jest-circus/build/run.js:60:9)
    at run (/Users/namanh/ReactNative/bic-group-app/node_modules/jest-circus/build/run.js:25:3)]]></failure>
    </testCase>
    <testCase name="Post Setting Screen should doNothing when handlePutUpdateSettings without post data" duration="20">
      <failure message="TypeError: Cannot set properties of undefined (setting &apos;currentSettings&apos;)"><![CDATA[TypeError: Cannot set properties of undefined (setting 'currentSettings')
    at Object.<anonymous> (/Users/namanh/ReactNative/bic-group-app/src/screens/post/PostSettings/index.test.tsx:25:46)
    at Promise.then.completed (/Users/namanh/ReactNative/bic-group-app/node_modules/jest-circus/build/utils.js:390:28)
    at new Promise (<anonymous>)
    at callAsyncCircusFn (/Users/namanh/ReactNative/bic-group-app/node_modules/jest-circus/build/utils.js:315:10)
    at _callCircusHook (/Users/namanh/ReactNative/bic-group-app/node_modules/jest-circus/build/run.js:181:40)
    at processTicksAndRejections (node:internal/process/task_queues:96:5)
    at _runTest (/Users/namanh/ReactNative/bic-group-app/node_modules/jest-circus/build/run.js:148:5)
    at _runTestsForDescribeBlock (/Users/namanh/ReactNative/bic-group-app/node_modules/jest-circus/build/run.js:66:9)
    at _runTestsForDescribeBlock (/Users/namanh/ReactNative/bic-group-app/node_modules/jest-circus/build/run.js:60:9)
    at run (/Users/namanh/ReactNative/bic-group-app/node_modules/jest-circus/build/run.js:25:3)]]></failure>
    </testCase>
    <testCase name="Post Setting Screen should doNothing when handlePutUpdateSettings with post data" duration="12">
      <failure message="TypeError: Cannot set properties of undefined (setting &apos;currentSettings&apos;)"><![CDATA[TypeError: Cannot set properties of undefined (setting 'currentSettings')
    at Object.<anonymous> (/Users/namanh/ReactNative/bic-group-app/src/screens/post/PostSettings/index.test.tsx:25:46)
    at Promise.then.completed (/Users/namanh/ReactNative/bic-group-app/node_modules/jest-circus/build/utils.js:390:28)
    at new Promise (<anonymous>)
    at callAsyncCircusFn (/Users/namanh/ReactNative/bic-group-app/node_modules/jest-circus/build/utils.js:315:10)
    at _callCircusHook (/Users/namanh/ReactNative/bic-group-app/node_modules/jest-circus/build/run.js:181:40)
    at processTicksAndRejections (node:internal/process/task_queues:96:5)
    at _runTest (/Users/namanh/ReactNative/bic-group-app/node_modules/jest-circus/build/run.js:148:5)
    at _runTestsForDescribeBlock (/Users/namanh/ReactNative/bic-group-app/node_modules/jest-circus/build/run.js:66:9)
    at _runTestsForDescribeBlock (/Users/namanh/ReactNative/bic-group-app/node_modules/jest-circus/build/run.js:60:9)
    at run (/Users/namanh/ReactNative/bic-group-app/node_modules/jest-circus/build/run.js:25:3)]]></failure>
    </testCase>
  </file>
  <file path="/Users/namanh/ReactNative/bic-group-app/src/components/FilterToolbar/index.test.tsx">
    <testCase name="FilterToolbar component should render correctly" duration="182"/>
    <testCase name="FilterToolbar component should set groupId" duration="58"/>
    <testCase name="FilterToolbar component should render selected filter date correctly" duration="232"/>
    <testCase name="FilterToolbar component should render selected filter post type correctly" duration="73"/>
    <testCase name="FilterToolbar component should open modal filter by post type when press on button filter by post type" duration="69"/>
    <testCase name="FilterToolbar component should open modal filter by created by when press on button filter by created by" duration="101"/>
    <testCase name="FilterToolbar component should open modal filter by date when press on button filter by date" duration="44"/>
    <testCase name="FilterToolbar component should call onSelectCreatedBy" duration="179"/>
    <testCase name="FilterToolbar component should call onSelectPostType" duration="64"/>
    <testCase name="FilterToolbar component should call onSelectDate" duration="85"/>
    <testCase name="FilterToolbar component should remove filter date correctly" duration="60"/>
    <testCase name="FilterToolbar component should remove filter created by correctly" duration="80"/>
    <testCase name="FilterToolbar component should remove filter post type correctly" duration="76"/>
  </file>
  <file path="/Users/namanh/ReactNative/bic-group-app/src/screens/series/CreateSeries/index.test.tsx">
    <testCase name="CreateSeries component renders correctly without data" duration="569"/>
    <testCase name="CreateSeries component renders correctly with role edit series" duration="192"/>
    <testCase name="CreateSeries component should navigate to select audience when click choosen audience component" duration="254"/>
    <testCase name="CreateSeries component should back to previous screen successfully if no change" duration="185"/>
    <testCase name="CreateSeries component should show alert when changed value and click back with role edit series" duration="124">
      <failure message="Error: expect(jest.fn()).toBeCalled()"><![CDATA[Error: expect(jest.fn()).toBeCalled()

Expected number of calls: >= 1
Received number of calls:    0
    at Object.<anonymous> (/Users/namanh/ReactNative/bic-group-app/src/screens/series/CreateSeries/index.test.tsx:120:23)
    at Promise.then.completed (/Users/namanh/ReactNative/bic-group-app/node_modules/jest-circus/build/utils.js:390:28)
    at new Promise (<anonymous>)
    at callAsyncCircusFn (/Users/namanh/ReactNative/bic-group-app/node_modules/jest-circus/build/utils.js:315:10)
    at _callCircusTest (/Users/namanh/ReactNative/bic-group-app/node_modules/jest-circus/build/run.js:218:40)
    at processTicksAndRejections (node:internal/process/task_queues:96:5)
    at _runTest (/Users/namanh/ReactNative/bic-group-app/node_modules/jest-circus/build/run.js:155:3)
    at _runTestsForDescribeBlock (/Users/namanh/ReactNative/bic-group-app/node_modules/jest-circus/build/run.js:66:9)
    at _runTestsForDescribeBlock (/Users/namanh/ReactNative/bic-group-app/node_modules/jest-circus/build/run.js:60:9)
    at run (/Users/namanh/ReactNative/bic-group-app/node_modules/jest-circus/build/run.js:25:3)]]></failure>
    </testCase>
    <testCase name="CreateSeries component should back to previous screen successfully when click back with role create new series but cover media is empty" duration="55"/>
    <testCase name="CreateSeries component should call api edit series success when save series edited" duration="147"/>
    <testCase name="CreateSeries component should call api edit series failed and show alert when save audience can not remove" duration="115">
      <failure message="Error: expect(jest.fn()).toBeCalled()"><![CDATA[Error: expect(jest.fn()).toBeCalled()

Expected number of calls: >= 1
Received number of calls:    0
    at Object.<anonymous> (/Users/namanh/ReactNative/bic-group-app/src/screens/series/CreateSeries/index.test.tsx:248:23)
    at Promise.then.completed (/Users/namanh/ReactNative/bic-group-app/node_modules/jest-circus/build/utils.js:390:28)
    at new Promise (<anonymous>)
    at callAsyncCircusFn (/Users/namanh/ReactNative/bic-group-app/node_modules/jest-circus/build/utils.js:315:10)
    at _callCircusTest (/Users/namanh/ReactNative/bic-group-app/node_modules/jest-circus/build/run.js:218:40)
    at processTicksAndRejections (node:internal/process/task_queues:96:5)
    at _runTest (/Users/namanh/ReactNative/bic-group-app/node_modules/jest-circus/build/run.js:155:3)
    at _runTestsForDescribeBlock (/Users/namanh/ReactNative/bic-group-app/node_modules/jest-circus/build/run.js:66:9)
    at _runTestsForDescribeBlock (/Users/namanh/ReactNative/bic-group-app/node_modules/jest-circus/build/run.js:60:9)
    at run (/Users/namanh/ReactNative/bic-group-app/node_modules/jest-circus/build/run.js:25:3)]]></failure>
    </testCase>
  </file>
  <file path="/Users/namanh/ReactNative/bic-group-app/src/beinComponents/ReactionView.test.tsx">
    <testCase name="ReactionView component renders correctly" duration="205">
      <failure message="Error: expect([38;5;23m[48;5;195mreceived).toMatchSnapshot()"><![CDATA[Error: expect([38;5;23m[48;5;195mreceived).toMatchSnapshot()

Snapshot name: `ReactionView component renders correctly 1`

[38;5;90m[48;5;225m- Snapshot  -  0
[38;5;23m[48;5;195m+ Received  + 36

@@ -65,18 +65,27 @@
          <Text
            adjustsFontSizeToFit={true}
            allowFontScaling={true}
            style={
              Array [
[38;5;23m[48;5;195m+               Object {
[38;5;23m[48;5;195m+                 "color": "#212745",
[38;5;23m[48;5;195m+                 "fontFamily": "BeVietnamPro-Light",
[38;5;23m[48;5;195m+                 "fontSize": 14,
[38;5;23m[48;5;195m+               },
[38;5;23m[48;5;195m+               Object {},
[38;5;23m[48;5;195m+               Array [
                  undefined,
                  Object {
                    "color": "#000",
                    "fontSize": 13,
                    "fontWeight": "bold",
                  },
[38;5;23m[48;5;195m+               ],
              ]
            }
[38;5;23m[48;5;195m+           testID="emoji.unicode"
          >
            😀
          </Text>
          <Text
            style={
@@ -146,19 +155,28 @@
        >
          <Text
            adjustsFontSizeToFit={true}
            allowFontScaling={true}
            style={
[38;5;23m[48;5;195m+             Array [
[38;5;23m[48;5;195m+               Object {
[38;5;23m[48;5;195m+                 "color": "#212745",
[38;5;23m[48;5;195m+                 "fontFamily": "BeVietnamPro-Light",
[38;5;23m[48;5;195m+                 "fontSize": 14,
[38;5;23m[48;5;195m+               },
[38;5;23m[48;5;195m+               Object {},
                Array [
                  undefined,
                  Object {
                    "color": "#000",
                    "fontSize": 13,
                    "fontWeight": "bold",
                  },
[38;5;23m[48;5;195m+               ],
              ]
            }
[38;5;23m[48;5;195m+           testID="emoji.unicode"
          >
            🤩
          </Text>
          <Text
            style={
@@ -228,19 +246,28 @@
        >
          <Text
            adjustsFontSizeToFit={true}
            allowFontScaling={true}
            style={
[38;5;23m[48;5;195m+             Array [
[38;5;23m[48;5;195m+               Object {
[38;5;23m[48;5;195m+                 "color": "#212745",
[38;5;23m[48;5;195m+                 "fontFamily": "BeVietnamPro-Light",
[38;5;23m[48;5;195m+                 "fontSize": 14,
[38;5;23m[48;5;195m+               },
[38;5;23m[48;5;195m+               Object {},
                Array [
                  undefined,
                  Object {
                    "color": "#000",
                    "fontSize": 13,
                    "fontWeight": "bold",
                  },
[38;5;23m[48;5;195m+               ],
              ]
            }
[38;5;23m[48;5;195m+           testID="emoji.unicode"
          >
            😙
          </Text>
          <Text
            style={
@@ -311,18 +338,27 @@
          <Text
            adjustsFontSizeToFit={true}
            allowFontScaling={true}
            style={
              Array [
[38;5;23m[48;5;195m+               Object {
[38;5;23m[48;5;195m+                 "color": "#212745",
[38;5;23m[48;5;195m+                 "fontFamily": "BeVietnamPro-Light",
[38;5;23m[48;5;195m+                 "fontSize": 14,
[38;5;23m[48;5;195m+               },
[38;5;23m[48;5;195m+               Object {},
[38;5;23m[48;5;195m+               Array [
                  undefined,
                  Object {
                    "color": "#000",
                    "fontSize": 13,
                    "fontWeight": "bold",
                  },
[38;5;23m[48;5;195m+               ],
              ]
            }
[38;5;23m[48;5;195m+           testID="emoji.unicode"
          >
            😅
          </Text>
          <Text
            style={
    at Object.<anonymous> (/Users/namanh/ReactNative/bic-group-app/src/beinComponents/ReactionView.test.tsx:27:31)
    at Promise.then.completed (/Users/namanh/ReactNative/bic-group-app/node_modules/jest-circus/build/utils.js:390:28)
    at new Promise (<anonymous>)
    at callAsyncCircusFn (/Users/namanh/ReactNative/bic-group-app/node_modules/jest-circus/build/utils.js:315:10)
    at _callCircusTest (/Users/namanh/ReactNative/bic-group-app/node_modules/jest-circus/build/run.js:218:40)
    at processTicksAndRejections (node:internal/process/task_queues:96:5)
    at _runTest (/Users/namanh/ReactNative/bic-group-app/node_modules/jest-circus/build/run.js:155:3)
    at _runTestsForDescribeBlock (/Users/namanh/ReactNative/bic-group-app/node_modules/jest-circus/build/run.js:66:9)
    at _runTestsForDescribeBlock (/Users/namanh/ReactNative/bic-group-app/node_modules/jest-circus/build/run.js:60:9)
    at run (/Users/namanh/ReactNative/bic-group-app/node_modules/jest-circus/build/run.js:25:3)]]></failure>
    </testCase>
    <testCase name="ReactionView component renders correctly with props Reactions Order " duration="148">
      <failure message="Error: expect([38;5;23m[48;5;195mreceived).toMatchSnapshot()"><![CDATA[Error: expect([38;5;23m[48;5;195mreceived).toMatchSnapshot()

Snapshot name: `ReactionView component renders correctly with props Reactions Order  1`

[38;5;90m[48;5;225m- Snapshot  -  0
[38;5;23m[48;5;195m+ Received  + 36

@@ -65,18 +65,27 @@
          <Text
            adjustsFontSizeToFit={true}
            allowFontScaling={true}
            style={
              Array [
[38;5;23m[48;5;195m+               Object {
[38;5;23m[48;5;195m+                 "color": "#212745",
[38;5;23m[48;5;195m+                 "fontFamily": "BeVietnamPro-Light",
[38;5;23m[48;5;195m+                 "fontSize": 14,
[38;5;23m[48;5;195m+               },
[38;5;23m[48;5;195m+               Object {},
[38;5;23m[48;5;195m+               Array [
                  undefined,
                  Object {
                    "color": "#000",
                    "fontSize": 13,
                    "fontWeight": "bold",
                  },
[38;5;23m[48;5;195m+               ],
              ]
            }
[38;5;23m[48;5;195m+           testID="emoji.unicode"
          >
            😀
          </Text>
          <Text
            style={
@@ -146,19 +155,28 @@
        >
          <Text
            adjustsFontSizeToFit={true}
            allowFontScaling={true}
            style={
[38;5;23m[48;5;195m+             Array [
[38;5;23m[48;5;195m+               Object {
[38;5;23m[48;5;195m+                 "color": "#212745",
[38;5;23m[48;5;195m+                 "fontFamily": "BeVietnamPro-Light",
[38;5;23m[48;5;195m+                 "fontSize": 14,
[38;5;23m[48;5;195m+               },
[38;5;23m[48;5;195m+               Object {},
                Array [
                  undefined,
                  Object {
                    "color": "#000",
                    "fontSize": 13,
                    "fontWeight": "bold",
                  },
[38;5;23m[48;5;195m+               ],
              ]
            }
[38;5;23m[48;5;195m+           testID="emoji.unicode"
          >
            🤩
          </Text>
          <Text
            style={
@@ -228,19 +246,28 @@
        >
          <Text
            adjustsFontSizeToFit={true}
            allowFontScaling={true}
            style={
[38;5;23m[48;5;195m+             Array [
[38;5;23m[48;5;195m+               Object {
[38;5;23m[48;5;195m+                 "color": "#212745",
[38;5;23m[48;5;195m+                 "fontFamily": "BeVietnamPro-Light",
[38;5;23m[48;5;195m+                 "fontSize": 14,
[38;5;23m[48;5;195m+               },
[38;5;23m[48;5;195m+               Object {},
                Array [
                  undefined,
                  Object {
                    "color": "#000",
                    "fontSize": 13,
                    "fontWeight": "bold",
                  },
[38;5;23m[48;5;195m+               ],
              ]
            }
[38;5;23m[48;5;195m+           testID="emoji.unicode"
          >
            😙
          </Text>
          <Text
            style={
@@ -311,18 +338,27 @@
          <Text
            adjustsFontSizeToFit={true}
            allowFontScaling={true}
            style={
              Array [
[38;5;23m[48;5;195m+               Object {
[38;5;23m[48;5;195m+                 "color": "#212745",
[38;5;23m[48;5;195m+                 "fontFamily": "BeVietnamPro-Light",
[38;5;23m[48;5;195m+                 "fontSize": 14,
[38;5;23m[48;5;195m+               },
[38;5;23m[48;5;195m+               Object {},
[38;5;23m[48;5;195m+               Array [
                  undefined,
                  Object {
                    "color": "#000",
                    "fontSize": 13,
                    "fontWeight": "bold",
                  },
[38;5;23m[48;5;195m+               ],
              ]
            }
[38;5;23m[48;5;195m+           testID="emoji.unicode"
          >
            😅
          </Text>
          <Text
            style={
    at Object.<anonymous> (/Users/namanh/ReactNative/bic-group-app/src/beinComponents/ReactionView.test.tsx:46:31)
    at Promise.then.completed (/Users/namanh/ReactNative/bic-group-app/node_modules/jest-circus/build/utils.js:390:28)
    at new Promise (<anonymous>)
    at callAsyncCircusFn (/Users/namanh/ReactNative/bic-group-app/node_modules/jest-circus/build/utils.js:315:10)
    at _callCircusTest (/Users/namanh/ReactNative/bic-group-app/node_modules/jest-circus/build/run.js:218:40)
    at processTicksAndRejections (node:internal/process/task_queues:96:5)
    at _runTest (/Users/namanh/ReactNative/bic-group-app/node_modules/jest-circus/build/run.js:155:3)
    at _runTestsForDescribeBlock (/Users/namanh/ReactNative/bic-group-app/node_modules/jest-circus/build/run.js:66:9)
    at _runTestsForDescribeBlock (/Users/namanh/ReactNative/bic-group-app/node_modules/jest-circus/build/run.js:60:9)
    at run (/Users/namanh/ReactNative/bic-group-app/node_modules/jest-circus/build/run.js:25:3)]]></failure>
    </testCase>
    <testCase name="ReactionView component renders correctly with props Reactions Order empty " duration="142"/>
    <testCase name="ReactionView component renders correctly with props showSelectReactionWhenEmpty" duration="37"/>
    <testCase name="ReactionView component renders correctly with props showSelectReactionWhenEmpty = false " duration="42"/>
    <testCase name="ReactionView component renders correctly with props onPressSelectReaction " duration="66"/>
    <testCase name="ReactionView component renders correctly with props onLongPressReaction " duration="55"/>
    <testCase name="ReactionView component renders correctly with props onAddReaction " duration="134"/>
    <testCase name="ReactionView component renders correctly with props onRemoveReaction " duration="22"/>
  </file>
  <file path="/Users/namanh/ReactNative/bic-group-app/src/beinComponents/Header/HeaderAvatar.test.tsx">
    <testCase name="Header Avatar component renders correctly" duration="160"/>
    <testCase name="Header Avatar component renders correctly with props First Label" duration="55"/>
    <testCase name="Header Avatar component renders correctly with props First Label Props" duration="93"/>
    <testCase name="Header Avatar component renders correctly with props Icon Check Circle" duration="97"/>
    <testCase name="Header Avatar component renders correctly with props Icon First Label" duration="74"/>
    <testCase name="Header Avatar component renders correctly with props Icon First Label Props" duration="50"/>
    <testCase name="Header Avatar component renders correctly with props Second Label" duration="39"/>
    <testCase name="Header Avatar component renders correctly with props Second Label Props" duration="25"/>
    <testCase name="Header Avatar component renders correctly with props Avatar" duration="34"/>
    <testCase name="Header Avatar component renders correctly with props Container Style" duration="35"/>
    <testCase name="Header Avatar component renders correctly with props On Press" duration="20"/>
    <testCase name="Header Avatar component shoud not call onPress when cant connect to the internet" duration="68"/>
  </file>
  <file path="/Users/namanh/ReactNative/bic-group-app/src/components/posts/PostView/index.test.tsx">
    <testCase name="PostView Component renders deleted post" duration="547">
      <failure message="Error: Couldn&apos;t find a route object. Is your component inside a screen in a navigator?"><![CDATA[Error: Couldn't find a route object. Is your component inside a screen in a navigator?
    at useRoute (/Users/namanh/ReactNative/bic-group-app/node_modules/@react-navigation/core/src/useRoute.tsx:16:11)
    at PostHeader (/Users/namanh/ReactNative/bic-group-app/src/components/posts/PostHeader/index.tsx:31:25)
    at renderWithHooks (/Users/namanh/ReactNative/bic-group-app/node_modules/react-test-renderer/cjs/react-test-renderer.development.js:6016:18)
    at mountIndeterminateComponent (/Users/namanh/ReactNative/bic-group-app/node_modules/react-test-renderer/cjs/react-test-renderer.development.js:8744:13)
    at beginWork (/Users/namanh/ReactNative/bic-group-app/node_modules/react-test-renderer/cjs/react-test-renderer.development.js:9966:16)
    at performUnitOfWork (/Users/namanh/ReactNative/bic-group-app/node_modules/react-test-renderer/cjs/react-test-renderer.development.js:13800:12)
    at workLoopSync (/Users/namanh/ReactNative/bic-group-app/node_modules/react-test-renderer/cjs/react-test-renderer.development.js:13728:5)
    at renderRootSync (/Users/namanh/ReactNative/bic-group-app/node_modules/react-test-renderer/cjs/react-test-renderer.development.js:13691:7)
    at performSyncWorkOnRoot (/Users/namanh/ReactNative/bic-group-app/node_modules/react-test-renderer/cjs/react-test-renderer.development.js:13404:18)
    at /Users/namanh/ReactNative/bic-group-app/node_modules/react-test-renderer/cjs/react-test-renderer.development.js:2537:26]]></failure>
    </testCase>
    <testCase name="PostView Component renders important" duration="71">
      <failure message="Error: Couldn&apos;t find a route object. Is your component inside a screen in a navigator?"><![CDATA[Error: Couldn't find a route object. Is your component inside a screen in a navigator?
    at useRoute (/Users/namanh/ReactNative/bic-group-app/node_modules/@react-navigation/core/src/useRoute.tsx:16:11)
    at PostHeader (/Users/namanh/ReactNative/bic-group-app/src/components/posts/PostHeader/index.tsx:31:25)
    at renderWithHooks (/Users/namanh/ReactNative/bic-group-app/node_modules/react-test-renderer/cjs/react-test-renderer.development.js:6016:18)
    at mountIndeterminateComponent (/Users/namanh/ReactNative/bic-group-app/node_modules/react-test-renderer/cjs/react-test-renderer.development.js:8744:13)
    at beginWork (/Users/namanh/ReactNative/bic-group-app/node_modules/react-test-renderer/cjs/react-test-renderer.development.js:9966:16)
    at performUnitOfWork (/Users/namanh/ReactNative/bic-group-app/node_modules/react-test-renderer/cjs/react-test-renderer.development.js:13800:12)
    at workLoopSync (/Users/namanh/ReactNative/bic-group-app/node_modules/react-test-renderer/cjs/react-test-renderer.development.js:13728:5)
    at renderRootSync (/Users/namanh/ReactNative/bic-group-app/node_modules/react-test-renderer/cjs/react-test-renderer.development.js:13691:7)
    at performSyncWorkOnRoot (/Users/namanh/ReactNative/bic-group-app/node_modules/react-test-renderer/cjs/react-test-renderer.development.js:13404:18)
    at /Users/namanh/ReactNative/bic-group-app/node_modules/react-test-renderer/cjs/react-test-renderer.development.js:2537:26]]></failure>
    </testCase>
    <testCase name="PostView Component renders correctly post view lite" duration="320">
      <failure message="Error: Couldn&apos;t find a route object. Is your component inside a screen in a navigator?"><![CDATA[Error: Couldn't find a route object. Is your component inside a screen in a navigator?
    at useRoute (/Users/namanh/ReactNative/bic-group-app/node_modules/@react-navigation/core/src/useRoute.tsx:16:11)
    at PostHeader (/Users/namanh/ReactNative/bic-group-app/src/components/posts/PostHeader/index.tsx:31:25)
    at renderWithHooks (/Users/namanh/ReactNative/bic-group-app/node_modules/react-test-renderer/cjs/react-test-renderer.development.js:6016:18)
    at mountIndeterminateComponent (/Users/namanh/ReactNative/bic-group-app/node_modules/react-test-renderer/cjs/react-test-renderer.development.js:8744:13)
    at beginWork (/Users/namanh/ReactNative/bic-group-app/node_modules/react-test-renderer/cjs/react-test-renderer.development.js:9966:16)
    at performUnitOfWork (/Users/namanh/ReactNative/bic-group-app/node_modules/react-test-renderer/cjs/react-test-renderer.development.js:13800:12)
    at workLoopSync (/Users/namanh/ReactNative/bic-group-app/node_modules/react-test-renderer/cjs/react-test-renderer.development.js:13728:5)
    at renderRootSync (/Users/namanh/ReactNative/bic-group-app/node_modules/react-test-renderer/cjs/react-test-renderer.development.js:13691:7)
    at performSyncWorkOnRoot (/Users/namanh/ReactNative/bic-group-app/node_modules/react-test-renderer/cjs/react-test-renderer.development.js:13404:18)
    at /Users/namanh/ReactNative/bic-group-app/node_modules/react-test-renderer/cjs/react-test-renderer.development.js:2537:26]]></failure>
    </testCase>
    <testCase name="PostView Component renders correctly data from prop postData" duration="32">
      <failure message="Error: Couldn&apos;t find a route object. Is your component inside a screen in a navigator?"><![CDATA[Error: Couldn't find a route object. Is your component inside a screen in a navigator?
    at useRoute (/Users/namanh/ReactNative/bic-group-app/node_modules/@react-navigation/core/src/useRoute.tsx:16:11)
    at PostHeader (/Users/namanh/ReactNative/bic-group-app/src/components/posts/PostHeader/index.tsx:31:25)
    at renderWithHooks (/Users/namanh/ReactNative/bic-group-app/node_modules/react-test-renderer/cjs/react-test-renderer.development.js:6016:18)
    at mountIndeterminateComponent (/Users/namanh/ReactNative/bic-group-app/node_modules/react-test-renderer/cjs/react-test-renderer.development.js:8744:13)
    at beginWork (/Users/namanh/ReactNative/bic-group-app/node_modules/react-test-renderer/cjs/react-test-renderer.development.js:9966:16)
    at performUnitOfWork (/Users/namanh/ReactNative/bic-group-app/node_modules/react-test-renderer/cjs/react-test-renderer.development.js:13800:12)
    at workLoopSync (/Users/namanh/ReactNative/bic-group-app/node_modules/react-test-renderer/cjs/react-test-renderer.development.js:13728:5)
    at renderRootSync (/Users/namanh/ReactNative/bic-group-app/node_modules/react-test-renderer/cjs/react-test-renderer.development.js:13691:7)
    at performSyncWorkOnRoot (/Users/namanh/ReactNative/bic-group-app/node_modules/react-test-renderer/cjs/react-test-renderer.development.js:13404:18)
    at /Users/namanh/ReactNative/bic-group-app/node_modules/react-test-renderer/cjs/react-test-renderer.development.js:2537:26]]></failure>
    </testCase>
    <testCase name="PostView Component press container should call prop onPress" duration="53">
      <failure message="Error: Couldn&apos;t find a route object. Is your component inside a screen in a navigator?"><![CDATA[Error: Couldn't find a route object. Is your component inside a screen in a navigator?
    at useRoute (/Users/namanh/ReactNative/bic-group-app/node_modules/@react-navigation/core/src/useRoute.tsx:16:11)
    at PostHeader (/Users/namanh/ReactNative/bic-group-app/src/components/posts/PostHeader/index.tsx:31:25)
    at renderWithHooks (/Users/namanh/ReactNative/bic-group-app/node_modules/react-test-renderer/cjs/react-test-renderer.development.js:6016:18)
    at mountIndeterminateComponent (/Users/namanh/ReactNative/bic-group-app/node_modules/react-test-renderer/cjs/react-test-renderer.development.js:8744:13)
    at beginWork (/Users/namanh/ReactNative/bic-group-app/node_modules/react-test-renderer/cjs/react-test-renderer.development.js:9966:16)
    at performUnitOfWork (/Users/namanh/ReactNative/bic-group-app/node_modules/react-test-renderer/cjs/react-test-renderer.development.js:13800:12)
    at workLoopSync (/Users/namanh/ReactNative/bic-group-app/node_modules/react-test-renderer/cjs/react-test-renderer.development.js:13728:5)
    at renderRootSync (/Users/namanh/ReactNative/bic-group-app/node_modules/react-test-renderer/cjs/react-test-renderer.development.js:13691:7)
    at performSyncWorkOnRoot (/Users/namanh/ReactNative/bic-group-app/node_modules/react-test-renderer/cjs/react-test-renderer.development.js:13404:18)
    at /Users/namanh/ReactNative/bic-group-app/node_modules/react-test-renderer/cjs/react-test-renderer.development.js:2537:26]]></failure>
    </testCase>
    <testCase name="PostView Component press container should navigate to detail" duration="53">
      <failure message="Error: Couldn&apos;t find a route object. Is your component inside a screen in a navigator?"><![CDATA[Error: Couldn't find a route object. Is your component inside a screen in a navigator?
    at useRoute (/Users/namanh/ReactNative/bic-group-app/node_modules/@react-navigation/core/src/useRoute.tsx:16:11)
    at PostHeader (/Users/namanh/ReactNative/bic-group-app/src/components/posts/PostHeader/index.tsx:31:25)
    at renderWithHooks (/Users/namanh/ReactNative/bic-group-app/node_modules/react-test-renderer/cjs/react-test-renderer.development.js:6016:18)
    at mountIndeterminateComponent (/Users/namanh/ReactNative/bic-group-app/node_modules/react-test-renderer/cjs/react-test-renderer.development.js:8744:13)
    at beginWork (/Users/namanh/ReactNative/bic-group-app/node_modules/react-test-renderer/cjs/react-test-renderer.development.js:9966:16)
    at performUnitOfWork (/Users/namanh/ReactNative/bic-group-app/node_modules/react-test-renderer/cjs/react-test-renderer.development.js:13800:12)
    at workLoopSync (/Users/namanh/ReactNative/bic-group-app/node_modules/react-test-renderer/cjs/react-test-renderer.development.js:13728:5)
    at renderRootSync (/Users/namanh/ReactNative/bic-group-app/node_modules/react-test-renderer/cjs/react-test-renderer.development.js:13691:7)
    at performSyncWorkOnRoot (/Users/namanh/ReactNative/bic-group-app/node_modules/react-test-renderer/cjs/react-test-renderer.development.js:13404:18)
    at /Users/namanh/ReactNative/bic-group-app/node_modules/react-test-renderer/cjs/react-test-renderer.development.js:2537:26]]></failure>
    </testCase>
    <testCase name="PostView Component press comment should call prop onPressComment" duration="57">
      <failure message="Error: Couldn&apos;t find a route object. Is your component inside a screen in a navigator?"><![CDATA[Error: Couldn't find a route object. Is your component inside a screen in a navigator?
    at useRoute (/Users/namanh/ReactNative/bic-group-app/node_modules/@react-navigation/core/src/useRoute.tsx:16:11)
    at PostHeader (/Users/namanh/ReactNative/bic-group-app/src/components/posts/PostHeader/index.tsx:31:25)
    at renderWithHooks (/Users/namanh/ReactNative/bic-group-app/node_modules/react-test-renderer/cjs/react-test-renderer.development.js:6016:18)
    at mountIndeterminateComponent (/Users/namanh/ReactNative/bic-group-app/node_modules/react-test-renderer/cjs/react-test-renderer.development.js:8744:13)
    at beginWork (/Users/namanh/ReactNative/bic-group-app/node_modules/react-test-renderer/cjs/react-test-renderer.development.js:9966:16)
    at performUnitOfWork (/Users/namanh/ReactNative/bic-group-app/node_modules/react-test-renderer/cjs/react-test-renderer.development.js:13800:12)
    at workLoopSync (/Users/namanh/ReactNative/bic-group-app/node_modules/react-test-renderer/cjs/react-test-renderer.development.js:13728:5)
    at renderRootSync (/Users/namanh/ReactNative/bic-group-app/node_modules/react-test-renderer/cjs/react-test-renderer.development.js:13691:7)
    at performSyncWorkOnRoot (/Users/namanh/ReactNative/bic-group-app/node_modules/react-test-renderer/cjs/react-test-renderer.development.js:13404:18)
    at /Users/namanh/ReactNative/bic-group-app/node_modules/react-test-renderer/cjs/react-test-renderer.development.js:2537:26]]></failure>
    </testCase>
    <testCase name="PostView Component press comment should navigate to post detail" duration="53">
      <failure message="Error: Couldn&apos;t find a route object. Is your component inside a screen in a navigator?"><![CDATA[Error: Couldn't find a route object. Is your component inside a screen in a navigator?
    at useRoute (/Users/namanh/ReactNative/bic-group-app/node_modules/@react-navigation/core/src/useRoute.tsx:16:11)
    at PostHeader (/Users/namanh/ReactNative/bic-group-app/src/components/posts/PostHeader/index.tsx:31:25)
    at renderWithHooks (/Users/namanh/ReactNative/bic-group-app/node_modules/react-test-renderer/cjs/react-test-renderer.development.js:6016:18)
    at mountIndeterminateComponent (/Users/namanh/ReactNative/bic-group-app/node_modules/react-test-renderer/cjs/react-test-renderer.development.js:8744:13)
    at beginWork (/Users/namanh/ReactNative/bic-group-app/node_modules/react-test-renderer/cjs/react-test-renderer.development.js:9966:16)
    at performUnitOfWork (/Users/namanh/ReactNative/bic-group-app/node_modules/react-test-renderer/cjs/react-test-renderer.development.js:13800:12)
    at workLoopSync (/Users/namanh/ReactNative/bic-group-app/node_modules/react-test-renderer/cjs/react-test-renderer.development.js:13728:5)
    at renderRootSync (/Users/namanh/ReactNative/bic-group-app/node_modules/react-test-renderer/cjs/react-test-renderer.development.js:13691:7)
    at performSyncWorkOnRoot (/Users/namanh/ReactNative/bic-group-app/node_modules/react-test-renderer/cjs/react-test-renderer.development.js:13404:18)
    at /Users/namanh/ReactNative/bic-group-app/node_modules/react-test-renderer/cjs/react-test-renderer.development.js:2537:26]]></failure>
    </testCase>
    <testCase name="PostView Component press header should call prop onPressHeader" duration="68">
      <failure message="Error: Couldn&apos;t find a route object. Is your component inside a screen in a navigator?"><![CDATA[Error: Couldn't find a route object. Is your component inside a screen in a navigator?
    at useRoute (/Users/namanh/ReactNative/bic-group-app/node_modules/@react-navigation/core/src/useRoute.tsx:16:11)
    at PostHeader (/Users/namanh/ReactNative/bic-group-app/src/components/posts/PostHeader/index.tsx:31:25)
    at renderWithHooks (/Users/namanh/ReactNative/bic-group-app/node_modules/react-test-renderer/cjs/react-test-renderer.development.js:6016:18)
    at mountIndeterminateComponent (/Users/namanh/ReactNative/bic-group-app/node_modules/react-test-renderer/cjs/react-test-renderer.development.js:8744:13)
    at beginWork (/Users/namanh/ReactNative/bic-group-app/node_modules/react-test-renderer/cjs/react-test-renderer.development.js:9966:16)
    at performUnitOfWork (/Users/namanh/ReactNative/bic-group-app/node_modules/react-test-renderer/cjs/react-test-renderer.development.js:13800:12)
    at workLoopSync (/Users/namanh/ReactNative/bic-group-app/node_modules/react-test-renderer/cjs/react-test-renderer.development.js:13728:5)
    at renderRootSync (/Users/namanh/ReactNative/bic-group-app/node_modules/react-test-renderer/cjs/react-test-renderer.development.js:13691:7)
    at performSyncWorkOnRoot (/Users/namanh/ReactNative/bic-group-app/node_modules/react-test-renderer/cjs/react-test-renderer.development.js:13404:18)
    at /Users/namanh/ReactNative/bic-group-app/node_modules/react-test-renderer/cjs/react-test-renderer.development.js:2537:26]]></failure>
    </testCase>
    <testCase name="PostView Component press header should call navigate to post detail" duration="48">
      <failure message="Error: Couldn&apos;t find a route object. Is your component inside a screen in a navigator?"><![CDATA[Error: Couldn't find a route object. Is your component inside a screen in a navigator?
    at useRoute (/Users/namanh/ReactNative/bic-group-app/node_modules/@react-navigation/core/src/useRoute.tsx:16:11)
    at PostHeader (/Users/namanh/ReactNative/bic-group-app/src/components/posts/PostHeader/index.tsx:31:25)
    at renderWithHooks (/Users/namanh/ReactNative/bic-group-app/node_modules/react-test-renderer/cjs/react-test-renderer.development.js:6016:18)
    at mountIndeterminateComponent (/Users/namanh/ReactNative/bic-group-app/node_modules/react-test-renderer/cjs/react-test-renderer.development.js:8744:13)
    at beginWork (/Users/namanh/ReactNative/bic-group-app/node_modules/react-test-renderer/cjs/react-test-renderer.development.js:9966:16)
    at performUnitOfWork (/Users/namanh/ReactNative/bic-group-app/node_modules/react-test-renderer/cjs/react-test-renderer.development.js:13800:12)
    at workLoopSync (/Users/namanh/ReactNative/bic-group-app/node_modules/react-test-renderer/cjs/react-test-renderer.development.js:13728:5)
    at renderRootSync (/Users/namanh/ReactNative/bic-group-app/node_modules/react-test-renderer/cjs/react-test-renderer.development.js:13691:7)
    at performSyncWorkOnRoot (/Users/namanh/ReactNative/bic-group-app/node_modules/react-test-renderer/cjs/react-test-renderer.development.js:13404:18)
    at /Users/namanh/ReactNative/bic-group-app/node_modules/react-test-renderer/cjs/react-test-renderer.development.js:2537:26]]></failure>
    </testCase>
    <testCase name="PostView Component press audience should dispatch show audiences" duration="33">
      <failure message="Error: Couldn&apos;t find a route object. Is your component inside a screen in a navigator?"><![CDATA[Error: Couldn't find a route object. Is your component inside a screen in a navigator?
    at useRoute (/Users/namanh/ReactNative/bic-group-app/node_modules/@react-navigation/core/src/useRoute.tsx:16:11)
    at PostHeader (/Users/namanh/ReactNative/bic-group-app/src/components/posts/PostHeader/index.tsx:31:25)
    at renderWithHooks (/Users/namanh/ReactNative/bic-group-app/node_modules/react-test-renderer/cjs/react-test-renderer.development.js:6016:18)
    at mountIndeterminateComponent (/Users/namanh/ReactNative/bic-group-app/node_modules/react-test-renderer/cjs/react-test-renderer.development.js:8744:13)
    at beginWork (/Users/namanh/ReactNative/bic-group-app/node_modules/react-test-renderer/cjs/react-test-renderer.development.js:9966:16)
    at performUnitOfWork (/Users/namanh/ReactNative/bic-group-app/node_modules/react-test-renderer/cjs/react-test-renderer.development.js:13800:12)
    at workLoopSync (/Users/namanh/ReactNative/bic-group-app/node_modules/react-test-renderer/cjs/react-test-renderer.development.js:13728:5)
    at renderRootSync (/Users/namanh/ReactNative/bic-group-app/node_modules/react-test-renderer/cjs/react-test-renderer.development.js:13691:7)
    at performSyncWorkOnRoot (/Users/namanh/ReactNative/bic-group-app/node_modules/react-test-renderer/cjs/react-test-renderer.development.js:13404:18)
    at /Users/namanh/ReactNative/bic-group-app/node_modules/react-test-renderer/cjs/react-test-renderer.development.js:2537:26]]></failure>
    </testCase>
    <testCase name="PostView Component press menu should dispatch show modal menu" duration="43">
      <failure message="Error: Couldn&apos;t find a route object. Is your component inside a screen in a navigator?"><![CDATA[Error: Couldn't find a route object. Is your component inside a screen in a navigator?
    at useRoute (/Users/namanh/ReactNative/bic-group-app/node_modules/@react-navigation/core/src/useRoute.tsx:16:11)
    at PostHeader (/Users/namanh/ReactNative/bic-group-app/src/components/posts/PostHeader/index.tsx:31:25)
    at renderWithHooks (/Users/namanh/ReactNative/bic-group-app/node_modules/react-test-renderer/cjs/react-test-renderer.development.js:6016:18)
    at mountIndeterminateComponent (/Users/namanh/ReactNative/bic-group-app/node_modules/react-test-renderer/cjs/react-test-renderer.development.js:8744:13)
    at beginWork (/Users/namanh/ReactNative/bic-group-app/node_modules/react-test-renderer/cjs/react-test-renderer.development.js:9966:16)
    at performUnitOfWork (/Users/namanh/ReactNative/bic-group-app/node_modules/react-test-renderer/cjs/react-test-renderer.development.js:13800:12)
    at workLoopSync (/Users/namanh/ReactNative/bic-group-app/node_modules/react-test-renderer/cjs/react-test-renderer.development.js:13728:5)
    at renderRootSync (/Users/namanh/ReactNative/bic-group-app/node_modules/react-test-renderer/cjs/react-test-renderer.development.js:13691:7)
    at performSyncWorkOnRoot (/Users/namanh/ReactNative/bic-group-app/node_modules/react-test-renderer/cjs/react-test-renderer.development.js:13404:18)
    at /Users/namanh/ReactNative/bic-group-app/node_modules/react-test-renderer/cjs/react-test-renderer.development.js:2537:26]]></failure>
    </testCase>
    <testCase name="PostView Component on long press reaction item should dispatch showReactionDetailBottomSheet" duration="34">
      <failure message="Error: Couldn&apos;t find a route object. Is your component inside a screen in a navigator?"><![CDATA[Error: Couldn't find a route object. Is your component inside a screen in a navigator?
    at useRoute (/Users/namanh/ReactNative/bic-group-app/node_modules/@react-navigation/core/src/useRoute.tsx:16:11)
    at PostHeader (/Users/namanh/ReactNative/bic-group-app/src/components/posts/PostHeader/index.tsx:31:25)
    at renderWithHooks (/Users/namanh/ReactNative/bic-group-app/node_modules/react-test-renderer/cjs/react-test-renderer.development.js:6016:18)
    at mountIndeterminateComponent (/Users/namanh/ReactNative/bic-group-app/node_modules/react-test-renderer/cjs/react-test-renderer.development.js:8744:13)
    at beginWork (/Users/namanh/ReactNative/bic-group-app/node_modules/react-test-renderer/cjs/react-test-renderer.development.js:9966:16)
    at performUnitOfWork (/Users/namanh/ReactNative/bic-group-app/node_modules/react-test-renderer/cjs/react-test-renderer.development.js:13800:12)
    at workLoopSync (/Users/namanh/ReactNative/bic-group-app/node_modules/react-test-renderer/cjs/react-test-renderer.development.js:13728:5)
    at renderRootSync (/Users/namanh/ReactNative/bic-group-app/node_modules/react-test-renderer/cjs/react-test-renderer.development.js:13691:7)
    at performSyncWorkOnRoot (/Users/namanh/ReactNative/bic-group-app/node_modules/react-test-renderer/cjs/react-test-renderer.development.js:13404:18)
    at /Users/namanh/ReactNative/bic-group-app/node_modules/react-test-renderer/cjs/react-test-renderer.development.js:2537:26]]></failure>
    </testCase>
  </file>
  <file path="/Users/namanh/ReactNative/bic-group-app/src/beinComponents/Button/ButtonWrapper.test.tsx">
    <testCase name="Button Wrapper component renders correctly" duration="132"/>
    <testCase name="Button Wrapper component renders correctly children" duration="46"/>
    <testCase name="Button Wrapper component renders correctly testID" duration="28"/>
    <testCase name="Button Wrapper component renders correctly button disable" duration="32"/>
    <testCase name="Button Wrapper component renders correctly style" duration="21"/>
    <testCase name="Button Wrapper component renders correctly contentStyle" duration="36">
      <failure message="Error: expect(received).toBe(expected) // Object.is equality"><![CDATA[Error: expect(received).toBe(expected) // Object.is equality

Expected: "blue"
Received: undefined
    at Object.<anonymous> (/Users/namanh/ReactNative/bic-group-app/src/beinComponents/Button/ButtonWrapper.test.tsx:71:60)
    at Promise.then.completed (/Users/namanh/ReactNative/bic-group-app/node_modules/jest-circus/build/utils.js:390:28)
    at new Promise (<anonymous>)
    at callAsyncCircusFn (/Users/namanh/ReactNative/bic-group-app/node_modules/jest-circus/build/utils.js:315:10)
    at _callCircusTest (/Users/namanh/ReactNative/bic-group-app/node_modules/jest-circus/build/run.js:218:40)
    at processTicksAndRejections (node:internal/process/task_queues:96:5)
    at _runTest (/Users/namanh/ReactNative/bic-group-app/node_modules/jest-circus/build/run.js:155:3)
    at _runTestsForDescribeBlock (/Users/namanh/ReactNative/bic-group-app/node_modules/jest-circus/build/run.js:66:9)
    at _runTestsForDescribeBlock (/Users/namanh/ReactNative/bic-group-app/node_modules/jest-circus/build/run.js:60:9)
    at run (/Users/namanh/ReactNative/bic-group-app/node_modules/jest-circus/build/run.js:25:3)]]></failure>
    </testCase>
    <testCase name="Button Wrapper component should call props onPress" duration="24"/>
    <testCase name="Button Wrapper component should not call props onPress when cant connect to internet" duration="37"/>
    <testCase name="Button Wrapper component should call props onLongPress" duration="17"/>
    <testCase name="Button Wrapper component renders correctly text props" duration="28"/>
    <testCase name="Button Wrapper component renders correctly children with useI18n" duration="27"/>
    <testCase name="Button Wrapper component should render leftIcon" duration="34"/>
    <testCase name="Button Wrapper component should render leftIcon with leftIconProps" duration="25"/>
    <testCase name="Button Wrapper component should render rightIcon" duration="20"/>
    <testCase name="Button Wrapper component should render rightIcon with rightIconProps" duration="21"/>
    <testCase name="Button Wrapper component render correctly TouchableComponent" duration="22"/>
    <testCase name="Button Wrapper component render correctly hitSlop" duration="19"/>
  </file>
  <file path="/Users/namanh/ReactNative/bic-group-app/src/screens/Notification/index.test.tsx">
    <testCase name="Notification Screen should render correctly" duration="769"/>
    <testCase name="Notification Screen should show bottom list when click header menu" duration="256"/>
    <testCase name="Notification Screen should show bottom list when click item menu options" duration="178"/>
    <testCase name="Notification Screen should navigate to post detail if type is undefined" duration="84"/>
    <testCase name="Notification Screen should navigate to article detail if type is post.to_user.in_one_group and target is ARTICLE" duration="164"/>
    <testCase name="Notification Screen should navigate to post detail if type is post.to_user.in_one_group and target is POST" duration="257"/>
    <testCase name="Notification Screen should navigate to draft if type is post.video.to_user.unsuccessful" duration="186"/>
    <testCase name="Notification Screen should navigate to postDetail if type is comment.to_post_creator and target is POST" duration="253"/>
    <testCase name="Notification Screen should navigate to postDetail if type is comment.to_post_creator and target is ARTICLE" duration="137"/>
    <testCase name="Notification Screen should navigate to article detail if type is post.article.to_user.in_one_group" duration="123"/>
    <testCase name="Notification Screen should navigate to comment detail if type is comment.to_mentioned_user.in_comment" duration="55"/>
    <testCase name="Notification Screen should navigate to comment detail if type is comment.to_replied_user.in_the_same_parent_comment" duration="45"/>
    <testCase name="Notification Screen should navigate to community members if type is group.assigned_role.to_user" duration="52"/>
    <testCase name="Notification Screen should navigate to community members if type is group.assigned_role.to_user and has isCommunity = true in activities" duration="58"/>
    <testCase name="Notification Screen should navigate to group members if type is group.assigned_role.to_user and has isCommunity = false in activities" duration="38"/>
    <testCase name="Notification Screen should navigate to series detail if type is post.series.to_user.in_one_group" duration="33"/>
    <testCase name="Notification Screen should navigate to unsupport feature if type is report.user.to_user" duration="37"/>
    <testCase name="Notification Screen should do nothing if type is not defined" duration="41"/>
    <testCase name="Notification Screen should navigate to communityDetail if type is group.changed_privacy.to_group and has community.id" duration="43"/>
    <testCase name="Notification Screen should navigate to group detail if type is group.changed_privacy.to_group and has group.id" duration="60"/>
    <testCase name="Notification Screen should navigate to community members if type is group.join_group.to_admin and has community.id" duration="39"/>
    <testCase name="Notification Screen should navigate to group members if type is group.join_group.to_admin and has group.id" duration="75"/>
  </file>
  <file path="/Users/namanh/ReactNative/bic-group-app/src/screens/series/SeriesDetail/components/AddArticles/index.test.tsx">
    <testCase name="AddArticles component renders correctly" duration="218"/>
    <testCase name="AddArticles component renders correctly with empty data" duration="103"/>
    <testCase name="AddArticles component search success" duration="101"/>
    <testCase name="AddArticles component should call api add article when click add" duration="185"/>
    <testCase name="AddArticles component should do nothing when click add but item is added: " duration="50"/>
  </file>
  <file path="/Users/namanh/ReactNative/bic-group-app/src/screens/auth/ForgotPassword/components/CodeInputView/index.test.tsx">
    <testCase name="CodeInputView component renders correctly" duration="210"/>
    <testCase name="CodeInputView component should call api request forgot password when press text Resend code" duration="157"/>
    <testCase name="CodeInputView component show error text when send an invalid code" duration="78"/>
    <testCase name="CodeInputView component should call api confirm change password when click button submit" duration="229">
      <failure message="Error: expect(jest.fn()).toBeCalled()"><![CDATA[Error: expect(jest.fn()).toBeCalled()

Expected number of calls: >= 1
Received number of calls:    0
    at _callee3$ (/Users/namanh/ReactNative/bic-group-app/src/screens/auth/ForgotPassword/components/CodeInputView/index.test.tsx:177:17)
    at tryCatch (/Users/namanh/ReactNative/bic-group-app/node_modules/regenerator-runtime/runtime.js:64:40)
    at Generator.invoke (/Users/namanh/ReactNative/bic-group-app/node_modules/regenerator-runtime/runtime.js:299:22)
    at Generator.next (/Users/namanh/ReactNative/bic-group-app/node_modules/regenerator-runtime/runtime.js:124:21)
    at tryCatch (/Users/namanh/ReactNative/bic-group-app/node_modules/regenerator-runtime/runtime.js:64:40)
    at invoke (/Users/namanh/ReactNative/bic-group-app/node_modules/regenerator-runtime/runtime.js:160:20)
    at /Users/namanh/ReactNative/bic-group-app/node_modules/regenerator-runtime/runtime.js:195:11
    at tryCallTwo (/Users/namanh/ReactNative/bic-group-app/node_modules/react-native/node_modules/promise/lib/core.js:45:5)
    at doResolve (/Users/namanh/ReactNative/bic-group-app/node_modules/react-native/node_modules/promise/lib/core.js:200:13)
    at new Promise (/Users/namanh/ReactNative/bic-group-app/node_modules/react-native/node_modules/promise/lib/core.js:66:3)]]></failure>
    </testCase>
    <testCase name="CodeInputView component should show error text when code is greater than 7 letter" duration="33"/>
    <testCase name="CodeInputView component should show error text when confirm password is mismatch with new password" duration="65"/>
  </file>
  <file path="/Users/namanh/ReactNative/bic-group-app/src/beinComponents/TimeView/index.test.tsx">
    <testCase name="TimeView component renders correctly" duration="70"/>
    <testCase name="TimeView component renders correctly with time empty" duration="42"/>
    <testCase name="TimeView component renders correctly with props style" duration="40"/>
    <testCase name="TimeView component renders correctly with props textProps" duration="49"/>
    <testCase name="TimeView component renders correctly with propstime" duration="46">
      <failure message="Error: Unable to find an element with text: Feb 02 at 12:00 AM"><![CDATA[Error: Unable to find an element with text: Feb 02 at 12:00 AM
    at Object.<anonymous> (/Users/namanh/ReactNative/bic-group-app/src/beinComponents/TimeView/index.test.tsx:60:7)
    at Promise.then.completed (/Users/namanh/ReactNative/bic-group-app/node_modules/jest-circus/build/utils.js:390:28)
    at new Promise (<anonymous>)
    at callAsyncCircusFn (/Users/namanh/ReactNative/bic-group-app/node_modules/jest-circus/build/utils.js:315:10)
    at _callCircusTest (/Users/namanh/ReactNative/bic-group-app/node_modules/jest-circus/build/run.js:218:40)
    at processTicksAndRejections (node:internal/process/task_queues:96:5)
    at _runTest (/Users/namanh/ReactNative/bic-group-app/node_modules/jest-circus/build/run.js:155:3)
    at _runTestsForDescribeBlock (/Users/namanh/ReactNative/bic-group-app/node_modules/jest-circus/build/run.js:66:9)
    at _runTestsForDescribeBlock (/Users/namanh/ReactNative/bic-group-app/node_modules/jest-circus/build/run.js:60:9)
    at run (/Users/namanh/ReactNative/bic-group-app/node_modules/jest-circus/build/run.js:25:3)]]></failure>
    </testCase>
    <testCase name="TimeView component renders correctly with props type fullDateTime" duration="45">
      <failure message="Error: Unable to find an element with text: Feb 02 at 12:00 AM"><![CDATA[Error: Unable to find an element with text: Feb 02 at 12:00 AM
    at Object.<anonymous> (/Users/namanh/ReactNative/bic-group-app/src/beinComponents/TimeView/index.test.tsx:72:7)
    at Promise.then.completed (/Users/namanh/ReactNative/bic-group-app/node_modules/jest-circus/build/utils.js:390:28)
    at new Promise (<anonymous>)
    at callAsyncCircusFn (/Users/namanh/ReactNative/bic-group-app/node_modules/jest-circus/build/utils.js:315:10)
    at _callCircusTest (/Users/namanh/ReactNative/bic-group-app/node_modules/jest-circus/build/run.js:218:40)
    at processTicksAndRejections (node:internal/process/task_queues:96:5)
    at _runTest (/Users/namanh/ReactNative/bic-group-app/node_modules/jest-circus/build/run.js:155:3)
    at _runTestsForDescribeBlock (/Users/namanh/ReactNative/bic-group-app/node_modules/jest-circus/build/run.js:66:9)
    at _runTestsForDescribeBlock (/Users/namanh/ReactNative/bic-group-app/node_modules/jest-circus/build/run.js:60:9)
    at run (/Users/namanh/ReactNative/bic-group-app/node_modules/jest-circus/build/run.js:25:3)]]></failure>
    </testCase>
    <testCase name="TimeView component renders correctly with props type dateTime" duration="34"/>
    <testCase name="TimeView component renders correctly with props type short" duration="65"/>
    <testCase name="TimeView component function formatShortTime with now" duration="24"/>
    <testCase name="TimeView component function formatShortTime with 5 minutes ago" duration="13"/>
    <testCase name="TimeView component function formatShortTime with 5 hour ago" duration="20"/>
    <testCase name="TimeView component function formatShortTime with 5 days ago" duration="77"/>
    <testCase name="TimeView component function formatShortTime with 1 weeks ago" duration="81"/>
    <testCase name="TimeView component function formatShortTime with date display" duration="62"/>
    <testCase name="TimeView component function formatFullTime" duration="22"/>
    <testCase name="TimeView component function formatFullTime with yesterday" duration="14"/>
    <testCase name="TimeView component function formatFullTime with date display" duration="17"/>
    <testCase name="TimeView component funtion formatDateTime" duration="9"/>
    <testCase name="TimeView component funtion formatDateTime with yesterday" duration="28"/>
    <testCase name="TimeView component funtion formatDateTime with date display" duration="8"/>
  </file>
  <file path="/Users/namanh/ReactNative/bic-group-app/src/screens/groups/GroupMembers/store/actions/getGroupMembers.test.ts">
    <testCase name="getGroupMembers should return soon when there is no more data to fetch" duration="69"/>
    <testCase name="getGroupMembers should do nothing when refreshing data and there is no data return" duration="91"/>
    <testCase name="getGroupMembers should get group members success:" duration="75"/>
    <testCase name="getGroupMembers should refresh get group members success:" duration="62"/>
    <testCase name="getGroupMembers should get group members throw error" duration="77"/>
  </file>
  <file path="/Users/namanh/ReactNative/bic-group-app/src/beinComponents/list/ListView.test.tsx">
    <testCase name="ListView component renders correctly" duration="75"/>
    <testCase name="ListView component renders data correctly" duration="37"/>
    <testCase name="ListView component renders containerStyle correctly" duration="45"/>
    <testCase name="ListView component renders listStyle correctly" duration="29"/>
    <testCase name="ListView component should call prop renderItem correctly" duration="36"/>
    <testCase name="ListView component renders loading correctly" duration="44"/>
    <testCase name="ListView component renders renderLoading prop correctly" duration="43"/>
    <testCase name="ListView component renders LoadingPlaceholder correctly" duration="152"/>
    <testCase name="ListView component renders isFullView correctly" duration="26"/>
    <testCase name="ListView component renders horizontal correctly" duration="18"/>
    <testCase name="ListView component renders title correctly" duration="47"/>
    <testCase name="ListView component renders loadingMore correctly" duration="24"/>
    <testCase name="ListView component renders showItemSeparator = false correctly" duration="27"/>
    <testCase name="ListView component should call prop renderItemSeparator correctly" duration="29"/>
    <testCase name="ListView component should call prop onLoadMore correctly" duration="30"/>
    <testCase name="ListView component should call prop onItemPress correctly" duration="26"/>
    <testCase name="ListView component should call prop onItemLongPress correctly" duration="30"/>
  </file>
  <file path="/Users/namanh/ReactNative/bic-group-app/src/components/reaction/ReactionDetailBottomSheet/index.test.tsx">
    <testCase name="ReactionDetailBottomSheet component renders correctly" duration="186"/>
    <testCase name="ReactionDetailBottomSheet component should render list user react correspondingly when clicking reaction item on ReactionTabBar" duration="150">
      <failure message="Error: Unable to find an element with testID: reaction_detail_bottomSheet.kissing_closed_eyes"><![CDATA[Error: Unable to find an element with testID: reaction_detail_bottomSheet.kissing_closed_eyes
    at _callee2$ (/Users/namanh/ReactNative/bic-group-app/src/components/reaction/ReactionDetailBottomSheet/index.test.tsx:74:35)
    at tryCatch (/Users/namanh/ReactNative/bic-group-app/node_modules/regenerator-runtime/runtime.js:64:40)
    at Generator.invoke (/Users/namanh/ReactNative/bic-group-app/node_modules/regenerator-runtime/runtime.js:299:22)
    at Generator.next (/Users/namanh/ReactNative/bic-group-app/node_modules/regenerator-runtime/runtime.js:124:21)
    at tryCatch (/Users/namanh/ReactNative/bic-group-app/node_modules/regenerator-runtime/runtime.js:64:40)
    at invoke (/Users/namanh/ReactNative/bic-group-app/node_modules/regenerator-runtime/runtime.js:160:20)
    at /Users/namanh/ReactNative/bic-group-app/node_modules/regenerator-runtime/runtime.js:170:13
    at tryCallOne (/Users/namanh/ReactNative/bic-group-app/node_modules/react-native/node_modules/promise/lib/core.js:37:12)
    at /Users/namanh/ReactNative/bic-group-app/node_modules/react-native/node_modules/promise/lib/core.js:123:15
    at flush (/Users/namanh/ReactNative/bic-group-app/node_modules/asap/raw.js:50:29)]]></failure>
    </testCase>
    <testCase name="ReactionDetailBottomSheet component should render list empty user react if call api failed" duration="112"/>
    <testCase name="ReactionDetailBottomSheet component should call navigate to user profile by id when click item" duration="91">
      <failure message="Error: Unable to find an element with testID: reaction_detail_bottomSheet.Hoàng Minh Trọng"><![CDATA[Error: Unable to find an element with testID: reaction_detail_bottomSheet.Hoàng Minh Trọng
    at _callee4$ (/Users/namanh/ReactNative/bic-group-app/src/components/reaction/ReactionDetailBottomSheet/index.test.tsx:120:36)
    at tryCatch (/Users/namanh/ReactNative/bic-group-app/node_modules/regenerator-runtime/runtime.js:64:40)
    at Generator.invoke (/Users/namanh/ReactNative/bic-group-app/node_modules/regenerator-runtime/runtime.js:299:22)
    at Generator.next (/Users/namanh/ReactNative/bic-group-app/node_modules/regenerator-runtime/runtime.js:124:21)
    at tryCatch (/Users/namanh/ReactNative/bic-group-app/node_modules/regenerator-runtime/runtime.js:64:40)
    at invoke (/Users/namanh/ReactNative/bic-group-app/node_modules/regenerator-runtime/runtime.js:160:20)
    at /Users/namanh/ReactNative/bic-group-app/node_modules/regenerator-runtime/runtime.js:170:13
    at tryCallOne (/Users/namanh/ReactNative/bic-group-app/node_modules/react-native/node_modules/promise/lib/core.js:37:12)
    at /Users/namanh/ReactNative/bic-group-app/node_modules/react-native/node_modules/promise/lib/core.js:123:15
    at flush (/Users/namanh/ReactNative/bic-group-app/node_modules/asap/raw.js:50:29)]]></failure>
    </testCase>
    <testCase name="ReactionDetailBottomSheet component should call navigate to user profile by username when click item" duration="92">
      <failure message="Error: Unable to find an element with testID: reaction_detail_bottomSheet.Hoàng Minh Trọng"><![CDATA[Error: Unable to find an element with testID: reaction_detail_bottomSheet.Hoàng Minh Trọng
    at _callee5$ (/Users/namanh/ReactNative/bic-group-app/src/components/reaction/ReactionDetailBottomSheet/index.test.tsx:153:36)
    at tryCatch (/Users/namanh/ReactNative/bic-group-app/node_modules/regenerator-runtime/runtime.js:64:40)
    at Generator.invoke (/Users/namanh/ReactNative/bic-group-app/node_modules/regenerator-runtime/runtime.js:299:22)
    at Generator.next (/Users/namanh/ReactNative/bic-group-app/node_modules/regenerator-runtime/runtime.js:124:21)
    at tryCatch (/Users/namanh/ReactNative/bic-group-app/node_modules/regenerator-runtime/runtime.js:64:40)
    at invoke (/Users/namanh/ReactNative/bic-group-app/node_modules/regenerator-runtime/runtime.js:160:20)
    at /Users/namanh/ReactNative/bic-group-app/node_modules/regenerator-runtime/runtime.js:170:13
    at tryCallOne (/Users/namanh/ReactNative/bic-group-app/node_modules/react-native/node_modules/promise/lib/core.js:37:12)
    at /Users/namanh/ReactNative/bic-group-app/node_modules/react-native/node_modules/promise/lib/core.js:123:15
    at flush (/Users/namanh/ReactNative/bic-group-app/node_modules/asap/raw.js:50:29)]]></failure>
    </testCase>
    <testCase name="ReactionDetailBottomSheet component should render list empty user react if call api return null" duration="111"/>
  </file>
  <file path="/Users/namanh/ReactNative/bic-group-app/src/screens/communities/CommunityMembers/store/actions/getCommunityMemberRequests.test.ts">
    <testCase name="getCommunityMemberRequests should call api getCommunityMemberRequests when isRefreshing = true throw error" duration="136"/>
    <testCase name="getCommunityMemberRequests should not call API when isRefreshing = false and canLoadMore = false" duration="47"/>
    <testCase name="getCommunityMemberRequests should not call API when payload of action is empty" duration="105"/>
    <testCase name="getCommunityMemberRequests should call API getCommunityMemberRequests when isRefreshing = true success" duration="119"/>
    <testCase name="getCommunityMemberRequests should call API getCommunityMemberRequests when isRefreshing = false success" duration="21"/>
  </file>
  <file path="/Users/namanh/ReactNative/bic-group-app/src/screens/auth/VerifyEmail/ConfirmUser.test.tsx">
    <testCase name="RequestVerifyEmailModal Component should render loading view when loading = true" duration="298"/>
    <testCase name="RequestVerifyEmailModal Component should render expired view when linkExpired = true" duration="131"/>
    <testCase name="RequestVerifyEmailModal Component should render verified successfuly view when linkExpired = false and loading = false" duration="71"/>
    <testCase name="RequestVerifyEmailModal Component should replace to signIn screen when redirectTo = login" duration="64"/>
    <testCase name="RequestVerifyEmailModal Component should replace to forgot password screen when redirectTo = reset-password" duration="66"/>
  </file>
  <file path="/Users/namanh/ReactNative/bic-group-app/src/screens/post/CreatePost/helper.test.ts">
  </file>
  <file path="/Users/namanh/ReactNative/bic-group-app/src/beinComponents/list/items/GroupItem.test.tsx">
    <testCase name="Group Item component renders correctly" duration="119"/>
    <testCase name="Group Item component should call props onPressItem" duration="81"/>
    <testCase name="Group Item component should not call props onPressItem when cant connect to the internet" duration="91"/>
    <testCase name="Group Item component should render UI Level when uiLevel &gt; 0" duration="44"/>
    <testCase name="Group Item component should render toggle button when childrenUiIds.length &gt; 0" duration="53"/>
    <testCase name="Group Item component should call props onToggleItem when rendered toggle item" duration="40"/>
    <testCase name="Group Item component should render null with props hide=true" duration="16"/>
    <testCase name="Group Item component toggle should render null with props uiLevel &lt; 0" duration="36"/>
    <testCase name="Group Item component should call props onCheckedItem when rendered toggle item" duration="25"/>
    <testCase name="Group Item component should render default prop" duration="41"/>
  </file>
  <file path="/Users/namanh/ReactNative/bic-group-app/src/screens/groups/GroupMembers/store/actions/getGroupMemberRequests.test.ts">
    <testCase name="action getGroupMemberRequests should call api getGroupMemberRequests when isRefreshing = true throw error" duration="154"/>
    <testCase name="action getGroupMemberRequests should not call api getGroupMemberRequests when isRefreshing = false and canLoadMore = false" duration="46"/>
    <testCase name="action getGroupMemberRequests should not call api getGroupMemberRequests when payload of action is empty" duration="22"/>
    <testCase name="action getGroupMemberRequests should call api getGroupMemberRequests when isRefreshing = true success" duration="46"/>
    <testCase name="action getGroupMemberRequests should call api getGroupMemberRequests when isRefreshing = false success" duration="22"/>
  </file>
  <file path="/Users/namanh/ReactNative/bic-group-app/src/screens/post/PostDetail/components/PostDetailContent/index.test.tsx">
    <testCase name="PostDetailContent component should render postViewPlaceholder when not have data of post in allPosts" duration="230"/>
    <testCase name="PostDetailContent component renders content correctly" duration="137">
      <failure message="Error: expect(received).not.toBeNull()"><![CDATA[Error: expect(received).not.toBeNull()

Received: null
    at Object.<anonymous> (/Users/namanh/ReactNative/bic-group-app/src/screens/post/PostDetail/components/PostDetailContent/index.test.tsx:63:26)
    at Promise.then.completed (/Users/namanh/ReactNative/bic-group-app/node_modules/jest-circus/build/utils.js:390:28)
    at new Promise (<anonymous>)
    at callAsyncCircusFn (/Users/namanh/ReactNative/bic-group-app/node_modules/jest-circus/build/utils.js:315:10)
    at _callCircusTest (/Users/namanh/ReactNative/bic-group-app/node_modules/jest-circus/build/run.js:218:40)
    at processTicksAndRejections (node:internal/process/task_queues:96:5)
    at _runTest (/Users/namanh/ReactNative/bic-group-app/node_modules/jest-circus/build/run.js:155:3)
    at _runTestsForDescribeBlock (/Users/namanh/ReactNative/bic-group-app/node_modules/jest-circus/build/run.js:66:9)
    at _runTestsForDescribeBlock (/Users/namanh/ReactNative/bic-group-app/node_modules/jest-circus/build/run.js:60:9)
    at run (/Users/namanh/ReactNative/bic-group-app/node_modules/jest-circus/build/run.js:25:3)]]></failure>
    </testCase>
    <testCase name="PostDetailContent component getPostDetail should be called" duration="27">
      <failure message="Error: expect(jest.fn()).toBeCalled()"><![CDATA[Error: expect(jest.fn()).toBeCalled()

Expected number of calls: >= 1
Received number of calls:    0
    at Object.<anonymous> (/Users/namanh/ReactNative/bic-group-app/src/screens/post/PostDetail/components/PostDetailContent/index.test.tsx:78:17)
    at Promise.then.completed (/Users/namanh/ReactNative/bic-group-app/node_modules/jest-circus/build/utils.js:390:28)
    at new Promise (<anonymous>)
    at callAsyncCircusFn (/Users/namanh/ReactNative/bic-group-app/node_modules/jest-circus/build/utils.js:315:10)
    at _callCircusTest (/Users/namanh/ReactNative/bic-group-app/node_modules/jest-circus/build/run.js:218:40)
    at processTicksAndRejections (node:internal/process/task_queues:96:5)
    at _runTest (/Users/namanh/ReactNative/bic-group-app/node_modules/jest-circus/build/run.js:155:3)
    at _runTestsForDescribeBlock (/Users/namanh/ReactNative/bic-group-app/node_modules/jest-circus/build/run.js:66:9)
    at _runTestsForDescribeBlock (/Users/namanh/ReactNative/bic-group-app/node_modules/jest-circus/build/run.js:60:9)
    at run (/Users/namanh/ReactNative/bic-group-app/node_modules/jest-circus/build/run.js:25:3)]]></failure>
    </testCase>
    <testCase name="PostDetailContent component should scroll to latest item" duration="68"/>
    <testCase name="PostDetailContent component should call navigate to comment detail" duration="76">
      <failure message="TypeError: rootNavigation.replace is not a function"><![CDATA[TypeError: rootNavigation.replace is not a function
    at /Users/namanh/ReactNative/bic-group-app/src/screens/post/PostDetail/components/PostDetailContent/hooks/usePostDetailContent.ts:125:22
    at invokePassiveEffectCreate (/Users/namanh/ReactNative/bic-group-app/node_modules/react-test-renderer/cjs/react-test-renderer.development.js:14504:20)
    at Object.invokeGuardedCallbackProd (/Users/namanh/ReactNative/bic-group-app/node_modules/react-test-renderer/cjs/react-test-renderer.development.js:11308:10)
    at invokeGuardedCallback (/Users/namanh/ReactNative/bic-group-app/node_modules/react-test-renderer/cjs/react-test-renderer.development.js:11499:31)
    at flushPassiveEffectsImpl (/Users/namanh/ReactNative/bic-group-app/node_modules/react-test-renderer/cjs/react-test-renderer.development.js:14591:9)
    at unstable_runWithPriority (/Users/namanh/ReactNative/bic-group-app/node_modules/scheduler/cjs/scheduler.development.js:468:12)
    at runWithPriority (/Users/namanh/ReactNative/bic-group-app/node_modules/react-test-renderer/cjs/react-test-renderer.development.js:2486:10)
    at flushPassiveEffects (/Users/namanh/ReactNative/bic-group-app/node_modules/react-test-renderer/cjs/react-test-renderer.development.js:14464:14)
    at flushActWork (/Users/namanh/ReactNative/bic-group-app/node_modules/react-test-renderer/cjs/react-test-renderer.development.js:15227:14)
    at act (/Users/namanh/ReactNative/bic-group-app/node_modules/react-test-renderer/cjs/react-test-renderer.development.js:15345:9)]]></failure>
    </testCase>
    <testCase name="PostDetailContent component should call go back without input comment content" duration="56">
      <failure message="TypeError: rootNavigation.replace is not a function"><![CDATA[TypeError: rootNavigation.replace is not a function
    at /Users/namanh/ReactNative/bic-group-app/src/screens/post/PostDetail/components/PostDetailContent/hooks/usePostDetailContent.ts:125:22
    at invokePassiveEffectCreate (/Users/namanh/ReactNative/bic-group-app/node_modules/react-test-renderer/cjs/react-test-renderer.development.js:14504:20)
    at Object.invokeGuardedCallbackProd (/Users/namanh/ReactNative/bic-group-app/node_modules/react-test-renderer/cjs/react-test-renderer.development.js:11308:10)
    at invokeGuardedCallback (/Users/namanh/ReactNative/bic-group-app/node_modules/react-test-renderer/cjs/react-test-renderer.development.js:11499:31)
    at flushPassiveEffectsImpl (/Users/namanh/ReactNative/bic-group-app/node_modules/react-test-renderer/cjs/react-test-renderer.development.js:14591:9)
    at unstable_runWithPriority (/Users/namanh/ReactNative/bic-group-app/node_modules/scheduler/cjs/scheduler.development.js:468:12)
    at runWithPriority (/Users/namanh/ReactNative/bic-group-app/node_modules/react-test-renderer/cjs/react-test-renderer.development.js:2486:10)
    at flushPassiveEffects (/Users/namanh/ReactNative/bic-group-app/node_modules/react-test-renderer/cjs/react-test-renderer.development.js:14464:14)
    at flushActWork (/Users/namanh/ReactNative/bic-group-app/node_modules/react-test-renderer/cjs/react-test-renderer.development.js:15227:14)
    at act (/Users/namanh/ReactNative/bic-group-app/node_modules/react-test-renderer/cjs/react-test-renderer.development.js:15345:9)]]></failure>
    </testCase>
    <testCase name="PostDetailContent component should show alert when back after input comment content" duration="37">
      <failure message="TypeError: rootNavigation.replace is not a function"><![CDATA[TypeError: rootNavigation.replace is not a function
    at /Users/namanh/ReactNative/bic-group-app/src/screens/post/PostDetail/components/PostDetailContent/hooks/usePostDetailContent.ts:125:22
    at invokePassiveEffectCreate (/Users/namanh/ReactNative/bic-group-app/node_modules/react-test-renderer/cjs/react-test-renderer.development.js:14504:20)
    at Object.invokeGuardedCallbackProd (/Users/namanh/ReactNative/bic-group-app/node_modules/react-test-renderer/cjs/react-test-renderer.development.js:11308:10)
    at invokeGuardedCallback (/Users/namanh/ReactNative/bic-group-app/node_modules/react-test-renderer/cjs/react-test-renderer.development.js:11499:31)
    at flushPassiveEffectsImpl (/Users/namanh/ReactNative/bic-group-app/node_modules/react-test-renderer/cjs/react-test-renderer.development.js:14591:9)
    at unstable_runWithPriority (/Users/namanh/ReactNative/bic-group-app/node_modules/scheduler/cjs/scheduler.development.js:468:12)
    at runWithPriority (/Users/namanh/ReactNative/bic-group-app/node_modules/react-test-renderer/cjs/react-test-renderer.development.js:2486:10)
    at flushPassiveEffects (/Users/namanh/ReactNative/bic-group-app/node_modules/react-test-renderer/cjs/react-test-renderer.development.js:14464:14)
    at flushActWork (/Users/namanh/ReactNative/bic-group-app/node_modules/react-test-renderer/cjs/react-test-renderer.development.js:15227:14)
    at act (/Users/namanh/ReactNative/bic-group-app/node_modules/react-test-renderer/cjs/react-test-renderer.development.js:15345:9)]]></failure>
    </testCase>
    <testCase name="PostDetailContent component should navigate to newsfeed if cant go back" duration="43">
      <failure message="TypeError: rootNavigation.replace is not a function"><![CDATA[TypeError: rootNavigation.replace is not a function
    at /Users/namanh/ReactNative/bic-group-app/src/screens/post/PostDetail/components/PostDetailContent/hooks/usePostDetailContent.ts:125:22
    at invokePassiveEffectCreate (/Users/namanh/ReactNative/bic-group-app/node_modules/react-test-renderer/cjs/react-test-renderer.development.js:14504:20)
    at Object.invokeGuardedCallbackProd (/Users/namanh/ReactNative/bic-group-app/node_modules/react-test-renderer/cjs/react-test-renderer.development.js:11308:10)
    at invokeGuardedCallback (/Users/namanh/ReactNative/bic-group-app/node_modules/react-test-renderer/cjs/react-test-renderer.development.js:11499:31)
    at flushPassiveEffectsImpl (/Users/namanh/ReactNative/bic-group-app/node_modules/react-test-renderer/cjs/react-test-renderer.development.js:14591:9)
    at unstable_runWithPriority (/Users/namanh/ReactNative/bic-group-app/node_modules/scheduler/cjs/scheduler.development.js:468:12)
    at runWithPriority (/Users/namanh/ReactNative/bic-group-app/node_modules/react-test-renderer/cjs/react-test-renderer.development.js:2486:10)
    at flushPassiveEffects (/Users/namanh/ReactNative/bic-group-app/node_modules/react-test-renderer/cjs/react-test-renderer.development.js:14464:14)
    at flushActWork (/Users/namanh/ReactNative/bic-group-app/node_modules/react-test-renderer/cjs/react-test-renderer.development.js:15227:14)
    at act (/Users/namanh/ReactNative/bic-group-app/node_modules/react-test-renderer/cjs/react-test-renderer.development.js:15345:9)]]></failure>
    </testCase>
    <testCase name="PostDetailContent component should go back when open deleted post" duration="85">
      <failure message="TypeError: rootNavigation.replace is not a function"><![CDATA[TypeError: rootNavigation.replace is not a function
    at /Users/namanh/ReactNative/bic-group-app/src/screens/post/PostDetail/components/PostDetailContent/hooks/usePostDetailContent.ts:125:22
    at invokePassiveEffectCreate (/Users/namanh/ReactNative/bic-group-app/node_modules/react-test-renderer/cjs/react-test-renderer.development.js:14504:20)
    at Object.invokeGuardedCallbackProd (/Users/namanh/ReactNative/bic-group-app/node_modules/react-test-renderer/cjs/react-test-renderer.development.js:11308:10)
    at invokeGuardedCallback (/Users/namanh/ReactNative/bic-group-app/node_modules/react-test-renderer/cjs/react-test-renderer.development.js:11499:31)
    at flushPassiveEffectsImpl (/Users/namanh/ReactNative/bic-group-app/node_modules/react-test-renderer/cjs/react-test-renderer.development.js:14591:9)
    at unstable_runWithPriority (/Users/namanh/ReactNative/bic-group-app/node_modules/scheduler/cjs/scheduler.development.js:468:12)
    at runWithPriority (/Users/namanh/ReactNative/bic-group-app/node_modules/react-test-renderer/cjs/react-test-renderer.development.js:2486:10)
    at flushPassiveEffects (/Users/namanh/ReactNative/bic-group-app/node_modules/react-test-renderer/cjs/react-test-renderer.development.js:14464:14)
    at flushActWork (/Users/namanh/ReactNative/bic-group-app/node_modules/react-test-renderer/cjs/react-test-renderer.development.js:15227:14)
    at act (/Users/namanh/ReactNative/bic-group-app/node_modules/react-test-renderer/cjs/react-test-renderer.development.js:15345:9)]]></failure>
    </testCase>
  </file>
  <file path="/Users/namanh/ReactNative/bic-group-app/src/screens/series/SeriesDetail/components/AddArticles/store/actions/searchArticles.test.ts">
    <testCase name="searchArticles in series should search articles success without contentSearch" duration="94"/>
    <testCase name="searchArticles in series should search articles success with contentSearch" duration="62"/>
    <testCase name="searchArticles in series should do nothing when loadMore but hasNextPage = false:" duration="70"/>
    <testCase name="searchArticles in series should loadMore articles success:" duration="67"/>
    <testCase name="searchArticles in series should search articles throw error and should show toast" duration="36"/>
  </file>
  <file path="/Users/namanh/ReactNative/bic-group-app/src/screens/groups/GroupMembers/AddMembersToGroup/store/actions/getGroupJoinableUsers.test.ts">
    <testCase name="getGroupJoinableUsers should search users success: isLoadMore = false" duration="280"/>
    <testCase name="getGroupJoinableUsers should load more data success: isLoadMore = true &amp; hasNextPage = true" duration="59"/>
    <testCase name="getGroupJoinableUsers should call API when isLoadMore = true and hasNextPage = false" duration="29"/>
    <testCase name="getGroupJoinableUsers should call API and throws an error" duration="37"/>
  </file>
  <file path="/Users/namanh/ReactNative/bic-group-app/src/screens/Menu/AccountSettings/EditContact/index.test.tsx">
    <testCase name="Edit Contact screen should disable save button when not change contact info" duration="71">
      <failure message="TypeError: Cannot set properties of undefined (setting &apos;myProfile&apos;)"><![CDATA[TypeError: Cannot set properties of undefined (setting 'myProfile')
    at Object.<anonymous> (/Users/namanh/ReactNative/bic-group-app/src/screens/Menu/AccountSettings/EditContact/index.test.tsx:32:29)
    at Promise.then.completed (/Users/namanh/ReactNative/bic-group-app/node_modules/jest-circus/build/utils.js:390:28)
    at new Promise (<anonymous>)
    at callAsyncCircusFn (/Users/namanh/ReactNative/bic-group-app/node_modules/jest-circus/build/utils.js:315:10)
    at _callCircusHook (/Users/namanh/ReactNative/bic-group-app/node_modules/jest-circus/build/run.js:181:40)
    at processTicksAndRejections (node:internal/process/task_queues:96:5)
    at _runTest (/Users/namanh/ReactNative/bic-group-app/node_modules/jest-circus/build/run.js:148:5)
    at _runTestsForDescribeBlock (/Users/namanh/ReactNative/bic-group-app/node_modules/jest-circus/build/run.js:66:9)
    at _runTestsForDescribeBlock (/Users/namanh/ReactNative/bic-group-app/node_modules/jest-circus/build/run.js:60:9)
    at run (/Users/namanh/ReactNative/bic-group-app/node_modules/jest-circus/build/run.js:25:3)]]></failure>
    </testCase>
    <testCase name="Edit Contact screen should enable save button when change country code" duration="55">
      <failure message="TypeError: Cannot set properties of undefined (setting &apos;myProfile&apos;)"><![CDATA[TypeError: Cannot set properties of undefined (setting 'myProfile')
    at Object.<anonymous> (/Users/namanh/ReactNative/bic-group-app/src/screens/Menu/AccountSettings/EditContact/index.test.tsx:32:29)
    at Promise.then.completed (/Users/namanh/ReactNative/bic-group-app/node_modules/jest-circus/build/utils.js:390:28)
    at new Promise (<anonymous>)
    at callAsyncCircusFn (/Users/namanh/ReactNative/bic-group-app/node_modules/jest-circus/build/utils.js:315:10)
    at _callCircusHook (/Users/namanh/ReactNative/bic-group-app/node_modules/jest-circus/build/run.js:181:40)
    at processTicksAndRejections (node:internal/process/task_queues:96:5)
    at _runTest (/Users/namanh/ReactNative/bic-group-app/node_modules/jest-circus/build/run.js:148:5)
    at _runTestsForDescribeBlock (/Users/namanh/ReactNative/bic-group-app/node_modules/jest-circus/build/run.js:66:9)
    at _runTestsForDescribeBlock (/Users/namanh/ReactNative/bic-group-app/node_modules/jest-circus/build/run.js:60:9)
    at run (/Users/namanh/ReactNative/bic-group-app/node_modules/jest-circus/build/run.js:25:3)]]></failure>
    </testCase>
    <testCase name="Edit Contact screen should enable save button when change location " duration="16">
      <failure message="TypeError: Cannot set properties of undefined (setting &apos;myProfile&apos;)"><![CDATA[TypeError: Cannot set properties of undefined (setting 'myProfile')
    at Object.<anonymous> (/Users/namanh/ReactNative/bic-group-app/src/screens/Menu/AccountSettings/EditContact/index.test.tsx:32:29)
    at Promise.then.completed (/Users/namanh/ReactNative/bic-group-app/node_modules/jest-circus/build/utils.js:390:28)
    at new Promise (<anonymous>)
    at callAsyncCircusFn (/Users/namanh/ReactNative/bic-group-app/node_modules/jest-circus/build/utils.js:315:10)
    at _callCircusHook (/Users/namanh/ReactNative/bic-group-app/node_modules/jest-circus/build/run.js:181:40)
    at processTicksAndRejections (node:internal/process/task_queues:96:5)
    at _runTest (/Users/namanh/ReactNative/bic-group-app/node_modules/jest-circus/build/run.js:148:5)
    at _runTestsForDescribeBlock (/Users/namanh/ReactNative/bic-group-app/node_modules/jest-circus/build/run.js:66:9)
    at _runTestsForDescribeBlock (/Users/namanh/ReactNative/bic-group-app/node_modules/jest-circus/build/run.js:60:9)
    at run (/Users/namanh/ReactNative/bic-group-app/node_modules/jest-circus/build/run.js:25:3)]]></failure>
    </testCase>
    <testCase name="Edit Contact screen should back to previous screen successfully " duration="60">
      <failure message="TypeError: Cannot set properties of undefined (setting &apos;myProfile&apos;)"><![CDATA[TypeError: Cannot set properties of undefined (setting 'myProfile')
    at Object.<anonymous> (/Users/namanh/ReactNative/bic-group-app/src/screens/Menu/AccountSettings/EditContact/index.test.tsx:32:29)
    at Promise.then.completed (/Users/namanh/ReactNative/bic-group-app/node_modules/jest-circus/build/utils.js:390:28)
    at new Promise (<anonymous>)
    at callAsyncCircusFn (/Users/namanh/ReactNative/bic-group-app/node_modules/jest-circus/build/utils.js:315:10)
    at _callCircusHook (/Users/namanh/ReactNative/bic-group-app/node_modules/jest-circus/build/run.js:181:40)
    at processTicksAndRejections (node:internal/process/task_queues:96:5)
    at _runTest (/Users/namanh/ReactNative/bic-group-app/node_modules/jest-circus/build/run.js:148:5)
    at _runTestsForDescribeBlock (/Users/namanh/ReactNative/bic-group-app/node_modules/jest-circus/build/run.js:66:9)
    at _runTestsForDescribeBlock (/Users/namanh/ReactNative/bic-group-app/node_modules/jest-circus/build/run.js:60:9)
    at run (/Users/namanh/ReactNative/bic-group-app/node_modules/jest-circus/build/run.js:25:3)]]></failure>
    </testCase>
    <testCase name="Edit Contact screen should disable email input" duration="16">
      <failure message="TypeError: Cannot set properties of undefined (setting &apos;myProfile&apos;)"><![CDATA[TypeError: Cannot set properties of undefined (setting 'myProfile')
    at Object.<anonymous> (/Users/namanh/ReactNative/bic-group-app/src/screens/Menu/AccountSettings/EditContact/index.test.tsx:32:29)
    at Promise.then.completed (/Users/namanh/ReactNative/bic-group-app/node_modules/jest-circus/build/utils.js:390:28)
    at new Promise (<anonymous>)
    at callAsyncCircusFn (/Users/namanh/ReactNative/bic-group-app/node_modules/jest-circus/build/utils.js:315:10)
    at _callCircusHook (/Users/namanh/ReactNative/bic-group-app/node_modules/jest-circus/build/run.js:181:40)
    at processTicksAndRejections (node:internal/process/task_queues:96:5)
    at _runTest (/Users/namanh/ReactNative/bic-group-app/node_modules/jest-circus/build/run.js:148:5)
    at _runTestsForDescribeBlock (/Users/namanh/ReactNative/bic-group-app/node_modules/jest-circus/build/run.js:66:9)
    at _runTestsForDescribeBlock (/Users/namanh/ReactNative/bic-group-app/node_modules/jest-circus/build/run.js:60:9)
    at run (/Users/namanh/ReactNative/bic-group-app/node_modules/jest-circus/build/run.js:25:3)]]></failure>
    </testCase>
    <testCase name="Edit Contact screen should back to previous screen successfully when click save button" duration="12">
      <failure message="TypeError: Cannot set properties of undefined (setting &apos;myProfile&apos;)"><![CDATA[TypeError: Cannot set properties of undefined (setting 'myProfile')
    at Object.<anonymous> (/Users/namanh/ReactNative/bic-group-app/src/screens/Menu/AccountSettings/EditContact/index.test.tsx:32:29)
    at Promise.then.completed (/Users/namanh/ReactNative/bic-group-app/node_modules/jest-circus/build/utils.js:390:28)
    at new Promise (<anonymous>)
    at callAsyncCircusFn (/Users/namanh/ReactNative/bic-group-app/node_modules/jest-circus/build/utils.js:315:10)
    at _callCircusHook (/Users/namanh/ReactNative/bic-group-app/node_modules/jest-circus/build/run.js:181:40)
    at processTicksAndRejections (node:internal/process/task_queues:96:5)
    at _runTest (/Users/namanh/ReactNative/bic-group-app/node_modules/jest-circus/build/run.js:148:5)
    at _runTestsForDescribeBlock (/Users/namanh/ReactNative/bic-group-app/node_modules/jest-circus/build/run.js:66:9)
    at _runTestsForDescribeBlock (/Users/namanh/ReactNative/bic-group-app/node_modules/jest-circus/build/run.js:60:9)
    at run (/Users/namanh/ReactNative/bic-group-app/node_modules/jest-circus/build/run.js:25:3)]]></failure>
    </testCase>
  </file>
  <file path="/Users/namanh/ReactNative/bic-group-app/src/baseComponents/Text/CollapsibleText/index.test.tsx">
    <testCase name="Collapsible Text component renders correctly" duration="78"/>
    <testCase name="Collapsible Text component renders correctly testID" duration="41"/>
    <testCase name="Collapsible Text component should render short text with a short length and limit the length" duration="32">
      <failure message="Error: Unable to find an element with testID: collapsible_text.show_text"><![CDATA[Error: Unable to find an element with testID: collapsible_text.show_text
    at Object.<anonymous> (/Users/namanh/ReactNative/bic-group-app/src/baseComponents/Text/CollapsibleText/index.test.tsx:66:38)
    at Promise.then.completed (/Users/namanh/ReactNative/bic-group-app/node_modules/jest-circus/build/utils.js:390:28)
    at new Promise (<anonymous>)
    at callAsyncCircusFn (/Users/namanh/ReactNative/bic-group-app/node_modules/jest-circus/build/utils.js:315:10)
    at _callCircusTest (/Users/namanh/ReactNative/bic-group-app/node_modules/jest-circus/build/run.js:218:40)
    at processTicksAndRejections (node:internal/process/task_queues:96:5)
    at _runTest (/Users/namanh/ReactNative/bic-group-app/node_modules/jest-circus/build/run.js:155:3)
    at _runTestsForDescribeBlock (/Users/namanh/ReactNative/bic-group-app/node_modules/jest-circus/build/run.js:66:9)
    at _runTestsForDescribeBlock (/Users/namanh/ReactNative/bic-group-app/node_modules/jest-circus/build/run.js:60:9)
    at run (/Users/namanh/ReactNative/bic-group-app/node_modules/jest-circus/build/run.js:25:3)]]></failure>
    </testCase>
    <testCase name="Collapsible Text component should render full text when click read more button text " duration="65">
      <failure message="Error: Unable to find an element with testID: collapsible_text.show_text"><![CDATA[Error: Unable to find an element with testID: collapsible_text.show_text
    at Object.<anonymous> (/Users/namanh/ReactNative/bic-group-app/src/baseComponents/Text/CollapsibleText/index.test.tsx:76:24)
    at Promise.then.completed (/Users/namanh/ReactNative/bic-group-app/node_modules/jest-circus/build/utils.js:390:28)
    at new Promise (<anonymous>)
    at callAsyncCircusFn (/Users/namanh/ReactNative/bic-group-app/node_modules/jest-circus/build/utils.js:315:10)
    at _callCircusTest (/Users/namanh/ReactNative/bic-group-app/node_modules/jest-circus/build/run.js:218:40)
    at processTicksAndRejections (node:internal/process/task_queues:96:5)
    at _runTest (/Users/namanh/ReactNative/bic-group-app/node_modules/jest-circus/build/run.js:155:3)
    at _runTestsForDescribeBlock (/Users/namanh/ReactNative/bic-group-app/node_modules/jest-circus/build/run.js:66:9)
    at _runTestsForDescribeBlock (/Users/namanh/ReactNative/bic-group-app/node_modules/jest-circus/build/run.js:60:9)
    at run (/Users/namanh/ReactNative/bic-group-app/node_modules/jest-circus/build/run.js:25:3)]]></failure>
    </testCase>
    <testCase name="Collapsible Text component renders correctly with markdown" duration="17">
      <failure message="TypeError: Cannot set properties of undefined (setting &apos;abc&apos;)"><![CDATA[TypeError: Cannot set properties of undefined (setting 'abc')
    at Object.<anonymous> (/Users/namanh/ReactNative/bic-group-app/src/baseComponents/Text/CollapsibleText/index.test.tsx:88:35)
    at Promise.then.completed (/Users/namanh/ReactNative/bic-group-app/node_modules/jest-circus/build/utils.js:390:28)
    at new Promise (<anonymous>)
    at callAsyncCircusFn (/Users/namanh/ReactNative/bic-group-app/node_modules/jest-circus/build/utils.js:315:10)
    at _callCircusTest (/Users/namanh/ReactNative/bic-group-app/node_modules/jest-circus/build/run.js:218:40)
    at processTicksAndRejections (node:internal/process/task_queues:96:5)
    at _runTest (/Users/namanh/ReactNative/bic-group-app/node_modules/jest-circus/build/run.js:155:3)
    at _runTestsForDescribeBlock (/Users/namanh/ReactNative/bic-group-app/node_modules/jest-circus/build/run.js:66:9)
    at _runTestsForDescribeBlock (/Users/namanh/ReactNative/bic-group-app/node_modules/jest-circus/build/run.js:60:9)
    at run (/Users/namanh/ReactNative/bic-group-app/node_modules/jest-circus/build/run.js:25:3)]]></failure>
    </testCase>
    <testCase name="Collapsible Text component should call props onPressAudience" duration="24">
      <failure message="TypeError: Cannot set properties of undefined (setting &apos;abc&apos;)"><![CDATA[TypeError: Cannot set properties of undefined (setting 'abc')
    at Object.<anonymous> (/Users/namanh/ReactNative/bic-group-app/src/baseComponents/Text/CollapsibleText/index.test.tsx:108:35)
    at Promise.then.completed (/Users/namanh/ReactNative/bic-group-app/node_modules/jest-circus/build/utils.js:390:28)
    at new Promise (<anonymous>)
    at callAsyncCircusFn (/Users/namanh/ReactNative/bic-group-app/node_modules/jest-circus/build/utils.js:315:10)
    at _callCircusTest (/Users/namanh/ReactNative/bic-group-app/node_modules/jest-circus/build/run.js:218:40)
    at processTicksAndRejections (node:internal/process/task_queues:96:5)
    at _runTest (/Users/namanh/ReactNative/bic-group-app/node_modules/jest-circus/build/run.js:155:3)
    at _runTestsForDescribeBlock (/Users/namanh/ReactNative/bic-group-app/node_modules/jest-circus/build/run.js:66:9)
    at _runTestsForDescribeBlock (/Users/namanh/ReactNative/bic-group-app/node_modules/jest-circus/build/run.js:60:9)
    at run (/Users/namanh/ReactNative/bic-group-app/node_modules/jest-circus/build/run.js:25:3)]]></failure>
    </testCase>
    <testCase name="Collapsible Text component should call props onPress" duration="31"/>
  </file>
  <file path="/Users/namanh/ReactNative/bic-group-app/src/screens/communities/CommunityMembers/store/actions/getCommunityMembers.test.ts">
    <testCase name="getCommunityMembers should return soon when there is no more data to fetch" duration="87"/>
    <testCase name="getCommunityMembers should get group members success:" duration="59"/>
    <testCase name="getCommunityMembers should refresh to get group members success:" duration="50"/>
    <testCase name="getCommunityMembers should get group members throw error" duration="51"/>
  </file>
  <file path="/Users/namanh/ReactNative/bic-group-app/src/screens/communities/CommunityDetail/components/CommunityContentView/index.test.tsx">
    <testCase name="CommunityContentView should render InfoHeader correctly" duration="229"/>
    <testCase name="CommunityContentView should render About button correctly" duration="73">
      <failure message="Error: Unable to find an element with testID: page_content.about_btn"><![CDATA[Error: Unable to find an element with testID: page_content.about_btn
    at Object.<anonymous> (/Users/namanh/ReactNative/bic-group-app/src/screens/communities/CommunityDetail/components/CommunityContentView/index.test.tsx:36:30)
    at Promise.then.completed (/Users/namanh/ReactNative/bic-group-app/node_modules/jest-circus/build/utils.js:390:28)
    at new Promise (<anonymous>)
    at callAsyncCircusFn (/Users/namanh/ReactNative/bic-group-app/node_modules/jest-circus/build/utils.js:315:10)
    at _callCircusTest (/Users/namanh/ReactNative/bic-group-app/node_modules/jest-circus/build/run.js:218:40)
    at processTicksAndRejections (node:internal/process/task_queues:96:5)
    at _runTest (/Users/namanh/ReactNative/bic-group-app/node_modules/jest-circus/build/run.js:155:3)
    at _runTestsForDescribeBlock (/Users/namanh/ReactNative/bic-group-app/node_modules/jest-circus/build/run.js:66:9)
    at _runTestsForDescribeBlock (/Users/namanh/ReactNative/bic-group-app/node_modules/jest-circus/build/run.js:60:9)
    at run (/Users/namanh/ReactNative/bic-group-app/node_modules/jest-circus/build/run.js:25:3)]]></failure>
    </testCase>
    <testCase name="CommunityContentView should navigate to About page correctly" duration="46">
      <failure message="Error: Unable to find an element with testID: page_content.about_btn"><![CDATA[Error: Unable to find an element with testID: page_content.about_btn
    at Object.<anonymous> (/Users/namanh/ReactNative/bic-group-app/src/screens/communities/CommunityDetail/components/CommunityContentView/index.test.tsx:48:30)
    at Promise.then.completed (/Users/namanh/ReactNative/bic-group-app/node_modules/jest-circus/build/utils.js:390:28)
    at new Promise (<anonymous>)
    at callAsyncCircusFn (/Users/namanh/ReactNative/bic-group-app/node_modules/jest-circus/build/utils.js:315:10)
    at _callCircusTest (/Users/namanh/ReactNative/bic-group-app/node_modules/jest-circus/build/run.js:218:40)
    at processTicksAndRejections (node:internal/process/task_queues:96:5)
    at _runTest (/Users/namanh/ReactNative/bic-group-app/node_modules/jest-circus/build/run.js:155:3)
    at _runTestsForDescribeBlock (/Users/namanh/ReactNative/bic-group-app/node_modules/jest-circus/build/run.js:66:9)
    at _runTestsForDescribeBlock (/Users/namanh/ReactNative/bic-group-app/node_modules/jest-circus/build/run.js:60:9)
    at run (/Users/namanh/ReactNative/bic-group-app/node_modules/jest-circus/build/run.js:25:3)]]></failure>
    </testCase>
    <testCase name="CommunityContentView should render Members button correctly" duration="69">
      <failure message="Error: Unable to find an element with testID: page_content.members_btn"><![CDATA[Error: Unable to find an element with testID: page_content.members_btn
    at Object.<anonymous> (/Users/namanh/ReactNative/bic-group-app/src/screens/communities/CommunityDetail/components/CommunityContentView/index.test.tsx:57:31)
    at Promise.then.completed (/Users/namanh/ReactNative/bic-group-app/node_modules/jest-circus/build/utils.js:390:28)
    at new Promise (<anonymous>)
    at callAsyncCircusFn (/Users/namanh/ReactNative/bic-group-app/node_modules/jest-circus/build/utils.js:315:10)
    at _callCircusTest (/Users/namanh/ReactNative/bic-group-app/node_modules/jest-circus/build/run.js:218:40)
    at processTicksAndRejections (node:internal/process/task_queues:96:5)
    at _runTest (/Users/namanh/ReactNative/bic-group-app/node_modules/jest-circus/build/run.js:155:3)
    at _runTestsForDescribeBlock (/Users/namanh/ReactNative/bic-group-app/node_modules/jest-circus/build/run.js:66:9)
    at _runTestsForDescribeBlock (/Users/namanh/ReactNative/bic-group-app/node_modules/jest-circus/build/run.js:60:9)
    at run (/Users/namanh/ReactNative/bic-group-app/node_modules/jest-circus/build/run.js:25:3)]]></failure>
    </testCase>
    <testCase name="CommunityContentView should navigate to Members page correctly" duration="42">
      <failure message="Error: Unable to find an element with testID: page_content.members_btn"><![CDATA[Error: Unable to find an element with testID: page_content.members_btn
    at Object.<anonymous> (/Users/namanh/ReactNative/bic-group-app/src/screens/communities/CommunityDetail/components/CommunityContentView/index.test.tsx:69:31)
    at Promise.then.completed (/Users/namanh/ReactNative/bic-group-app/node_modules/jest-circus/build/utils.js:390:28)
    at new Promise (<anonymous>)
    at callAsyncCircusFn (/Users/namanh/ReactNative/bic-group-app/node_modules/jest-circus/build/utils.js:315:10)
    at _callCircusTest (/Users/namanh/ReactNative/bic-group-app/node_modules/jest-circus/build/run.js:218:40)
    at processTicksAndRejections (node:internal/process/task_queues:96:5)
    at _runTest (/Users/namanh/ReactNative/bic-group-app/node_modules/jest-circus/build/run.js:155:3)
    at _runTestsForDescribeBlock (/Users/namanh/ReactNative/bic-group-app/node_modules/jest-circus/build/run.js:66:9)
    at _runTestsForDescribeBlock (/Users/namanh/ReactNative/bic-group-app/node_modules/jest-circus/build/run.js:60:9)
    at run (/Users/namanh/ReactNative/bic-group-app/node_modules/jest-circus/build/run.js:25:3)]]></failure>
    </testCase>
    <testCase name="CommunityContentView should render Your Groups button and can navigate to that screen correctly when user is a member and press that button" duration="57">
      <failure message="Error: Unable to find an element with testID: page_content.your_groups_btn"><![CDATA[Error: Unable to find an element with testID: page_content.your_groups_btn
    at Object.<anonymous> (/Users/namanh/ReactNative/bic-group-app/src/screens/communities/CommunityDetail/components/CommunityContentView/index.test.tsx:82:35)
    at Promise.then.completed (/Users/namanh/ReactNative/bic-group-app/node_modules/jest-circus/build/utils.js:390:28)
    at new Promise (<anonymous>)
    at callAsyncCircusFn (/Users/namanh/ReactNative/bic-group-app/node_modules/jest-circus/build/utils.js:315:10)
    at _callCircusTest (/Users/namanh/ReactNative/bic-group-app/node_modules/jest-circus/build/run.js:218:40)
    at processTicksAndRejections (node:internal/process/task_queues:96:5)
    at _runTest (/Users/namanh/ReactNative/bic-group-app/node_modules/jest-circus/build/run.js:155:3)
    at _runTestsForDescribeBlock (/Users/namanh/ReactNative/bic-group-app/node_modules/jest-circus/build/run.js:66:9)
    at _runTestsForDescribeBlock (/Users/namanh/ReactNative/bic-group-app/node_modules/jest-circus/build/run.js:60:9)
    at run (/Users/namanh/ReactNative/bic-group-app/node_modules/jest-circus/build/run.js:25:3)]]></failure>
    </testCase>
    <testCase name="CommunityContentView should not render Your Groups button correctly when user is not a member" duration="51"/>
    <testCase name="CommunityContentView should render Discover button correctly when user is a member" duration="38">
      <failure message="Error: Unable to find an element with testID: page_content.discover_btn"><![CDATA[Error: Unable to find an element with testID: page_content.discover_btn
    at Object.<anonymous> (/Users/namanh/ReactNative/bic-group-app/src/screens/communities/CommunityDetail/components/CommunityContentView/index.test.tsx:106:35)
    at Promise.then.completed (/Users/namanh/ReactNative/bic-group-app/node_modules/jest-circus/build/utils.js:390:28)
    at new Promise (<anonymous>)
    at callAsyncCircusFn (/Users/namanh/ReactNative/bic-group-app/node_modules/jest-circus/build/utils.js:315:10)
    at _callCircusTest (/Users/namanh/ReactNative/bic-group-app/node_modules/jest-circus/build/run.js:218:40)
    at processTicksAndRejections (node:internal/process/task_queues:96:5)
    at _runTest (/Users/namanh/ReactNative/bic-group-app/node_modules/jest-circus/build/run.js:155:3)
    at _runTestsForDescribeBlock (/Users/namanh/ReactNative/bic-group-app/node_modules/jest-circus/build/run.js:66:9)
    at _runTestsForDescribeBlock (/Users/namanh/ReactNative/bic-group-app/node_modules/jest-circus/build/run.js:60:9)
    at run (/Users/namanh/ReactNative/bic-group-app/node_modules/jest-circus/build/run.js:25:3)]]></failure>
    </testCase>
    <testCase name="CommunityContentView should not render Discover button correctly when user is not a member" duration="54"/>
    <testCase name="CommunityContentView should renders Join/Cancel button correctly when user is not a member" duration="57"/>
    <testCase name="CommunityContentView should render posts data and create post shortcut correctly" duration="53">
      <failure message="Error: Unable to find an element with testID: header_create_post"><![CDATA[Error: Unable to find an element with testID: header_create_post
    at Object.<anonymous> (/Users/namanh/ReactNative/bic-group-app/src/screens/communities/CommunityDetail/components/CommunityContentView/index.test.tsx:140:35)
    at Promise.then.completed (/Users/namanh/ReactNative/bic-group-app/node_modules/jest-circus/build/utils.js:390:28)
    at new Promise (<anonymous>)
    at callAsyncCircusFn (/Users/namanh/ReactNative/bic-group-app/node_modules/jest-circus/build/utils.js:315:10)
    at _callCircusTest (/Users/namanh/ReactNative/bic-group-app/node_modules/jest-circus/build/run.js:218:40)
    at processTicksAndRejections (node:internal/process/task_queues:96:5)
    at _runTest (/Users/namanh/ReactNative/bic-group-app/node_modules/jest-circus/build/run.js:155:3)
    at _runTestsForDescribeBlock (/Users/namanh/ReactNative/bic-group-app/node_modules/jest-circus/build/run.js:66:9)
    at _runTestsForDescribeBlock (/Users/namanh/ReactNative/bic-group-app/node_modules/jest-circus/build/run.js:60:9)
    at run (/Users/namanh/ReactNative/bic-group-app/node_modules/jest-circus/build/run.js:25:3)]]></failure>
    </testCase>
    <testCase name="CommunityContentView should not render create post shortcut, but still render post data when user is not a member" duration="60">
      <failure message="Error: Unable to find an element with testID: list_view.flat_list"><![CDATA[Error: Unable to find an element with testID: list_view.flat_list
    at Object.<anonymous> (/Users/namanh/ReactNative/bic-group-app/src/screens/communities/CommunityDetail/components/CommunityContentView/index.test.tsx:158:30)
    at Promise.then.completed (/Users/namanh/ReactNative/bic-group-app/node_modules/jest-circus/build/utils.js:390:28)
    at new Promise (<anonymous>)
    at callAsyncCircusFn (/Users/namanh/ReactNative/bic-group-app/node_modules/jest-circus/build/utils.js:315:10)
    at _callCircusTest (/Users/namanh/ReactNative/bic-group-app/node_modules/jest-circus/build/run.js:218:40)
    at processTicksAndRejections (node:internal/process/task_queues:96:5)
    at _runTest (/Users/namanh/ReactNative/bic-group-app/node_modules/jest-circus/build/run.js:155:3)
    at _runTestsForDescribeBlock (/Users/namanh/ReactNative/bic-group-app/node_modules/jest-circus/build/run.js:66:9)
    at _runTestsForDescribeBlock (/Users/namanh/ReactNative/bic-group-app/node_modules/jest-circus/build/run.js:60:9)
    at run (/Users/namanh/ReactNative/bic-group-app/node_modules/jest-circus/build/run.js:25:3)]]></failure>
    </testCase>
  </file>
  <file path="/Users/namanh/ReactNative/bic-group-app/src/screens/Home/components/VideoProcessingNotice/store/actions/getPostsInProgress.test.ts">
    <testCase name="getPostsInProgress should get data success with data.length = 0" duration="142"/>
    <testCase name="getPostsInProgress should get data success with data.length = 0 and store data.lenght &gt; 0" duration="143">
      <failure message="Error: expect(received).toBe(expected) // Object.is equality"><![CDATA[Error: expect(received).toBe(expected) // Object.is equality

Expected: 0
Received: 1
    at Object.<anonymous> (/Users/namanh/ReactNative/bic-group-app/src/screens/Home/components/VideoProcessingNotice/store/actions/getPostsInProgress.test.ts:53:34)
    at Promise.then.completed (/Users/namanh/ReactNative/bic-group-app/node_modules/jest-circus/build/utils.js:390:28)
    at new Promise (<anonymous>)
    at callAsyncCircusFn (/Users/namanh/ReactNative/bic-group-app/node_modules/jest-circus/build/utils.js:315:10)
    at _callCircusTest (/Users/namanh/ReactNative/bic-group-app/node_modules/jest-circus/build/run.js:218:40)
    at processTicksAndRejections (node:internal/process/task_queues:96:5)
    at _runTest (/Users/namanh/ReactNative/bic-group-app/node_modules/jest-circus/build/run.js:155:3)
    at _runTestsForDescribeBlock (/Users/namanh/ReactNative/bic-group-app/node_modules/jest-circus/build/run.js:66:9)
    at _runTestsForDescribeBlock (/Users/namanh/ReactNative/bic-group-app/node_modules/jest-circus/build/run.js:60:9)
    at run (/Users/namanh/ReactNative/bic-group-app/node_modules/jest-circus/build/run.js:25:3)]]></failure>
    </testCase>
    <testCase name="getPostsInProgress should get data success with data.length &gt; 0 and store value is init value" duration="26"/>
    <testCase name="getPostsInProgress should get data success with data.length &gt; 0 and store value data.length &gt; 0" duration="59">
      <failure message="Error: expect(received).toBe(expected) // Object.is equality"><![CDATA[Error: expect(received).toBe(expected) // Object.is equality

Expected: 2
Received: 1
    at Object.<anonymous> (/Users/namanh/ReactNative/bic-group-app/src/screens/Home/components/VideoProcessingNotice/store/actions/getPostsInProgress.test.ts:111:34)
    at Promise.then.completed (/Users/namanh/ReactNative/bic-group-app/node_modules/jest-circus/build/utils.js:390:28)
    at new Promise (<anonymous>)
    at callAsyncCircusFn (/Users/namanh/ReactNative/bic-group-app/node_modules/jest-circus/build/utils.js:315:10)
    at _callCircusTest (/Users/namanh/ReactNative/bic-group-app/node_modules/jest-circus/build/run.js:218:40)
    at processTicksAndRejections (node:internal/process/task_queues:96:5)
    at _runTest (/Users/namanh/ReactNative/bic-group-app/node_modules/jest-circus/build/run.js:155:3)
    at _runTestsForDescribeBlock (/Users/namanh/ReactNative/bic-group-app/node_modules/jest-circus/build/run.js:66:9)
    at _runTestsForDescribeBlock (/Users/namanh/ReactNative/bic-group-app/node_modules/jest-circus/build/run.js:60:9)
    at run (/Users/namanh/ReactNative/bic-group-app/node_modules/jest-circus/build/run.js:25:3)]]></failure>
    </testCase>
    <testCase name="getPostsInProgress should get data success with response.data.length &gt; 0 and store value data.length &gt; response.data.length" duration="29">
      <failure message="Error: expect(received).toBe(expected) // Object.is equality"><![CDATA[Error: expect(received).toBe(expected) // Object.is equality

Expected: 1
Received: 2
    at Object.<anonymous> (/Users/namanh/ReactNative/bic-group-app/src/screens/Home/components/VideoProcessingNotice/store/actions/getPostsInProgress.test.ts:143:34)
    at Promise.then.completed (/Users/namanh/ReactNative/bic-group-app/node_modules/jest-circus/build/utils.js:390:28)
    at new Promise (<anonymous>)
    at callAsyncCircusFn (/Users/namanh/ReactNative/bic-group-app/node_modules/jest-circus/build/utils.js:315:10)
    at _callCircusTest (/Users/namanh/ReactNative/bic-group-app/node_modules/jest-circus/build/run.js:218:40)
    at processTicksAndRejections (node:internal/process/task_queues:96:5)
    at _runTest (/Users/namanh/ReactNative/bic-group-app/node_modules/jest-circus/build/run.js:155:3)
    at _runTestsForDescribeBlock (/Users/namanh/ReactNative/bic-group-app/node_modules/jest-circus/build/run.js:66:9)
    at _runTestsForDescribeBlock (/Users/namanh/ReactNative/bic-group-app/node_modules/jest-circus/build/run.js:60:9)
    at run (/Users/namanh/ReactNative/bic-group-app/node_modules/jest-circus/build/run.js:25:3)]]></failure>
    </testCase>
    <testCase name="getPostsInProgress should get series throw error" duration="22"/>
  </file>
  <file path="/Users/namanh/ReactNative/bic-group-app/src/components/Report/store/actions/getReportedContents.test.ts">
    <testCase name="getReportedContents should call API to get refresh data successfully" duration="137"/>
    <testCase name="getReportedContents should call API to get more data successfully" duration="57"/>
    <testCase name="getReportedContents should call API and no data is return" duration="44"/>
    <testCase name="getReportedContents should call API and throw error" duration="31"/>
  </file>
  <file path="/Users/namanh/ReactNative/bic-group-app/src/screens/auth/ForgotPassword/index.test.tsx">
    <testCase name="ForgotPassword screen should show only ForgotInputId component and custom back button when open screen" duration="120"/>
    <testCase name="ForgotPassword screen should back to SignIn screen when click button back custom" duration="76"/>
    <testCase name="ForgotPassword screen should show only CodeInputView component and custom back button when forgotPasswordStage = INPUT_CODE_PW" duration="97"/>
    <testCase name="ForgotPassword screen should show only complete screen and hide custom back button when forgotPasswordStage = COMPLETE" duration="63"/>
    <testCase name="ForgotPassword screen should goback when click button Sign in now" duration="45"/>
  </file>
  <file path="/Users/namanh/ReactNative/bic-group-app/src/screens/series/store/actions/editSeries.test.ts">
    <testCase name="editSeries should do nothing if id undefined" duration="152"/>
    <testCase name="editSeries should put edit series success:" duration="46"/>
    <testCase name="editSeries should put edit series throw error and should show toast" duration="36"/>
    <testCase name="editSeries should put edit series throw error and props callbackError should called" duration="34"/>
  </file>
  <file path="/Users/namanh/ReactNative/bic-group-app/src/beinComponents/Header/HeaderAvatarView.test.tsx">
    <testCase name="Header Avatar View component renders correctly" duration="156"/>
    <testCase name="Header Avatar View component renders correctly with props First Label" duration="77"/>
    <testCase name="Header Avatar View component renders correctly with props Second Label" duration="53"/>
    <testCase name="Header Avatar View component renders correctly with props Avatar" duration="48"/>
    <testCase name="Header Avatar View component renders correctly with props Container Style" duration="37"/>
    <testCase name="Header Avatar View component renders correctly with props On Press" duration="122"/>
    <testCase name="Header Avatar View component should not call onPress when cant connect to the internet" duration="56"/>
  </file>
  <file path="/Users/namanh/ReactNative/bic-group-app/src/baseComponents/Button/index.test.tsx">
    <testCase name="Button component renders correctly" duration="87"/>
    <testCase name="Button component renders button primary correctly" duration="47"/>
    <testCase name="Button component renders button secondary correctly" duration="57"/>
    <testCase name="Button component renders button neutral correctly" duration="28"/>
    <testCase name="Button component renders button success correctly" duration="33"/>
    <testCase name="Button component renders button danger correctly" duration="24"/>
    <testCase name="Button component renders correctly button disable" duration="112"/>
    <testCase name="Button component renders correctly button loading" duration="66"/>
    <testCase name="Button component renders correctly style" duration="63"/>
    <testCase name="Button component renders correctly contentStyle" duration="41"/>
    <testCase name="Button component should call props onPress" duration="23"/>
    <testCase name="Button component should call props onLongPress" duration="26"/>
    <testCase name="Button component renders correctly with only icon" duration="61"/>
    <testCase name="Button component renders correctly with text and icon" duration="24"/>
    <testCase name="Button component renders correctly children with useI18n" duration="24"/>
  </file>
  <file path="/Users/namanh/ReactNative/bic-group-app/src/components/Report/store/actions/reportContent.test.ts">
    <testCase name="reportContent should call api reportContent success and show toast success" duration="167"/>
    <testCase name="reportContent should call api reportContent success with type COMMNENT" duration="72"/>
    <testCase name="reportContent should call api reportContent success with type CHILD COMMNENT" duration="24"/>
    <testCase name="reportContent should call api reportContent error and throw error" duration="65"/>
  </file>
  <file path="/Users/namanh/ReactNative/bic-group-app/src/screens/series/store/actions/deleteSeries.test.ts">
    <testCase name="deleteSeries should do nothing if id undefined" duration="207"/>
    <testCase name="deleteSeries should delete series success:" duration="42"/>
    <testCase name="deleteSeries should delete series throw error and should show toast" duration="26"/>
    <testCase name="deleteSeries should delete series throw error and props callbackError should called" duration="47"/>
  </file>
  <file path="/Users/namanh/ReactNative/bic-group-app/src/beinComponents/inputs/TextInputController.test.tsx">
    <testCase name="TextInputController component renders correctly" duration="81"/>
    <testCase name="TextInputController component should called validateValue and show error text when typing an invalid value by rule" duration="85"/>
    <testCase name="TextInputController component should not show error text when typing an invalid value by rule with props helperContent" duration="38"/>
  </file>
  <file path="/Users/namanh/ReactNative/bic-group-app/src/baseComponents/Text/index.test.tsx">
    <testCase name="Text component renders correctly" duration="68"/>
    <testCase name="Text component renders correctly children" duration="13"/>
    <testCase name="Text component renders correctly children with useI18n" duration="6"/>
    <testCase name="Text component renders correctly text color" duration="8"/>
    <testCase name="Text component renders correctly variant" duration="9"/>
    <testCase name="Text component renders correctly variant H1" duration="11"/>
    <testCase name="Text component renders correctly variant H2" duration="16"/>
    <testCase name="Text component renders correctly variant H3" duration="18"/>
    <testCase name="Text component renders correctly variant H4" duration="25"/>
    <testCase name="Text component renders correctly variant H5" duration="18"/>
    <testCase name="Text component renders correctly variant H6" duration="9"/>
  </file>
  <file path="/Users/namanh/ReactNative/bic-group-app/src/screens/groups/GeneralInformation/store/actions/editGroupDetail.test.ts">
    <testCase name="editGroupDetail should edit group detail success:" duration="71"/>
    <testCase name="editGroupDetail should edit group detail success with editFieldName:" duration="55"/>
    <testCase name="editGroupDetail should edit group detail success and props callback is called:" duration="48"/>
    <testCase name="editGroupDetail should set group admin throw error" duration="68"/>
  </file>
  <file path="/Users/namanh/ReactNative/bic-group-app/src/screens/auth/ForgotPassword/store/actions/confirmForgotPassword.test.ts">
    <testCase name="confirmForgotPassword should confirm forgot password success:" duration="91"/>
    <testCase name="confirmForgotPassword should confirm forgot password throw error and should show toast" duration="86"/>
    <testCase name="confirmForgotPassword should confirm forgot password throw error and should show toast when error code = limit exceeded exception" duration="34"/>
    <testCase name="confirmForgotPassword should confirm forgot password throw error when code is mismatch exception" duration="51"/>
  </file>
  <file path="/Users/namanh/ReactNative/bic-group-app/src/components/articles/ArticleItem/index.test.tsx">
    <testCase name="ArticleItem Component renders correctly" duration="283">
      <failure message="Error: expect([38;5;23m[48;5;195mreceived).toMatchSnapshot()"><![CDATA[Error: expect([38;5;23m[48;5;195mreceived).toMatchSnapshot()

Snapshot name: `ArticleItem Component renders correctly 1`

[38;5;90m[48;5;225m- Snapshot  - 25
[38;5;23m[48;5;195m+ Received  +  8

@@ -825,45 +825,28 @@
                  "justifyContent": "center",
                }
              }
              testID="reaction.children"
            >
[38;5;90m[48;5;225m-             <View
[38;5;90m[48;5;225m-               style={
[38;5;90m[48;5;225m-                 Array [
[38;5;90m[48;5;225m-                   Object {
[38;5;90m[48;5;225m-                     "overflow": "hidden",
[38;5;90m[48;5;225m-                   },
[38;5;90m[48;5;225m-                   Array [
[38;5;90m[48;5;225m-                     undefined,
[38;5;90m[48;5;225m-                     Object {
[38;5;90m[48;5;225m-                       "height": 15.6,
[38;5;90m[48;5;225m-                       "width": 15.6,
[38;5;90m[48;5;225m-                     },
[38;5;90m[48;5;225m-                   ],
[38;5;90m[48;5;225m-                 ]
[38;5;90m[48;5;225m-               }
[38;5;90m[48;5;225m-             >
[38;5;90m[48;5;225m-               <FastImageView
[38;5;90m[48;5;225m-                 onFastImageError={[Function]}
[38;5;23m[48;5;195m+             <Image
                resizeMode="contain"
                source={
                  Object {
                    "testUri": "../../../assets/emoji/static/bic_heart_gift.png",
                  }
                }
                style={
[38;5;23m[48;5;195m+                 Array [
[38;5;23m[48;5;195m+                   undefined,
                    Object {
[38;5;90m[48;5;225m-                     "bottom": 0,
[38;5;90m[48;5;225m-                     "left": 0,
[38;5;90m[48;5;225m-                     "position": "absolute",
[38;5;90m[48;5;225m-                     "right": 0,
[38;5;90m[48;5;225m-                     "top": 0,
[38;5;23m[48;5;195m+                     "height": 15.6,
[38;5;23m[48;5;195m+                     "width": 15.6,
[38;5;23m[48;5;195m+                   },
[38;5;23m[48;5;195m+                 ]
                }
[38;5;90m[48;5;225m-                 }
[38;5;23m[48;5;195m+               testID="emoji.image"
              />
[38;5;90m[48;5;225m-             </View>
              <Text
                style={
                  Array [
                    Object {
                      "color": "#353E6E",
    at Object.<anonymous> (/Users/namanh/ReactNative/bic-group-app/src/components/articles/ArticleItem/index.test.tsx:32:22)
    at Promise.then.completed (/Users/namanh/ReactNative/bic-group-app/node_modules/jest-circus/build/utils.js:390:28)
    at new Promise (<anonymous>)
    at callAsyncCircusFn (/Users/namanh/ReactNative/bic-group-app/node_modules/jest-circus/build/utils.js:315:10)
    at _callCircusTest (/Users/namanh/ReactNative/bic-group-app/node_modules/jest-circus/build/run.js:218:40)
    at processTicksAndRejections (node:internal/process/task_queues:96:5)
    at _runTest (/Users/namanh/ReactNative/bic-group-app/node_modules/jest-circus/build/run.js:155:3)
    at _runTestsForDescribeBlock (/Users/namanh/ReactNative/bic-group-app/node_modules/jest-circus/build/run.js:66:9)
    at _runTestsForDescribeBlock (/Users/namanh/ReactNative/bic-group-app/node_modules/jest-circus/build/run.js:60:9)
    at run (/Users/namanh/ReactNative/bic-group-app/node_modules/jest-circus/build/run.js:25:3)]]></failure>
    </testCase>
    <testCase name="ArticleItem Component should render lite item" duration="86"/>
    <testCase name="ArticleItem Component should render highlight" duration="82"/>
    <testCase name="ArticleItem Component should navigate to content detail" duration="49"/>
    <testCase name="ArticleItem Component should navigate to detail" duration="65"/>
    <testCase name="ArticleItem Component should navigate to tag detail" duration="57"/>
  </file>
  <file path="/Users/namanh/ReactNative/bic-group-app/src/beinComponents/list/items/MenuItem.test.tsx">
    <testCase name="Menu Item component renders correctly" duration="241"/>
    <testCase name="Menu Item component renders correctly testID" duration="41"/>
    <testCase name="Menu Item component should render icon with iconProps" duration="68"/>
    <testCase name="Menu Item component renders correctly rightSubTitle" duration="42"/>
    <testCase name="Menu Item component renders correctly rightSubIcon" duration="34"/>
    <testCase name="Menu Item component renders correctly subTitle" duration="30"/>
    <testCase name="Menu Item component renders correctly RightComponent" duration="25"/>
    <testCase name="Menu Item component should render NotificationsBadge" duration="38"/>
    <testCase name="Menu Item component should call props onPress" duration="25"/>
    <testCase name="Menu Item component should not call props onPress when cant connect to the internet" duration="33"/>
    <testCase name="Menu Item component renders correctly item disable" duration="27"/>
  </file>
  <file path="/Users/namanh/ReactNative/bic-group-app/src/screens/articles/CreateArticle/screens/CreateArticleSeries/store/actions/getSeries.test.ts">
    <testCase name="getSeries in article should do nothing if isLoadMore but hasNextPage = false" duration="94"/>
    <testCase name="getSeries in article should get list series success:" duration="49"/>
    <testCase name="getSeries in article should load more list series success:" duration="42"/>
    <testCase name="getSeries in article should get series throw error and should show toast" duration="25"/>
  </file>
  <file path="/Users/namanh/ReactNative/bic-group-app/src/baseComponents/EmojiPicker/index.test.tsx">
    <testCase name="EmojiPicker component should render correctly" duration="1418"/>
    <testCase name="EmojiPicker component should render filtered list" duration="1283"/>
    <testCase name="EmojiPicker component should render empty flat list" duration="809"/>
    <testCase name="EmojiPicker component should call onEmojiPress" duration="1515"/>
    <testCase name="EmojiPicker component should call onSearchEmojiPress" duration="618"/>
    <testCase name="EmojiPicker component should set currentSectionIndex when list scroll" duration="1006"/>
    <testCase name="EmojiPicker component should call ref scrollToSectionIndex" duration="861"/>
  </file>
  <file path="/Users/namanh/ReactNative/bic-group-app/src/screens/articles/CreateArticle/screens/CreateArticleContent/index.test.tsx">
    <testCase name="CreateArticleContent screen should not enable button save if content is empty" duration="252"/>
    <testCase name="CreateArticleContent screen should trigger onInitializeEnd" duration="332">
      <failure message="Error: expect([38;5;23m[48;5;195mreceived).toMatchSnapshot()"><![CDATA[Error: expect([38;5;23m[48;5;195mreceived).toMatchSnapshot()

Snapshot name: `CreateArticleContent screen should trigger onInitializeEnd 1`

[38;5;90m[48;5;225m- Snapshot  - 4
[38;5;23m[48;5;195m+ Received  + 3

@@ -1286,10 +1286,11 @@
                                  Object {
                                    "alignItems": "center",
                                    "flex": 1,
                                  }
                                }
[38;5;23m[48;5;195m+                               testID="emoji_picker"
                              >
                                <RCTScrollView
                                  data={Array []}
                                  getItem={[Function]}
                                  getItemCount={[Function]}
@@ -1311,17 +1312,15 @@
                                  renderItem={[Function]}
                                  scrollEventThrottle={50}
                                  showsVerticalScrollIndicator={false}
                                  stickyHeaderIndices={Array []}
                                  style={
[38;5;90m[48;5;225m-                                   Array [
[38;5;90m[48;5;225m-                                     Object {},
                                    Object {
                                      "width": 720,
[38;5;90m[48;5;225m-                                     },
[38;5;90m[48;5;225m-                                   ]
                                    }
[38;5;23m[48;5;195m+                                 }
[38;5;23m[48;5;195m+                                 testID="emoji_picker.section_list"
                                >
                                  <View />
                                </RCTScrollView>
                              </View>
                            </View>
    at Object.<anonymous> (/Users/namanh/ReactNative/bic-group-app/src/screens/articles/CreateArticle/screens/CreateArticleContent/index.test.tsx:61:21)
    at Promise.then.completed (/Users/namanh/ReactNative/bic-group-app/node_modules/jest-circus/build/utils.js:390:28)
    at new Promise (<anonymous>)
    at callAsyncCircusFn (/Users/namanh/ReactNative/bic-group-app/node_modules/jest-circus/build/utils.js:315:10)
    at _callCircusTest (/Users/namanh/ReactNative/bic-group-app/node_modules/jest-circus/build/run.js:218:40)
    at processTicksAndRejections (node:internal/process/task_queues:96:5)
    at _runTest (/Users/namanh/ReactNative/bic-group-app/node_modules/jest-circus/build/run.js:155:3)
    at _runTestsForDescribeBlock (/Users/namanh/ReactNative/bic-group-app/node_modules/jest-circus/build/run.js:66:9)
    at _runTestsForDescribeBlock (/Users/namanh/ReactNative/bic-group-app/node_modules/jest-circus/build/run.js:60:9)
    at run (/Users/namanh/ReactNative/bic-group-app/node_modules/jest-circus/build/run.js:25:3)]]></failure>
    </testCase>
    <testCase name="CreateArticleContent screen should enable button publish if content is not empty &amp; changed" duration="116"/>
    <testCase name="CreateArticleContent screen should render correctly" duration="62"/>
    <testCase name="CreateArticleContent screen should clickable on save button" duration="99">
      <failure message="Error: Cannot spy the _onPressButton property because it is not a function; undefined given instead"><![CDATA[Error: Cannot spy the _onPressButton property because it is not a function; undefined given instead
    at ModuleMocker.spyOn (/Users/namanh/ReactNative/bic-group-app/node_modules/jest-mock/build/index.js:798:15)
    at Object.<anonymous> (/Users/namanh/ReactNative/bic-group-app/src/screens/articles/CreateArticle/screens/CreateArticleContent/index.test.tsx:141:36)
    at Promise.then.completed (/Users/namanh/ReactNative/bic-group-app/node_modules/jest-circus/build/utils.js:390:28)
    at new Promise (<anonymous>)
    at callAsyncCircusFn (/Users/namanh/ReactNative/bic-group-app/node_modules/jest-circus/build/utils.js:315:10)
    at _callCircusTest (/Users/namanh/ReactNative/bic-group-app/node_modules/jest-circus/build/run.js:218:40)
    at processTicksAndRejections (node:internal/process/task_queues:96:5)
    at _runTest (/Users/namanh/ReactNative/bic-group-app/node_modules/jest-circus/build/run.js:155:3)
    at _runTestsForDescribeBlock (/Users/namanh/ReactNative/bic-group-app/node_modules/jest-circus/build/run.js:66:9)
    at _runTestsForDescribeBlock (/Users/namanh/ReactNative/bic-group-app/node_modules/jest-circus/build/run.js:60:9)]]></failure>
    </testCase>
  </file>
  <file path="/Users/namanh/ReactNative/bic-group-app/src/screens/topic/store/actions/getArticleTopicDetail.test.tsx">
    <testCase name="getArticleTopicDetail should call api get articles topic detail when isRefresh = true throw error" duration="93">
      <failure message="Error: expect(received).toBe(expected) // Object.is equality"><![CDATA[Error: expect(received).toBe(expected) // Object.is equality

Expected: false
Received: undefined
    at Object.<anonymous> (/Users/namanh/ReactNative/bic-group-app/src/screens/topic/store/actions/getArticleTopicDetail.test.tsx:42:39)
    at Promise.then.completed (/Users/namanh/ReactNative/bic-group-app/node_modules/jest-circus/build/utils.js:390:28)
    at new Promise (<anonymous>)
    at callAsyncCircusFn (/Users/namanh/ReactNative/bic-group-app/node_modules/jest-circus/build/utils.js:315:10)
    at _callCircusTest (/Users/namanh/ReactNative/bic-group-app/node_modules/jest-circus/build/run.js:218:40)
    at processTicksAndRejections (node:internal/process/task_queues:96:5)
    at _runTest (/Users/namanh/ReactNative/bic-group-app/node_modules/jest-circus/build/run.js:155:3)
    at _runTestsForDescribeBlock (/Users/namanh/ReactNative/bic-group-app/node_modules/jest-circus/build/run.js:66:9)
    at _runTestsForDescribeBlock (/Users/namanh/ReactNative/bic-group-app/node_modules/jest-circus/build/run.js:60:9)
    at run (/Users/namanh/ReactNative/bic-group-app/node_modules/jest-circus/build/run.js:25:3)]]></failure>
    </testCase>
    <testCase name="getArticleTopicDetail should not call API when isRefresh = false and cannot load more" duration="45">
      <failure message="Error: expect(jest.fn()).not.toBeCalled()"><![CDATA[Error: expect(jest.fn()).not.toBeCalled()

Expected number of calls: 0
Received number of calls: 1

1: {"id": undefined, "offset": 0}
    at Object.<anonymous> (/Users/namanh/ReactNative/bic-group-app/src/screens/topic/store/actions/getArticleTopicDetail.test.tsx:66:21)
    at Promise.then.completed (/Users/namanh/ReactNative/bic-group-app/node_modules/jest-circus/build/utils.js:390:28)
    at new Promise (<anonymous>)
    at callAsyncCircusFn (/Users/namanh/ReactNative/bic-group-app/node_modules/jest-circus/build/utils.js:315:10)
    at _callCircusTest (/Users/namanh/ReactNative/bic-group-app/node_modules/jest-circus/build/run.js:218:40)
    at processTicksAndRejections (node:internal/process/task_queues:96:5)
    at _runTest (/Users/namanh/ReactNative/bic-group-app/node_modules/jest-circus/build/run.js:155:3)
    at _runTestsForDescribeBlock (/Users/namanh/ReactNative/bic-group-app/node_modules/jest-circus/build/run.js:66:9)
    at _runTestsForDescribeBlock (/Users/namanh/ReactNative/bic-group-app/node_modules/jest-circus/build/run.js:60:9)
    at run (/Users/namanh/ReactNative/bic-group-app/node_modules/jest-circus/build/run.js:25:3)]]></failure>
    </testCase>
    <testCase name="getArticleTopicDetail should call api get articles topic detail when isRefresh = true success" duration="31"/>
    <testCase name="getArticleTopicDetail should call api get articles topic detail when isRefresh = false success" duration="49"/>
  </file>
  <file path="/Users/namanh/ReactNative/bic-group-app/src/screens/articles/CreateArticle/screens/CreateArticleTags/store/actions/getTags.test.ts">
    <testCase name="getTags in article should get list tags success:" duration="86"/>
    <testCase name="getTags in article should load more list tags success:" duration="61"/>
    <testCase name="getTags in article should get tags throw error and should show toast" duration="71"/>
    <testCase name="getTags in article should setListTagLoading action correctly" duration="385"/>
  </file>
  <file path="/Users/namanh/ReactNative/bic-group-app/src/screens/Menu/components/MenuShortcut.test.tsx">
    <testCase name="MenuShortcut component renders correctly" duration="182"/>
    <testCase name="MenuShortcut component should navigate to select audience screen when click item write post" duration="145"/>
    <testCase name="MenuShortcut component should navigate to create article screen when click item write article" duration="121"/>
    <testCase name="MenuShortcut component should navigate to draft screen when click item your draft" duration="168"/>
    <testCase name="MenuShortcut component should navigate to your content screen when click item your content" duration="58"/>
  </file>
  <file path="/Users/namanh/ReactNative/bic-group-app/src/screens/comments/CommentDetail/CommentDetailContent.test.tsx">
    <testCase name="CommentDetailContent component should render correctly (isReported = true)" duration="613"/>
    <testCase name="CommentDetailContent component should render correctly (isReported = false)" duration="216"/>
    <testCase name="CommentDetailContent component should render CommentLevel1 is null" duration="78"/>
    <testCase name="CommentDetailContent component should render with commentErrorCode = APIErrorCode.Post.POST_PRIVACY" duration="67"/>
    <testCase name="CommentDetailContent component should render with commentErrorCode = APIErrorCode.Post.COPIED_COMMENT_IS_DELETED" duration="49"/>
    <testCase name="CommentDetailContent component should render with commentErrorCode = APIErrorCode.Post.POST_DELETED" duration="36"/>
  </file>
  <file path="/Users/namanh/ReactNative/bic-group-app/src/screens/tags/TagDetail/store/actions/getArticlesByTag.test.ts">
    <testCase name="getArticlesByTag should do nothing if isLoadMore = true but hasNextPage = false" duration="100"/>
    <testCase name="getArticlesByTag should get articles success:" duration="45"/>
    <testCase name="getArticlesByTag should get articles success with full param value:" duration="32"/>
    <testCase name="getArticlesByTag should get articles throw error" duration="33"/>
  </file>
  <file path="/Users/namanh/ReactNative/bic-group-app/src/screens/post/PostSelectAudience/index.test.tsx">
    <testCase name="PostSelectAudience screen renders correctly with params isFirstStep" duration="193"/>
  </file>
  <file path="/Users/namanh/ReactNative/bic-group-app/src/screens/auth/ForgotPassword/components/EmailInputView/index.test.tsx">
    <testCase name="EmailInputView component renders correctly" duration="105"/>
    <testCase name="EmailInputView component disable button send code to email when typing an invalid email" duration="43"/>
    <testCase name="EmailInputView component request code to forgot password with valid email" duration="130"/>
    <testCase name="EmailInputView component request code to forgot password with valid email but error" duration="54"/>
  </file>
  <file path="/Users/namanh/ReactNative/bic-group-app/src/screens/articles/ArticleScheduleContent/store/actions/getArticleScheduleContent.test.ts">
    <testCase name="getArticleScheduleContent should call api get draft articles when isRefresh = true success" duration="114"/>
    <testCase name="getArticleScheduleContent should call api get draft articles when isRefresh = false success" duration="62"/>
    <testCase name="getArticleScheduleContent should not call API when isRefresh = false and cannot load more" duration="69"/>
    <testCase name="getArticleScheduleContent should call api get draft articles when isRefresh = true and throws error" duration="156"/>
  </file>
  <file path="/Users/namanh/ReactNative/bic-group-app/src/beinComponents/inputs/MentionInput/index.test.tsx">
    <testCase name="MentionInput component renders correctly" duration="194"/>
    <testCase name="MentionInput component should show &quot;MentionInput&quot; with zIndex 1" duration="71"/>
    <testCase name="MentionInput component should show &quot;MentionInput&quot; with CommmentInput" duration="173">
      <failure message="Error: expect([38;5;23m[48;5;195mreceived).toMatchSnapshot()"><![CDATA[Error: expect([38;5;23m[48;5;195mreceived).toMatchSnapshot()

Snapshot name: `MentionInput component should show "MentionInput" with CommmentInput 1`

[38;5;90m[48;5;225m- Snapshot  - 8
[38;5;23m[48;5;195m+ Received  + 6

@@ -1232,10 +1232,11 @@
                          Object {
                            "alignItems": "center",
                            "flex": 1,
                          }
                        }
[38;5;23m[48;5;195m+                       testID="emoji_picker"
                      >
                        <RCTScrollView
                          data={Array []}
                          getItem={[Function]}
                          getItemCount={[Function]}
@@ -1257,17 +1258,15 @@
                          renderItem={[Function]}
                          scrollEventThrottle={50}
                          showsVerticalScrollIndicator={false}
                          stickyHeaderIndices={Array []}
                          style={
[38;5;90m[48;5;225m-                           Array [
[38;5;90m[48;5;225m-                             Object {},
                            Object {
                              "width": 720,
[38;5;90m[48;5;225m-                             },
[38;5;90m[48;5;225m-                           ]
                            }
[38;5;23m[48;5;195m+                         }
[38;5;23m[48;5;195m+                         testID="emoji_picker.section_list"
                        >
                          <View />
                        </RCTScrollView>
                      </View>
                    </View>
@@ -1512,10 +1511,11 @@
                          Object {
                            "alignItems": "center",
                            "flex": 1,
                          }
                        }
[38;5;23m[48;5;195m+                       testID="emoji_picker"
                      >
                        <RCTScrollView
                          data={Array []}
                          getItem={[Function]}
                          getItemCount={[Function]}
@@ -1537,17 +1537,15 @@
                          renderItem={[Function]}
                          scrollEventThrottle={50}
                          showsVerticalScrollIndicator={false}
                          stickyHeaderIndices={Array []}
                          style={
[38;5;90m[48;5;225m-                           Array [
[38;5;90m[48;5;225m-                             Object {},
                            Object {
                              "width": 720,
[38;5;90m[48;5;225m-                             },
[38;5;90m[48;5;225m-                           ]
[38;5;23m[48;5;195m+                           }
                          }
[38;5;23m[48;5;195m+                         testID="emoji_picker.section_list"
                        >
                          <View />
                        </RCTScrollView>
                      </View>
                    </View>
    at _callee3$ (/Users/namanh/ReactNative/bic-group-app/src/beinComponents/inputs/MentionInput/index.test.tsx:69:22)
    at tryCatch (/Users/namanh/ReactNative/bic-group-app/node_modules/regenerator-runtime/runtime.js:64:40)
    at Generator.invoke (/Users/namanh/ReactNative/bic-group-app/node_modules/regenerator-runtime/runtime.js:299:22)
    at Generator.next (/Users/namanh/ReactNative/bic-group-app/node_modules/regenerator-runtime/runtime.js:124:21)
    at tryCatch (/Users/namanh/ReactNative/bic-group-app/node_modules/regenerator-runtime/runtime.js:64:40)
    at invoke (/Users/namanh/ReactNative/bic-group-app/node_modules/regenerator-runtime/runtime.js:160:20)
    at /Users/namanh/ReactNative/bic-group-app/node_modules/regenerator-runtime/runtime.js:195:11
    at tryCallTwo (/Users/namanh/ReactNative/bic-group-app/node_modules/react-native/node_modules/promise/lib/core.js:45:5)
    at doResolve (/Users/namanh/ReactNative/bic-group-app/node_modules/react-native/node_modules/promise/lib/core.js:200:13)
    at new Promise (/Users/namanh/ReactNative/bic-group-app/node_modules/react-native/node_modules/promise/lib/core.js:66:3)]]></failure>
    </testCase>
    <testCase name="MentionInput component should show &quot;MentionInput&quot; with PostInput" duration="61"/>
    <testCase name="MentionInput component should show &quot;MentionInput&quot; with disabled input" duration="31"/>
    <testCase name="MentionInput component should show &quot;MentionInput&quot; with disabled input style" duration="29"/>
    <testCase name="MentionInput component should call onChangeText" duration="48">
      <failure message="Error: expect(jest.fn()).toBeCalledWith(...expected)"><![CDATA[Error: expect(jest.fn()).toBeCalledWith(...expected)

Expected: "abc"

Number of calls: 0
    at _callee7$ (/Users/namanh/ReactNative/bic-group-app/src/beinComponents/inputs/MentionInput/index.test.tsx:122:26)
    at tryCatch (/Users/namanh/ReactNative/bic-group-app/node_modules/regenerator-runtime/runtime.js:64:40)
    at Generator.invoke (/Users/namanh/ReactNative/bic-group-app/node_modules/regenerator-runtime/runtime.js:299:22)
    at Generator.next (/Users/namanh/ReactNative/bic-group-app/node_modules/regenerator-runtime/runtime.js:124:21)
    at tryCatch (/Users/namanh/ReactNative/bic-group-app/node_modules/regenerator-runtime/runtime.js:64:40)
    at invoke (/Users/namanh/ReactNative/bic-group-app/node_modules/regenerator-runtime/runtime.js:160:20)
    at /Users/namanh/ReactNative/bic-group-app/node_modules/regenerator-runtime/runtime.js:195:11
    at tryCallTwo (/Users/namanh/ReactNative/bic-group-app/node_modules/react-native/node_modules/promise/lib/core.js:45:5)
    at doResolve (/Users/namanh/ReactNative/bic-group-app/node_modules/react-native/node_modules/promise/lib/core.js:200:13)
    at new Promise (/Users/namanh/ReactNative/bic-group-app/node_modules/react-native/node_modules/promise/lib/core.js:66:3)]]></failure>
    </testCase>
    <testCase name="MentionInput component should hide &quot;ComponentInput&quot; with hidden style on ios" duration="27"/>
  </file>
  <file path="/Users/namanh/ReactNative/bic-group-app/src/screens/Draft/DraftArticle/store/actions/getDraftArticles.test.ts">
    <testCase name="getDraftArticles should call api get draft articles when isRefresh = true success" duration="297"/>
    <testCase name="getDraftArticles should call api get draft articles when isRefresh = false success" duration="90"/>
    <testCase name="getDraftArticles should not call API when isRefresh = false and cannot load more" duration="39"/>
    <testCase name="getDraftArticles should call api get draft articles when isRefresh = true and throws error" duration="69"/>
  </file>
  <file path="/Users/namanh/ReactNative/bic-group-app/src/screens/Notification/store/actions/loadMore.test.ts">
    <testCase name="loadMore function load more notification successfully" duration="79"/>
    <testCase name="loadMore function load more notification successfully with no data" duration="79"/>
    <testCase name="loadMore function should load more notifications throw error" duration="41"/>
  </file>
  <file path="/Users/namanh/ReactNative/bic-group-app/src/screens/Draft/DraftArticle/store/actions/publishDraftArticle.test.ts">
    <testCase name="publishDraftArticle should call API success but no data returns" duration="57"/>
    <testCase name="publishDraftArticle should call API success, isProcessing = false and replaceWithDetail = false" duration="113"/>
    <testCase name="publishDraftArticle should call API success and isProcessing = true" duration="60">
      <failure message="Error: expect(jest.fn()).toBeCalled()"><![CDATA[Error: expect(jest.fn()).toBeCalled()

Expected number of calls: >= 1
Received number of calls:    0
    at Object.<anonymous> (/Users/namanh/ReactNative/bic-group-app/src/screens/Draft/DraftArticle/store/actions/publishDraftArticle.test.ts:109:23)
    at Promise.then.completed (/Users/namanh/ReactNative/bic-group-app/node_modules/jest-circus/build/utils.js:390:28)
    at new Promise (<anonymous>)
    at callAsyncCircusFn (/Users/namanh/ReactNative/bic-group-app/node_modules/jest-circus/build/utils.js:315:10)
    at _callCircusTest (/Users/namanh/ReactNative/bic-group-app/node_modules/jest-circus/build/run.js:218:40)
    at processTicksAndRejections (node:internal/process/task_queues:96:5)
    at _runTest (/Users/namanh/ReactNative/bic-group-app/node_modules/jest-circus/build/run.js:155:3)
    at _runTestsForDescribeBlock (/Users/namanh/ReactNative/bic-group-app/node_modules/jest-circus/build/run.js:66:9)
    at _runTestsForDescribeBlock (/Users/namanh/ReactNative/bic-group-app/node_modules/jest-circus/build/run.js:60:9)
    at run (/Users/namanh/ReactNative/bic-group-app/node_modules/jest-circus/build/run.js:25:3)]]></failure>
    </testCase>
    <testCase name="publishDraftArticle should call API and throws error" duration="54"/>
  </file>
  <file path="/Users/namanh/ReactNative/bic-group-app/src/screens/groups/components/MemberRequestList.test.tsx">
    <testCase name="MemberRequestList should render empty screen when data is empty and loading = false" duration="113">
      <failure message="Error: Unable to find an element with testID: empty_screen"><![CDATA[Error: Unable to find an element with testID: empty_screen
    at Object.<anonymous> (/Users/namanh/ReactNative/bic-group-app/src/screens/groups/components/MemberRequestList.test.tsx:25:33)
    at Promise.then.completed (/Users/namanh/ReactNative/bic-group-app/node_modules/jest-circus/build/utils.js:390:28)
    at new Promise (<anonymous>)
    at callAsyncCircusFn (/Users/namanh/ReactNative/bic-group-app/node_modules/jest-circus/build/utils.js:315:10)
    at _callCircusTest (/Users/namanh/ReactNative/bic-group-app/node_modules/jest-circus/build/run.js:218:40)
    at processTicksAndRejections (node:internal/process/task_queues:96:5)
    at _runTest (/Users/namanh/ReactNative/bic-group-app/node_modules/jest-circus/build/run.js:155:3)
    at _runTestsForDescribeBlock (/Users/namanh/ReactNative/bic-group-app/node_modules/jest-circus/build/run.js:66:9)
    at _runTestsForDescribeBlock (/Users/namanh/ReactNative/bic-group-app/node_modules/jest-circus/build/run.js:60:9)
    at run (/Users/namanh/ReactNative/bic-group-app/node_modules/jest-circus/build/run.js:25:3)]]></failure>
    </testCase>
    <testCase name="MemberRequestList should NOT render empty screen when loading = true" duration="64"/>
    <testCase name="MemberRequestList should NOT render request title correctly when there is no data" duration="37"/>
    <testCase name="MemberRequestList should render loading more correctly" duration="79"/>
    <testCase name="MemberRequestList should render data correctly" duration="73"/>
  </file>
  <file path="/Users/namanh/ReactNative/bic-group-app/src/screens/PermissionScheme/GroupSchemeAssignment/components/AlertAssignGroupConfirmContent.test.tsx">
    <testCase name="AlertAssignGroupConfirmContent findGroupInAssignmentsById should return group level 0" duration="61"/>
    <testCase name="AlertAssignGroupConfirmContent findGroupInAssignmentsById should return child group" duration="56"/>
    <testCase name="AlertAssignGroupConfirmContent findGroupInAssignmentsById should return nothing" duration="35"/>
    <testCase name="AlertAssignGroupConfirmContent prepareData should return correct result" duration="14"/>
    <testCase name="AlertAssignGroupConfirmContent prepareData should return empty result" duration="18"/>
    <testCase name="AlertAssignGroupConfirmContent prepareData should return correct result with default unknown scheme name" duration="19"/>
    <testCase name="AlertAssignGroupConfirmContent prepareData should return correct result with new none group" duration="21"/>
    <testCase name="AlertAssignGroupConfirmContent prepareData should return correct result with old none scheme" duration="8"/>
  </file>
  <file path="/Users/namanh/ReactNative/bic-group-app/src/screens/articles/CreateArticle/screens/CreateArticleTags/index.test.tsx">
    <testCase name="CreateArticleTags screen should not enable button Save if tags is empty" duration="262"/>
    <testCase name="CreateArticleTags screen should enable button save if tag is not empty &amp; changed" duration="132"/>
    <testCase name="CreateArticleTags screen should show list tags when tags is not empty" duration="112"/>
    <testCase name="CreateArticleTags screen should not fetch tag list if audience group is empty" duration="137"/>
  </file>
  <file path="/Users/namanh/ReactNative/bic-group-app/src/screens/YourContent/components/ScheduledArticles/store/actions/getScheduleArticles.test.ts">
    <testCase name="getScheduleArticles should call api getArticleByParams when isRefresh = true throw error" duration="148"/>
    <testCase name="getScheduleArticles should not call api getArticleByParams when isRefresh = false and hasNextPage = false" duration="56">
      <failure message="Error: expect(jest.fn()).not.toBeCalled()"><![CDATA[Error: expect(jest.fn()).not.toBeCalled()

Expected number of calls: 0
Received number of calls: 1

1: {"limit": 10, "offset": 0, "status": "WAITING_SCHEDULE,SCHEDULE_FAILED"}
    at Object.<anonymous> (/Users/namanh/ReactNative/bic-group-app/src/screens/YourContent/components/ScheduledArticles/store/actions/getScheduleArticles.test.ts:59:21)
    at Promise.then.completed (/Users/namanh/ReactNative/bic-group-app/node_modules/jest-circus/build/utils.js:390:28)
    at new Promise (<anonymous>)
    at callAsyncCircusFn (/Users/namanh/ReactNative/bic-group-app/node_modules/jest-circus/build/utils.js:315:10)
    at _callCircusTest (/Users/namanh/ReactNative/bic-group-app/node_modules/jest-circus/build/run.js:218:40)
    at processTicksAndRejections (node:internal/process/task_queues:96:5)
    at _runTest (/Users/namanh/ReactNative/bic-group-app/node_modules/jest-circus/build/run.js:155:3)
    at _runTestsForDescribeBlock (/Users/namanh/ReactNative/bic-group-app/node_modules/jest-circus/build/run.js:66:9)
    at _runTestsForDescribeBlock (/Users/namanh/ReactNative/bic-group-app/node_modules/jest-circus/build/run.js:60:9)
    at run (/Users/namanh/ReactNative/bic-group-app/node_modules/jest-circus/build/run.js:25:3)]]></failure>
    </testCase>
    <testCase name="getScheduleArticles should call api getArticleByParams when isRefresh = true success" duration="52">
      <failure message="Error: expect(received).toEqual(expected) // deep equality"><![CDATA[Error: expect(received).toEqual(expected) // deep equality

- Expected  - 127
+ Received  +   1

- Array [
-   Object {
-     "actor": Object {
-       "avatar": "https://bic-dev-entity-attribute-s3-bucket.s3.ap-southeast-1.amazonaws.com/user/avatar/images/original/c6b8b056-7d77-4382-b95c-010c2fda4809.jpg",
-       "email": "thuquyen@tgm.vn",
-       "fullname": "Nguyen Thi Thu Quyền",
-       "id": "a0143446-0e51-4903-b280-8c794d470903",
-       "username": "thuquyen",
-     },
-     "audience": Object {
-       "groups": Array [
-         Object {
-           "communityId": "020a31b5-25a4-443a-a04d-9f3cfe2ca6b0",
-           "icon": "https://evolgroup.vn/wp-content/uploads/sites/18/2020/04/Thumb-EVOL.jpg",
-           "id": "452f371c-58c3-45cb-abca-d68c70b82df2",
-           "isCommunity": true,
-           "name": "Community của Hoàng",
-           "privacy": "PUBLIC",
-           "rootGroupId": "452f371c-58c3-45cb-abca-d68c70b82df2",
-         },
-         Object {
-           "communityId": "ce58beb6-6b0d-414b-ab0b-a5f37bebe68f",
-           "icon": "https://bic-dev-entity-attribute-s3-bucket.s3.ap-southeast-1.amazonaws.com/group/avatar/images/original/a5f52b92-9e6a-4ff9-9420-c14861d1be16.jpg",
-           "id": "91830f8b-3ab1-4899-8811-c4d18af457b5",
-           "isCommunity": true,
-           "name": "Bock Bock",
-           "privacy": "PUBLIC",
-           "rootGroupId": "91830f8b-3ab1-4899-8811-c4d18af457b5",
-         },
-       ],
-     },
-     "categories": Array [
-       Object {
-         "id": "9a4bd7b8-5cf3-460b-997f-3a59190d706e",
-         "name": "Others",
-       },
-     ],
-     "comments": Object {
-       "list": Array [],
-       "meta": Object {
-         "hasNextPage": false,
-         "hasPreviousPage": false,
-         "limit": 10,
-         "offset": 0,
-       },
-     },
-     "commentsCount": 0,
-     "content": "[{\"type\":\"p\",\"children\":[{\"text\":\"Hổng biết viết gì hết\"}]}]",
-     "coverMedia": Object {
-       "createdAt": "2022-11-14T08:39:17.784Z",
-       "createdBy": "a0143446-0e51-4903-b280-8c794d470903",
-       "extension": "png",
-       "height": 1016,
-       "id": "fdaa3c06-b1d2-4c88-9b09-ea0b38ce85ab",
-       "mime_type": "image/png",
-       "name": "fa2a7cde-eee0-4c09-9784-45e1c1ef7e6b.png",
-       "origin_name": "Screen Shot 2022-05-10 at 17.50.05.png",
-       "size": 1705350,
-       "status": "completed",
-       "thumbnails": null,
-       "type": "image",
-       "url": "https://bic-dev-user-upload-images-s3-bucket.s3.ap-southeast-1.amazonaws.com/post/original/fa2a7cde-eee0-4c09-9784-45e1c1ef7e6b.png",
-       "width": 1070,
-     },
-     "createdAt": "2022-11-14T08:39:47.609Z",
-     "createdBy": "a0143446-0e51-4903-b280-8c794d470903",
-     "hashtags": Array [],
-     "id": "c46bb2fb-61d6-4981-bde0-d54d12ea7e13",
-     "isProcessing": false,
-     "lang": "vi",
-     "linkPreview": null,
-     "media": Object {
-       "files": Array [],
-       "images": Array [],
-       "videos": Array [],
-     },
-     "mentions": Object {},
-     "owner_reactions": Array [],
-     "privacy": "PUBLIC",
-     "publishedAt": "",
-     "reactionsCount": Object {
-       "0": Object {
-         "bic_heart_gift": 1,
-       },
-     },
-     "series": Array [
-       Object {
-         "id": "d1a89fb8-fc11-4733-8fe7-4ef32c5d2919",
-         "title": "Đây là series có 3 bài articles",
-       },
-     ],
-     "setting": Object {
-       "canComment": true,
-       "canReact": true,
-       "canShare": true,
-       "importantExpiredAt": null,
-       "isImportant": false,
-     },
-     "status": "PUBLISHED",
-     "summary": "1234567890-= lalalalallalallalalala and I will be there at the",
-     "tags": Array [
-       Object {
-         "createdBy": "7b63852c-5249-499a-a32b-6bdaa2761fc2",
-         "groupId": "b01fb58e-9299-4a0e-a55f-9839293fb42a",
-         "id": "21a08db3-92d2-4758-a64c-d22e2ba01f33",
-         "name": "tag 1",
-         "slug": "tag 1",
-         "totalUsed": 11,
-         "updatedBy": "7b63852c-5249-499a-a32b-6bdaa2761fc2",
-       },
-       Object {
-         "createdBy": "7b63852c-5249-499a-a32b-6bdaa2761fc2",
-         "groupId": "b01fb58e-9299-4a0e-a55f-9839293fb42a",
-         "id": "f8614f2a-c746-493e-a861-60029ec75f8c",
-         "name": "tag 2",
-         "slug": "tag 2",
-         "totalUsed": 6,
-         "updatedBy": "7b63852c-5249-499a-a32b-6bdaa2761fc2",
-       },
-     ],
-     "title": "Article thứ 4 edited ",
-     "totalUsersSeen": 2,
-     "type": "ARTICLE",
-     "updatedAt": "2022-11-15T10:11:01.630Z",
-     "views": 0,
-   },
- ]
+ Array []
    at Object.<anonymous> (/Users/namanh/ReactNative/bic-group-app/src/screens/YourContent/components/ScheduledArticles/store/actions/getScheduleArticles.test.ts:90:50)
    at Promise.then.completed (/Users/namanh/ReactNative/bic-group-app/node_modules/jest-circus/build/utils.js:390:28)
    at new Promise (<anonymous>)
    at callAsyncCircusFn (/Users/namanh/ReactNative/bic-group-app/node_modules/jest-circus/build/utils.js:315:10)
    at _callCircusTest (/Users/namanh/ReactNative/bic-group-app/node_modules/jest-circus/build/run.js:218:40)
    at processTicksAndRejections (node:internal/process/task_queues:96:5)
    at _runTest (/Users/namanh/ReactNative/bic-group-app/node_modules/jest-circus/build/run.js:155:3)
    at _runTestsForDescribeBlock (/Users/namanh/ReactNative/bic-group-app/node_modules/jest-circus/build/run.js:66:9)
    at _runTestsForDescribeBlock (/Users/namanh/ReactNative/bic-group-app/node_modules/jest-circus/build/run.js:60:9)
    at run (/Users/namanh/ReactNative/bic-group-app/node_modules/jest-circus/build/run.js:25:3)]]></failure>
    </testCase>
    <testCase name="getScheduleArticles should call api getArticleByParams when isRefresh = false success" duration="50">
      <failure message="Error: expect(received).toEqual(expected) // deep equality"><![CDATA[Error: expect(received).toEqual(expected) // deep equality

- Expected  - 127
+ Received  +   1

- Array [
-   Object {
-     "actor": Object {
-       "avatar": "https://bic-dev-entity-attribute-s3-bucket.s3.ap-southeast-1.amazonaws.com/user/avatar/images/original/c6b8b056-7d77-4382-b95c-010c2fda4809.jpg",
-       "email": "thuquyen@tgm.vn",
-       "fullname": "Nguyen Thi Thu Quyền",
-       "id": "a0143446-0e51-4903-b280-8c794d470903",
-       "username": "thuquyen",
-     },
-     "audience": Object {
-       "groups": Array [
-         Object {
-           "communityId": "020a31b5-25a4-443a-a04d-9f3cfe2ca6b0",
-           "icon": "https://evolgroup.vn/wp-content/uploads/sites/18/2020/04/Thumb-EVOL.jpg",
-           "id": "452f371c-58c3-45cb-abca-d68c70b82df2",
-           "isCommunity": true,
-           "name": "Community của Hoàng",
-           "privacy": "PUBLIC",
-           "rootGroupId": "452f371c-58c3-45cb-abca-d68c70b82df2",
-         },
-         Object {
-           "communityId": "ce58beb6-6b0d-414b-ab0b-a5f37bebe68f",
-           "icon": "https://bic-dev-entity-attribute-s3-bucket.s3.ap-southeast-1.amazonaws.com/group/avatar/images/original/a5f52b92-9e6a-4ff9-9420-c14861d1be16.jpg",
-           "id": "91830f8b-3ab1-4899-8811-c4d18af457b5",
-           "isCommunity": true,
-           "name": "Bock Bock",
-           "privacy": "PUBLIC",
-           "rootGroupId": "91830f8b-3ab1-4899-8811-c4d18af457b5",
-         },
-       ],
-     },
-     "categories": Array [
-       Object {
-         "id": "9a4bd7b8-5cf3-460b-997f-3a59190d706e",
-         "name": "Others",
-       },
-     ],
-     "comments": Object {
-       "list": Array [],
-       "meta": Object {
-         "hasNextPage": false,
-         "hasPreviousPage": false,
-         "limit": 10,
-         "offset": 0,
-       },
-     },
-     "commentsCount": 0,
-     "content": "[{\"type\":\"p\",\"children\":[{\"text\":\"Hổng biết viết gì hết\"}]}]",
-     "coverMedia": Object {
-       "createdAt": "2022-11-14T08:39:17.784Z",
-       "createdBy": "a0143446-0e51-4903-b280-8c794d470903",
-       "extension": "png",
-       "height": 1016,
-       "id": "fdaa3c06-b1d2-4c88-9b09-ea0b38ce85ab",
-       "mime_type": "image/png",
-       "name": "fa2a7cde-eee0-4c09-9784-45e1c1ef7e6b.png",
-       "origin_name": "Screen Shot 2022-05-10 at 17.50.05.png",
-       "size": 1705350,
-       "status": "completed",
-       "thumbnails": null,
-       "type": "image",
-       "url": "https://bic-dev-user-upload-images-s3-bucket.s3.ap-southeast-1.amazonaws.com/post/original/fa2a7cde-eee0-4c09-9784-45e1c1ef7e6b.png",
-       "width": 1070,
-     },
-     "createdAt": "2022-11-14T08:39:47.609Z",
-     "createdBy": "a0143446-0e51-4903-b280-8c794d470903",
-     "hashtags": Array [],
-     "id": "c46bb2fb-61d6-4981-bde0-d54d12ea7e13",
-     "isProcessing": false,
-     "lang": "vi",
-     "linkPreview": null,
-     "media": Object {
-       "files": Array [],
-       "images": Array [],
-       "videos": Array [],
-     },
-     "mentions": Object {},
-     "owner_reactions": Array [],
-     "privacy": "PUBLIC",
-     "publishedAt": "",
-     "reactionsCount": Object {
-       "0": Object {
-         "bic_heart_gift": 1,
-       },
-     },
-     "series": Array [
-       Object {
-         "id": "d1a89fb8-fc11-4733-8fe7-4ef32c5d2919",
-         "title": "Đây là series có 3 bài articles",
-       },
-     ],
-     "setting": Object {
-       "canComment": true,
-       "canReact": true,
-       "canShare": true,
-       "importantExpiredAt": null,
-       "isImportant": false,
-     },
-     "status": "PUBLISHED",
-     "summary": "1234567890-= lalalalallalallalalala and I will be there at the",
-     "tags": Array [
-       Object {
-         "createdBy": "7b63852c-5249-499a-a32b-6bdaa2761fc2",
-         "groupId": "b01fb58e-9299-4a0e-a55f-9839293fb42a",
-         "id": "21a08db3-92d2-4758-a64c-d22e2ba01f33",
-         "name": "tag 1",
-         "slug": "tag 1",
-         "totalUsed": 11,
-         "updatedBy": "7b63852c-5249-499a-a32b-6bdaa2761fc2",
-       },
-       Object {
-         "createdBy": "7b63852c-5249-499a-a32b-6bdaa2761fc2",
-         "groupId": "b01fb58e-9299-4a0e-a55f-9839293fb42a",
-         "id": "f8614f2a-c746-493e-a861-60029ec75f8c",
-         "name": "tag 2",
-         "slug": "tag 2",
-         "totalUsed": 6,
-         "updatedBy": "7b63852c-5249-499a-a32b-6bdaa2761fc2",
-       },
-     ],
-     "title": "Article thứ 4 edited ",
-     "totalUsersSeen": 2,
-     "type": "ARTICLE",
-     "updatedAt": "2022-11-15T10:11:01.630Z",
-     "views": 0,
-   },
- ]
+ Array []
    at Object.<anonymous> (/Users/namanh/ReactNative/bic-group-app/src/screens/YourContent/components/ScheduledArticles/store/actions/getScheduleArticles.test.ts:121:50)
    at Promise.then.completed (/Users/namanh/ReactNative/bic-group-app/node_modules/jest-circus/build/utils.js:390:28)
    at new Promise (<anonymous>)
    at callAsyncCircusFn (/Users/namanh/ReactNative/bic-group-app/node_modules/jest-circus/build/utils.js:315:10)
    at _callCircusTest (/Users/namanh/ReactNative/bic-group-app/node_modules/jest-circus/build/run.js:218:40)
    at processTicksAndRejections (node:internal/process/task_queues:96:5)
    at _runTest (/Users/namanh/ReactNative/bic-group-app/node_modules/jest-circus/build/run.js:155:3)
    at _runTestsForDescribeBlock (/Users/namanh/ReactNative/bic-group-app/node_modules/jest-circus/build/run.js:66:9)
    at _runTestsForDescribeBlock (/Users/namanh/ReactNative/bic-group-app/node_modules/jest-circus/build/run.js:60:9)
    at run (/Users/namanh/ReactNative/bic-group-app/node_modules/jest-circus/build/run.js:25:3)]]></failure>
    </testCase>
  </file>
  <file path="/Users/namanh/ReactNative/bic-group-app/src/screens/Menu/components/MenuHeader.test.tsx">
    <testCase name="MenuHeader component renders correctly" duration="94"/>
    <testCase name="MenuHeader component should navigate to user profile screen when click fullname" duration="54"/>
    <testCase name="MenuHeader component should navigate to user profile screen when click username" duration="24"/>
    <testCase name="MenuHeader component should navigate to user profile screen when click avatar" duration="55"/>
  </file>
  <file path="/Users/namanh/ReactNative/bic-group-app/src/screens/articles/store/actions/deleteArticle.test.ts">
    <testCase name="deleteArticle should call API to delete draft article success" duration="83"/>
    <testCase name="deleteArticle should not run because id is not available" duration="44"/>
    <testCase name="deleteArticle should call API and throws error" duration="28"/>
    <testCase name="deleteArticle should call API to delete draft article success but no data is return" duration="23"/>
  </file>
  <file path="/Users/namanh/ReactNative/bic-group-app/src/screens/Notification/store/actions/getNotifications.test.ts">
    <testCase name="getNotifications function get notification successfully" duration="80"/>
    <testCase name="getNotifications function get notifications successfully with no data" duration="53"/>
    <testCase name="getNotifications function should get notifications throw error" duration="28"/>
  </file>
  <file path="/Users/namanh/ReactNative/bic-group-app/src/screens/Notification/components/ScrollableTabBar.test.tsx">
    <testCase name="ScrollableTabBar component should render empty screen if get notifications successfully with no data" duration="298"/>
    <testCase name="ScrollableTabBar component should render list notification if get notifications successfully " duration="374"/>
    <testCase name="ScrollableTabBar component should call onChangeTab when press to filter item" duration="295"/>
  </file>
  <file path="/Users/namanh/ReactNative/bic-group-app/src/screens/Notification/components/NotificationList.test.tsx">
    <testCase name="NotificationList component should render empty screen if get notifications successfully with no data" duration="135"/>
    <testCase name="NotificationList component should render loading screen if loading when call api get notifications" duration="60"/>
    <testCase name="NotificationList component should render list notification if get notifications successfully " duration="252"/>
  </file>
  <file path="/Users/namanh/ReactNative/bic-group-app/src/store/permissions/actions/shouldHavePermission.test.ts">
    <testCase name="shouldHavePermission should return true when have 1 required permission" duration="91"/>
    <testCase name="shouldHavePermission should return false when not have 1 required permission" duration="35"/>
    <testCase name="shouldHavePermission should return true when have all multiple required permissions" duration="22"/>
    <testCase name="shouldHavePermission should return true when have at least 1 required permission" duration="26"/>
    <testCase name="shouldHavePermission should return false when have no required permissions" duration="36"/>
    <testCase name="shouldHavePermission should return false when input id param is not valid" duration="22"/>
  </file>
  <file path="/Users/namanh/ReactNative/bic-group-app/src/screens/comments/CommentDetail/store/actions/getCommentDetail.test.ts">
    <testCase name="getCommentDetail should getCommentDetail (isReported = true) success:" duration="109"/>
    <testCase name="getCommentDetail should getCommentDetail (isReported = false) success:" duration="52"/>
    <testCase name="getCommentDetail should getCommentDetail throw error" duration="30"/>
  </file>
  <file path="/Users/namanh/ReactNative/bic-group-app/src/baseComponents/EmojiPicker/store/index.test.ts">
    <testCase name="useEmojiPickerStore hook should buildEmojis" duration="162"/>
    <testCase name="useEmojiPickerStore hook should search emoji" duration="280"/>
    <testCase name="useEmojiPickerStore hook should addToRecently" duration="294"/>
    <testCase name="useEmojiPickerStore hook should setCurrentSectionIndex" duration="41"/>
    <testCase name="useEmojiPickerStore hook should resetData" duration="51"/>
    <testCase name="useEmojiPickerStore hook should reset store" duration="42">
      <failure message="TypeError: Cannot read properties of null (reading &apos;length&apos;)"><![CDATA[TypeError: Cannot read properties of null (reading 'length')
    at Object.<anonymous> (/Users/namanh/ReactNative/bic-group-app/src/baseComponents/EmojiPicker/store/index.test.ts:85:40)
    at Promise.then.completed (/Users/namanh/ReactNative/bic-group-app/node_modules/jest-circus/build/utils.js:390:28)
    at new Promise (<anonymous>)
    at callAsyncCircusFn (/Users/namanh/ReactNative/bic-group-app/node_modules/jest-circus/build/utils.js:315:10)
    at _callCircusTest (/Users/namanh/ReactNative/bic-group-app/node_modules/jest-circus/build/run.js:218:40)
    at processTicksAndRejections (node:internal/process/task_queues:96:5)
    at _runTest (/Users/namanh/ReactNative/bic-group-app/node_modules/jest-circus/build/run.js:155:3)
    at _runTestsForDescribeBlock (/Users/namanh/ReactNative/bic-group-app/node_modules/jest-circus/build/run.js:66:9)
    at _runTestsForDescribeBlock (/Users/namanh/ReactNative/bic-group-app/node_modules/jest-circus/build/run.js:60:9)
    at run (/Users/namanh/ReactNative/bic-group-app/node_modules/jest-circus/build/run.js:25:3)]]></failure>
    </testCase>
  </file>
  <file path="/Users/namanh/ReactNative/bic-group-app/src/screens/Home/store/index.test.ts">
    <testCase name="useHomeStore hook setContentFilter should set contentFilter" duration="72"/>
    <testCase name="useHomeStore hook setAttributeFilter should set attributeFilter" duration="35"/>
    <testCase name="useHomeStore hook setDataFeed without specify content vs attribute should set feed with current contentFilter vs attributeFilter" duration="30"/>
    <testCase name="useHomeStore hook setDataFeed with specify content vs attribute should set feed with content vs attribute" duration="44"/>
    <testCase name="useHomeStore hook getDataFeed should follow current contentFilter vs attributeFilter" duration="38"/>
  </file>
  <file path="/Users/namanh/ReactNative/bic-group-app/src/components/FilterToolbar/FilterDate.test.tsx">
    <testCase name="FilterDate component should render without init data correctly" duration="77"/>
    <testCase name="FilterDate component should render with init data correctly" duration="67"/>
    <testCase name="FilterDate component should pressable" duration="38"/>
    <testCase name="FilterDate component should show icon selected correctly" duration="32"/>
    <testCase name="FilterDate component should show datepicker when pressing on select from to button" duration="41"/>
  </file>
  <file path="/Users/namanh/ReactNative/bic-group-app/src/screens/Home/components/VideoProcessingNotice/store/actions/updatePostsInProgress.test.ts">
    <testCase name="updatePostsInProgress should do nothing if payload has no postId" duration="63"/>
    <testCase name="updatePostsInProgress should update store when payload has post id" duration="53"/>
    <testCase name="updatePostsInProgress should update store when payload has post id with type post video success" duration="33"/>
  </file>
  <file path="/Users/namanh/ReactNative/bic-group-app/src/components/articles/ArticleFooter/index.test.tsx">
    <testCase name="ArticleFooter Component renders correctly" duration="77"/>
    <testCase name="ArticleFooter Component should hide ReactionView" duration="55"/>
    <testCase name="ArticleFooter Component should navigate to detail" duration="38"/>
    <testCase name="ArticleFooter Component should call onPressComment" duration="52"/>
    <testCase name="ArticleFooter Component should show comment count" duration="44"/>
  </file>
  <file path="/Users/namanh/ReactNative/bic-group-app/src/screens/series/SeriesDetail/components/AddArticles/store/actions/addArticles.test.ts">
    <testCase name="addArticles in series should search addArticles success" duration="94"/>
    <testCase name="addArticles in series should do nothing when seriesId is empty:" duration="130"/>
    <testCase name="addArticles in series should do nothing when article is undefine:" duration="48"/>
    <testCase name="addArticles in series should add article throw error and should show toast" duration="31"/>
  </file>
  <file path="/Users/namanh/ReactNative/bic-group-app/src/screens/Notification/store/actions/handleNotiBackground.test.ts">
    <testCase name="handleNotiBackground function should do nothing if remoteMessage has not newExtraData" duration="65"/>
    <testCase name="handleNotiBackground function should do nothing if emoteMessage has newExtraData but type not require" duration="23"/>
    <testCase name="handleNotiBackground function should call action updatePosts if emoteMessage has newExtraData and type is video successfully" duration="26"/>
    <testCase name="handleNotiBackground function should call action updatePosts if emoteMessage has newExtraData and type is video unsuccessfully" duration="21"/>
  </file>
  <file path="/Users/namanh/ReactNative/bic-group-app/src/screens/groups/GeneralInformation/components/GroupInfoView.test.tsx">
  </file>
  <file path="/Users/namanh/ReactNative/bic-group-app/src/beinComponents/inputs/PasswordInputController.test.tsx">
    <testCase name="PasswordInputController component renders correctly" duration="77"/>
    <testCase name="PasswordInputController component should called validateValue and show error text when typing an invalid value by rule" duration="44"/>
  </file>
  <file path="/Users/namanh/ReactNative/bic-group-app/src/screens/Draft/DraftPost/store/actions/getDraftPosts.test.tsx">
    <testCase name="getDraftPosts should call api get draft posts when isRefresh = true throw error" duration="70"/>
    <testCase name="getDraftPosts should call api get draft posts when isRefresh = true success" duration="36"/>
    <testCase name="getDraftPosts should load more draft post success" duration="25"/>
  </file>
  <file path="/Users/namanh/ReactNative/bic-group-app/src/screens/communities/CommunityMembers/store/actions/approveSingleCommunityMemberRequest.test.ts">
    <testCase name="approveSingleCommunityMemberRequest should call api approveSingleGroupMemberRequest throw error" duration="61"/>
    <testCase name="approveSingleCommunityMemberRequest should not call api approveSingleGroupMemberRequest when payload of action is empty" duration="43"/>
    <testCase name="approveSingleCommunityMemberRequest should call api approveSingleGroupMemberRequest success" duration="67"/>
  </file>
  <file path="/Users/namanh/ReactNative/bic-group-app/src/screens/communities/CommunityMembers/store/actions/declineSingleCommunityMemberRequest.test.ts">
    <testCase name="declineSingleCommunityMemberRequest should call api declineSingleGroupMemberRequest throw error" duration="64"/>
    <testCase name="declineSingleCommunityMemberRequest should not call api declineSingleGroupMemberRequest when payload of action is empty" duration="38"/>
    <testCase name="declineSingleCommunityMemberRequest should call api declineSingleGroupMemberRequest success" duration="37"/>
  </file>
  <file path="/Users/namanh/ReactNative/bic-group-app/src/screens/groups/components/MemberSearchResult.test.tsx">
    <testCase name="MemberSearchResult component should NOT render empty screen correctly when loading" duration="67"/>
    <testCase name="MemberSearchResult component should NOT render empty screen correctly when having data and NOT loading" duration="71"/>
    <testCase name="MemberSearchResult component should render empty screen correctly when having NO data and NO loading" duration="30">
      <failure message="Error: Unable to find an element with testID: member_search_result.no_results"><![CDATA[Error: Unable to find an element with testID: member_search_result.no_results
    at Object.<anonymous> (/Users/namanh/ReactNative/bic-group-app/src/screens/groups/components/MemberSearchResult.test.tsx:50:31)
    at Promise.then.completed (/Users/namanh/ReactNative/bic-group-app/node_modules/jest-circus/build/utils.js:390:28)
    at new Promise (<anonymous>)
    at callAsyncCircusFn (/Users/namanh/ReactNative/bic-group-app/node_modules/jest-circus/build/utils.js:315:10)
    at _callCircusTest (/Users/namanh/ReactNative/bic-group-app/node_modules/jest-circus/build/run.js:218:40)
    at processTicksAndRejections (node:internal/process/task_queues:96:5)
    at _runTest (/Users/namanh/ReactNative/bic-group-app/node_modules/jest-circus/build/run.js:155:3)
    at _runTestsForDescribeBlock (/Users/namanh/ReactNative/bic-group-app/node_modules/jest-circus/build/run.js:66:9)
    at _runTestsForDescribeBlock (/Users/namanh/ReactNative/bic-group-app/node_modules/jest-circus/build/run.js:60:9)
    at run (/Users/namanh/ReactNative/bic-group-app/node_modules/jest-circus/build/run.js:25:3)]]></failure>
    </testCase>
    <testCase name="MemberSearchResult component should render loading more indicator correctly" duration="45"/>
    <testCase name="MemberSearchResult component should NOT render loading more indicator correctly" duration="22"/>
    <testCase name="MemberSearchResult component should render data correctly" duration="50"/>
  </file>
  <file path="/Users/namanh/ReactNative/bic-group-app/src/screens/groups/GroupDetail/store/actions/getGroupDetail.test.ts">
    <testCase name="getGroupDetail should get group detail success:" duration="71"/>
    <testCase name="getGroupDetail should get group detail no data" duration="30"/>
    <testCase name="getGroupDetail should get group detail throw error" duration="5002">
      <failure message="Error: thrown: &quot;Exceeded timeout of 5000 ms for a hook."><![CDATA[Error: thrown: "Exceeded timeout of 5000 ms for a hook.
Use jest.setTimeout(newTimeout) to increase the timeout value, if this is a long-running test."
    at Object.<anonymous> (/Users/namanh/ReactNative/bic-group-app/__mocks__/zustand.js:19:1)
    at Runtime._execModule (/Users/namanh/ReactNative/bic-group-app/node_modules/jest-runtime/build/index.js:1646:24)
    at Runtime._loadModule (/Users/namanh/ReactNative/bic-group-app/node_modules/jest-runtime/build/index.js:1185:12)
    at Runtime.requireMock (/Users/namanh/ReactNative/bic-group-app/node_modules/jest-runtime/build/index.js:1142:12)
    at Runtime.requireModuleOrMock (/Users/namanh/ReactNative/bic-group-app/node_modules/jest-runtime/build/index.js:1208:21)
    at Object.<anonymous> (/Users/namanh/ReactNative/bic-group-app/src/store/utils.ts:1:1)
    at Runtime._execModule (/Users/namanh/ReactNative/bic-group-app/node_modules/jest-runtime/build/index.js:1646:24)
    at Runtime._loadModule (/Users/namanh/ReactNative/bic-group-app/node_modules/jest-runtime/build/index.js:1185:12)
    at Runtime.requireModule (/Users/namanh/ReactNative/bic-group-app/node_modules/jest-runtime/build/index.js:1009:12)
    at Runtime.requireModuleOrMock (/Users/namanh/ReactNative/bic-group-app/node_modules/jest-runtime/build/index.js:1210:21)]]></failure>
    </testCase>
  </file>
  <file path="/Users/namanh/ReactNative/bic-group-app/src/screens/communities/CommunityMembers/store/actions/approveAllCommunityMemberRequests.test.ts">
    <testCase name="approveAllCommunityMemberRequests should call api approveAllGroupMemberRequests throw error" duration="55"/>
    <testCase name="approveAllCommunityMemberRequests should not call api approveAllGroupMemberRequests when payload of action is empty" duration="22"/>
    <testCase name="approveAllCommunityMemberRequests should call api approveAllGroupMemberRequests success" duration="37"/>
  </file>
  <file path="/Users/namanh/ReactNative/bic-group-app/src/screens/groups/GroupMembers/store/actions/approveAllGroupMemberRequests.test.ts">
    <testCase name="action approveAllGroupMemberRequests should call api approveAllGroupMemberRequests throw error" duration="89"/>
    <testCase name="action approveAllGroupMemberRequests should not call api approveAllGroupMemberRequests when payload of action is empty" duration="71"/>
    <testCase name="action approveAllGroupMemberRequests should call api approveAllGroupMemberRequests success and show toast" duration="63"/>
  </file>
  <file path="/Users/namanh/ReactNative/bic-group-app/src/screens/groups/GroupMembers/store/actions/approveSingleGroupMemberRequest.test.ts">
    <testCase name="action approveSingleGroupMemberRequest should call api approveSingleGroupMemberRequest throw error" duration="55"/>
    <testCase name="action approveSingleGroupMemberRequest should not call api approveSingleGroupMemberRequest when payload of action is empty" duration="31"/>
    <testCase name="action approveSingleGroupMemberRequest should call api approveSingleGroupMemberRequest success" duration="54"/>
  </file>
  <file path="/Users/namanh/ReactNative/bic-group-app/src/screens/PermissionScheme/GroupSchemeAssignSelection/helper.test.ts">
    <testCase name="group scheme assign selection helper handleSelectNewGroupScheme should add new item if has change with current assignments" duration="3"/>
    <testCase name="group scheme assign selection helper handleSelectNewGroupScheme should not add new item if not has change with current assignments" duration="1"/>
    <testCase name="group scheme assign selection helper changeSchemeIdOfGroup should update schemeId of group by groupId" duration="10">
      <failure message="Error: expect(received).toEqual(expected) // deep equality"><![CDATA[Error: expect(received).toEqual(expected) // deep equality

- Expected  - 2
+ Received  + 2

@@ -4,17 +4,17 @@
        "description": "https://fe.sbx.beincomm.com/groups/2",
        "groupId": "2",
        "icon": "https://bein-entity-attribute-sandbox.s3.ap-southeast-1.amazonaws.com/group/avatar/images/original/a6d32c52-c622-4600-bb89-f28b1510047b",
        "level": 1,
        "name": "Crypto Inner Circle",
-       "privacy": "PUBLIC",
+       "privacy": "OPEN",
        "schemeId": null,
      },
    ],
    "description": "The greatest community ever yeahhhhhhhhhh 123",
    "groupId": "1",
    "icon": "https://bein-entity-attribute-sandbox.s3.ap-southeast-1.amazonaws.com/group/avatar/images/original/e55a5e2f-5f61-4a1b-ad3f-623f08eec1a1",
    "level": 0,
    "name": "Town Square",
-   "privacy": "PUBLIC",
+   "privacy": "OPEN",
    "schemeId": "abcd",
  }
    at Object.<anonymous> (/Users/namanh/ReactNative/bic-group-app/src/screens/PermissionScheme/GroupSchemeAssignSelection/helper.test.ts:49:73)
    at Promise.then.completed (/Users/namanh/ReactNative/bic-group-app/node_modules/jest-circus/build/utils.js:390:28)
    at new Promise (<anonymous>)
    at callAsyncCircusFn (/Users/namanh/ReactNative/bic-group-app/node_modules/jest-circus/build/utils.js:315:10)
    at _callCircusTest (/Users/namanh/ReactNative/bic-group-app/node_modules/jest-circus/build/run.js:218:40)
    at _runTest (/Users/namanh/ReactNative/bic-group-app/node_modules/jest-circus/build/run.js:155:3)
    at _runTestsForDescribeBlock (/Users/namanh/ReactNative/bic-group-app/node_modules/jest-circus/build/run.js:66:9)
    at _runTestsForDescribeBlock (/Users/namanh/ReactNative/bic-group-app/node_modules/jest-circus/build/run.js:60:9)
    at run (/Users/namanh/ReactNative/bic-group-app/node_modules/jest-circus/build/run.js:25:3)
    at runAndTransformResultsToJestFormat (/Users/namanh/ReactNative/bic-group-app/node_modules/jest-circus/build/legacy-code-todo-rewrite/jestAdapterInit.js:166:21)]]></failure>
    </testCase>
    <testCase name="group scheme assign selection helper changeSchemeIdOfGroup should update schemeId of child group by groupId" duration="4">
      <failure message="Error: expect(received).toEqual(expected) // deep equality"><![CDATA[Error: expect(received).toEqual(expected) // deep equality

- Expected  - 2
+ Received  + 2

@@ -4,17 +4,17 @@
        "description": "https://fe.sbx.beincomm.com/groups/2",
        "groupId": "2",
        "icon": "https://bein-entity-attribute-sandbox.s3.ap-southeast-1.amazonaws.com/group/avatar/images/original/a6d32c52-c622-4600-bb89-f28b1510047b",
        "level": 1,
        "name": "Crypto Inner Circle",
-       "privacy": "PUBLIC",
+       "privacy": "OPEN",
        "schemeId": "efgh",
      },
    ],
    "description": "The greatest community ever yeahhhhhhhhhh 123",
    "groupId": "1",
    "icon": "https://bein-entity-attribute-sandbox.s3.ap-southeast-1.amazonaws.com/group/avatar/images/original/e55a5e2f-5f61-4a1b-ad3f-623f08eec1a1",
    "level": 0,
    "name": "Town Square",
-   "privacy": "PUBLIC",
+   "privacy": "OPEN",
    "schemeId": "efgh",
  }
    at Object.<anonymous> (/Users/namanh/ReactNative/bic-group-app/src/screens/PermissionScheme/GroupSchemeAssignSelection/helper.test.ts:77:73)
    at Promise.then.completed (/Users/namanh/ReactNative/bic-group-app/node_modules/jest-circus/build/utils.js:390:28)
    at new Promise (<anonymous>)
    at callAsyncCircusFn (/Users/namanh/ReactNative/bic-group-app/node_modules/jest-circus/build/utils.js:315:10)
    at _callCircusTest (/Users/namanh/ReactNative/bic-group-app/node_modules/jest-circus/build/run.js:218:40)
    at _runTest (/Users/namanh/ReactNative/bic-group-app/node_modules/jest-circus/build/run.js:155:3)
    at _runTestsForDescribeBlock (/Users/namanh/ReactNative/bic-group-app/node_modules/jest-circus/build/run.js:66:9)
    at _runTestsForDescribeBlock (/Users/namanh/ReactNative/bic-group-app/node_modules/jest-circus/build/run.js:60:9)
    at run (/Users/namanh/ReactNative/bic-group-app/node_modules/jest-circus/build/run.js:25:3)
    at runAndTransformResultsToJestFormat (/Users/namanh/ReactNative/bic-group-app/node_modules/jest-circus/build/legacy-code-todo-rewrite/jestAdapterInit.js:166:21)]]></failure>
    </testCase>
    <testCase name="group scheme assign selection helper changeSchemeIdOfGroup should not update any thing" duration="2"/>
  </file>
  <file path="/Users/namanh/ReactNative/bic-group-app/src/screens/communities/CommunityMembers/store/actions/searchCommunityMembers.test.ts">
    <testCase name="searchCommunityMembers should search community members success:" duration="108"/>
    <testCase name="searchCommunityMembers should load more community members success:" duration="40"/>
    <testCase name="searchCommunityMembers should get community members throw error" duration="5005">
      <failure message="Error: thrown: &quot;Exceeded timeout of 5000 ms for a hook."><![CDATA[Error: thrown: "Exceeded timeout of 5000 ms for a hook.
Use jest.setTimeout(newTimeout) to increase the timeout value, if this is a long-running test."
    at Object.<anonymous> (/Users/namanh/ReactNative/bic-group-app/__mocks__/zustand.js:19:1)
    at Runtime._execModule (/Users/namanh/ReactNative/bic-group-app/node_modules/jest-runtime/build/index.js:1646:24)
    at Runtime._loadModule (/Users/namanh/ReactNative/bic-group-app/node_modules/jest-runtime/build/index.js:1185:12)
    at Runtime.requireMock (/Users/namanh/ReactNative/bic-group-app/node_modules/jest-runtime/build/index.js:1142:12)
    at Runtime.requireModuleOrMock (/Users/namanh/ReactNative/bic-group-app/node_modules/jest-runtime/build/index.js:1208:21)
    at Object.<anonymous> (/Users/namanh/ReactNative/bic-group-app/src/store/utils.ts:1:1)
    at Runtime._execModule (/Users/namanh/ReactNative/bic-group-app/node_modules/jest-runtime/build/index.js:1646:24)
    at Runtime._loadModule (/Users/namanh/ReactNative/bic-group-app/node_modules/jest-runtime/build/index.js:1185:12)
    at Runtime.requireModule (/Users/namanh/ReactNative/bic-group-app/node_modules/jest-runtime/build/index.js:1009:12)
    at Runtime.requireModuleOrMock (/Users/namanh/ReactNative/bic-group-app/node_modules/jest-runtime/build/index.js:1210:21)]]></failure>
    </testCase>
  </file>
  <file path="/Users/namanh/ReactNative/bic-group-app/src/screens/series/store/actions/removeAudiences.test.ts">
    <testCase name="removeAudiences should do nothing if id undefined" duration="50"/>
    <testCase name="removeAudiences should remove audiences from series success:" duration="29"/>
    <testCase name="removeAudiences should remove audiences from series throw error" duration="5004">
      <failure message="Error: thrown: &quot;Exceeded timeout of 5000 ms for a hook."><![CDATA[Error: thrown: "Exceeded timeout of 5000 ms for a hook.
Use jest.setTimeout(newTimeout) to increase the timeout value, if this is a long-running test."
    at Object.<anonymous> (/Users/namanh/ReactNative/bic-group-app/__mocks__/zustand.js:19:1)
    at Runtime._execModule (/Users/namanh/ReactNative/bic-group-app/node_modules/jest-runtime/build/index.js:1646:24)
    at Runtime._loadModule (/Users/namanh/ReactNative/bic-group-app/node_modules/jest-runtime/build/index.js:1185:12)
    at Runtime.requireMock (/Users/namanh/ReactNative/bic-group-app/node_modules/jest-runtime/build/index.js:1142:12)
    at Runtime.requireModuleOrMock (/Users/namanh/ReactNative/bic-group-app/node_modules/jest-runtime/build/index.js:1208:21)
    at Object.<anonymous> (/Users/namanh/ReactNative/bic-group-app/src/store/utils.ts:1:1)
    at Runtime._execModule (/Users/namanh/ReactNative/bic-group-app/node_modules/jest-runtime/build/index.js:1646:24)
    at Runtime._loadModule (/Users/namanh/ReactNative/bic-group-app/node_modules/jest-runtime/build/index.js:1185:12)
    at Runtime.requireModule (/Users/namanh/ReactNative/bic-group-app/node_modules/jest-runtime/build/index.js:1009:12)
    at Runtime.requireModuleOrMock (/Users/namanh/ReactNative/bic-group-app/node_modules/jest-runtime/build/index.js:1210:21)]]></failure>
    </testCase>
  </file>
  <file path="/Users/namanh/ReactNative/bic-group-app/src/screens/groups/GroupMembers/store/actions/declineSingleGroupMemberRequest.test.ts">
    <testCase name="action declineSingleGroupMemberRequest should call api declineSingleGroupMemberRequest throw error" duration="75"/>
    <testCase name="action declineSingleGroupMemberRequest should not call api declineSingleGroupMemberRequest when payload of action is empty" duration="40"/>
    <testCase name="action declineSingleGroupMemberRequest should call api declineSingleGroupMemberRequest success" duration="40"/>
  </file>
  <file path="/Users/namanh/ReactNative/bic-group-app/src/screens/groups/GroupMembers/AddMembersToGroup/components/SearchResults.test.tsx">
    <testCase name="SearchResults renders a list of users and select a user" duration="222"/>
    <testCase name="SearchResults renders a loading indicator when searching" duration="76"/>
    <testCase name="SearchResults renders NoSearchResultsFound when there is no data" duration="84"/>
    <testCase name="SearchResults renders loading more at the bottom of the scrren when hasNextPage = true" duration="39"/>
  </file>
  <file path="/Users/namanh/ReactNative/bic-group-app/src/screens/Home/HomeSearch/RecentSearchKeyword.test.tsx">
    <testCase name="NFSRecentSearchKeyword component should render loading recent search keyword" duration="85"/>
    <testCase name="NFSRecentSearchKeyword component should render empty recent search keyword" duration="62"/>
    <testCase name="NFSRecentSearchKeyword component should render list recent search keyword" duration="107"/>
    <testCase name="NFSRecentSearchKeyword component should call props onClearAllKeyword" duration="60"/>
    <testCase name="NFSRecentSearchKeyword component should call props onSelectKeyword" duration="43"/>
    <testCase name="NFSRecentSearchKeyword component should call props onDeleteKeyword" duration="53"/>
  </file>
  <file path="/Users/namanh/ReactNative/bic-group-app/src/screens/articles/ArticleContentDetail/helper.test.ts">
  </file>
  <file path="/Users/namanh/ReactNative/bic-group-app/src/screens/groups/GroupDetail/store/actions/leaveGroup.test.ts">
    <testCase name="leaveGroup should leave group success:" duration="107"/>
    <testCase name="leaveGroup should leave group throw error" duration="51"/>
  </file>
  <file path="/Users/namanh/ReactNative/bic-group-app/src/screens/communities/CommunityMembers/store/actions/declineAllCommunityMemberRequests.test.ts">
    <testCase name="declineAllCommunityMemberRequests should call api declineAllGroupMemberRequests throw error" duration="72"/>
    <testCase name="declineAllCommunityMemberRequests should not call api declineAllGroupMemberRequests when payload of action is empty" duration="42"/>
    <testCase name="declineAllCommunityMemberRequests should call api declineAllGroupMemberRequests success" duration="35"/>
  </file>
  <file path="/Users/namanh/ReactNative/bic-group-app/src/screens/groups/GroupMembers/store/actions/declineAllGroupMemberRequests.test.ts">
    <testCase name="action declineAllGroupMemberRequests should call api declineAllGroupMemberRequests throw error" duration="78"/>
    <testCase name="action declineAllGroupMemberRequests should not call api declineAllGroupMemberRequests when payload of action is empty" duration="48"/>
    <testCase name="action declineAllGroupMemberRequests should call api declineAllGroupMemberRequests success" duration="147"/>
  </file>
  <file path="/Users/namanh/ReactNative/bic-group-app/src/baseComponents/Checkbox/index.test.tsx">
    <testCase name="Checkbox component should render unselect state with default size medium correctly" duration="159"/>
    <testCase name="Checkbox component should render selected state with default size medium correctly" duration="78"/>
    <testCase name="Checkbox component should render indeterminate state with default size medium correctly" duration="82"/>
    <testCase name="Checkbox component should render disabled state with default size medium correctly" duration="85"/>
    <testCase name="Checkbox component should render disabled state with size small correctly" duration="78"/>
    <testCase name="Checkbox component should render disabled-auto-selected state with default size medium correctly" duration="128"/>
    <testCase name="Checkbox component should call onPress when pressing on Checkbox" duration="43"/>
    <testCase name="Checkbox component should NOT call onPress when pressing on indeterminate Checkbox" duration="57"/>
    <testCase name="Checkbox component should NOT call onPress when pressing on disabled Checkbox" duration="34"/>
    <testCase name="Checkbox component should NOT call onPress when pressing on disabled-auto-selected Checkbox" duration="30"/>
  </file>
  <file path="/Users/namanh/ReactNative/bic-group-app/src/screens/Draft/DraftArticle/components/DraftArticleView.test.tsx">
    <testCase name="DraftArticle component render correctly" duration="171"/>
    <testCase name="DraftArticle component should navigate to CreateArticle when press button edit" duration="77"/>
    <testCase name="DraftArticle component should show alert when press button delete" duration="73"/>
    <testCase name="DraftArticle component should call publishDraftArticle when press button publish" duration="117">
      <failure message="Error: expect(jest.fn()).toBeCalled()"><![CDATA[Error: expect(jest.fn()).toBeCalled()

Expected number of calls: >= 1
Received number of calls:    0
    at Object.<anonymous> (/Users/namanh/ReactNative/bic-group-app/src/screens/Draft/DraftArticle/components/DraftArticleView.test.tsx:80:33)
    at Promise.then.completed (/Users/namanh/ReactNative/bic-group-app/node_modules/jest-circus/build/utils.js:390:28)
    at new Promise (<anonymous>)
    at callAsyncCircusFn (/Users/namanh/ReactNative/bic-group-app/node_modules/jest-circus/build/utils.js:315:10)
    at _callCircusTest (/Users/namanh/ReactNative/bic-group-app/node_modules/jest-circus/build/run.js:218:40)
    at processTicksAndRejections (node:internal/process/task_queues:96:5)
    at _runTest (/Users/namanh/ReactNative/bic-group-app/node_modules/jest-circus/build/run.js:155:3)
    at _runTestsForDescribeBlock (/Users/namanh/ReactNative/bic-group-app/node_modules/jest-circus/build/run.js:66:9)
    at _runTestsForDescribeBlock (/Users/namanh/ReactNative/bic-group-app/node_modules/jest-circus/build/run.js:60:9)
    at run (/Users/namanh/ReactNative/bic-group-app/node_modules/jest-circus/build/run.js:25:3)]]></failure>
    </testCase>
    <testCase name="DraftArticle component should not call publishDraftArticle when has not id" duration="31"/>
  </file>
  <file path="/Users/namanh/ReactNative/bic-group-app/src/baseComponents/Input/SearchInput/index.test.tsx">
    <testCase name="SearchInput component renders correctly" duration="82"/>
    <testCase name="SearchInput component should show icon clear" duration="60"/>
    <testCase name="SearchInput component should hide icon clear" duration="32"/>
    <testCase name="SearchInput component should call onChangeText" duration="46"/>
    <testCase name="SearchInput component should not call onSubmitEditing" duration="36"/>
    <testCase name="SearchInput component should call onSubmitEditing" duration="34"/>
    <testCase name="SearchInput component should change border color when focus" duration="45"/>
  </file>
  <file path="/Users/namanh/ReactNative/bic-group-app/src/beinComponents/inputs/MentionInput/Autocomplete/index.test.tsx">
    <testCase name="Autocomplete component renders correctly" duration="111"/>
    <testCase name="Autocomplete component should hide &quot;Autocomplete&quot;" duration="45"/>
    <testCase name="Autocomplete component should show &quot;Autocomplete&quot;" duration="23"/>
    <testCase name="Autocomplete component should show &quot;Autocomplete&quot; in &quot;top&quot;" duration="35"/>
    <testCase name="Autocomplete component should show &quot;Autocomplete&quot; in &quot;fullWidth&quot;" duration="32"/>
    <testCase name="Autocomplete component should show &quot;Autocomplete&quot; with shadow" duration="27"/>
    <testCase name="Autocomplete component should show &quot;Autocomplete&quot; with title" duration="134">
      <failure message="Error: Unable to find an element with testID: autocomplete.title"><![CDATA[Error: Unable to find an element with testID: autocomplete.title
    at _callee7$ (/Users/namanh/ReactNative/bic-group-app/src/beinComponents/inputs/MentionInput/Autocomplete/index.test.tsx:90:31)
    at tryCatch (/Users/namanh/ReactNative/bic-group-app/node_modules/regenerator-runtime/runtime.js:64:40)
    at Generator.invoke (/Users/namanh/ReactNative/bic-group-app/node_modules/regenerator-runtime/runtime.js:299:22)
    at Generator.next (/Users/namanh/ReactNative/bic-group-app/node_modules/regenerator-runtime/runtime.js:124:21)
    at tryCatch (/Users/namanh/ReactNative/bic-group-app/node_modules/regenerator-runtime/runtime.js:64:40)
    at invoke (/Users/namanh/ReactNative/bic-group-app/node_modules/regenerator-runtime/runtime.js:160:20)
    at /Users/namanh/ReactNative/bic-group-app/node_modules/regenerator-runtime/runtime.js:195:11
    at tryCallTwo (/Users/namanh/ReactNative/bic-group-app/node_modules/react-native/node_modules/promise/lib/core.js:45:5)
    at doResolve (/Users/namanh/ReactNative/bic-group-app/node_modules/react-native/node_modules/promise/lib/core.js:200:13)
    at new Promise (/Users/namanh/ReactNative/bic-group-app/node_modules/react-native/node_modules/promise/lib/core.js:66:3)]]></failure>
    </testCase>
  </file>
  <file path="/Users/namanh/ReactNative/bic-group-app/src/screens/Draft/DraftPost/components/PostDraftView.test.tsx">
    <testCase name="PostDraftView component should show button delete, button edit and button Publish" duration="155">
      <failure message="Error: Couldn&apos;t find a route object. Is your component inside a screen in a navigator?"><![CDATA[Error: Couldn't find a route object. Is your component inside a screen in a navigator?
    at useRoute (/Users/namanh/ReactNative/bic-group-app/node_modules/@react-navigation/core/src/useRoute.tsx:16:11)
    at PostHeader (/Users/namanh/ReactNative/bic-group-app/src/components/posts/PostHeader/index.tsx:31:25)
    at renderWithHooks (/Users/namanh/ReactNative/bic-group-app/node_modules/react-test-renderer/cjs/react-test-renderer.development.js:6016:18)
    at mountIndeterminateComponent (/Users/namanh/ReactNative/bic-group-app/node_modules/react-test-renderer/cjs/react-test-renderer.development.js:8744:13)
    at beginWork (/Users/namanh/ReactNative/bic-group-app/node_modules/react-test-renderer/cjs/react-test-renderer.development.js:9966:16)
    at performUnitOfWork (/Users/namanh/ReactNative/bic-group-app/node_modules/react-test-renderer/cjs/react-test-renderer.development.js:13800:12)
    at workLoopSync (/Users/namanh/ReactNative/bic-group-app/node_modules/react-test-renderer/cjs/react-test-renderer.development.js:13728:5)
    at renderRootSync (/Users/namanh/ReactNative/bic-group-app/node_modules/react-test-renderer/cjs/react-test-renderer.development.js:13691:7)
    at performSyncWorkOnRoot (/Users/namanh/ReactNative/bic-group-app/node_modules/react-test-renderer/cjs/react-test-renderer.development.js:13404:18)
    at /Users/namanh/ReactNative/bic-group-app/node_modules/react-test-renderer/cjs/react-test-renderer.development.js:2537:26]]></failure>
    </testCase>
    <testCase name="PostDraftView component should hide modal when click button delete" duration="95">
      <failure message="Error: Couldn&apos;t find a route object. Is your component inside a screen in a navigator?"><![CDATA[Error: Couldn't find a route object. Is your component inside a screen in a navigator?
    at useRoute (/Users/namanh/ReactNative/bic-group-app/node_modules/@react-navigation/core/src/useRoute.tsx:16:11)
    at PostHeader (/Users/namanh/ReactNative/bic-group-app/src/components/posts/PostHeader/index.tsx:31:25)
    at renderWithHooks (/Users/namanh/ReactNative/bic-group-app/node_modules/react-test-renderer/cjs/react-test-renderer.development.js:6016:18)
    at mountIndeterminateComponent (/Users/namanh/ReactNative/bic-group-app/node_modules/react-test-renderer/cjs/react-test-renderer.development.js:8744:13)
    at beginWork (/Users/namanh/ReactNative/bic-group-app/node_modules/react-test-renderer/cjs/react-test-renderer.development.js:9966:16)
    at performUnitOfWork (/Users/namanh/ReactNative/bic-group-app/node_modules/react-test-renderer/cjs/react-test-renderer.development.js:13800:12)
    at workLoopSync (/Users/namanh/ReactNative/bic-group-app/node_modules/react-test-renderer/cjs/react-test-renderer.development.js:13728:5)
    at renderRootSync (/Users/namanh/ReactNative/bic-group-app/node_modules/react-test-renderer/cjs/react-test-renderer.development.js:13691:7)
    at performSyncWorkOnRoot (/Users/namanh/ReactNative/bic-group-app/node_modules/react-test-renderer/cjs/react-test-renderer.development.js:13404:18)
    at /Users/namanh/ReactNative/bic-group-app/node_modules/react-test-renderer/cjs/react-test-renderer.development.js:2537:26]]></failure>
    </testCase>
    <testCase name="PostDraftView component should navigate to edit post screen when click button edit" duration="49">
      <failure message="Error: Couldn&apos;t find a route object. Is your component inside a screen in a navigator?"><![CDATA[Error: Couldn't find a route object. Is your component inside a screen in a navigator?
    at useRoute (/Users/namanh/ReactNative/bic-group-app/node_modules/@react-navigation/core/src/useRoute.tsx:16:11)
    at PostHeader (/Users/namanh/ReactNative/bic-group-app/src/components/posts/PostHeader/index.tsx:31:25)
    at renderWithHooks (/Users/namanh/ReactNative/bic-group-app/node_modules/react-test-renderer/cjs/react-test-renderer.development.js:6016:18)
    at mountIndeterminateComponent (/Users/namanh/ReactNative/bic-group-app/node_modules/react-test-renderer/cjs/react-test-renderer.development.js:8744:13)
    at beginWork (/Users/namanh/ReactNative/bic-group-app/node_modules/react-test-renderer/cjs/react-test-renderer.development.js:9966:16)
    at performUnitOfWork (/Users/namanh/ReactNative/bic-group-app/node_modules/react-test-renderer/cjs/react-test-renderer.development.js:13800:12)
    at workLoopSync (/Users/namanh/ReactNative/bic-group-app/node_modules/react-test-renderer/cjs/react-test-renderer.development.js:13728:5)
    at renderRootSync (/Users/namanh/ReactNative/bic-group-app/node_modules/react-test-renderer/cjs/react-test-renderer.development.js:13691:7)
    at performSyncWorkOnRoot (/Users/namanh/ReactNative/bic-group-app/node_modules/react-test-renderer/cjs/react-test-renderer.development.js:13404:18)
    at /Users/namanh/ReactNative/bic-group-app/node_modules/react-test-renderer/cjs/react-test-renderer.development.js:2537:26]]></failure>
    </testCase>
    <testCase name="PostDraftView component should disable button publish with id undefined" duration="37">
      <failure message="Error: Couldn&apos;t find a route object. Is your component inside a screen in a navigator?"><![CDATA[Error: Couldn't find a route object. Is your component inside a screen in a navigator?
    at useRoute (/Users/namanh/ReactNative/bic-group-app/node_modules/@react-navigation/core/src/useRoute.tsx:16:11)
    at PostHeader (/Users/namanh/ReactNative/bic-group-app/src/components/posts/PostHeader/index.tsx:31:25)
    at renderWithHooks (/Users/namanh/ReactNative/bic-group-app/node_modules/react-test-renderer/cjs/react-test-renderer.development.js:6016:18)
    at mountIndeterminateComponent (/Users/namanh/ReactNative/bic-group-app/node_modules/react-test-renderer/cjs/react-test-renderer.development.js:8744:13)
    at beginWork (/Users/namanh/ReactNative/bic-group-app/node_modules/react-test-renderer/cjs/react-test-renderer.development.js:9966:16)
    at performUnitOfWork (/Users/namanh/ReactNative/bic-group-app/node_modules/react-test-renderer/cjs/react-test-renderer.development.js:13800:12)
    at workLoopSync (/Users/namanh/ReactNative/bic-group-app/node_modules/react-test-renderer/cjs/react-test-renderer.development.js:13728:5)
    at renderRootSync (/Users/namanh/ReactNative/bic-group-app/node_modules/react-test-renderer/cjs/react-test-renderer.development.js:13691:7)
    at performSyncWorkOnRoot (/Users/namanh/ReactNative/bic-group-app/node_modules/react-test-renderer/cjs/react-test-renderer.development.js:13404:18)
    at /Users/namanh/ReactNative/bic-group-app/node_modules/react-test-renderer/cjs/react-test-renderer.development.js:2537:26]]></failure>
    </testCase>
    <testCase name="PostDraftView component should show text post is processing waiting for publish when post`s status = PROCESSING" duration="26">
      <failure message="Error: Couldn&apos;t find a route object. Is your component inside a screen in a navigator?"><![CDATA[Error: Couldn't find a route object. Is your component inside a screen in a navigator?
    at useRoute (/Users/namanh/ReactNative/bic-group-app/node_modules/@react-navigation/core/src/useRoute.tsx:16:11)
    at PostHeader (/Users/namanh/ReactNative/bic-group-app/src/components/posts/PostHeader/index.tsx:31:25)
    at renderWithHooks (/Users/namanh/ReactNative/bic-group-app/node_modules/react-test-renderer/cjs/react-test-renderer.development.js:6016:18)
    at mountIndeterminateComponent (/Users/namanh/ReactNative/bic-group-app/node_modules/react-test-renderer/cjs/react-test-renderer.development.js:8744:13)
    at beginWork (/Users/namanh/ReactNative/bic-group-app/node_modules/react-test-renderer/cjs/react-test-renderer.development.js:9966:16)
    at performUnitOfWork (/Users/namanh/ReactNative/bic-group-app/node_modules/react-test-renderer/cjs/react-test-renderer.development.js:13800:12)
    at workLoopSync (/Users/namanh/ReactNative/bic-group-app/node_modules/react-test-renderer/cjs/react-test-renderer.development.js:13728:5)
    at renderRootSync (/Users/namanh/ReactNative/bic-group-app/node_modules/react-test-renderer/cjs/react-test-renderer.development.js:13691:7)
    at performSyncWorkOnRoot (/Users/namanh/ReactNative/bic-group-app/node_modules/react-test-renderer/cjs/react-test-renderer.development.js:13404:18)
    at /Users/namanh/ReactNative/bic-group-app/node_modules/react-test-renderer/cjs/react-test-renderer.development.js:2537:26]]></failure>
    </testCase>
  </file>
  <file path="/Users/namanh/ReactNative/bic-group-app/src/screens/series/store/actions/postCreateNewSeries.test.ts">
    <testCase name="postCreateNewSeries should post new series success:" duration="355"/>
    <testCase name="postCreateNewSeries should post new series throw error" duration="53"/>
  </file>
  <file path="/Users/namanh/ReactNative/bic-group-app/src/screens/articles/CreateArticle/components/ScheduleModal.test.tsx">
    <testCase name="ScheduleModal should render correctly" duration="204"/>
    <testCase name="ScheduleModal should enable button schedule if date time is set" duration="81"/>
    <testCase name="ScheduleModal should show error if date time is smaller than current" duration="100"/>
    <testCase name="ScheduleModal should show success if schedule success" duration="69"/>
  </file>
  <file path="/Users/namanh/ReactNative/bic-group-app/src/screens/groups/GeneralInformation/components/AvatarImage.test.tsx">
    <testCase name="AvatarImage component renders correctly" duration="97"/>
    <testCase name="AvatarImage component should show loading" duration="45"/>
    <testCase name="AvatarImage component should show avatar" duration="79"/>
    <testCase name="AvatarImage component should disable button when loading" duration="102">
      <failure message="Error: Unable to find an element with testID: avatar.button_edit"><![CDATA[Error: Unable to find an element with testID: avatar.button_edit
    at Object.<anonymous> (/Users/namanh/ReactNative/bic-group-app/src/screens/groups/GeneralInformation/components/AvatarImage.test.tsx:77:38)
    at Promise.then.completed (/Users/namanh/ReactNative/bic-group-app/node_modules/jest-circus/build/utils.js:390:28)
    at new Promise (<anonymous>)
    at callAsyncCircusFn (/Users/namanh/ReactNative/bic-group-app/node_modules/jest-circus/build/utils.js:315:10)
    at _callCircusTest (/Users/namanh/ReactNative/bic-group-app/node_modules/jest-circus/build/run.js:218:40)
    at processTicksAndRejections (node:internal/process/task_queues:96:5)
    at _runTest (/Users/namanh/ReactNative/bic-group-app/node_modules/jest-circus/build/run.js:155:3)
    at _runTestsForDescribeBlock (/Users/namanh/ReactNative/bic-group-app/node_modules/jest-circus/build/run.js:66:9)
    at _runTestsForDescribeBlock (/Users/namanh/ReactNative/bic-group-app/node_modules/jest-circus/build/run.js:60:9)
    at run (/Users/namanh/ReactNative/bic-group-app/node_modules/jest-circus/build/run.js:25:3)]]></failure>
    </testCase>
    <testCase name="AvatarImage component should call onEditAvatar when edit button press" duration="35">
      <failure message="Error: Unable to find an element with testID: avatar.button_edit"><![CDATA[Error: Unable to find an element with testID: avatar.button_edit
    at Object.<anonymous> (/Users/namanh/ReactNative/bic-group-app/src/screens/groups/GeneralInformation/components/AvatarImage.test.tsx:101:38)
    at Promise.then.completed (/Users/namanh/ReactNative/bic-group-app/node_modules/jest-circus/build/utils.js:390:28)
    at new Promise (<anonymous>)
    at callAsyncCircusFn (/Users/namanh/ReactNative/bic-group-app/node_modules/jest-circus/build/utils.js:315:10)
    at _callCircusTest (/Users/namanh/ReactNative/bic-group-app/node_modules/jest-circus/build/run.js:218:40)
    at processTicksAndRejections (node:internal/process/task_queues:96:5)
    at _runTest (/Users/namanh/ReactNative/bic-group-app/node_modules/jest-circus/build/run.js:155:3)
    at _runTestsForDescribeBlock (/Users/namanh/ReactNative/bic-group-app/node_modules/jest-circus/build/run.js:66:9)
    at _runTestsForDescribeBlock (/Users/namanh/ReactNative/bic-group-app/node_modules/jest-circus/build/run.js:60:9)
    at run (/Users/namanh/ReactNative/bic-group-app/node_modules/jest-circus/build/run.js:25:3)]]></failure>
    </testCase>
  </file>
  <file path="/Users/namanh/ReactNative/bic-group-app/src/screens/articles/ArticleContentDetail/index.test.tsx">
    <testCase name="ArticleContentDetail screen should render correctly" duration="201"/>
    <testCase name="ArticleContentDetail screen should hide ReactionView" duration="242"/>
    <testCase name="ArticleContentDetail screen should navigate to detail" duration="247"/>
    <testCase name="ArticleContentDetail screen should hide button react" duration="136"/>
  </file>
  <file path="/Users/namanh/ReactNative/bic-group-app/src/beinComponents/inputs/TextInput.test.tsx">
    <testCase name="TextInput component renders correctly" duration="60"/>
    <testCase name="TextInput component should show &quot;TextInput&quot; with right spacing" duration="37"/>
    <testCase name="TextInput component should show &quot;TextInput&quot; editable" duration="28"/>
    <testCase name="TextInput component onChangeText should be called" duration="34"/>
    <testCase name="TextInput component should show &quot;TextInput&quot; with text helper" duration="24"/>
    <testCase name="TextInput component should show &quot;TextInput&quot; with text helper in error" duration="23"/>
    <testCase name="TextInput component should show &quot;TextInput&quot; with text helper action" duration="27"/>
  </file>
  <file path="/Users/namanh/ReactNative/bic-group-app/src/screens/groups/GeneralInformation/components/CoverImage.test.tsx">
    <testCase name="CoverImage component renders correctly" duration="142"/>
    <testCase name="CoverImage component should show loading" duration="42"/>
    <testCase name="CoverImage component should show cover" duration="102"/>
    <testCase name="CoverImage component should disable button when loading" duration="97">
      <failure message="Error: Unable to find an element with testID: cover.button_edit"><![CDATA[Error: Unable to find an element with testID: cover.button_edit
    at Object.<anonymous> (/Users/namanh/ReactNative/bic-group-app/src/screens/groups/GeneralInformation/components/CoverImage.test.tsx:77:38)
    at Promise.then.completed (/Users/namanh/ReactNative/bic-group-app/node_modules/jest-circus/build/utils.js:390:28)
    at new Promise (<anonymous>)
    at callAsyncCircusFn (/Users/namanh/ReactNative/bic-group-app/node_modules/jest-circus/build/utils.js:315:10)
    at _callCircusTest (/Users/namanh/ReactNative/bic-group-app/node_modules/jest-circus/build/run.js:218:40)
    at processTicksAndRejections (node:internal/process/task_queues:96:5)
    at _runTest (/Users/namanh/ReactNative/bic-group-app/node_modules/jest-circus/build/run.js:155:3)
    at _runTestsForDescribeBlock (/Users/namanh/ReactNative/bic-group-app/node_modules/jest-circus/build/run.js:66:9)
    at _runTestsForDescribeBlock (/Users/namanh/ReactNative/bic-group-app/node_modules/jest-circus/build/run.js:60:9)
    at run (/Users/namanh/ReactNative/bic-group-app/node_modules/jest-circus/build/run.js:25:3)]]></failure>
    </testCase>
    <testCase name="CoverImage component should call onEditCover when edit button press" duration="113">
      <failure message="Error: Unable to find an element with testID: cover.button_edit"><![CDATA[Error: Unable to find an element with testID: cover.button_edit
    at Object.<anonymous> (/Users/namanh/ReactNative/bic-group-app/src/screens/groups/GeneralInformation/components/CoverImage.test.tsx:101:38)
    at Promise.then.completed (/Users/namanh/ReactNative/bic-group-app/node_modules/jest-circus/build/utils.js:390:28)
    at new Promise (<anonymous>)
    at callAsyncCircusFn (/Users/namanh/ReactNative/bic-group-app/node_modules/jest-circus/build/utils.js:315:10)
    at _callCircusTest (/Users/namanh/ReactNative/bic-group-app/node_modules/jest-circus/build/run.js:218:40)
    at processTicksAndRejections (node:internal/process/task_queues:96:5)
    at _runTest (/Users/namanh/ReactNative/bic-group-app/node_modules/jest-circus/build/run.js:155:3)
    at _runTestsForDescribeBlock (/Users/namanh/ReactNative/bic-group-app/node_modules/jest-circus/build/run.js:66:9)
    at _runTestsForDescribeBlock (/Users/namanh/ReactNative/bic-group-app/node_modules/jest-circus/build/run.js:60:9)
    at run (/Users/namanh/ReactNative/bic-group-app/node_modules/jest-circus/build/run.js:25:3)]]></failure>
    </testCase>
  </file>
  <file path="/Users/namanh/ReactNative/bic-group-app/src/components/posts/ButtonMarkAsRead/index.test.tsx">
    <testCase name="ButtonMarkAsRead renders correctly with prop style" duration="64"/>
    <testCase name="ButtonMarkAsRead return null if isActor=true" duration="42"/>
    <testCase name="ButtonMarkAsRead return null if markedReadPost=true and mark as read success = false as default" duration="21"/>
    <testCase name="ButtonMarkAsRead return null if isImportant=true" duration="34"/>
    <testCase name="ButtonMarkAsRead return null if not have expireTime" duration="57"/>
  </file>
  <file path="/Users/namanh/ReactNative/bic-group-app/src/screens/series/SeriesDetail/components/SeriesDetailArticleItem/store/actions/deleteArticle.test.ts">
    <testCase name="deleteArticleInSeries should do nothing if id undefined" duration="74"/>
    <testCase name="deleteArticleInSeries should delete aritcle success:" duration="56"/>
    <testCase name="deleteArticleInSeries should delete aritcle throw error and should show toast" duration="5011">
      <failure message="Error: thrown: &quot;Exceeded timeout of 5000 ms for a hook."><![CDATA[Error: thrown: "Exceeded timeout of 5000 ms for a hook.
Use jest.setTimeout(newTimeout) to increase the timeout value, if this is a long-running test."
    at Object.<anonymous> (/Users/namanh/ReactNative/bic-group-app/__mocks__/zustand.js:19:1)
    at Runtime._execModule (/Users/namanh/ReactNative/bic-group-app/node_modules/jest-runtime/build/index.js:1646:24)
    at Runtime._loadModule (/Users/namanh/ReactNative/bic-group-app/node_modules/jest-runtime/build/index.js:1185:12)
    at Runtime.requireMock (/Users/namanh/ReactNative/bic-group-app/node_modules/jest-runtime/build/index.js:1142:12)
    at Runtime.requireModuleOrMock (/Users/namanh/ReactNative/bic-group-app/node_modules/jest-runtime/build/index.js:1208:21)
    at Object.<anonymous> (/Users/namanh/ReactNative/bic-group-app/src/store/utils.ts:1:1)
    at Runtime._execModule (/Users/namanh/ReactNative/bic-group-app/node_modules/jest-runtime/build/index.js:1646:24)
    at Runtime._loadModule (/Users/namanh/ReactNative/bic-group-app/node_modules/jest-runtime/build/index.js:1185:12)
    at Runtime.requireModule (/Users/namanh/ReactNative/bic-group-app/node_modules/jest-runtime/build/index.js:1009:12)
    at Runtime.requireModuleOrMock (/Users/namanh/ReactNative/bic-group-app/node_modules/jest-runtime/build/index.js:1210:21)]]></failure>
    </testCase>
  </file>
  <file path="/Users/namanh/ReactNative/bic-group-app/src/beinComponents/Badge/NotificationsBadge/NotificationsBadgeComponent.test.tsx">
    <testCase name="NotificationsBadgeComponent renders correctly" duration="41"/>
    <testCase name="NotificationsBadgeComponent renders variant alert correctly" duration="6"/>
    <testCase name="NotificationsBadgeComponent renders view style correctly" duration="6"/>
    <testCase name="NotificationsBadgeComponent renders number value that is smaller than maxNumber correctly" duration="10"/>
    <testCase name="NotificationsBadgeComponent renders maxNumber correctly" duration="11"/>
    <testCase name="NotificationsBadgeComponent renders textStyle correctly" duration="11"/>
  </file>
  <file path="/Users/namanh/ReactNative/bic-group-app/src/screens/Menu/AccountSettings/SecurityLogin/ChangePassword/store/actions/changePassword.test.ts">
    <testCase name="changePassword should changePassword success (global = false)" duration="99"/>
    <testCase name="changePassword should changePassword success (global = true)" duration="57"/>
    <testCase name="changePassword should changePassword throw error" duration="77"/>
  </file>
  <file path="/Users/namanh/ReactNative/bic-group-app/src/store/permissions/actions/getAudienceListWithNoPermission.test.ts">
    <testCase name="getAudienceListWithNoPermission should return empty array when input audience is not valid" duration="56"/>
    <testCase name="getAudienceListWithNoPermission should return array of audience with no permissions" duration="147"/>
    <testCase name="getAudienceListWithNoPermission should return empty array of audience with no permissions" duration="66"/>
    <testCase name="getAudienceListWithNoPermission should return full array of 3 audience with no permissions" duration="236"/>
  </file>
  <file path="/Users/namanh/ReactNative/bic-group-app/src/screens/groups/GeneralInformation/components/PrivacyItem.test.tsx">
  </file>
  <file path="/Users/namanh/ReactNative/bic-group-app/src/store/entities/posts/actions/putEditPost.test.ts">
    <testCase name="putEditPost should not Id" duration="107"/>
    <testCase name="putEditPost should put edit Post success:" duration="66"/>
    <testCase name="putEditPost should put edit Post throw error:" duration="45"/>
  </file>
  <file path="/Users/namanh/ReactNative/bic-group-app/src/screens/Menu/components/MenuSettings.test.tsx">
    <testCase name="MenuSettings component renders correctly" duration="145"/>
    <testCase name="MenuSettings component should navigate to account setting screen when click item Settings &amp; privacy" duration="74"/>
    <testCase name="MenuSettings component should open link when click item Report a problem" duration="124"/>
    <testCase name="MenuSettings component should show debug if isShowDebug" duration="184"/>
  </file>
  <file path="/Users/namanh/ReactNative/bic-group-app/src/store/permissions/helper.test.ts">
    <testCase name="helper function checkIfHasPermission should return false correctly when input
  available permissions is not valid" duration="2"/>
    <testCase name="helper function checkIfHasPermission should return true correctly when current
  available permissions have the required permission" duration="0"/>
    <testCase name="helper function checkIfHasPermission should return false correctly when current
  available permissions do not have the required permission" duration="3"/>
    <testCase name="helper function checkIfHasPermission should return true correctly when current
  available permissions have all required permissions" duration="1"/>
    <testCase name="helper function checkIfHasPermission should return true correctly when current
  available permissions have at least 1 required permission" duration="1"/>
    <testCase name="helper function checkIfHasPermission should return true correctly when current
  available permissions has no required permission but has full permission" duration="1"/>
    <testCase name="helper function checkIfHasPermission should return false correctly when current
  available permissions dont have any required permissions" duration="0"/>
  </file>
  <file path="/Users/namanh/ReactNative/bic-group-app/src/screens/auth/VerifyEmail/store/actions/resendVerifyEmail.test.ts">
    <testCase name="resendVerifyEmail should call api resend verify email success" duration="93"/>
    <testCase name="resendVerifyEmail should call call api resend verify email, throw error LimitExceededException" duration="30"/>
    <testCase name="resendVerifyEmail should call call api resend verify email, throw error LimitExceededException" duration="25"/>
  </file>
  <file path="/Users/namanh/ReactNative/bic-group-app/src/screens/groups/components/MemberItem.test.tsx">
    <testCase name="MemberItem component should render data correctly" duration="96"/>
    <testCase name="MemberItem component should render icon member option correctly when user is an admin" duration="53"/>
    <testCase name="MemberItem component should NOT render icon member option correctly when user is NOT an admin" duration="2947">
      <failure message="Error: expect(received).toBeNull()"><![CDATA[Error: expect(received).toBeNull()

Received: {"_fiber": {"_debugHookTypes": null, "_debugID": 273, "_debugNeedsRemount": false, "_debugOwner": [FiberNode], "_debugSource": null, "actualDuration": 0, "actualStartTime": -1, "alternate": null, "child": [FiberNode], "childLanes": 0, "dependencies": null, "elementType": "View", "firstEffect": [FiberNode], "flags": 0, "index": 0, "key": null, "lanes": 0, "lastEffect": [FiberNode], "memoizedProps": [Object], "memoizedState": null, "mode": 0, "nextEffect": null, "pendingProps": [Object], "ref": null, "return": [FiberNode], "selfBaseDuration": 0, "sibling": null, "stateNode": [Object], "tag": 5, "treeBaseDuration": 0, "type": "View", "updateQueue": null}}
    at Object.<anonymous> (/Users/namanh/ReactNative/bic-group-app/src/screens/groups/components/MemberItem.test.tsx:63:23)
    at Promise.then.completed (/Users/namanh/ReactNative/bic-group-app/node_modules/jest-circus/build/utils.js:390:28)
    at new Promise (<anonymous>)
    at callAsyncCircusFn (/Users/namanh/ReactNative/bic-group-app/node_modules/jest-circus/build/utils.js:315:10)
    at _callCircusTest (/Users/namanh/ReactNative/bic-group-app/node_modules/jest-circus/build/run.js:218:40)
    at processTicksAndRejections (node:internal/process/task_queues:96:5)
    at _runTest (/Users/namanh/ReactNative/bic-group-app/node_modules/jest-circus/build/run.js:155:3)
    at _runTestsForDescribeBlock (/Users/namanh/ReactNative/bic-group-app/node_modules/jest-circus/build/run.js:66:9)
    at _runTestsForDescribeBlock (/Users/namanh/ReactNative/bic-group-app/node_modules/jest-circus/build/run.js:60:9)
    at run (/Users/namanh/ReactNative/bic-group-app/node_modules/jest-circus/build/run.js:25:3)]]></failure>
    </testCase>
    <testCase name="MemberItem component should navigate to User profile correctly" duration="42"/>
  </file>
  <file path="/Users/namanh/ReactNative/bic-group-app/src/components/posts/ButtonMarkAsRead/store/actions/putMarkAsRead.test.ts">
    <testCase name="putMarkAsRead should not Id" duration="84"/>
    <testCase name="putMarkAsRead should put Mark As Read success:" duration="44"/>
    <testCase name="putMarkAsRead should put Mark As Read throw error:" duration="17">
      <failure message="Error: expect(jest.fn()).toBeCalled()"><![CDATA[Error: expect(jest.fn()).toBeCalled()

Expected number of calls: >= 1
Received number of calls:    0
    at Object.<anonymous> (/Users/namanh/ReactNative/bic-group-app/src/components/posts/ButtonMarkAsRead/store/actions/putMarkAsRead.test.ts:84:17)
    at Promise.then.completed (/Users/namanh/ReactNative/bic-group-app/node_modules/jest-circus/build/utils.js:390:28)
    at new Promise (<anonymous>)
    at callAsyncCircusFn (/Users/namanh/ReactNative/bic-group-app/node_modules/jest-circus/build/utils.js:315:10)
    at _callCircusTest (/Users/namanh/ReactNative/bic-group-app/node_modules/jest-circus/build/run.js:218:40)
    at processTicksAndRejections (node:internal/process/task_queues:96:5)
    at _runTest (/Users/namanh/ReactNative/bic-group-app/node_modules/jest-circus/build/run.js:155:3)
    at _runTestsForDescribeBlock (/Users/namanh/ReactNative/bic-group-app/node_modules/jest-circus/build/run.js:66:9)
    at _runTestsForDescribeBlock (/Users/namanh/ReactNative/bic-group-app/node_modules/jest-circus/build/run.js:60:9)
    at run (/Users/namanh/ReactNative/bic-group-app/node_modules/jest-circus/build/run.js:25:3)]]></failure>
    </testCase>
  </file>
  <file path="/Users/namanh/ReactNative/bic-group-app/src/store/entities/posts/actions/deletePost.test.ts">
    <testCase name="deletePost should not Id" duration="89"/>
    <testCase name="deletePost should delete Post success:" duration="52"/>
    <testCase name="deletePost should delete Post throw error:" duration="24"/>
  </file>
  <file path="/Users/namanh/ReactNative/bic-group-app/src/beinComponents/list/items/NotificationItem/index.test.tsx">
    <testCase name="NotificationItem component should render null when id is empty" duration="76"/>
    <testCase name="NotificationItem component renders correctly when notification is not empty" duration="120"/>
    <testCase name="NotificationItem component renders correctly when notification is not empty and not show avatar" duration="65"/>
  </file>
  <file path="/Users/namanh/ReactNative/bic-group-app/src/baseComponents/EmojiPicker/components/EmojiSectionIcons/index.test.tsx">
    <testCase name="EmojiSectionIcons component should render correctly" duration="195"/>
    <testCase name="EmojiSectionIcons component should render null when visible=false" duration="81"/>
    <testCase name="EmojiSectionIcons component should render null when searching" duration="249"/>
    <testCase name="EmojiSectionIcons component should call onPress" duration="75"/>
    <testCase name="EmojiSectionIcons component should hide KeyboardSpacer on android" duration="51"/>
  </file>
  <file path="/Users/namanh/ReactNative/bic-group-app/src/baseComponents/Avatar/AvatarComponent.test.tsx">
    <testCase name="Avatar component renders correctly" duration="69"/>
    <testCase name="Avatar component renders correctly badge" duration="95"/>
    <testCase name="Avatar component renders correctly badge bottom" duration="69">
      <failure message="TypeError: Cannot read properties of undefined (reading &apos;top&apos;)"><![CDATA[TypeError: Cannot read properties of undefined (reading 'top')
    at Object.<anonymous> (/Users/namanh/ReactNative/bic-group-app/src/baseComponents/Avatar/AvatarComponent.test.tsx:39:39)
    at Promise.then.completed (/Users/namanh/ReactNative/bic-group-app/node_modules/jest-circus/build/utils.js:390:28)
    at new Promise (<anonymous>)
    at callAsyncCircusFn (/Users/namanh/ReactNative/bic-group-app/node_modules/jest-circus/build/utils.js:315:10)
    at _callCircusTest (/Users/namanh/ReactNative/bic-group-app/node_modules/jest-circus/build/run.js:218:40)
    at processTicksAndRejections (node:internal/process/task_queues:96:5)
    at _runTest (/Users/namanh/ReactNative/bic-group-app/node_modules/jest-circus/build/run.js:155:3)
    at _runTestsForDescribeBlock (/Users/namanh/ReactNative/bic-group-app/node_modules/jest-circus/build/run.js:66:9)
    at _runTestsForDescribeBlock (/Users/namanh/ReactNative/bic-group-app/node_modules/jest-circus/build/run.js:60:9)
    at run (/Users/namanh/ReactNative/bic-group-app/node_modules/jest-circus/build/run.js:25:3)]]></failure>
    </testCase>
    <testCase name="Avatar component renders correctly badge check" duration="73"/>
    <testCase name="Avatar component renders correctly round" duration="29">
      <failure message="Error: expect(received).not.toBe(expected) // Object.is equality"><![CDATA[Error: expect(received).not.toBe(expected) // Object.is equality

Expected: not undefined
    at Object.<anonymous> (/Users/namanh/ReactNative/bic-group-app/src/baseComponents/Avatar/AvatarComponent.test.tsx:56:58)
    at Promise.then.completed (/Users/namanh/ReactNative/bic-group-app/node_modules/jest-circus/build/utils.js:390:28)
    at new Promise (<anonymous>)
    at callAsyncCircusFn (/Users/namanh/ReactNative/bic-group-app/node_modules/jest-circus/build/utils.js:315:10)
    at _callCircusTest (/Users/namanh/ReactNative/bic-group-app/node_modules/jest-circus/build/run.js:218:40)
    at processTicksAndRejections (node:internal/process/task_queues:96:5)
    at _runTest (/Users/namanh/ReactNative/bic-group-app/node_modules/jest-circus/build/run.js:155:3)
    at _runTestsForDescribeBlock (/Users/namanh/ReactNative/bic-group-app/node_modules/jest-circus/build/run.js:66:9)
    at _runTestsForDescribeBlock (/Users/namanh/ReactNative/bic-group-app/node_modules/jest-circus/build/run.js:60:9)
    at run (/Users/namanh/ReactNative/bic-group-app/node_modules/jest-circus/build/run.js:25:3)]]></failure>
    </testCase>
    <testCase name="Avatar component should call props onPressAction" duration="53"/>
    <testCase name="Avatar component renders correctly status" duration="41"/>
  </file>
  <file path="/Users/namanh/ReactNative/bic-group-app/src/screens/communities/CommunityMembers/store/actions/removeCommunityMember.test.ts">
    <testCase name="removeCommunityMember should remove community member success:" duration="78"/>
    <testCase name="removeCommunityMember should remove community member throw error" duration="51"/>
  </file>
  <file path="/Users/namanh/ReactNative/bic-group-app/src/screens/communities/store/actions/leaveCommunity.test.ts">
    <testCase name="leaveCommunity should leave community success:" duration="99"/>
    <testCase name="leaveCommunity should leave community throw error" duration="33"/>
  </file>
  <file path="/Users/namanh/ReactNative/bic-group-app/src/components/articles/ArticleSelectingListInfo/index.test.tsx">
    <testCase name="ArticleSelectingListInfo Component renders correctly" duration="142"/>
    <testCase name="ArticleSelectingListInfo Component renders correctly with prop title" duration="55"/>
    <testCase name="ArticleSelectingListInfo Component renders correctly with prop infoMessage" duration="62"/>
    <testCase name="ArticleSelectingListInfo Component renders correctly with prop tagProps" duration="68"/>
    <testCase name="ArticleSelectingListInfo Component should call prop onRemoveItem" duration="44"/>
  </file>
  <file path="/Users/namanh/ReactNative/bic-group-app/src/screens/groups/GroupMembers/store/actions/removeGroupMember.test.ts">
    <testCase name="removeGroupMember should remove group member success:" duration="82"/>
    <testCase name="removeGroupMember should remove group member throw error" duration="23"/>
  </file>
  <file path="/Users/namanh/ReactNative/bic-group-app/src/screens/communities/CommunityDetail/index.test.tsx">
    <testCase name="CommunityDetail renders Placeholder  correctly" duration="243"/>
    <testCase name="CommunityDetail should render PrivateWelcome page for guest" duration="234">
      <failure message="Error: Unable to find an element with testID: private_welcome"><![CDATA[Error: Unable to find an element with testID: private_welcome
    at Object.<anonymous> (/Users/namanh/ReactNative/bic-group-app/src/screens/communities/CommunityDetail/index.test.tsx:36:40)
    at Promise.then.completed (/Users/namanh/ReactNative/bic-group-app/node_modules/jest-circus/build/utils.js:390:28)
    at new Promise (<anonymous>)
    at callAsyncCircusFn (/Users/namanh/ReactNative/bic-group-app/node_modules/jest-circus/build/utils.js:315:10)
    at _callCircusTest (/Users/namanh/ReactNative/bic-group-app/node_modules/jest-circus/build/run.js:218:40)
    at processTicksAndRejections (node:internal/process/task_queues:96:5)
    at _runTest (/Users/namanh/ReactNative/bic-group-app/node_modules/jest-circus/build/run.js:155:3)
    at _runTestsForDescribeBlock (/Users/namanh/ReactNative/bic-group-app/node_modules/jest-circus/build/run.js:66:9)
    at _runTestsForDescribeBlock (/Users/namanh/ReactNative/bic-group-app/node_modules/jest-circus/build/run.js:60:9)
    at run (/Users/namanh/ReactNative/bic-group-app/node_modules/jest-circus/build/run.js:25:3)]]></failure>
    </testCase>
    <testCase name="CommunityDetail should render PageContent page correctly when user is a member" duration="89">
      <failure message="Error: Unable to find an element with testID: flatlist"><![CDATA[Error: Unable to find an element with testID: flatlist
    at Object.<anonymous> (/Users/namanh/ReactNative/bic-group-app/src/screens/communities/CommunityDetail/index.test.tsx:48:30)
    at Promise.then.completed (/Users/namanh/ReactNative/bic-group-app/node_modules/jest-circus/build/utils.js:390:28)
    at new Promise (<anonymous>)
    at callAsyncCircusFn (/Users/namanh/ReactNative/bic-group-app/node_modules/jest-circus/build/utils.js:315:10)
    at _callCircusTest (/Users/namanh/ReactNative/bic-group-app/node_modules/jest-circus/build/run.js:218:40)
    at processTicksAndRejections (node:internal/process/task_queues:96:5)
    at _runTest (/Users/namanh/ReactNative/bic-group-app/node_modules/jest-circus/build/run.js:155:3)
    at _runTestsForDescribeBlock (/Users/namanh/ReactNative/bic-group-app/node_modules/jest-circus/build/run.js:66:9)
    at _runTestsForDescribeBlock (/Users/namanh/ReactNative/bic-group-app/node_modules/jest-circus/build/run.js:60:9)
    at run (/Users/namanh/ReactNative/bic-group-app/node_modules/jest-circus/build/run.js:25:3)]]></failure>
    </testCase>
    <testCase name="CommunityDetail should render PageContent page correctly when user is not a member for OPEN/PUBLIC privacy type" duration="77">
      <failure message="Error: Unable to find an element with testID: flatlist"><![CDATA[Error: Unable to find an element with testID: flatlist
    at Object.<anonymous> (/Users/namanh/ReactNative/bic-group-app/src/screens/communities/CommunityDetail/index.test.tsx:64:30)
    at Promise.then.completed (/Users/namanh/ReactNative/bic-group-app/node_modules/jest-circus/build/utils.js:390:28)
    at new Promise (<anonymous>)
    at callAsyncCircusFn (/Users/namanh/ReactNative/bic-group-app/node_modules/jest-circus/build/utils.js:315:10)
    at _callCircusTest (/Users/namanh/ReactNative/bic-group-app/node_modules/jest-circus/build/run.js:218:40)
    at processTicksAndRejections (node:internal/process/task_queues:96:5)
    at _runTest (/Users/namanh/ReactNative/bic-group-app/node_modules/jest-circus/build/run.js:155:3)
    at _runTestsForDescribeBlock (/Users/namanh/ReactNative/bic-group-app/node_modules/jest-circus/build/run.js:66:9)
    at _runTestsForDescribeBlock (/Users/namanh/ReactNative/bic-group-app/node_modules/jest-circus/build/run.js:60:9)
    at run (/Users/namanh/ReactNative/bic-group-app/node_modules/jest-circus/build/run.js:25:3)]]></failure>
    </testCase>
    <testCase name="CommunityDetail should not render chat icon correctly for PRIVATE privacy type when user is a guest" duration="99"/>
  </file>
  <file path="/Users/namanh/ReactNative/bic-group-app/src/components/FilterToolbar/store/actions/searchPostUsers.test.ts">
    <testCase name="searchPostUsers should refresh search if isLoadMore = false" duration="88"/>
    <testCase name="searchPostUsers should load more search if isLoadMore = true" duration="41"/>
  </file>
  <file path="/Users/namanh/ReactNative/bic-group-app/src/screens/Notification/store/actions/markAsReadAll.test.ts">
    <testCase name="markAsReadAll function call api mark as read all successfully" duration="97"/>
    <testCase name="markAsReadAll function should call api mark as read all throw error" duration="14"/>
  </file>
  <file path="/Users/namanh/ReactNative/bic-group-app/src/baseComponents/Tag/index.test.tsx">
    <testCase name="Tag component renders correctly Tag component type TextOnly" duration="84">
      <failure message="Error: expect([38;5;23m[48;5;195mreceived).toMatchSnapshot()"><![CDATA[Error: expect([38;5;23m[48;5;195mreceived).toMatchSnapshot()

Snapshot name: `Tag component renders correctly Tag component type TextOnly 1`

[38;5;90m[48;5;225m- Snapshot  - 1
[38;5;23m[48;5;195m+ Received  + 2

@@ -33,11 +33,11 @@
              "flexDirection": "row",
              "height": 24,
              "justifyContent": "center",
              "marginRight": 8,
              "opacity": 1,
[38;5;90m[48;5;225m-             "paddingLeft": 8,
[38;5;23m[48;5;195m+             "paddingLeft": 4,
              "paddingRight": 8,
            }
          }
          testID="tag.item"
        >
@@ -50,10 +50,11 @@
                  "fontSize": 11,
                },
                Object {},
                Object {
                  "color": "#7335C0",
[38;5;23m[48;5;195m+                 "paddingLeft": 4,
                },
              ]
            }
            testID="tag.label"
          >
    at Object.<anonymous> (/Users/namanh/ReactNative/bic-group-app/src/baseComponents/Tag/index.test.tsx:11:22)
    at Promise.then.completed (/Users/namanh/ReactNative/bic-group-app/node_modules/jest-circus/build/utils.js:390:28)
    at new Promise (<anonymous>)
    at callAsyncCircusFn (/Users/namanh/ReactNative/bic-group-app/node_modules/jest-circus/build/utils.js:315:10)
    at _callCircusTest (/Users/namanh/ReactNative/bic-group-app/node_modules/jest-circus/build/run.js:218:40)
    at processTicksAndRejections (node:internal/process/task_queues:96:5)
    at _runTest (/Users/namanh/ReactNative/bic-group-app/node_modules/jest-circus/build/run.js:155:3)
    at _runTestsForDescribeBlock (/Users/namanh/ReactNative/bic-group-app/node_modules/jest-circus/build/run.js:66:9)
    at _runTestsForDescribeBlock (/Users/namanh/ReactNative/bic-group-app/node_modules/jest-circus/build/run.js:60:9)
    at run (/Users/namanh/ReactNative/bic-group-app/node_modules/jest-circus/build/run.js:25:3)]]></failure>
    </testCase>
    <testCase name="Tag component should call props onActionPress" duration="42"/>
    <testCase name="Tag component renders correctly Tag component type NameTag" duration="29">
      <failure message="Error: expect([38;5;23m[48;5;195mreceived).toMatchSnapshot()"><![CDATA[Error: expect([38;5;23m[48;5;195mreceived).toMatchSnapshot()

Snapshot name: `Tag component renders correctly Tag component type NameTag 1`

[38;5;90m[48;5;225m- Snapshot  - 1
[38;5;23m[48;5;195m+ Received  + 2

@@ -33,11 +33,11 @@
              "flexDirection": "row",
              "height": 24,
              "justifyContent": "center",
              "marginRight": 8,
              "opacity": 1,
[38;5;90m[48;5;225m-             "paddingLeft": 8,
[38;5;23m[48;5;195m+             "paddingLeft": 4,
              "paddingRight": 4,
            }
          }
          testID="tag.item"
        >
@@ -50,10 +50,11 @@
                  "fontSize": 11,
                },
                Object {},
                Object {
                  "color": "#7335C0",
[38;5;23m[48;5;195m+                 "paddingLeft": 4,
                },
              ]
            }
            testID="tag.label"
          >
    at Object.<anonymous> (/Users/namanh/ReactNative/bic-group-app/src/baseComponents/Tag/index.test.tsx:25:31)
    at Promise.then.completed (/Users/namanh/ReactNative/bic-group-app/node_modules/jest-circus/build/utils.js:390:28)
    at new Promise (<anonymous>)
    at callAsyncCircusFn (/Users/namanh/ReactNative/bic-group-app/node_modules/jest-circus/build/utils.js:315:10)
    at _callCircusTest (/Users/namanh/ReactNative/bic-group-app/node_modules/jest-circus/build/run.js:218:40)
    at processTicksAndRejections (node:internal/process/task_queues:96:5)
    at _runTest (/Users/namanh/ReactNative/bic-group-app/node_modules/jest-circus/build/run.js:155:3)
    at _runTestsForDescribeBlock (/Users/namanh/ReactNative/bic-group-app/node_modules/jest-circus/build/run.js:66:9)
    at _runTestsForDescribeBlock (/Users/namanh/ReactNative/bic-group-app/node_modules/jest-circus/build/run.js:60:9)
    at run (/Users/namanh/ReactNative/bic-group-app/node_modules/jest-circus/build/run.js:25:3)]]></failure>
    </testCase>
    <testCase name="Tag component renders correctly Tag component type AvatarTag" duration="44">
      <failure message="Error: expect([38;5;23m[48;5;195mreceived).toMatchSnapshot()"><![CDATA[Error: expect([38;5;23m[48;5;195mreceived).toMatchSnapshot()

Snapshot name: `Tag component renders correctly Tag component type AvatarTag 1`

[38;5;90m[48;5;225m- Snapshot  - 48
[38;5;23m[48;5;195m+ Received  + 14

@@ -33,101 +33,67 @@
              "flexDirection": "row",
              "height": 24,
              "justifyContent": "center",
              "marginRight": 8,
              "opacity": 1,
[38;5;90m[48;5;225m-             "paddingLeft": 0,
[38;5;23m[48;5;195m+             "paddingLeft": 4,
              "paddingRight": 4,
            }
          }
          testID="tag.item"
        >
          <View
            style={
              Array [
                Object {
[38;5;90m[48;5;225m-                 "borderRadius": 12,
[38;5;23m[48;5;195m+                 "borderRadius": 4,
                  "height": 24,
                  "width": 24,
                },
[38;5;90m[48;5;225m-               Object {
[38;5;90m[48;5;225m-                 "marginRight": 4,
[38;5;90m[48;5;225m-               },
[38;5;23m[48;5;195m+               Object {},
              ]
            }
            testID="avatar"
          >
            <View
              style={
                Array [
                  Object {
[38;5;90m[48;5;225m-                   "borderRadius": 12,
[38;5;23m[48;5;195m+                   "borderRadius": 4,
                    "height": 24,
                    "width": 24,
                  },
                  Object {},
                ]
              }
              testID="avatar_container"
            >
              <View
[38;5;90m[48;5;225m-               onLayout={[Function]}
                style={
[38;5;23m[48;5;195m+                 Array [
                    Object {
[38;5;90m[48;5;225m-                   "backgroundColor": "transparent",
[38;5;90m[48;5;225m-                   "position": "relative",
[38;5;90m[48;5;225m-                 }
[38;5;90m[48;5;225m-               }
[38;5;90m[48;5;225m-             >
[38;5;90m[48;5;225m-               <View
[38;5;90m[48;5;225m-                 collapsable={false}
[38;5;90m[48;5;225m-                 style={
[38;5;23m[48;5;195m+                     "overflow": "hidden",
[38;5;23m[48;5;195m+                   },
[38;5;23m[48;5;195m+                   Array [
                      Object {
[38;5;90m[48;5;225m-                     "bottom": 0,
[38;5;90m[48;5;225m-                     "left": 0,
[38;5;90m[48;5;225m-                     "opacity": 1,
[38;5;90m[48;5;225m-                     "position": "absolute",
[38;5;90m[48;5;225m-                     "right": 0,
[38;5;90m[48;5;225m-                     "top": 0,
[38;5;90m[48;5;225m-                   }
[38;5;90m[48;5;225m-                 }
[38;5;90m[48;5;225m-               >
[38;5;90m[48;5;225m-                 <View
[38;5;90m[48;5;225m-                   style={
[38;5;90m[48;5;225m-                     Object {
[38;5;90m[48;5;225m-                       "alignItems": "center",
[38;5;90m[48;5;225m-                       "backgroundColor": "#f9f9f9",
[38;5;90m[48;5;225m-                       "borderColor": "#F2F5F8",
[38;5;90m[48;5;225m-                       "borderRadius": 12,
[38;5;90m[48;5;225m-                       "borderWidth": 2,
[38;5;23m[48;5;195m+                       "borderRadius": 4,
                        "height": 24,
[38;5;90m[48;5;225m-                       "justifyContent": "center",
                        "width": 24,
[38;5;90m[48;5;225m-                     }
[38;5;90m[48;5;225m-                   }
[38;5;90m[48;5;225m-                   testID="Image__placeholder"
[38;5;90m[48;5;225m-                 />
[38;5;90m[48;5;225m-               </View>
[38;5;90m[48;5;225m-               <View
[38;5;90m[48;5;225m-                 style={
[38;5;90m[48;5;225m-                   Array [
[38;5;90m[48;5;225m-                     Object {
[38;5;90m[48;5;225m-                       "overflow": "hidden",
                      },
                      Object {
                        "borderColor": "#F2F5F8",
[38;5;90m[48;5;225m-                       "borderRadius": 12,
                        "borderWidth": 2,
[38;5;90m[48;5;225m-                       "height": 24,
[38;5;90m[48;5;225m-                       "width": 24,
[38;5;23m[48;5;195m+                     },
[38;5;23m[48;5;195m+                     Object {
[38;5;23m[48;5;195m+                       "backgroundColor": "#FFFFFF",
                      },
[38;5;23m[48;5;195m+                   ],
                  ]
                }
              >
                <FastImageView
                  onFastImageError={[Function]}
[38;5;90m[48;5;225m-                   onFastImageLoadEnd={[Function]}
                  resizeMode="cover"
                  source={
                    Object {
                      "uri": "https://hips.hearstapps.com/hmg-prod.s3.amazonaws.com/images/close-up-of-cat-wearing-sunglasses-while-sitting-royalty-free-image-1571755145.jpg",
                    }
@@ -144,11 +110,10 @@
                  testID="avatar.image"
                />
              </View>
            </View>
          </View>
[38;5;90m[48;5;225m-         </View>
          <Text
            style={
              Array [
                Object {
                  "color": "#212745",
@@ -156,10 +121,11 @@
                  "fontSize": 11,
                },
                Object {},
                Object {
                  "color": "#7335C0",
[38;5;23m[48;5;195m+                 "paddingLeft": 4,
                },
              ]
            }
            testID="tag.label"
          >
    at Object.<anonymous> (/Users/namanh/ReactNative/bic-group-app/src/baseComponents/Tag/index.test.tsx:35:31)
    at Promise.then.completed (/Users/namanh/ReactNative/bic-group-app/node_modules/jest-circus/build/utils.js:390:28)
    at new Promise (<anonymous>)
    at callAsyncCircusFn (/Users/namanh/ReactNative/bic-group-app/node_modules/jest-circus/build/utils.js:315:10)
    at _callCircusTest (/Users/namanh/ReactNative/bic-group-app/node_modules/jest-circus/build/run.js:218:40)
    at processTicksAndRejections (node:internal/process/task_queues:96:5)
    at _runTest (/Users/namanh/ReactNative/bic-group-app/node_modules/jest-circus/build/run.js:155:3)
    at _runTestsForDescribeBlock (/Users/namanh/ReactNative/bic-group-app/node_modules/jest-circus/build/run.js:66:9)
    at _runTestsForDescribeBlock (/Users/namanh/ReactNative/bic-group-app/node_modules/jest-circus/build/run.js:60:9)
    at run (/Users/namanh/ReactNative/bic-group-app/node_modules/jest-circus/build/run.js:25:3)]]></failure>
    </testCase>
    <testCase name="Tag component should call props onPressIcon" duration="34"/>
    <testCase name="Tag component should disable button when props disabled = true" duration="20"/>
    <testCase name="Tag component should render correctly style when change style of props" duration="25"/>
  </file>
  <file path="/Users/namanh/ReactNative/bic-group-app/src/screens/articles/CreateArticle/components/Schedule.test.tsx">
    <testCase name="Schedule should render correctly" duration="123"/>
    <testCase name="Schedule should validate series vs tags" duration="164"/>
    <testCase name="Schedule validate series vs tags fail" duration="186"/>
  </file>
  <file path="/Users/namanh/ReactNative/bic-group-app/src/screens/series/store/actions/getSeriesDetail.test.ts">
    <testCase name="getSeriesDetail should do nothing if id undefined" duration="57"/>
    <testCase name="getSeriesDetail should get series success:" duration="41"/>
    <testCase name="getSeriesDetail should get series throw error" duration="5006">
      <failure message="Error: thrown: &quot;Exceeded timeout of 5000 ms for a hook."><![CDATA[Error: thrown: "Exceeded timeout of 5000 ms for a hook.
Use jest.setTimeout(newTimeout) to increase the timeout value, if this is a long-running test."
    at Object.<anonymous> (/Users/namanh/ReactNative/bic-group-app/__mocks__/zustand.js:19:1)
    at Runtime._execModule (/Users/namanh/ReactNative/bic-group-app/node_modules/jest-runtime/build/index.js:1646:24)
    at Runtime._loadModule (/Users/namanh/ReactNative/bic-group-app/node_modules/jest-runtime/build/index.js:1185:12)
    at Runtime.requireMock (/Users/namanh/ReactNative/bic-group-app/node_modules/jest-runtime/build/index.js:1142:12)
    at Runtime.requireModuleOrMock (/Users/namanh/ReactNative/bic-group-app/node_modules/jest-runtime/build/index.js:1208:21)
    at Object.<anonymous> (/Users/namanh/ReactNative/bic-group-app/src/store/utils.ts:1:1)
    at Runtime._execModule (/Users/namanh/ReactNative/bic-group-app/node_modules/jest-runtime/build/index.js:1646:24)
    at Runtime._loadModule (/Users/namanh/ReactNative/bic-group-app/node_modules/jest-runtime/build/index.js:1185:12)
    at Runtime.requireModule (/Users/namanh/ReactNative/bic-group-app/node_modules/jest-runtime/build/index.js:1009:12)
    at Runtime.requireModuleOrMock (/Users/namanh/ReactNative/bic-group-app/node_modules/jest-runtime/build/index.js:1210:21)]]></failure>
    </testCase>
  </file>
  <file path="/Users/namanh/ReactNative/bic-group-app/src/baseComponents/EmojiPicker/components/EmojiPickerRow/index.test.tsx">
    <testCase name="EmojiPickerRow component should render correctly" duration="94"/>
    <testCase name="EmojiPickerRow component should call onEmojiPress" duration="74"/>
  </file>
  <file path="/Users/namanh/ReactNative/bic-group-app/src/screens/groups/components/MemberList.test.tsx">
    <testCase name="MemberList component should render data correctly" duration="168"/>
    <testCase name="MemberList component should render loading more indicator correctly when getting more data" duration="124">
      <failure message="Error: Unable to find an element with testID: member_list.loading_more_indicator"><![CDATA[Error: Unable to find an element with testID: member_list.loading_more_indicator
    at Object.<anonymous> (/Users/namanh/ReactNative/bic-group-app/src/screens/groups/components/MemberList.test.tsx:82:38)
    at Promise.then.completed (/Users/namanh/ReactNative/bic-group-app/node_modules/jest-circus/build/utils.js:390:28)
    at new Promise (<anonymous>)
    at callAsyncCircusFn (/Users/namanh/ReactNative/bic-group-app/node_modules/jest-circus/build/utils.js:315:10)
    at _callCircusTest (/Users/namanh/ReactNative/bic-group-app/node_modules/jest-circus/build/run.js:218:40)
    at processTicksAndRejections (node:internal/process/task_queues:96:5)
    at _runTest (/Users/namanh/ReactNative/bic-group-app/node_modules/jest-circus/build/run.js:155:3)
    at _runTestsForDescribeBlock (/Users/namanh/ReactNative/bic-group-app/node_modules/jest-circus/build/run.js:66:9)
    at _runTestsForDescribeBlock (/Users/namanh/ReactNative/bic-group-app/node_modules/jest-circus/build/run.js:60:9)
    at run (/Users/namanh/ReactNative/bic-group-app/node_modules/jest-circus/build/run.js:25:3)]]></failure>
    </testCase>
  </file>
  <file path="/Users/namanh/ReactNative/bic-group-app/src/screens/articles/CreateArticle/screens/CreateArticleSeries/store/actions/searchSeries.test.ts">
    <testCase name="searchSeries in article should search list series success:" duration="82"/>
    <testCase name="searchSeries in article should search series throw error and should show toast" duration="39"/>
  </file>
  <file path="/Users/namanh/ReactNative/bic-group-app/src/screens/groups/GroupMembers/AddMembersToGroup/store/actions/addUsersToGroup.test.ts">
    <testCase name="addUsersToGroup should add users to group success and then update store correctly" duration="100"/>
    <testCase name="addUsersToGroup should call API but thows an error" duration="38"/>
  </file>
  <file path="/Users/namanh/ReactNative/bic-group-app/src/screens/articles/CreateArticle/screens/CreateArticleTags/store/actions/searchTags.test.ts">
    <testCase name="searchTags in article should search list tags success:" duration="62"/>
    <testCase name="searchTags in article should search tags throw error and should show toast" duration="38">
      <failure message="Error: expect(received).toBe(expected) // Object.is equality"><![CDATA[Error: expect(received).toBe(expected) // Object.is equality

Expected: "test"
Received: ""
    at Object.<anonymous> (/Users/namanh/ReactNative/bic-group-app/src/screens/articles/CreateArticle/screens/CreateArticleTags/store/actions/searchTags.test.ts:66:39)
    at Promise.then.completed (/Users/namanh/ReactNative/bic-group-app/node_modules/jest-circus/build/utils.js:390:28)
    at new Promise (<anonymous>)
    at callAsyncCircusFn (/Users/namanh/ReactNative/bic-group-app/node_modules/jest-circus/build/utils.js:315:10)
    at _callCircusTest (/Users/namanh/ReactNative/bic-group-app/node_modules/jest-circus/build/run.js:218:40)
    at processTicksAndRejections (node:internal/process/task_queues:96:5)
    at _runTest (/Users/namanh/ReactNative/bic-group-app/node_modules/jest-circus/build/run.js:155:3)
    at _runTestsForDescribeBlock (/Users/namanh/ReactNative/bic-group-app/node_modules/jest-circus/build/run.js:66:9)
    at _runTestsForDescribeBlock (/Users/namanh/ReactNative/bic-group-app/node_modules/jest-circus/build/run.js:60:9)
    at run (/Users/namanh/ReactNative/bic-group-app/node_modules/jest-circus/build/run.js:25:3)]]></failure>
    </testCase>
  </file>
  <file path="/Users/namanh/ReactNative/bic-group-app/src/store/permissions/actions/getMyPermissions.test.ts">
    <testCase name="getMyPermissions should call api and get data successfully" duration="66"/>
    <testCase name="getMyPermissions should not call api when loading" duration="26"/>
    <testCase name="getMyPermissions should call API and thow server error" duration="5003">
      <failure message="Error: thrown: &quot;Exceeded timeout of 5000 ms for a hook."><![CDATA[Error: thrown: "Exceeded timeout of 5000 ms for a hook.
Use jest.setTimeout(newTimeout) to increase the timeout value, if this is a long-running test."
    at Object.<anonymous> (/Users/namanh/ReactNative/bic-group-app/__mocks__/zustand.js:19:1)
    at Runtime._execModule (/Users/namanh/ReactNative/bic-group-app/node_modules/jest-runtime/build/index.js:1646:24)
    at Runtime._loadModule (/Users/namanh/ReactNative/bic-group-app/node_modules/jest-runtime/build/index.js:1185:12)
    at Runtime.requireMock (/Users/namanh/ReactNative/bic-group-app/node_modules/jest-runtime/build/index.js:1142:12)
    at Runtime.requireModuleOrMock (/Users/namanh/ReactNative/bic-group-app/node_modules/jest-runtime/build/index.js:1208:21)
    at Object.<anonymous> (/Users/namanh/ReactNative/bic-group-app/src/store/utils.ts:1:1)
    at Runtime._execModule (/Users/namanh/ReactNative/bic-group-app/node_modules/jest-runtime/build/index.js:1646:24)
    at Runtime._loadModule (/Users/namanh/ReactNative/bic-group-app/node_modules/jest-runtime/build/index.js:1185:12)
    at Runtime.requireModule (/Users/namanh/ReactNative/bic-group-app/node_modules/jest-runtime/build/index.js:1009:12)
    at Runtime.requireModuleOrMock (/Users/namanh/ReactNative/bic-group-app/node_modules/jest-runtime/build/index.js:1210:21)]]></failure>
    </testCase>
  </file>
  <file path="/Users/namanh/ReactNative/bic-group-app/src/screens/Menu/AccountSettings/EditBasicInfo/fragments/SettingItem.test.tsx">
    <testCase name="SettingItem conponent renders correctly" duration="89"/>
    <testCase name="SettingItem conponent should call props onPress" duration="41"/>
    <testCase name="SettingItem conponent renders correctly testID" duration="39"/>
    <testCase name="SettingItem conponent should show SettingItem disabled" duration="30"/>
    <testCase name="SettingItem conponent should render left, right component" duration="39"/>
    <testCase name="SettingItem conponent render without leftIcon" duration="21"/>
  </file>
  <file path="/Users/namanh/ReactNative/bic-group-app/src/store/permissions/actions/shouldHavePermissionOnSomeAudience.test.ts">
    <testCase name="shouldHavePermissionOnSomeAudience should return true if there is one audience that user has the required permission on" duration="52"/>
    <testCase name="shouldHavePermissionOnSomeAudience should return false if there is NO audience that user has the required permission on" duration="63"/>
    <testCase name="shouldHavePermissionOnSomeAudience should return false if input audience is not valid" duration="110"/>
  </file>
  <file path="/Users/namanh/ReactNative/bic-group-app/src/screens/series/SeriesDetail/index.test.tsx">
    <testCase name="SeriesDetail component renders correctly" duration="269"/>
    <testCase name="SeriesDetail component renders delete item when series deleted" duration="177"/>
    <testCase name="SeriesDetail component should call action show bottom sheet menu when press menu icon" duration="195"/>
  </file>
  <file path="/Users/namanh/ReactNative/bic-group-app/src/screens/Notification/store/actions/markAsUnRead.test.ts">
    <testCase name="markAsUnRead function should do nothing when id is empty" duration="82"/>
    <testCase name="markAsUnRead function should call api mark as seen all successfully" duration="76"/>
    <testCase name="markAsUnRead function should call api mark as seen all throw error" duration="24"/>
  </file>
  <file path="/Users/namanh/ReactNative/bic-group-app/src/screens/series/SeriesDetail/components/SeriesDetailHeader/index.test.tsx">
    <testCase name="SeriesDetailHeader component given audiences, should render n audience" duration="124"/>
    <testCase name="SeriesDetailHeader component should navigate to community detail when press audience is community" duration="65"/>
    <testCase name="SeriesDetailHeader component should navigate to group detail when press audience is group" duration="36"/>
    <testCase name="SeriesDetailHeader component render without description view" duration="53"/>
    <testCase name="SeriesDetailHeader component render with description view" duration="53"/>
  </file>
  <file path="/Users/namanh/ReactNative/bic-group-app/src/beinComponents/SearchBaseView.test.tsx">
    <testCase name="SearchBaseView component should render icon back correctly" duration="87"/>
    <testCase name="SearchBaseView component should run press back fn correctly" duration="33"/>
    <testCase name="SearchBaseView component should render search text input correctly" duration="28">
      <failure message="Error: Unable to find an element with testID: search_base_view.text_input"><![CDATA[Error: Unable to find an element with testID: search_base_view.text_input
    at Object.<anonymous> (/Users/namanh/ReactNative/bic-group-app/src/beinComponents/SearchBaseView.test.tsx:33:31)
    at Promise.then.completed (/Users/namanh/ReactNative/bic-group-app/node_modules/jest-circus/build/utils.js:390:28)
    at new Promise (<anonymous>)
    at callAsyncCircusFn (/Users/namanh/ReactNative/bic-group-app/node_modules/jest-circus/build/utils.js:315:10)
    at _callCircusTest (/Users/namanh/ReactNative/bic-group-app/node_modules/jest-circus/build/run.js:218:40)
    at processTicksAndRejections (node:internal/process/task_queues:96:5)
    at _runTest (/Users/namanh/ReactNative/bic-group-app/node_modules/jest-circus/build/run.js:155:3)
    at _runTestsForDescribeBlock (/Users/namanh/ReactNative/bic-group-app/node_modules/jest-circus/build/run.js:66:9)
    at _runTestsForDescribeBlock (/Users/namanh/ReactNative/bic-group-app/node_modules/jest-circus/build/run.js:60:9)
    at run (/Users/namanh/ReactNative/bic-group-app/node_modules/jest-circus/build/run.js:25:3)]]></failure>
    </testCase>
    <testCase name="SearchBaseView component should render icon reset correctly when there is text input" duration="32">
      <failure message="Error: Unable to find an element with testID: search_base_view.reset_button"><![CDATA[Error: Unable to find an element with testID: search_base_view.reset_button
    at Object.<anonymous> (/Users/namanh/ReactNative/bic-group-app/src/beinComponents/SearchBaseView.test.tsx:46:31)
    at Promise.then.completed (/Users/namanh/ReactNative/bic-group-app/node_modules/jest-circus/build/utils.js:390:28)
    at new Promise (<anonymous>)
    at callAsyncCircusFn (/Users/namanh/ReactNative/bic-group-app/node_modules/jest-circus/build/utils.js:315:10)
    at _callCircusTest (/Users/namanh/ReactNative/bic-group-app/node_modules/jest-circus/build/run.js:218:40)
    at processTicksAndRejections (node:internal/process/task_queues:96:5)
    at _runTest (/Users/namanh/ReactNative/bic-group-app/node_modules/jest-circus/build/run.js:155:3)
    at _runTestsForDescribeBlock (/Users/namanh/ReactNative/bic-group-app/node_modules/jest-circus/build/run.js:66:9)
    at _runTestsForDescribeBlock (/Users/namanh/ReactNative/bic-group-app/node_modules/jest-circus/build/run.js:60:9)
    at run (/Users/namanh/ReactNative/bic-group-app/node_modules/jest-circus/build/run.js:25:3)]]></failure>
    </testCase>
    <testCase name="SearchBaseView component should clear text input correctly when press icon reset" duration="34">
      <failure message="Error: Unable to find an element with testID: search_base_view.reset_button"><![CDATA[Error: Unable to find an element with testID: search_base_view.reset_button
    at Object.<anonymous> (/Users/namanh/ReactNative/bic-group-app/src/beinComponents/SearchBaseView.test.tsx:59:31)
    at Promise.then.completed (/Users/namanh/ReactNative/bic-group-app/node_modules/jest-circus/build/utils.js:390:28)
    at new Promise (<anonymous>)
    at callAsyncCircusFn (/Users/namanh/ReactNative/bic-group-app/node_modules/jest-circus/build/utils.js:315:10)
    at _callCircusTest (/Users/namanh/ReactNative/bic-group-app/node_modules/jest-circus/build/run.js:218:40)
    at processTicksAndRejections (node:internal/process/task_queues:96:5)
    at _runTest (/Users/namanh/ReactNative/bic-group-app/node_modules/jest-circus/build/run.js:155:3)
    at _runTestsForDescribeBlock (/Users/namanh/ReactNative/bic-group-app/node_modules/jest-circus/build/run.js:66:9)
    at _runTestsForDescribeBlock (/Users/namanh/ReactNative/bic-group-app/node_modules/jest-circus/build/run.js:60:9)
    at run (/Users/namanh/ReactNative/bic-group-app/node_modules/jest-circus/build/run.js:25:3)]]></failure>
    </testCase>
    <testCase name="SearchBaseView component should NOT render icon reset correctly when there is NO text input" duration="34"/>
  </file>
  <file path="/Users/namanh/ReactNative/bic-group-app/src/baseComponents/Reaction/index.test.tsx">
    <testCase name="Reaction component renders correctly" duration="97">
      <failure message="Error: expect([38;5;23m[48;5;195mreceived).toMatchSnapshot()"><![CDATA[Error: expect([38;5;23m[48;5;195mreceived).toMatchSnapshot()

Snapshot name: `Reaction component renders correctly 1`

[38;5;90m[48;5;225m- Snapshot  - 0
[38;5;23m[48;5;195m+ Received  + 9

@@ -59,18 +59,27 @@
            <Text
              adjustsFontSizeToFit={true}
              allowFontScaling={true}
              style={
                Array [
[38;5;23m[48;5;195m+                 Object {
[38;5;23m[48;5;195m+                   "color": "#212745",
[38;5;23m[48;5;195m+                   "fontFamily": "BeVietnamPro-Light",
[38;5;23m[48;5;195m+                   "fontSize": 14,
[38;5;23m[48;5;195m+                 },
[38;5;23m[48;5;195m+                 Object {},
[38;5;23m[48;5;195m+                 Array [
                    undefined,
                    Object {
                      "color": "#000",
                      "fontSize": 13,
                      "fontWeight": "bold",
                    },
[38;5;23m[48;5;195m+                 ],
                ]
              }
[38;5;23m[48;5;195m+             testID="emoji.unicode"
            >
              😚
            </Text>
            <Text
              style={
    at Object.<anonymous> (/Users/namanh/ReactNative/bic-group-app/src/baseComponents/Reaction/index.test.tsx:16:22)
    at Promise.then.completed (/Users/namanh/ReactNative/bic-group-app/node_modules/jest-circus/build/utils.js:390:28)
    at new Promise (<anonymous>)
    at callAsyncCircusFn (/Users/namanh/ReactNative/bic-group-app/node_modules/jest-circus/build/utils.js:315:10)
    at _callCircusTest (/Users/namanh/ReactNative/bic-group-app/node_modules/jest-circus/build/run.js:218:40)
    at processTicksAndRejections (node:internal/process/task_queues:96:5)
    at _runTest (/Users/namanh/ReactNative/bic-group-app/node_modules/jest-circus/build/run.js:155:3)
    at _runTestsForDescribeBlock (/Users/namanh/ReactNative/bic-group-app/node_modules/jest-circus/build/run.js:66:9)
    at _runTestsForDescribeBlock (/Users/namanh/ReactNative/bic-group-app/node_modules/jest-circus/build/run.js:60:9)
    at run (/Users/namanh/ReactNative/bic-group-app/node_modules/jest-circus/build/run.js:25:3)]]></failure>
    </testCase>
    <testCase name="Reaction component should call prop onActionPress to select Emoji correctly" duration="69"/>
    <testCase name="Reaction component should call prop onLongPress correctly" duration="33"/>
    <testCase name="Reaction component renders style correctly" duration="33"/>
    <testCase name="Reaction component renders disableUpdateState with selected=false correctly" duration="78"/>
  </file>
  <file path="/Users/namanh/ReactNative/bic-group-app/src/store/entities/posts/actions/putMarkSeenPost.test.ts">
    <testCase name="putMarkSeenPost should not Id" duration="122"/>
    <testCase name="putMarkSeenPost should put Mark Seen Post success:" duration="123">
      <failure message="Error: expect(jest.fn()).toBeCalled()"><![CDATA[Error: expect(jest.fn()).toBeCalled()

Expected number of calls: >= 1
Received number of calls:    0
    at Object.<anonymous> (/Users/namanh/ReactNative/bic-group-app/src/store/entities/posts/actions/putMarkSeenPost.test.ts:39:17)
    at Promise.then.completed (/Users/namanh/ReactNative/bic-group-app/node_modules/jest-circus/build/utils.js:390:28)
    at new Promise (<anonymous>)
    at callAsyncCircusFn (/Users/namanh/ReactNative/bic-group-app/node_modules/jest-circus/build/utils.js:315:10)
    at _callCircusTest (/Users/namanh/ReactNative/bic-group-app/node_modules/jest-circus/build/run.js:218:40)
    at processTicksAndRejections (node:internal/process/task_queues:96:5)
    at _runTest (/Users/namanh/ReactNative/bic-group-app/node_modules/jest-circus/build/run.js:155:3)
    at _runTestsForDescribeBlock (/Users/namanh/ReactNative/bic-group-app/node_modules/jest-circus/build/run.js:66:9)
    at _runTestsForDescribeBlock (/Users/namanh/ReactNative/bic-group-app/node_modules/jest-circus/build/run.js:60:9)
    at run (/Users/namanh/ReactNative/bic-group-app/node_modules/jest-circus/build/run.js:25:3)]]></failure>
    </testCase>
    <testCase name="putMarkSeenPost should put Mark Seen Post throw error:" duration="76">
      <failure message="Error: expect(jest.fn()).toBeCalled()"><![CDATA[Error: expect(jest.fn()).toBeCalled()

Expected number of calls: >= 1
Received number of calls:    0
    at Object.<anonymous> (/Users/namanh/ReactNative/bic-group-app/src/store/entities/posts/actions/putMarkSeenPost.test.ts:67:17)
    at Promise.then.completed (/Users/namanh/ReactNative/bic-group-app/node_modules/jest-circus/build/utils.js:390:28)
    at new Promise (<anonymous>)
    at callAsyncCircusFn (/Users/namanh/ReactNative/bic-group-app/node_modules/jest-circus/build/utils.js:315:10)
    at _callCircusTest (/Users/namanh/ReactNative/bic-group-app/node_modules/jest-circus/build/run.js:218:40)
    at processTicksAndRejections (node:internal/process/task_queues:96:5)
    at _runTest (/Users/namanh/ReactNative/bic-group-app/node_modules/jest-circus/build/run.js:155:3)
    at _runTestsForDescribeBlock (/Users/namanh/ReactNative/bic-group-app/node_modules/jest-circus/build/run.js:66:9)
    at _runTestsForDescribeBlock (/Users/namanh/ReactNative/bic-group-app/node_modules/jest-circus/build/run.js:60:9)
    at run (/Users/namanh/ReactNative/bic-group-app/node_modules/jest-circus/build/run.js:25:3)]]></failure>
    </testCase>
  </file>
  <file path="/Users/namanh/ReactNative/bic-group-app/src/screens/post/CreatePost/components/CreatePostFooter.test.tsx">
    <testCase name="CreatePostFooter component renders correctly" duration="180"/>
    <testCase name="CreatePostFooter component renders correctly mention bar with items" duration="41">
      <failure message="Error: Unable to find an element with testID: mention_bar_item"><![CDATA[Error: Unable to find an element with testID: mention_bar_item
    at _callee2$ (/Users/namanh/ReactNative/bic-group-app/src/screens/post/CreatePost/components/CreatePostFooter.test.tsx:38:27)
    at tryCatch (/Users/namanh/ReactNative/bic-group-app/node_modules/regenerator-runtime/runtime.js:64:40)
    at Generator.invoke (/Users/namanh/ReactNative/bic-group-app/node_modules/regenerator-runtime/runtime.js:299:22)
    at Generator.next (/Users/namanh/ReactNative/bic-group-app/node_modules/regenerator-runtime/runtime.js:124:21)
    at tryCatch (/Users/namanh/ReactNative/bic-group-app/node_modules/regenerator-runtime/runtime.js:64:40)
    at invoke (/Users/namanh/ReactNative/bic-group-app/node_modules/regenerator-runtime/runtime.js:160:20)
    at /Users/namanh/ReactNative/bic-group-app/node_modules/regenerator-runtime/runtime.js:195:11
    at tryCallTwo (/Users/namanh/ReactNative/bic-group-app/node_modules/react-native/node_modules/promise/lib/core.js:45:5)
    at doResolve (/Users/namanh/ReactNative/bic-group-app/node_modules/react-native/node_modules/promise/lib/core.js:200:13)
    at new Promise (/Users/namanh/ReactNative/bic-group-app/node_modules/react-native/node_modules/promise/lib/core.js:66:3)]]></failure>
    </testCase>
  </file>
  <file path="/Users/namanh/ReactNative/bic-group-app/src/screens/groups/GroupMembers/store/actions/revokeGroupAdmin.test.ts">
    <testCase name="revokeGroupAdmin should set group admin success:" duration="103"/>
    <testCase name="revokeGroupAdmin should set group admin throw error" duration="28"/>
  </file>
  <file path="/Users/namanh/ReactNative/bic-group-app/src/screens/groups/GroupMembers/store/actions/assignGroupAdmin.test.ts">
    <testCase name="assignGroupAdmin should set group admin success:" duration="111"/>
    <testCase name="assignGroupAdmin should set group admin throw error" duration="122"/>
  </file>
  <file path="/Users/namanh/ReactNative/bic-group-app/src/screens/Notification/store/actions/markAsRead.test.ts">
    <testCase name="markAsRead function do nothing if notificationId= &quot;&quot; " duration="111"/>
    <testCase name="markAsRead function mark a notification as read successfully" duration="63"/>
    <testCase name="markAsRead function should call api mark as read and throw error" duration="43"/>
  </file>
  <file path="/Users/namanh/ReactNative/bic-group-app/src/screens/groups/GroupMembers/index.test.tsx">
    <testCase name="GroupMembers component should render search input correctly" duration="237">
      <failure message="Error: Unable to find an element with testID: group_members.search"><![CDATA[Error: Unable to find an element with testID: group_members.search
    at Object.<anonymous> (/Users/namanh/ReactNative/bic-group-app/src/screens/groups/GroupMembers/index.test.tsx:16:33)
    at Promise.then.completed (/Users/namanh/ReactNative/bic-group-app/node_modules/jest-circus/build/utils.js:390:28)
    at new Promise (<anonymous>)
    at callAsyncCircusFn (/Users/namanh/ReactNative/bic-group-app/node_modules/jest-circus/build/utils.js:315:10)
    at _callCircusTest (/Users/namanh/ReactNative/bic-group-app/node_modules/jest-circus/build/run.js:218:40)
    at processTicksAndRejections (node:internal/process/task_queues:96:5)
    at _runTest (/Users/namanh/ReactNative/bic-group-app/node_modules/jest-circus/build/run.js:155:3)
    at _runTestsForDescribeBlock (/Users/namanh/ReactNative/bic-group-app/node_modules/jest-circus/build/run.js:66:9)
    at _runTestsForDescribeBlock (/Users/namanh/ReactNative/bic-group-app/node_modules/jest-circus/build/run.js:60:9)
    at run (/Users/namanh/ReactNative/bic-group-app/node_modules/jest-circus/build/run.js:25:3)]]></failure>
    </testCase>
    <testCase name="GroupMembers component should render list data correctly" duration="93"/>
    <testCase name="GroupMembers component should render Invite member button and navigate to Invite member screen correctly when user can manage member" duration="71">
      <failure message="Error: Unable to find an element with testID: group_members.invite"><![CDATA[Error: Unable to find an element with testID: group_members.invite
    at Object.<anonymous> (/Users/namanh/ReactNative/bic-group-app/src/screens/groups/GroupMembers/index.test.tsx:43:31)
    at Promise.then.completed (/Users/namanh/ReactNative/bic-group-app/node_modules/jest-circus/build/utils.js:390:28)
    at new Promise (<anonymous>)
    at callAsyncCircusFn (/Users/namanh/ReactNative/bic-group-app/node_modules/jest-circus/build/utils.js:315:10)
    at _callCircusTest (/Users/namanh/ReactNative/bic-group-app/node_modules/jest-circus/build/run.js:218:40)
    at processTicksAndRejections (node:internal/process/task_queues:96:5)
    at _runTest (/Users/namanh/ReactNative/bic-group-app/node_modules/jest-circus/build/run.js:155:3)
    at _runTestsForDescribeBlock (/Users/namanh/ReactNative/bic-group-app/node_modules/jest-circus/build/run.js:66:9)
    at _runTestsForDescribeBlock (/Users/namanh/ReactNative/bic-group-app/node_modules/jest-circus/build/run.js:60:9)
    at run (/Users/namanh/ReactNative/bic-group-app/node_modules/jest-circus/build/run.js:25:3)]]></failure>
    </testCase>
    <testCase name="GroupMembers component should NOT render Invite member button correctly when user cannot manage member" duration="59"/>
  </file>
  <file path="/Users/namanh/ReactNative/bic-group-app/src/baseComponents/Radio/index.test.tsx">
    <testCase name="Radio component should render unselect state with default size medium" duration="85"/>
    <testCase name="Radio component should render selected state with default size medium" duration="84"/>
    <testCase name="Radio component should render disabled state with default size medium" duration="38"/>
    <testCase name="Radio component should render disabled state with size small" duration="41"/>
    <testCase name="Radio component should render disabled-auto-selected state with default size medium" duration="31"/>
    <testCase name="Radio component should call onPress when pressing on Radio" duration="31"/>
    <testCase name="Radio component should NOT call onPress when pressing on disabled Radio" duration="52"/>
    <testCase name="Radio component should NOT call onPress when pressing on disabled-auto-selected Radio" duration="34"/>
  </file>
  <file path="/Users/namanh/ReactNative/bic-group-app/src/screens/auth/ForgotPassword/store/actions/requestResetPassword.test.ts">
    <testCase name="requestResetPassword should do nothing if email is empty" duration="92"/>
    <testCase name="requestResetPassword should request forgot password success:" duration="41"/>
    <testCase name="requestResetPassword should request forgot password throw error and call callbackError prop" duration="36"/>
  </file>
  <file path="/Users/namanh/ReactNative/bic-group-app/src/screens/Notification/store/actions/attach.test.ts">
    <testCase name="attach notification function should add a noti success" duration="67"/>
    <testCase name="attach notification function should add a noti in tab important success" duration="69"/>
    <testCase name="attach notification function should add a noti in tab mention success" duration="42"/>
  </file>
  <file path="/Users/namanh/ReactNative/bic-group-app/src/components/FilterToolbar/FilterCreateBySpecific.test.tsx">
    <testCase name="FilterCreateBySpecific component should render correctly" duration="198"/>
    <testCase name="FilterCreateBySpecific component should render selected correctly" duration="94"/>
    <testCase name="FilterCreateBySpecific component should pressable" duration="93"/>
  </file>
  <file path="/Users/namanh/ReactNative/bic-group-app/src/components/Report/store/actions/reportMember.test.ts">
    <testCase name="reportMember should call api reportMember success and show toast success" duration="84">
      <failure message="Error: expect(jest.fn()).toBeCalledWith(...expected)"><![CDATA[Error: expect(jest.fn()).toBeCalledWith(...expected)

- Expected
+ Received

  Object {
-   "content": "common:text_report_sent",
+   "content": "common:text_success_message",
+   "type": "success",
  },

Number of calls: 1
    at Object.<anonymous> (/Users/namanh/ReactNative/bic-group-app/src/components/Report/store/actions/reportMember.test.ts:44:23)
    at Promise.then.completed (/Users/namanh/ReactNative/bic-group-app/node_modules/jest-circus/build/utils.js:390:28)
    at new Promise (<anonymous>)
    at callAsyncCircusFn (/Users/namanh/ReactNative/bic-group-app/node_modules/jest-circus/build/utils.js:315:10)
    at _callCircusTest (/Users/namanh/ReactNative/bic-group-app/node_modules/jest-circus/build/run.js:218:40)
    at processTicksAndRejections (node:internal/process/task_queues:96:5)
    at _runTest (/Users/namanh/ReactNative/bic-group-app/node_modules/jest-circus/build/run.js:155:3)
    at _runTestsForDescribeBlock (/Users/namanh/ReactNative/bic-group-app/node_modules/jest-circus/build/run.js:66:9)
    at _runTestsForDescribeBlock (/Users/namanh/ReactNative/bic-group-app/node_modules/jest-circus/build/run.js:60:9)
    at run (/Users/namanh/ReactNative/bic-group-app/node_modules/jest-circus/build/run.js:25:3)]]></failure>
    </testCase>
    <testCase name="reportMember should call api reportMember error and throw error" duration="23"/>
  </file>
  <file path="/Users/namanh/ReactNative/bic-group-app/src/screens/Menu/UserProfile/store/actions/deleteWorkExperience.test.ts">
    <testCase name="deleteWorkExperience should deleteWorkExperience success:" duration="129"/>
    <testCase name="deleteWorkExperience should deleteWorkExperience throw error" duration="45"/>
  </file>
  <file path="/Users/namanh/ReactNative/bic-group-app/src/screens/Notification/store/actions/markAsSeenAll.test.ts">
    <testCase name="markAsSeenAll function call api mark as seen all successfully" duration="149"/>
    <testCase name="markAsSeenAll function should call api mark as seen all throw error" duration="25"/>
  </file>
  <file path="/Users/namanh/ReactNative/bic-group-app/src/screens/articles/CreateArticle/screens/CreateArticleAudience/index.test.tsx">
    <testCase name="CreateArticleAudience screen should not enable button save if audience is empty" duration="233"/>
    <testCase name="CreateArticleAudience screen should enable button save if audience is not empty &amp; changed" duration="166"/>
  </file>
  <file path="/Users/namanh/ReactNative/bic-group-app/src/beinComponents/inputs/MentionInput/Autocomplete/AtMention/index.test.tsx">
    <testCase name="AtMention component renders correctly" duration="91"/>
    <testCase name="AtMention component should hide &quot;AtMention&quot; with empty content when data is empty" duration="45"/>
    <testCase name="AtMention component should show &quot;AtMention&quot; with loading" duration="19">
      <failure message="Error: Unable to find an element with testID: at_mention.loading"><![CDATA[Error: Unable to find an element with testID: at_mention.loading
    at _callee3$ (/Users/namanh/ReactNative/bic-group-app/src/beinComponents/inputs/MentionInput/Autocomplete/AtMention/index.test.tsx:38:31)
    at tryCatch (/Users/namanh/ReactNative/bic-group-app/node_modules/regenerator-runtime/runtime.js:64:40)
    at Generator.invoke (/Users/namanh/ReactNative/bic-group-app/node_modules/regenerator-runtime/runtime.js:299:22)
    at Generator.next (/Users/namanh/ReactNative/bic-group-app/node_modules/regenerator-runtime/runtime.js:124:21)
    at tryCatch (/Users/namanh/ReactNative/bic-group-app/node_modules/regenerator-runtime/runtime.js:64:40)
    at invoke (/Users/namanh/ReactNative/bic-group-app/node_modules/regenerator-runtime/runtime.js:160:20)
    at /Users/namanh/ReactNative/bic-group-app/node_modules/regenerator-runtime/runtime.js:195:11
    at tryCallTwo (/Users/namanh/ReactNative/bic-group-app/node_modules/react-native/node_modules/promise/lib/core.js:45:5)
    at doResolve (/Users/namanh/ReactNative/bic-group-app/node_modules/react-native/node_modules/promise/lib/core.js:200:13)
    at new Promise (/Users/namanh/ReactNative/bic-group-app/node_modules/react-native/node_modules/promise/lib/core.js:66:3)]]></failure>
    </testCase>
    <testCase name="AtMention component should hide loading" duration="39"/>
    <testCase name="AtMention component should show &quot;AtMention&quot; with item all" duration="41"/>
    <testCase name="AtMention component should show &quot;AtMention&quot; with items" duration="16">
      <failure message="Error: Unable to find an element with testID: at_mention_item"><![CDATA[Error: Unable to find an element with testID: at_mention_item
    at _callee6$ (/Users/namanh/ReactNative/bic-group-app/src/beinComponents/inputs/MentionInput/Autocomplete/AtMention/index.test.tsx:62:31)
    at tryCatch (/Users/namanh/ReactNative/bic-group-app/node_modules/regenerator-runtime/runtime.js:64:40)
    at Generator.invoke (/Users/namanh/ReactNative/bic-group-app/node_modules/regenerator-runtime/runtime.js:299:22)
    at Generator.next (/Users/namanh/ReactNative/bic-group-app/node_modules/regenerator-runtime/runtime.js:124:21)
    at tryCatch (/Users/namanh/ReactNative/bic-group-app/node_modules/regenerator-runtime/runtime.js:64:40)
    at invoke (/Users/namanh/ReactNative/bic-group-app/node_modules/regenerator-runtime/runtime.js:160:20)
    at /Users/namanh/ReactNative/bic-group-app/node_modules/regenerator-runtime/runtime.js:195:11
    at tryCallTwo (/Users/namanh/ReactNative/bic-group-app/node_modules/react-native/node_modules/promise/lib/core.js:45:5)
    at doResolve (/Users/namanh/ReactNative/bic-group-app/node_modules/react-native/node_modules/promise/lib/core.js:200:13)
    at new Promise (/Users/namanh/ReactNative/bic-group-app/node_modules/react-native/node_modules/promise/lib/core.js:66:3)]]></failure>
    </testCase>
  </file>
  <file path="/Users/namanh/ReactNative/bic-group-app/src/screens/Menu/AccountSettings/EditContact/fragments/EditLocation.test.tsx">
    <testCase name="EditLocation conponent should call prop onItemPress" duration="97">
      <failure message="Error: Unable to find an element with testID: edit_location.item"><![CDATA[Error: Unable to find an element with testID: edit_location.item
    at Object.<anonymous> (/Users/namanh/ReactNative/bic-group-app/src/screens/Menu/AccountSettings/EditContact/fragments/EditLocation.test.tsx:34:31)
    at Promise.then.completed (/Users/namanh/ReactNative/bic-group-app/node_modules/jest-circus/build/utils.js:390:28)
    at new Promise (<anonymous>)
    at callAsyncCircusFn (/Users/namanh/ReactNative/bic-group-app/node_modules/jest-circus/build/utils.js:315:10)
    at _callCircusTest (/Users/namanh/ReactNative/bic-group-app/node_modules/jest-circus/build/run.js:218:40)
    at processTicksAndRejections (node:internal/process/task_queues:96:5)
    at _runTest (/Users/namanh/ReactNative/bic-group-app/node_modules/jest-circus/build/run.js:155:3)
    at _runTestsForDescribeBlock (/Users/namanh/ReactNative/bic-group-app/node_modules/jest-circus/build/run.js:66:9)
    at _runTestsForDescribeBlock (/Users/namanh/ReactNative/bic-group-app/node_modules/jest-circus/build/run.js:60:9)
    at run (/Users/namanh/ReactNative/bic-group-app/node_modules/jest-circus/build/run.js:25:3)]]></failure>
    </testCase>
    <testCase name="EditLocation conponent should renders correctly result when typing search" duration="99">
      <failure message="Error: Unable to find an element with testID: edit_location.item"><![CDATA[Error: Unable to find an element with testID: edit_location.item
    at Object.<anonymous> (/Users/namanh/ReactNative/bic-group-app/src/screens/Menu/AccountSettings/EditContact/fragments/EditLocation.test.tsx:58:31)
    at Promise.then.completed (/Users/namanh/ReactNative/bic-group-app/node_modules/jest-circus/build/utils.js:390:28)
    at new Promise (<anonymous>)
    at callAsyncCircusFn (/Users/namanh/ReactNative/bic-group-app/node_modules/jest-circus/build/utils.js:315:10)
    at _callCircusTest (/Users/namanh/ReactNative/bic-group-app/node_modules/jest-circus/build/run.js:218:40)
    at processTicksAndRejections (node:internal/process/task_queues:96:5)
    at _runTest (/Users/namanh/ReactNative/bic-group-app/node_modules/jest-circus/build/run.js:155:3)
    at _runTestsForDescribeBlock (/Users/namanh/ReactNative/bic-group-app/node_modules/jest-circus/build/run.js:66:9)
    at _runTestsForDescribeBlock (/Users/namanh/ReactNative/bic-group-app/node_modules/jest-circus/build/run.js:60:9)
    at run (/Users/namanh/ReactNative/bic-group-app/node_modules/jest-circus/build/run.js:25:3)]]></failure>
    </testCase>
    <testCase name="EditLocation conponent should renders no result when typing words with no meaning " duration="5007">
      <failure message="Error: thrown: &quot;Exceeded timeout of 5000 ms for a hook."><![CDATA[Error: thrown: "Exceeded timeout of 5000 ms for a hook.
Use jest.setTimeout(newTimeout) to increase the timeout value, if this is a long-running test."
    at Object.<anonymous> (/Users/namanh/ReactNative/bic-group-app/__mocks__/zustand.js:19:1)
    at Runtime._execModule (/Users/namanh/ReactNative/bic-group-app/node_modules/jest-runtime/build/index.js:1646:24)
    at Runtime._loadModule (/Users/namanh/ReactNative/bic-group-app/node_modules/jest-runtime/build/index.js:1185:12)
    at Runtime.requireMock (/Users/namanh/ReactNative/bic-group-app/node_modules/jest-runtime/build/index.js:1142:12)
    at Runtime.requireModuleOrMock (/Users/namanh/ReactNative/bic-group-app/node_modules/jest-runtime/build/index.js:1208:21)
    at Object.<anonymous> (/Users/namanh/ReactNative/bic-group-app/src/store/utils.ts:1:1)
    at Runtime._execModule (/Users/namanh/ReactNative/bic-group-app/node_modules/jest-runtime/build/index.js:1646:24)
    at Runtime._loadModule (/Users/namanh/ReactNative/bic-group-app/node_modules/jest-runtime/build/index.js:1185:12)
    at Runtime.requireModule (/Users/namanh/ReactNative/bic-group-app/node_modules/jest-runtime/build/index.js:1009:12)
    at Runtime.requireModuleOrMock (/Users/namanh/ReactNative/bic-group-app/node_modules/jest-runtime/build/index.js:1210:21)]]></failure>
    </testCase>
  </file>
  <file path="/Users/namanh/ReactNative/bic-group-app/src/components/series/SeriesContent/index.test.tsx">
    <testCase name="SeriesContent component given description = null, should render without description view" duration="80"/>
    <testCase name="SeriesContent component given description !== null, should render description view" duration="103"/>
    <testCase name="SeriesContent component render without description view" duration="75"/>
    <testCase name="SeriesContent component render with description view" duration="28"/>
    <testCase name="SeriesContent component given titleHighlight and isLite === true should render title with titleHighlight" duration="49"/>
    <testCase name="SeriesContent component given titleHighlight and isLite === false should render title with title" duration="58"/>
    <testCase name="SeriesContent component given summaryHighlight and isLite === true should render summary with summaryHighlight" duration="38"/>
    <testCase name="SeriesContent component given summaryHighlight and isLite === false should render summary with summary" duration="31"/>
  </file>
  <file path="/Users/namanh/ReactNative/bic-group-app/src/screens/groups/GroupMembers/store/actions/updateGroupJoinSetting.test.ts">
    <testCase name="updateGroupJoinSetting should update group join setting successfully" duration="56"/>
    <testCase name="updateGroupJoinSetting should call API and return error" duration="35"/>
  </file>
  <file path="/Users/namanh/ReactNative/bic-group-app/src/screens/auth/VerifyEmail/RequestVerifyEmailModal.test.tsx">
    <testCase name="RequestVerifyEmailModal Component renders correctly" duration="92"/>
    <testCase name="RequestVerifyEmailModal Component should sent verify email success correctly" duration="65"/>
    <testCase name="RequestVerifyEmailModal Component should call api sent verify email" duration="50"/>
    <testCase name="RequestVerifyEmailModal Component should close modal when click close button" duration="44"/>
  </file>
  <file path="/Users/namanh/ReactNative/bic-group-app/src/screens/groups/GeneralInformation/index.test.tsx">
    <testCase name="GeneralInformation component renders correctly" duration="245"/>
    <testCase name="GeneralInformation component should call onEditAvatar when press edit avatar" duration="240">
      <failure message="Error: No instances found with props: {&quot;testID&quot;:&quot;avatar.button_edit&quot;}"><![CDATA[Error: No instances found with props: {"testID":"avatar.button_edit"}
    at expectOne (/Users/namanh/ReactNative/bic-group-app/node_modules/react-test-renderer/cjs/react-test-renderer.development.js:17109:9)
    at ReactTestInstance.findByProps (/Users/namanh/ReactNative/bic-group-app/node_modules/react-test-renderer/cjs/react-test-renderer.development.js:17005:12)
    at Object.<anonymous> (/Users/namanh/ReactNative/bic-group-app/src/screens/groups/GeneralInformation/index.test.tsx:31:36)
    at Promise.then.completed (/Users/namanh/ReactNative/bic-group-app/node_modules/jest-circus/build/utils.js:390:28)
    at new Promise (<anonymous>)
    at callAsyncCircusFn (/Users/namanh/ReactNative/bic-group-app/node_modules/jest-circus/build/utils.js:315:10)
    at _callCircusTest (/Users/namanh/ReactNative/bic-group-app/node_modules/jest-circus/build/run.js:218:40)
    at processTicksAndRejections (node:internal/process/task_queues:96:5)
    at _runTest (/Users/namanh/ReactNative/bic-group-app/node_modules/jest-circus/build/run.js:155:3)
    at _runTestsForDescribeBlock (/Users/namanh/ReactNative/bic-group-app/node_modules/jest-circus/build/run.js:66:9)]]></failure>
    </testCase>
    <testCase name="GeneralInformation component should call onEditCover when press edit cover" duration="174">
      <failure message="Error: No instances found with props: {&quot;testID&quot;:&quot;cover.button_edit&quot;}"><![CDATA[Error: No instances found with props: {"testID":"cover.button_edit"}
    at expectOne (/Users/namanh/ReactNative/bic-group-app/node_modules/react-test-renderer/cjs/react-test-renderer.development.js:17109:9)
    at ReactTestInstance.findByProps (/Users/namanh/ReactNative/bic-group-app/node_modules/react-test-renderer/cjs/react-test-renderer.development.js:17005:12)
    at Object.<anonymous> (/Users/namanh/ReactNative/bic-group-app/src/screens/groups/GeneralInformation/index.test.tsx:46:35)
    at Promise.then.completed (/Users/namanh/ReactNative/bic-group-app/node_modules/jest-circus/build/utils.js:390:28)
    at new Promise (<anonymous>)
    at callAsyncCircusFn (/Users/namanh/ReactNative/bic-group-app/node_modules/jest-circus/build/utils.js:315:10)
    at _callCircusTest (/Users/namanh/ReactNative/bic-group-app/node_modules/jest-circus/build/run.js:218:40)
    at processTicksAndRejections (node:internal/process/task_queues:96:5)
    at _runTest (/Users/namanh/ReactNative/bic-group-app/node_modules/jest-circus/build/run.js:155:3)
    at _runTestsForDescribeBlock (/Users/namanh/ReactNative/bic-group-app/node_modules/jest-circus/build/run.js:66:9)]]></failure>
    </testCase>
  </file>
  <file path="/Users/namanh/ReactNative/bic-group-app/src/screens/articles/CreateArticle/screens/CreateArticleCategory/index.test.tsx">
    <testCase name="CreateArticleCategory screen should not enable button save if category is empty" duration="223"/>
    <testCase name="CreateArticleCategory screen should enable button save if category is not empty &amp; changed" duration="201"/>
  </file>
  <file path="/Users/namanh/ReactNative/bic-group-app/src/screens/Notification/store/actions/update.test.ts">
    <testCase name="update notification function should update notification successfully" duration="75"/>
    <testCase name="update notification function should update notification successfully when the notification need update is seen" duration="63"/>
  </file>
  <file path="/Users/namanh/ReactNative/bic-group-app/src/screens/articles/CreateArticle/screens/CreateArticleSeries/index.test.tsx">
    <testCase name="CreateArticleSeries screen should not enable button save if series is empty" duration="414"/>
    <testCase name="CreateArticleSeries screen should enable button save if series is not empty &amp; changed" duration="209"/>
  </file>
  <file path="/Users/namanh/ReactNative/bic-group-app/src/screens/articles/CreateArticle/screens/CreateArticleSeries/components/ListSeriesWithAudiences.test.tsx">
    <testCase name="ListSeriesWithAudiences component render correctly" duration="177"/>
    <testCase name="ListSeriesWithAudiences component render correctly when data is empty" duration="40">
      <failure message="Error: expect([38;5;23m[48;5;195mreceived).toMatchSnapshot()"><![CDATA[Error: expect([38;5;23m[48;5;195mreceived).toMatchSnapshot()

Snapshot name: `ListSeriesWithAudiences component render correctly when data is empty 1`

[38;5;90m[48;5;225m- Snapshot  - 0
[38;5;23m[48;5;195m+ Received  + 1

@@ -34,10 +34,11 @@
          Object {
            "alignItems": "center",
            "margin": 16,
          }
        }
[38;5;23m[48;5;195m+       testID="no_search_results"
      >
        <View
          style={
            Array [
              Object {
    at Object.<anonymous> (/Users/namanh/ReactNative/bic-group-app/src/screens/articles/CreateArticle/screens/CreateArticleSeries/components/ListSeriesWithAudiences.test.tsx:31:30)
    at Promise.then.completed (/Users/namanh/ReactNative/bic-group-app/node_modules/jest-circus/build/utils.js:390:28)
    at new Promise (<anonymous>)
    at callAsyncCircusFn (/Users/namanh/ReactNative/bic-group-app/node_modules/jest-circus/build/utils.js:315:10)
    at _callCircusTest (/Users/namanh/ReactNative/bic-group-app/node_modules/jest-circus/build/run.js:218:40)
    at processTicksAndRejections (node:internal/process/task_queues:96:5)
    at _runTest (/Users/namanh/ReactNative/bic-group-app/node_modules/jest-circus/build/run.js:155:3)
    at _runTestsForDescribeBlock (/Users/namanh/ReactNative/bic-group-app/node_modules/jest-circus/build/run.js:66:9)
    at _runTestsForDescribeBlock (/Users/namanh/ReactNative/bic-group-app/node_modules/jest-circus/build/run.js:60:9)
    at run (/Users/namanh/ReactNative/bic-group-app/node_modules/jest-circus/build/run.js:25:3)]]></failure>
    </testCase>
    <testCase name="ListSeriesWithAudiences component render correctly when loading = true" duration="32"/>
    <testCase name="ListSeriesWithAudiences component should call onCheckedItem when check/uncheck item" duration="59"/>
  </file>
  <file path="/Users/namanh/ReactNative/bic-group-app/src/screens/Menu/components/MenuDiscoverCommunity.test.tsx">
    <testCase name="MenuDiscoverCommunity component renders loading list:" duration="110"/>
    <testCase name="MenuDiscoverCommunity component should navigate to community detail screen when click community item" duration="87"/>
    <testCase name="MenuDiscoverCommunity component renders empty list:" duration="26"/>
  </file>
  <file path="/Users/namanh/ReactNative/bic-group-app/src/screens/tags/store/actions/getCUDTagPermission.test.ts">
    <testCase name="getCommunityCUDTagPermission should getPermission data successfully" duration="117"/>
    <testCase name="getCommunityCUDTagPermission should call API and throws an error" duration="122"/>
  </file>
  <file path="/Users/namanh/ReactNative/bic-group-app/src/screens/Draft/DraftArticle/index.test.tsx">
    <testCase name="DraftArticle component should render correctly" duration="200"/>
    <testCase name="DraftArticle component should render empty view" duration="60"/>
    <testCase name="DraftArticle component should not render empty view" duration="32"/>
    <testCase name="DraftArticle component should render ItemSeparator" duration="77"/>
  </file>
  <file path="/Users/namanh/ReactNative/bic-group-app/src/screens/Discover/components/DiscoverCommunities/index.test.tsx">
    <testCase name="DiscoverCommunities Screen given no params, should call api getDiscoverCommunities with the next page" duration="102"/>
    <testCase name="DiscoverCommunities Screen given param isRefreshing, should refresh data" duration="30"/>
  </file>
  <file path="/Users/namanh/ReactNative/bic-group-app/src/components/series/SeriesHeader/index.test.tsx">
    <testCase name="SeriesContent component render correctly" duration="248"/>
    <testCase name="SeriesContent component should go to series detail when press header" duration="83"/>
    <testCase name="SeriesContent component should call action show bottom sheet menu when press menu icon" duration="60"/>
  </file>
  <file path="/Users/namanh/ReactNative/bic-group-app/src/screens/articles/ArticleDetail/index.test.tsx">
    <testCase name="ArticleDetail screen should render correctly" duration="254">
      <failure message="Error: expect(received).not.toBeNull()"><![CDATA[Error: expect(received).not.toBeNull()

Received: null
    at Object.<anonymous> (/Users/namanh/ReactNative/bic-group-app/src/screens/articles/ArticleDetail/index.test.tsx:29:22)
    at Promise.then.completed (/Users/namanh/ReactNative/bic-group-app/node_modules/jest-circus/build/utils.js:390:28)
    at new Promise (<anonymous>)
    at callAsyncCircusFn (/Users/namanh/ReactNative/bic-group-app/node_modules/jest-circus/build/utils.js:315:10)
    at _callCircusTest (/Users/namanh/ReactNative/bic-group-app/node_modules/jest-circus/build/run.js:218:40)
    at processTicksAndRejections (node:internal/process/task_queues:96:5)
    at _runTest (/Users/namanh/ReactNative/bic-group-app/node_modules/jest-circus/build/run.js:155:3)
    at _runTestsForDescribeBlock (/Users/namanh/ReactNative/bic-group-app/node_modules/jest-circus/build/run.js:66:9)
    at _runTestsForDescribeBlock (/Users/namanh/ReactNative/bic-group-app/node_modules/jest-circus/build/run.js:60:9)
    at run (/Users/namanh/ReactNative/bic-group-app/node_modules/jest-circus/build/run.js:25:3)]]></failure>
    </testCase>
    <testCase name="ArticleDetail screen should render placeholder when not mounted" duration="208"/>
    <testCase name="ArticleDetail screen should not render placeholder when has data" duration="342"/>
  </file>
  <file path="/Users/namanh/ReactNative/bic-group-app/src/components/LinkPreview/index.test.tsx">
    <testCase name="LinkPreview component renders loading" duration="57"/>
    <testCase name="LinkPreview component renders correctly" duration="116">
      <failure message="TypeError: Cannot read properties of undefined (reading &apos;then&apos;)"><![CDATA[TypeError: Cannot read properties of undefined (reading 'then')
    at openUrl (/Users/namanh/ReactNative/bic-group-app/src/utils/link.tsx:157:23)
    at /Users/namanh/ReactNative/bic-group-app/node_modules/jest-mock/build/index.js:854:25
    at /Users/namanh/ReactNative/bic-group-app/node_modules/jest-mock/build/index.js:449:39
    at /Users/namanh/ReactNative/bic-group-app/node_modules/jest-mock/build/index.js:457:13
    at mockConstructor (/Users/namanh/ReactNative/bic-group-app/node_modules/jest-mock/build/index.js:170:19)
    at handler (/Users/namanh/ReactNative/bic-group-app/src/components/LinkPreview/index.tsx:44:12)
    at /Users/namanh/ReactNative/bic-group-app/node_modules/@testing-library/react-native/src/fireEvent.ts:121:19
    at batchedUpdates (/Users/namanh/ReactNative/bic-group-app/node_modules/react-test-renderer/cjs/react-test-renderer.development.js:13452:12)
    at act (/Users/namanh/ReactNative/bic-group-app/node_modules/react-test-renderer/cjs/react-test-renderer.development.js:15280:14)
    at invokeEvent (/Users/namanh/ReactNative/bic-group-app/node_modules/@testing-library/react-native/src/fireEvent.ts:120:6)]]></failure>
    </testCase>
    <testCase name="LinkPreview component renders null" duration="34"/>
    <testCase name="LinkPreview component renders when only attribute url" duration="22"/>
  </file>
  <file path="/Users/namanh/ReactNative/bic-group-app/src/store/entities/posts/actions/deletePostLocal.test.ts">
    <testCase name="deletePostLocal should not Id" duration="100"/>
    <testCase name="deletePostLocal should delete Post local success:" duration="76"/>
    <testCase name="deletePostLocal should delete Post local throw error:" duration="18"/>
  </file>
  <file path="/Users/namanh/ReactNative/bic-group-app/src/screens/PermissionScheme/components/SchemeItem.test.tsx">
    <testCase name="SchemeItem component should render data correctly" duration="252">
      <failure message="Error: expect([38;5;23m[48;5;195mreceived).toMatchSnapshot()"><![CDATA[Error: expect([38;5;23m[48;5;195mreceived).toMatchSnapshot()

Snapshot name: `SchemeItem component should render data correctly 1`

[38;5;90m[48;5;225m- Snapshot  - 94
[38;5;23m[48;5;195m+ Received  +  0

@@ -177,104 +177,10 @@
                </View>
              </View>
            </View>
          </View>
        </View>
[38;5;90m[48;5;225m-       <View
[38;5;90m[48;5;225m-         accessible={true}
[38;5;90m[48;5;225m-         collapsable={false}
[38;5;90m[48;5;225m-         focusable={true}
[38;5;90m[48;5;225m-         onClick={[Function]}
[38;5;90m[48;5;225m-         onResponderGrant={[Function]}
[38;5;90m[48;5;225m-         onResponderMove={[Function]}
[38;5;90m[48;5;225m-         onResponderRelease={[Function]}
[38;5;90m[48;5;225m-         onResponderTerminate={[Function]}
[38;5;90m[48;5;225m-         onResponderTerminationRequest={[Function]}
[38;5;90m[48;5;225m-         onStartShouldSetResponder={[Function]}
[38;5;90m[48;5;225m-         style={
[38;5;90m[48;5;225m-           Object {
[38;5;90m[48;5;225m-             "backgroundColor": "#FEF3F4",
[38;5;90m[48;5;225m-             "borderRadius": 4,
[38;5;90m[48;5;225m-             "marginLeft": 8,
[38;5;90m[48;5;225m-             "opacity": 1,
[38;5;90m[48;5;225m-             "padding": 8,
[38;5;90m[48;5;225m-           }
[38;5;90m[48;5;225m-         }
[38;5;90m[48;5;225m-         testID="scheme_item.btn_delete"
[38;5;90m[48;5;225m-       >
[38;5;90m[48;5;225m-         <View
[38;5;90m[48;5;225m-           style={
[38;5;90m[48;5;225m-             Array [
[38;5;90m[48;5;225m-               Object {
[38;5;90m[48;5;225m-                 "alignItems": "center",
[38;5;90m[48;5;225m-                 "flexDirection": "row",
[38;5;90m[48;5;225m-                 "justifyContent": "center",
[38;5;90m[48;5;225m-               },
[38;5;90m[48;5;225m-               undefined,
[38;5;90m[48;5;225m-             ]
[38;5;90m[48;5;225m-           }
[38;5;90m[48;5;225m-           testID="button_wrapper.content"
[38;5;90m[48;5;225m-         >
[38;5;90m[48;5;225m-           <View
[38;5;90m[48;5;225m-             accessibilityState={
[38;5;90m[48;5;225m-               Object {
[38;5;90m[48;5;225m-                 "disabled": true,
[38;5;90m[48;5;225m-               }
[38;5;90m[48;5;225m-             }
[38;5;90m[48;5;225m-             accessible={true}
[38;5;90m[48;5;225m-             collapsable={false}
[38;5;90m[48;5;225m-             focusable={false}
[38;5;90m[48;5;225m-             hitSlop={
[38;5;90m[48;5;225m-               Object {
[38;5;90m[48;5;225m-                 "bottom": 10,
[38;5;90m[48;5;225m-                 "left": 10,
[38;5;90m[48;5;225m-                 "right": 10,
[38;5;90m[48;5;225m-                 "top": 10,
[38;5;90m[48;5;225m-               }
[38;5;90m[48;5;225m-             }
[38;5;90m[48;5;225m-             onClick={[Function]}
[38;5;90m[48;5;225m-             onResponderGrant={[Function]}
[38;5;90m[48;5;225m-             onResponderMove={[Function]}
[38;5;90m[48;5;225m-             onResponderRelease={[Function]}
[38;5;90m[48;5;225m-             onResponderTerminate={[Function]}
[38;5;90m[48;5;225m-             onResponderTerminationRequest={[Function]}
[38;5;90m[48;5;225m-             onStartShouldSetResponder={[Function]}
[38;5;90m[48;5;225m-             style={
[38;5;90m[48;5;225m-               Object {
[38;5;90m[48;5;225m-                 "opacity": 1,
[38;5;90m[48;5;225m-               }
[38;5;90m[48;5;225m-             }
[38;5;90m[48;5;225m-           >
[38;5;90m[48;5;225m-             <View
[38;5;90m[48;5;225m-               style={
[38;5;90m[48;5;225m-                 Array [
[38;5;90m[48;5;225m-                   Object {
[38;5;90m[48;5;225m-                     "alignItems": "center",
[38;5;90m[48;5;225m-                     "flexDirection": "row",
[38;5;90m[48;5;225m-                   },
[38;5;90m[48;5;225m-                   undefined,
[38;5;90m[48;5;225m-                   Object {
[38;5;90m[48;5;225m-                     "backgroundColor": undefined,
[38;5;90m[48;5;225m-                   },
[38;5;90m[48;5;225m-                 ]
[38;5;90m[48;5;225m-               }
[38;5;90m[48;5;225m-             >
[38;5;90m[48;5;225m-               <View
[38;5;90m[48;5;225m-                 style={
[38;5;90m[48;5;225m-                   Array [
[38;5;90m[48;5;225m-                     undefined,
[38;5;90m[48;5;225m-                     undefined,
[38;5;90m[48;5;225m-                     undefined,
[38;5;90m[48;5;225m-                   ]
[38;5;90m[48;5;225m-                 }
[38;5;90m[48;5;225m-               >
[38;5;90m[48;5;225m-                 <View />
[38;5;90m[48;5;225m-               </View>
[38;5;90m[48;5;225m-             </View>
[38;5;90m[48;5;225m-           </View>
[38;5;90m[48;5;225m-         </View>
[38;5;90m[48;5;225m-       </View>
      </View>
    </View>
    <Text
      style={
        Array [
    at Object.<anonymous> (/Users/namanh/ReactNative/bic-group-app/src/screens/PermissionScheme/components/SchemeItem.test.tsx:14:21)
    at Promise.then.completed (/Users/namanh/ReactNative/bic-group-app/node_modules/jest-circus/build/utils.js:390:28)
    at new Promise (<anonymous>)
    at callAsyncCircusFn (/Users/namanh/ReactNative/bic-group-app/node_modules/jest-circus/build/utils.js:315:10)
    at _callCircusTest (/Users/namanh/ReactNative/bic-group-app/node_modules/jest-circus/build/run.js:218:40)
    at processTicksAndRejections (node:internal/process/task_queues:96:5)
    at _runTest (/Users/namanh/ReactNative/bic-group-app/node_modules/jest-circus/build/run.js:155:3)
    at _runTestsForDescribeBlock (/Users/namanh/ReactNative/bic-group-app/node_modules/jest-circus/build/run.js:66:9)
    at _runTestsForDescribeBlock (/Users/namanh/ReactNative/bic-group-app/node_modules/jest-circus/build/run.js:60:9)
    at run (/Users/namanh/ReactNative/bic-group-app/node_modules/jest-circus/build/run.js:25:3)]]></failure>
    </testCase>
    <testCase name="SchemeItem component should NOT display text Activated when there is no applying groups" duration="65"/>
    <testCase name="SchemeItem component should NOT display applying group list when there is no applying groups" duration="94"/>
    <testCase name="SchemeItem component should navigate to edit group scheme screen when pressing button edit" duration="53">
      <failure message="Error: expect(jest.fn()).toBeCalledWith(...expected)"><![CDATA[Error: expect(jest.fn()).toBeCalledWith(...expected)

- Expected
+ Received

  "create-permission-scheme",
@@ -1,6 +1,7 @@
  Object {
+   "communityId": "1",
    "initScheme": Object {
      "applyingGroups": Array [
        Object {
          "description": null,
          "icon": "https://bein-entity-attribute-sandbox.s3.ap-southeast-1.amazonaws.com/group/avatar/images/original/d03ab007-b104-43d1-9bbe-178ca2c93c7b.jpg",,

Number of calls: 1
    at Object.<anonymous> (/Users/namanh/ReactNative/bic-group-app/src/screens/PermissionScheme/components/SchemeItem.test.tsx:39:22)
    at Promise.then.completed (/Users/namanh/ReactNative/bic-group-app/node_modules/jest-circus/build/utils.js:390:28)
    at new Promise (<anonymous>)
    at callAsyncCircusFn (/Users/namanh/ReactNative/bic-group-app/node_modules/jest-circus/build/utils.js:315:10)
    at _callCircusTest (/Users/namanh/ReactNative/bic-group-app/node_modules/jest-circus/build/run.js:218:40)
    at processTicksAndRejections (node:internal/process/task_queues:96:5)
    at _runTest (/Users/namanh/ReactNative/bic-group-app/node_modules/jest-circus/build/run.js:155:3)
    at _runTestsForDescribeBlock (/Users/namanh/ReactNative/bic-group-app/node_modules/jest-circus/build/run.js:66:9)
    at _runTestsForDescribeBlock (/Users/namanh/ReactNative/bic-group-app/node_modules/jest-circus/build/run.js:60:9)
    at run (/Users/namanh/ReactNative/bic-group-app/node_modules/jest-circus/build/run.js:25:3)]]></failure>
    </testCase>
  </file>
  <file path="/Users/namanh/ReactNative/bic-group-app/src/screens/groups/GroupDetail/index.test.tsx">
    <testCase name="GroupDetail component renders Placeholder  correctly" duration="335"/>
    <testCase name="GroupDetail component renders GroupPrivateWelcome when user is a visitor to a private group" duration="441"/>
    <testCase name="GroupDetail component renders NoGroupFound when there is no group info" duration="24"/>
  </file>
  <file path="/Users/namanh/ReactNative/bic-group-app/src/components/articles/ArticleView/index.test.tsx">
    <testCase name="ArticleView Component renders correctly" duration="286">
      <failure message="Error: expect([38;5;23m[48;5;195mreceived).toMatchSnapshot()"><![CDATA[Error: expect([38;5;23m[48;5;195mreceived).toMatchSnapshot()

Snapshot name: `ArticleView Component renders correctly 1`

[38;5;90m[48;5;225m- Snapshot  - 25
[38;5;23m[48;5;195m+ Received  +  8

@@ -836,45 +836,28 @@
                    "justifyContent": "center",
                  }
                }
                testID="reaction.children"
              >
[38;5;90m[48;5;225m-               <View
[38;5;90m[48;5;225m-                 style={
[38;5;90m[48;5;225m-                   Array [
[38;5;90m[48;5;225m-                     Object {
[38;5;90m[48;5;225m-                       "overflow": "hidden",
[38;5;90m[48;5;225m-                     },
[38;5;90m[48;5;225m-                     Array [
[38;5;90m[48;5;225m-                       undefined,
[38;5;90m[48;5;225m-                       Object {
[38;5;90m[48;5;225m-                         "height": 15.6,
[38;5;90m[48;5;225m-                         "width": 15.6,
[38;5;90m[48;5;225m-                       },
[38;5;90m[48;5;225m-                     ],
[38;5;90m[48;5;225m-                   ]
[38;5;90m[48;5;225m-                 }
[38;5;90m[48;5;225m-               >
[38;5;90m[48;5;225m-                 <FastImageView
[38;5;90m[48;5;225m-                   onFastImageError={[Function]}
[38;5;23m[48;5;195m+               <Image
                  resizeMode="contain"
                  source={
                    Object {
                      "testUri": "../../../assets/emoji/static/bic_heart_gift.png",
                    }
                  }
                  style={
[38;5;23m[48;5;195m+                   Array [
[38;5;23m[48;5;195m+                     undefined,
                      Object {
[38;5;90m[48;5;225m-                       "bottom": 0,
[38;5;90m[48;5;225m-                       "left": 0,
[38;5;90m[48;5;225m-                       "position": "absolute",
[38;5;90m[48;5;225m-                       "right": 0,
[38;5;90m[48;5;225m-                       "top": 0,
[38;5;23m[48;5;195m+                       "height": 15.6,
[38;5;23m[48;5;195m+                       "width": 15.6,
[38;5;23m[48;5;195m+                     },
[38;5;23m[48;5;195m+                   ]
                  }
[38;5;90m[48;5;225m-                   }
[38;5;23m[48;5;195m+                 testID="emoji.image"
                />
[38;5;90m[48;5;225m-               </View>
                <Text
                  style={
                    Array [
                      Object {
                        "color": "#353E6E",
    at Object.<anonymous> (/Users/namanh/ReactNative/bic-group-app/src/components/articles/ArticleView/index.test.tsx:29:22)
    at Promise.then.completed (/Users/namanh/ReactNative/bic-group-app/node_modules/jest-circus/build/utils.js:390:28)
    at new Promise (<anonymous>)
    at callAsyncCircusFn (/Users/namanh/ReactNative/bic-group-app/node_modules/jest-circus/build/utils.js:315:10)
    at _callCircusTest (/Users/namanh/ReactNative/bic-group-app/node_modules/jest-circus/build/run.js:218:40)
    at processTicksAndRejections (node:internal/process/task_queues:96:5)
    at _runTest (/Users/namanh/ReactNative/bic-group-app/node_modules/jest-circus/build/run.js:155:3)
    at _runTestsForDescribeBlock (/Users/namanh/ReactNative/bic-group-app/node_modules/jest-circus/build/run.js:66:9)
    at _runTestsForDescribeBlock (/Users/namanh/ReactNative/bic-group-app/node_modules/jest-circus/build/run.js:60:9)
    at run (/Users/namanh/ReactNative/bic-group-app/node_modules/jest-circus/build/run.js:25:3)]]></failure>
    </testCase>
    <testCase name="ArticleView Component should hide LoadMoreComment" duration="98"/>
    <testCase name="ArticleView Component should show LoadMoreComment" duration="103"/>
  </file>
  <file path="/Users/namanh/ReactNative/bic-group-app/src/baseComponents/Toggle/index.test.tsx">
    <testCase name="Toggle component should render active state with default size small" duration="90"/>
    <testCase name="Toggle component should render inactive state with default size small" duration="93"/>
    <testCase name="Toggle component should render disabled state with default size small" duration="53"/>
    <testCase name="Toggle component should render active state with size medium" duration="24"/>
    <testCase name="Toggle component should render inactive state with size medium" duration="26"/>
    <testCase name="Toggle component should render disabled state with size medium" duration="25"/>
    <testCase name="Toggle component should call onPress when pressing on Toggle" duration="54"/>
    <testCase name="Toggle component should NOT call onPress when pressing on disabled Toggle" duration="29"/>
  </file>
  <file path="/Users/namanh/ReactNative/bic-group-app/src/screens/communities/Communities/components/YourCommunities/index.test.tsx">
    <testCase name="YourCommunities Screen given no params, should call api getJoinedCommunities with the next page" duration="170"/>
    <testCase name="YourCommunities Screen given param isRefreshing, should refresh data" duration="62"/>
  </file>
  <file path="/Users/namanh/ReactNative/bic-group-app/src/screens/articles/ArticleDetail/store/actions/getArticleDetail.test.ts">
    <testCase name="getArticleDetail should call api get article detail error" duration="126"/>
    <testCase name="getArticleDetail should call api get article detail success" duration="51"/>
  </file>
  <file path="/Users/namanh/ReactNative/bic-group-app/src/baseComponents/Tab/PillTabButton.test.tsx">
    <testCase name="PillTabButton renders selected button with type primary and size medium correctly" duration="98"/>
    <testCase name="PillTabButton renders selected button with type secondary and size large correctly" duration="34"/>
    <testCase name="PillTabButton renders selected button with type secondary and size small correctly" duration="28"/>
    <testCase name="PillTabButton renders unselected button with size medium correctly" duration="28"/>
    <testCase name="PillTabButton should disable button when cant connect to internet" duration="39"/>
  </file>
  <file path="/Users/namanh/ReactNative/bic-group-app/src/screens/communities/Communities/components/Managed/index.test.tsx">
    <testCase name="Managed Screen given no param, should load more data doGetManagedCommunityAndGroup" duration="107"/>
    <testCase name="Managed Screen given param isRefreshing, should refresh data doGetManagedCommunityAndGroup" duration="49"/>
  </file>
  <file path="/Users/namanh/ReactNative/bic-group-app/src/components/articles/ArticleScheduleItem/index.test.tsx">
    <testCase name="ArticleScheduleItem component render correctly" duration="144"/>
    <testCase name="ArticleScheduleItem component should navigate to ArticleReviewSchedule screen" duration="75"/>
  </file>
  <file path="/Users/namanh/ReactNative/bic-group-app/src/beinComponents/Button/ButtonSecondary.test.tsx">
    <testCase name="ButtonSecondary conponent renders correctly" duration="154"/>
    <testCase name="ButtonSecondary conponent renders color correctly" duration="36"/>
    <testCase name="ButtonSecondary conponent renders textColor correctly" duration="72"/>
    <testCase name="ButtonSecondary conponent renders highEmphasis correctly" duration="60"/>
    <testCase name="ButtonSecondary conponent renders disabled correctly" duration="32"/>
  </file>
  <file path="/Users/namanh/ReactNative/bic-group-app/src/components/FilterToolbar/helper.test.ts">
    <testCase name="FilterToolbar component given time range of the last 7 days, isLastSevenDays function should return true" duration="77"/>
    <testCase name="FilterToolbar component given time range, getCurrentFilterByTimeRange function should return TypeFilter correctly" duration="44"/>
  </file>
  <file path="/Users/namanh/ReactNative/bic-group-app/src/components/StickerView/index.test.tsx">
    <testCase name="StickerView component renders correctly" duration="99"/>
    <testCase name="StickerView component renders loading" duration="65">
      <failure message="Error: Unable to find an element with testID: loading_indicator"><![CDATA[Error: Unable to find an element with testID: loading_indicator
    at _callee2$ (/Users/namanh/ReactNative/bic-group-app/src/components/StickerView/index.test.tsx:64:40)
    at tryCatch (/Users/namanh/ReactNative/bic-group-app/node_modules/regenerator-runtime/runtime.js:64:40)
    at Generator.invoke (/Users/namanh/ReactNative/bic-group-app/node_modules/regenerator-runtime/runtime.js:299:22)
    at Generator.next (/Users/namanh/ReactNative/bic-group-app/node_modules/regenerator-runtime/runtime.js:124:21)
    at tryCatch (/Users/namanh/ReactNative/bic-group-app/node_modules/regenerator-runtime/runtime.js:64:40)
    at invoke (/Users/namanh/ReactNative/bic-group-app/node_modules/regenerator-runtime/runtime.js:160:20)
    at /Users/namanh/ReactNative/bic-group-app/node_modules/regenerator-runtime/runtime.js:195:11
    at tryCallTwo (/Users/namanh/ReactNative/bic-group-app/node_modules/react-native/node_modules/promise/lib/core.js:45:5)
    at doResolve (/Users/namanh/ReactNative/bic-group-app/node_modules/react-native/node_modules/promise/lib/core.js:200:13)
    at new Promise (/Users/namanh/ReactNative/bic-group-app/node_modules/react-native/node_modules/promise/lib/core.js:66:3)]]></failure>
    </testCase>
  </file>
  <file path="/Users/namanh/ReactNative/bic-group-app/src/screens/articles/CreateArticle/screens/CreateArticleSummary/index.test.tsx">
    <testCase name="CreateArticleSummary screen should not enable button save if summary is empty" duration="294"/>
    <testCase name="CreateArticleSummary screen should enable button save if summary is changed" duration="186"/>
  </file>
  <file path="/Users/namanh/ReactNative/bic-group-app/src/components/FilterToolbar/FilterPostType.test.tsx">
    <testCase name="FilterPostType component should render correctly" duration="112"/>
    <testCase name="FilterPostType component should render with init data correctly" duration="65"/>
    <testCase name="FilterPostType component should pressable" duration="41"/>
  </file>
  <file path="/Users/namanh/ReactNative/bic-group-app/src/screens/auth/SignIn/index.test.tsx">
    <testCase name="SignIn screen should hide keyboard" duration="303"/>
    <testCase name="SignIn screen should show email placeholder on mobile" duration="153"/>
    <testCase name="SignIn screen Login button should be clickable" duration="177"/>
  </file>
  <file path="/Users/namanh/ReactNative/bic-group-app/src/components/series/SeriesItem/index.test.tsx">
    <testCase name="SeriesItem component renders correctly" duration="148"/>
    <testCase name="SeriesItem component header should be pressable" duration="79"/>
    <testCase name="SeriesItem component renders delete item when series deleted" duration="108">
      <failure message="Error: Unable to find an element with testID: series.delete_item"><![CDATA[Error: Unable to find an element with testID: series.delete_item
    at Object.<anonymous> (/Users/namanh/ReactNative/bic-group-app/src/components/series/SeriesItem/index.test.tsx:42:37)
    at Promise.then.completed (/Users/namanh/ReactNative/bic-group-app/node_modules/jest-circus/build/utils.js:390:28)
    at new Promise (<anonymous>)
    at callAsyncCircusFn (/Users/namanh/ReactNative/bic-group-app/node_modules/jest-circus/build/utils.js:315:10)
    at _callCircusTest (/Users/namanh/ReactNative/bic-group-app/node_modules/jest-circus/build/run.js:218:40)
    at processTicksAndRejections (node:internal/process/task_queues:96:5)
    at _runTest (/Users/namanh/ReactNative/bic-group-app/node_modules/jest-circus/build/run.js:155:3)
    at _runTestsForDescribeBlock (/Users/namanh/ReactNative/bic-group-app/node_modules/jest-circus/build/run.js:66:9)
    at _runTestsForDescribeBlock (/Users/namanh/ReactNative/bic-group-app/node_modules/jest-circus/build/run.js:60:9)
    at run (/Users/namanh/ReactNative/bic-group-app/node_modules/jest-circus/build/run.js:25:3)]]></failure>
    </testCase>
    <testCase name="SeriesItem component renders SeriesFooterLite when isLite === true" duration="56">
      <failure message="Error: Unable to find an element with testID: content_footer_lite"><![CDATA[Error: Unable to find an element with testID: content_footer_lite
    at Object.<anonymous> (/Users/namanh/ReactNative/bic-group-app/src/components/series/SeriesItem/index.test.tsx:54:32)
    at Promise.then.completed (/Users/namanh/ReactNative/bic-group-app/node_modules/jest-circus/build/utils.js:390:28)
    at new Promise (<anonymous>)
    at callAsyncCircusFn (/Users/namanh/ReactNative/bic-group-app/node_modules/jest-circus/build/utils.js:315:10)
    at _callCircusTest (/Users/namanh/ReactNative/bic-group-app/node_modules/jest-circus/build/run.js:218:40)
    at processTicksAndRejections (node:internal/process/task_queues:96:5)
    at _runTest (/Users/namanh/ReactNative/bic-group-app/node_modules/jest-circus/build/run.js:155:3)
    at _runTestsForDescribeBlock (/Users/namanh/ReactNative/bic-group-app/node_modules/jest-circus/build/run.js:66:9)
    at _runTestsForDescribeBlock (/Users/namanh/ReactNative/bic-group-app/node_modules/jest-circus/build/run.js:60:9)
    at run (/Users/namanh/ReactNative/bic-group-app/node_modules/jest-circus/build/run.js:25:3)]]></failure>
    </testCase>
  </file>
  <file path="/Users/namanh/ReactNative/bic-group-app/src/screens/Menu/UserProfile/store/actions/getUserProfile.test.ts">
    <testCase name="getUserProfile should getUserProfile success:" duration="220"/>
    <testCase name="getUserProfile should getUserProfile throw error" duration="40"/>
  </file>
  <file path="/Users/namanh/ReactNative/bic-group-app/src/beinComponents/inputs/MentionInput/MentionBar/MetionBarItem.test.tsx">
    <testCase name="MentionBarItem component renders correctly" duration="97"/>
    <testCase name="MentionBarItem component should show &quot;MentionBarItem&quot; and onPress should be called" duration="54"/>
    <testCase name="MentionBarItem component should show &quot;MentionBarItem&quot; with Avatar" duration="55"/>
    <testCase name="MentionBarItem component should show &quot;MentionBarItem&quot; with name" duration="56"/>
  </file>
  <file path="/Users/namanh/ReactNative/bic-group-app/src/screens/communities/Communities/components/YourGroups/index.test.tsx">
    <testCase name="YourGroups Screen given no params, should call api getJoinedAllGroups with the next page" duration="107"/>
    <testCase name="YourGroups Screen given param isRefreshing, should refresh data" duration="60"/>
  </file>
  <file path="/Users/namanh/ReactNative/bic-group-app/src/components/articles/ArticleHeader/index.test.tsx">
    <testCase name="ArticleHeader Component renders correctly" duration="124"/>
    <testCase name="ArticleHeader Component should navigate to detail" duration="88"/>
    <testCase name="ArticleHeader Component should call onPressHeader" duration="34"/>
  </file>
  <file path="/Users/namanh/ReactNative/bic-group-app/src/screens/Menu/AccountSettings/EditBasicInfo/fragments/LanguageOptionMenu.test.tsx">
    <testCase name="LanguageOptionMenu conponent should call props onChangeLanguages" duration="163">
      <failure message="Error: Unable to find an element with testID: edit_basic_info.save_language"><![CDATA[Error: Unable to find an element with testID: edit_basic_info.save_language
    at Object.<anonymous> (/Users/namanh/ReactNative/bic-group-app/src/screens/Menu/AccountSettings/EditBasicInfo/fragments/LanguageOptionMenu.test.tsx:28:39)
    at Promise.then.completed (/Users/namanh/ReactNative/bic-group-app/node_modules/jest-circus/build/utils.js:390:28)
    at new Promise (<anonymous>)
    at callAsyncCircusFn (/Users/namanh/ReactNative/bic-group-app/node_modules/jest-circus/build/utils.js:315:10)
    at _callCircusTest (/Users/namanh/ReactNative/bic-group-app/node_modules/jest-circus/build/run.js:218:40)
    at processTicksAndRejections (node:internal/process/task_queues:96:5)
    at _runTest (/Users/namanh/ReactNative/bic-group-app/node_modules/jest-circus/build/run.js:155:3)
    at _runTestsForDescribeBlock (/Users/namanh/ReactNative/bic-group-app/node_modules/jest-circus/build/run.js:66:9)
    at _runTestsForDescribeBlock (/Users/namanh/ReactNative/bic-group-app/node_modules/jest-circus/build/run.js:60:9)
    at run (/Users/namanh/ReactNative/bic-group-app/node_modules/jest-circus/build/run.js:25:3)]]></failure>
    </testCase>
    <testCase name="LanguageOptionMenu conponent should call props onChangeLanguages with list language" duration="42">
      <failure message="Error: Unable to find an element with testID: language_option_menu.checkbox.item_0"><![CDATA[Error: Unable to find an element with testID: language_option_menu.checkbox.item_0
    at Object.<anonymous> (/Users/namanh/ReactNative/bic-group-app/src/screens/Menu/AccountSettings/EditBasicInfo/fragments/LanguageOptionMenu.test.tsx:53:37)
    at Promise.then.completed (/Users/namanh/ReactNative/bic-group-app/node_modules/jest-circus/build/utils.js:390:28)
    at new Promise (<anonymous>)
    at callAsyncCircusFn (/Users/namanh/ReactNative/bic-group-app/node_modules/jest-circus/build/utils.js:315:10)
    at _callCircusTest (/Users/namanh/ReactNative/bic-group-app/node_modules/jest-circus/build/run.js:218:40)
    at processTicksAndRejections (node:internal/process/task_queues:96:5)
    at _runTest (/Users/namanh/ReactNative/bic-group-app/node_modules/jest-circus/build/run.js:155:3)
    at _runTestsForDescribeBlock (/Users/namanh/ReactNative/bic-group-app/node_modules/jest-circus/build/run.js:66:9)
    at _runTestsForDescribeBlock (/Users/namanh/ReactNative/bic-group-app/node_modules/jest-circus/build/run.js:60:9)
    at run (/Users/namanh/ReactNative/bic-group-app/node_modules/jest-circus/build/run.js:25:3)]]></failure>
    </testCase>
  </file>
  <file path="/Users/namanh/ReactNative/bic-group-app/src/screens/articles/CreateArticle/screens/CreateArticleTitle/index.test.tsx">
    <testCase name="CreateArticleTitle screen should not enable button save if title is empty" duration="219"/>
    <testCase name="CreateArticleTitle screen should enable button save if title is not empty &amp; changed" duration="105"/>
  </file>
  <file path="/Users/namanh/ReactNative/bic-group-app/src/components/articles/ArticleSelectingInfo/index.test.tsx">
    <testCase name="ArticleSelectingInfo Component renders correctly" duration="98"/>
    <testCase name="ArticleSelectingInfo Component renders correctly with prop isChecked = true" duration="32"/>
    <testCase name="ArticleSelectingInfo Component renders correctly with prop disabled = true" duration="53"/>
    <testCase name="ArticleSelectingInfo Component should call prop onRemoveItem" duration="256"/>
    <testCase name="ArticleSelectingInfo Component should call prop onAddItem" duration="360"/>
  </file>
  <file path="/Users/namanh/ReactNative/bic-group-app/src/screens/Draft/DraftPost/index.test.tsx">
    <testCase name="UserEditProfile screen should render empty view if posts are empty" duration="443"/>
    <testCase name="UserEditProfile screen should render loading view" duration="173"/>
    <testCase name="UserEditProfile screen should render ItemSeparator" duration="209">
      <failure message="Error: Couldn&apos;t find a route object. Is your component inside a screen in a navigator?"><![CDATA[Error: Couldn't find a route object. Is your component inside a screen in a navigator?
    at useRoute (/Users/namanh/ReactNative/bic-group-app/node_modules/@react-navigation/core/src/useRoute.tsx:16:11)
    at PostHeader (/Users/namanh/ReactNative/bic-group-app/src/components/posts/PostHeader/index.tsx:31:25)
    at renderWithHooks (/Users/namanh/ReactNative/bic-group-app/node_modules/react-test-renderer/cjs/react-test-renderer.development.js:6016:18)
    at mountIndeterminateComponent (/Users/namanh/ReactNative/bic-group-app/node_modules/react-test-renderer/cjs/react-test-renderer.development.js:8744:13)
    at beginWork (/Users/namanh/ReactNative/bic-group-app/node_modules/react-test-renderer/cjs/react-test-renderer.development.js:9966:16)
    at performUnitOfWork (/Users/namanh/ReactNative/bic-group-app/node_modules/react-test-renderer/cjs/react-test-renderer.development.js:13800:12)
    at workLoopSync (/Users/namanh/ReactNative/bic-group-app/node_modules/react-test-renderer/cjs/react-test-renderer.development.js:13728:5)
    at renderRootSync (/Users/namanh/ReactNative/bic-group-app/node_modules/react-test-renderer/cjs/react-test-renderer.development.js:13691:7)
    at performSyncWorkOnRoot (/Users/namanh/ReactNative/bic-group-app/node_modules/react-test-renderer/cjs/react-test-renderer.development.js:13404:18)
    at /Users/namanh/ReactNative/bic-group-app/node_modules/react-test-renderer/cjs/react-test-renderer.development.js:2537:26]]></failure>
    </testCase>
  </file>
  <file path="/Users/namanh/ReactNative/bic-group-app/src/screens/Menu/UserProfile/store/actions/editWorkExperience.test.ts">
    <testCase name="editWorkExperience should editWorkExperience success:" duration="93"/>
    <testCase name="editWorkExperience should editWorkExperience throw error" duration="44"/>
  </file>
  <file path="/Users/namanh/ReactNative/bic-group-app/src/components/Report/store/actions/getMemberReportReasons.test.ts">
    <testCase name="getMemberReportReasons should getMemberReportReasons throw error" duration="111"/>
    <testCase name="getMemberReportReasons should call api getMemberReportReasons success" duration="35"/>
  </file>
  <file path="/Users/namanh/ReactNative/bic-group-app/src/components/CommunityGroupCard/ButtonCommunityGroupCard.test.tsx">
    <testCase name="ButtonCommunityGroupCard component given joinStatus = 1, should render button join" duration="95"/>
    <testCase name="ButtonCommunityGroupCard component given joinStatus = 2, should render button view" duration="50"/>
    <testCase name="ButtonCommunityGroupCard component given joinStatus = 3, should render button cancel request" duration="25"/>
  </file>
  <file path="/Users/namanh/ReactNative/bic-group-app/src/screens/series/CreateSeries/components/ChosenAudiences.test.tsx">
    <testCase name="ChosenAudiences component render correctly" duration="131"/>
    <testCase name="ChosenAudiences component should call onPressAudiences when click component" duration="37"/>
    <testCase name="ChosenAudiences component render correctly when audiences is empty" duration="78"/>
    <testCase name="ChosenAudiences component should disabled component when prop disabled = true" duration="26"/>
  </file>
  <file path="/Users/namanh/ReactNative/bic-group-app/src/screens/Menu/UserProfile/store/actions/addWorkExperience.test.ts">
    <testCase name="addWorkExperience should addWorkExperience success:" duration="107"/>
    <testCase name="addWorkExperience should addWorkExperience throw error" duration="46"/>
  </file>
  <file path="/Users/namanh/ReactNative/bic-group-app/src/screens/comments/CommentDetail/index.test.tsx">
    <testCase name="CommentDetail component should render correctly (isReported = true)" duration="217"/>
    <testCase name="CommentDetail component should render correctly (isReported = false)" duration="311"/>
  </file>
  <file path="/Users/namanh/ReactNative/bic-group-app/src/screens/comments/components/CommentToolbar/index.test.tsx">
    <testCase name="CommentToolbar component renders correctly" duration="372"/>
    <testCase name="CommentToolbar component renders correctly null" duration="55"/>
    <testCase name="CommentToolbar component should call prop onSelectImage" duration="102"/>
    <testCase name="CommentToolbar component should call prop onSelectGif" duration="193"/>
    <testCase name="CommentToolbar component should call prop onSelectEmoij" duration="80"/>
  </file>
  <file path="/Users/namanh/ReactNative/bic-group-app/src/components/Report/store/actions/getReportReasons.test.ts">
    <testCase name="getReportReasons should getReportReasons throw error" duration="219"/>
    <testCase name="getReportReasons should call api getReportReasons success" duration="107"/>
  </file>
  <file path="/Users/namanh/ReactNative/bic-group-app/src/baseComponents/Toast/BaseToast/index.test.tsx">
    <testCase name="BaseToast component renders success toast correctly" duration="100"/>
    <testCase name="BaseToast component renders error toast correctly" duration="104"/>
    <testCase name="BaseToast component renders full toast with button correctly" duration="46"/>
    <testCase name="BaseToast component should call prop onButtonPress" duration="31"/>
    <testCase name="BaseToast component should call prop onPressClose" duration="24"/>
  </file>
  <file path="/Users/namanh/ReactNative/bic-group-app/src/beinComponents/Button/ButtonDanger.test.tsx">
    <testCase name="ButtonDanger conponent renders correctly" duration="122"/>
    <testCase name="ButtonDanger conponent renders children correctly" duration="66"/>
    <testCase name="ButtonDanger conponent renders style correctly" duration="79"/>
    <testCase name="ButtonDanger conponent renders disabled correctly" duration="28"/>
  </file>
  <file path="/Users/namanh/ReactNative/bic-group-app/src/screens/tags/Tags/components/TagItem.test.tsx">
    <testCase name="TagItem component given canCUDTag &amp; tag has totalUsed = 0, should render menu" duration="99"/>
    <testCase name="TagItem component given canCUDTag &amp; tag has totalUsed &gt; 0, should not render menu" duration="55"/>
    <testCase name="TagItem component given canCUDTag = false, should not render menu" duration="32"/>
  </file>
  <file path="/Users/namanh/ReactNative/bic-group-app/src/screens/topic/store/actions/getTopicDetail.test.tsx">
    <testCase name="getTopicDetail should get TopicDetail throw error" duration="66"/>
    <testCase name="getTopicDetail should call api get TopicDetail success" duration="127"/>
  </file>
  <file path="/Users/namanh/ReactNative/bic-group-app/src/screens/auth/VerifyEmail/store/actions/confirmSignUp.test.ts">
    <testCase name="confirmSignUp function should call amplify confirm sign up in success" duration="111"/>
    <testCase name="confirmSignUp function should call amplify confirm sign up error, call prop callbackError" duration="69"/>
  </file>
  <file path="/Users/namanh/ReactNative/bic-group-app/src/components/NoticePanel/index.test.tsx">
    <testCase name="NoticePanel component renders correctly" duration="114"/>
    <testCase name="NoticePanel component should call props onButtonPress" duration="38"/>
    <testCase name="NoticePanel component should call props onClose" duration="42"/>
  </file>
  <file path="/Users/namanh/ReactNative/bic-group-app/src/screens/communities/CommunityDetail/components/PrivateWelcome/index.test.tsx">
    <testCase name="PrivateWelcome component renders InfoHeader component correctly" duration="130"/>
    <testCase name="PrivateWelcome component renders JoinCancelButton component correctly" duration="47">
      <failure message="Error: Unable to find an element with testID: join_cancel_button"><![CDATA[Error: Unable to find an element with testID: join_cancel_button
    at Object.<anonymous> (/Users/namanh/ReactNative/bic-group-app/src/screens/communities/CommunityDetail/components/PrivateWelcome/index.test.tsx:39:31)
    at Promise.then.completed (/Users/namanh/ReactNative/bic-group-app/node_modules/jest-circus/build/utils.js:390:28)
    at new Promise (<anonymous>)
    at callAsyncCircusFn (/Users/namanh/ReactNative/bic-group-app/node_modules/jest-circus/build/utils.js:315:10)
    at _callCircusTest (/Users/namanh/ReactNative/bic-group-app/node_modules/jest-circus/build/run.js:218:40)
    at processTicksAndRejections (node:internal/process/task_queues:96:5)
    at _runTest (/Users/namanh/ReactNative/bic-group-app/node_modules/jest-circus/build/run.js:155:3)
    at _runTestsForDescribeBlock (/Users/namanh/ReactNative/bic-group-app/node_modules/jest-circus/build/run.js:66:9)
    at _runTestsForDescribeBlock (/Users/namanh/ReactNative/bic-group-app/node_modules/jest-circus/build/run.js:60:9)
    at run (/Users/namanh/ReactNative/bic-group-app/node_modules/jest-circus/build/run.js:25:3)]]></failure>
    </testCase>
    <testCase name="PrivateWelcome component renders AboutContent component correctly" duration="30"/>
  </file>
  <file path="/Users/namanh/ReactNative/bic-group-app/src/components/posts/UserInterestedPost/index.test.tsx">
    <testCase name="UserSeenPost Screen given an idPost, should call api getSeenList" duration="167"/>
    <testCase name="UserSeenPost Screen given an idPost, should loading = false when something is wrong" duration="43"/>
  </file>
  <file path="/Users/namanh/ReactNative/bic-group-app/src/screens/Home/index.test.tsx">
    <testCase name="Home screen should call open chat" duration="388"/>
    <testCase name="Home screen default render should contentFilter = ALL vs attributeFilter = ALL" duration="354"/>
  </file>
  <file path="/Users/namanh/ReactNative/bic-group-app/src/screens/groups/helper/index.test.ts">
    <testCase name="Group functions helper handleLeaveInnerGroups should call prop callback correctly" duration="62"/>
    <testCase name="Group functions helper handleLeaveInnerGroups should show error message from server" duration="26">
      <failure message="TypeError: Cannot read properties of undefined (reading &apos;code&apos;)"><![CDATA[TypeError: Cannot read properties of undefined (reading 'code')
    at showToastError (/Users/namanh/ReactNative/bic-group-app/src/store/helper/showToastError.ts:12:13)
    at _callee$ (/Users/namanh/ReactNative/bic-group-app/src/screens/groups/helper/index.ts:26:19)
    at tryCatch (/Users/namanh/ReactNative/bic-group-app/node_modules/regenerator-runtime/runtime.js:64:40)
    at Generator.invoke (/Users/namanh/ReactNative/bic-group-app/node_modules/regenerator-runtime/runtime.js:299:22)
    at Generator.throw (/Users/namanh/ReactNative/bic-group-app/node_modules/regenerator-runtime/runtime.js:124:21)
    at tryCatch (/Users/namanh/ReactNative/bic-group-app/node_modules/regenerator-runtime/runtime.js:64:40)
    at invoke (/Users/namanh/ReactNative/bic-group-app/node_modules/regenerator-runtime/runtime.js:160:20)
    at /Users/namanh/ReactNative/bic-group-app/node_modules/regenerator-runtime/runtime.js:172:13
    at tryCallOne (/Users/namanh/ReactNative/bic-group-app/node_modules/react-native/node_modules/promise/lib/core.js:37:12)
    at /Users/namanh/ReactNative/bic-group-app/node_modules/react-native/node_modules/promise/lib/core.js:123:15]]></failure>
    </testCase>
    <testCase name="Group functions helper getAllChildrenName should return name of 3 level" duration="16"/>
    <testCase name="Group functions helper getAllChildrenName should return name of group has no child" duration="28"/>
  </file>
  <file path="/Users/namanh/ReactNative/bic-group-app/src/screens/Home/components/NewsfeedList/index.test.tsx">
    <testCase name="NewsfeedList component renders correctly loading more" duration="723">
      <failure message="Error: expect(received).not.toBeNull()"><![CDATA[Error: expect(received).not.toBeNull()

Received: null
    at _callee$ (/Users/namanh/ReactNative/bic-group-app/src/screens/Home/components/NewsfeedList/index.test.tsx:30:27)
    at tryCatch (/Users/namanh/ReactNative/bic-group-app/node_modules/regenerator-runtime/runtime.js:64:40)
    at Generator.invoke (/Users/namanh/ReactNative/bic-group-app/node_modules/regenerator-runtime/runtime.js:299:22)
    at Generator.next (/Users/namanh/ReactNative/bic-group-app/node_modules/regenerator-runtime/runtime.js:124:21)
    at tryCatch (/Users/namanh/ReactNative/bic-group-app/node_modules/regenerator-runtime/runtime.js:64:40)
    at invoke (/Users/namanh/ReactNative/bic-group-app/node_modules/regenerator-runtime/runtime.js:160:20)
    at /Users/namanh/ReactNative/bic-group-app/node_modules/regenerator-runtime/runtime.js:170:13
    at tryCallOne (/Users/namanh/ReactNative/bic-group-app/node_modules/react-native/node_modules/promise/lib/core.js:37:12)
    at /Users/namanh/ReactNative/bic-group-app/node_modules/react-native/node_modules/promise/lib/core.js:123:15
    at flush (/Users/namanh/ReactNative/bic-group-app/node_modules/asap/raw.js:50:29)]]></failure>
    </testCase>
    <testCase name="NewsfeedList component renders correctly cant load more" duration="79">
      <failure message="Error: expect(received).not.toBeNull()"><![CDATA[Error: expect(received).not.toBeNull()

Received: null
    at _callee2$ (/Users/namanh/ReactNative/bic-group-app/src/screens/Home/components/NewsfeedList/index.test.tsx:52:27)
    at tryCatch (/Users/namanh/ReactNative/bic-group-app/node_modules/regenerator-runtime/runtime.js:64:40)
    at Generator.invoke (/Users/namanh/ReactNative/bic-group-app/node_modules/regenerator-runtime/runtime.js:299:22)
    at Generator.next (/Users/namanh/ReactNative/bic-group-app/node_modules/regenerator-runtime/runtime.js:124:21)
    at tryCatch (/Users/namanh/ReactNative/bic-group-app/node_modules/regenerator-runtime/runtime.js:64:40)
    at invoke (/Users/namanh/ReactNative/bic-group-app/node_modules/regenerator-runtime/runtime.js:160:20)
    at /Users/namanh/ReactNative/bic-group-app/node_modules/regenerator-runtime/runtime.js:195:11
    at tryCallTwo (/Users/namanh/ReactNative/bic-group-app/node_modules/react-native/node_modules/promise/lib/core.js:45:5)
    at doResolve (/Users/namanh/ReactNative/bic-group-app/node_modules/react-native/node_modules/promise/lib/core.js:200:13)
    at new Promise (/Users/namanh/ReactNative/bic-group-app/node_modules/react-native/node_modules/promise/lib/core.js:66:3)]]></failure>
    </testCase>
  </file>
  <file path="/Users/namanh/ReactNative/bic-group-app/src/screens/auth/ForgotPassword/components/CodeInputView/components/CodeInput.test.tsx">
    <testCase name="CodeInput component renders text error" duration="234"/>
  </file>
  <file path="/Users/namanh/ReactNative/bic-group-app/src/screens/Menu/UserProfile/store/actions/getWorkExperience.test.ts">
    <testCase name="getWorkExperience should getWorkExperience success:" duration="69"/>
    <testCase name="getWorkExperience should getWorkExperience throw error" duration="42"/>
  </file>
  <file path="/Users/namanh/ReactNative/bic-group-app/src/screens/Home/HomeSearch/SearchResult.test.tsx">
    <testCase name="SearchResult component should render empty search result" duration="263">
      <failure message="Error: Couldn&apos;t find a route object. Is your component inside a screen in a navigator?"><![CDATA[Error: Couldn't find a route object. Is your component inside a screen in a navigator?
    at useRoute (/Users/namanh/ReactNative/bic-group-app/node_modules/@react-navigation/core/src/useRoute.tsx:16:11)
    at PostHeader (/Users/namanh/ReactNative/bic-group-app/src/components/posts/PostHeader/index.tsx:31:25)
    at renderWithHooks (/Users/namanh/ReactNative/bic-group-app/node_modules/react-test-renderer/cjs/react-test-renderer.development.js:6016:18)
    at mountIndeterminateComponent (/Users/namanh/ReactNative/bic-group-app/node_modules/react-test-renderer/cjs/react-test-renderer.development.js:8744:13)
    at beginWork (/Users/namanh/ReactNative/bic-group-app/node_modules/react-test-renderer/cjs/react-test-renderer.development.js:9966:16)
    at performUnitOfWork (/Users/namanh/ReactNative/bic-group-app/node_modules/react-test-renderer/cjs/react-test-renderer.development.js:13800:12)
    at workLoopSync (/Users/namanh/ReactNative/bic-group-app/node_modules/react-test-renderer/cjs/react-test-renderer.development.js:13728:5)
    at renderRootSync (/Users/namanh/ReactNative/bic-group-app/node_modules/react-test-renderer/cjs/react-test-renderer.development.js:13691:7)
    at performSyncWorkOnRoot (/Users/namanh/ReactNative/bic-group-app/node_modules/react-test-renderer/cjs/react-test-renderer.development.js:13404:18)
    at /Users/namanh/ReactNative/bic-group-app/node_modules/react-test-renderer/cjs/react-test-renderer.development.js:2537:26]]></failure>
    </testCase>
    <testCase name="SearchResult component should render list search result" duration="106">
      <failure message="Error: Couldn&apos;t find a route object. Is your component inside a screen in a navigator?"><![CDATA[Error: Couldn't find a route object. Is your component inside a screen in a navigator?
    at useRoute (/Users/namanh/ReactNative/bic-group-app/node_modules/@react-navigation/core/src/useRoute.tsx:16:11)
    at PostHeader (/Users/namanh/ReactNative/bic-group-app/src/components/posts/PostHeader/index.tsx:31:25)
    at renderWithHooks (/Users/namanh/ReactNative/bic-group-app/node_modules/react-test-renderer/cjs/react-test-renderer.development.js:6016:18)
    at mountIndeterminateComponent (/Users/namanh/ReactNative/bic-group-app/node_modules/react-test-renderer/cjs/react-test-renderer.development.js:8744:13)
    at beginWork (/Users/namanh/ReactNative/bic-group-app/node_modules/react-test-renderer/cjs/react-test-renderer.development.js:9966:16)
    at performUnitOfWork (/Users/namanh/ReactNative/bic-group-app/node_modules/react-test-renderer/cjs/react-test-renderer.development.js:13800:12)
    at workLoopSync (/Users/namanh/ReactNative/bic-group-app/node_modules/react-test-renderer/cjs/react-test-renderer.development.js:13728:5)
    at renderRootSync (/Users/namanh/ReactNative/bic-group-app/node_modules/react-test-renderer/cjs/react-test-renderer.development.js:13691:7)
    at performSyncWorkOnRoot (/Users/namanh/ReactNative/bic-group-app/node_modules/react-test-renderer/cjs/react-test-renderer.development.js:13404:18)
    at /Users/namanh/ReactNative/bic-group-app/node_modules/react-test-renderer/cjs/react-test-renderer.development.js:2537:26]]></failure>
    </testCase>
  </file>
  <file path="/Users/namanh/ReactNative/bic-group-app/src/screens/articles/CreateArticle/screens/CreateArticleTags/TagsSection.test.tsx">
    <testCase name="TagsSection should render correctly" duration="194"/>
    <testCase name="TagsSection should disabled if audience is empty" duration="183"/>
  </file>
  <file path="/Users/namanh/ReactNative/bic-group-app/src/screens/articles/CreateArticle/screens/CreateArticleSeries/SeriesSection.test.tsx">
    <testCase name="SeriesSection should render correctly" duration="197"/>
    <testCase name="SeriesSection should disabled if audience is empty" duration="89"/>
  </file>
  <file path="/Users/namanh/ReactNative/bic-group-app/src/screens/articles/CreateArticle/screens/CreateArticleCategory/store/actions/getCategories.test.ts">
    <testCase name="getCategories in article should do nothing if hasNextPage = false" duration="149"/>
    <testCase name="getCategories in article should get list categories success:" duration="62"/>
  </file>
  <file path="/Users/namanh/ReactNative/bic-group-app/src/screens/Menu/UserProfile/components/ItemExperience/index.test.tsx">
    <testCase name="ItemExperience component renders correctly" duration="232"/>
  </file>
  <file path="/Users/namanh/ReactNative/bic-group-app/src/screens/Menu/UserProfile/fragments/CoverHeader/index.test.tsx">
    <testCase name="CoverHeader component renders correctly with onLayout" duration="107"/>
    <testCase name="CoverHeader component renders correctly Not onLayout" duration="60"/>
  </file>
  <file path="/Users/namanh/ReactNative/bic-group-app/src/screens/groups/GroupMembers/AddMembersToGroup/index.test.tsx">
    <testCase name="AddMembersToGroup renders correctly when no search text is typed" duration="127"/>
    <testCase name="AddMembersToGroup enables the add button when there are selected users" duration="67"/>
  </file>
  <file path="/Users/namanh/ReactNative/bic-group-app/src/screens/tags/TagDetail/index.test.tsx">
    <testCase name="TagDetail component renders correctly" duration="164"/>
    <testCase name="TagDetail component renders list article success" duration="175"/>
  </file>
  <file path="/Users/namanh/ReactNative/bic-group-app/src/screens/groups/components/PendingUserItem.test.tsx">
    <testCase name="PendingUserItem component should render data correctly" duration="127"/>
    <testCase name="PendingUserItem component should call prop onPressDecline correctly" duration="40"/>
    <testCase name="PendingUserItem component should call prop onPressApprove correctly" duration="52"/>
  </file>
  <file path="/Users/namanh/ReactNative/bic-group-app/src/baseComponents/Emoji/index.test.tsx">
    <testCase name="Emoji component should render custom emoji" duration="42"/>
    <testCase name="Emoji component should render unicode emoji" duration="47"/>
    <testCase name="Emoji component should render null" duration="21"/>
  </file>
  <file path="/Users/namanh/ReactNative/bic-group-app/src/screens/groups/components/ButtonApproveDeclineAllRequests.test.tsx">
    <testCase name="Button Approve Decline all requests should render UI correctly" duration="88"/>
    <testCase name="Button Approve Decline all requests should call prop onPressDeclineAll correctly" duration="43"/>
    <testCase name="Button Approve Decline all requests should call prop onPressApproveAll correctly" duration="50"/>
  </file>
  <file path="/Users/namanh/ReactNative/bic-group-app/src/screens/tags/store/actions/getCommunityTags.test.ts">
    <testCase name="getCommunityTags give idCommunity should load that community`s tag" duration="78"/>
  </file>
  <file path="/Users/namanh/ReactNative/bic-group-app/src/beinComponents/Button/ButtonIcon.test.tsx">
    <testCase name="ButtonDanger conponent renders correctly" duration="81"/>
    <testCase name="ButtonDanger conponent renders label correctly" duration="97"/>
    <testCase name="ButtonDanger conponent renders style correctly" duration="33"/>
    <testCase name="ButtonDanger conponent renders iconWrapperStyle correctly" duration="89"/>
  </file>
  <file path="/Users/namanh/ReactNative/bic-group-app/src/baseComponents/BannerImportant/index.test.tsx">
    <testCase name="BannerImportant component renders active banner correctly" duration="82"/>
    <testCase name="BannerImportant component renders inactive banner correctly" duration="57"/>
    <testCase name="BannerImportant component renders default banner when this post is not important" duration="23"/>
    <testCase name="BannerImportant component renders empty when list community = 0 and is not important" duration="24"/>
  </file>
  <file path="/Users/namanh/ReactNative/bic-group-app/src/beinComponents/inputs/MentionInput/MentionBar/index.test.tsx">
    <testCase name="MentionBar component renders correctly" duration="70"/>
    <testCase name="MentionBar component renders null" duration="66"/>
    <testCase name="MentionBar component should show &quot;MentionBar&quot; in horizontal" duration="39">
      <failure message="Error: Unable to find an element with testID: mention_bar.list"><![CDATA[Error: Unable to find an element with testID: mention_bar.list
    at _callee3$ (/Users/namanh/ReactNative/bic-group-app/src/beinComponents/inputs/MentionInput/MentionBar/index.test.tsx:28:31)
    at tryCatch (/Users/namanh/ReactNative/bic-group-app/node_modules/regenerator-runtime/runtime.js:64:40)
    at Generator.invoke (/Users/namanh/ReactNative/bic-group-app/node_modules/regenerator-runtime/runtime.js:299:22)
    at Generator.next (/Users/namanh/ReactNative/bic-group-app/node_modules/regenerator-runtime/runtime.js:124:21)
    at tryCatch (/Users/namanh/ReactNative/bic-group-app/node_modules/regenerator-runtime/runtime.js:64:40)
    at invoke (/Users/namanh/ReactNative/bic-group-app/node_modules/regenerator-runtime/runtime.js:160:20)
    at /Users/namanh/ReactNative/bic-group-app/node_modules/regenerator-runtime/runtime.js:195:11
    at tryCallTwo (/Users/namanh/ReactNative/bic-group-app/node_modules/react-native/node_modules/promise/lib/core.js:45:5)
    at doResolve (/Users/namanh/ReactNative/bic-group-app/node_modules/react-native/node_modules/promise/lib/core.js:200:13)
    at new Promise (/Users/namanh/ReactNative/bic-group-app/node_modules/react-native/node_modules/promise/lib/core.js:66:3)]]></failure>
    </testCase>
    <testCase name="MentionBar component should show &quot;MentionBar&quot; with Divider" duration="109">
      <failure message="Error: Unable to find an element with testID: mention_bar.list.divider"><![CDATA[Error: Unable to find an element with testID: mention_bar.list.divider
    at _callee4$ (/Users/namanh/ReactNative/bic-group-app/src/beinComponents/inputs/MentionInput/MentionBar/index.test.tsx:38:31)
    at tryCatch (/Users/namanh/ReactNative/bic-group-app/node_modules/regenerator-runtime/runtime.js:64:40)
    at Generator.invoke (/Users/namanh/ReactNative/bic-group-app/node_modules/regenerator-runtime/runtime.js:299:22)
    at Generator.next (/Users/namanh/ReactNative/bic-group-app/node_modules/regenerator-runtime/runtime.js:124:21)
    at tryCatch (/Users/namanh/ReactNative/bic-group-app/node_modules/regenerator-runtime/runtime.js:64:40)
    at invoke (/Users/namanh/ReactNative/bic-group-app/node_modules/regenerator-runtime/runtime.js:160:20)
    at /Users/namanh/ReactNative/bic-group-app/node_modules/regenerator-runtime/runtime.js:195:11
    at tryCallTwo (/Users/namanh/ReactNative/bic-group-app/node_modules/react-native/node_modules/promise/lib/core.js:45:5)
    at doResolve (/Users/namanh/ReactNative/bic-group-app/node_modules/react-native/node_modules/promise/lib/core.js:200:13)
    at new Promise (/Users/namanh/ReactNative/bic-group-app/node_modules/react-native/node_modules/promise/lib/core.js:66:3)]]></failure>
    </testCase>
  </file>
  <file path="/Users/namanh/ReactNative/bic-group-app/src/screens/Menu/UserProfile/store/actions/getLanguages.test.ts">
    <testCase name="getLanguages should getLanguages success:" duration="68"/>
    <testCase name="getLanguages should getLanguages throw error" duration="27"/>
  </file>
  <file path="/Users/namanh/ReactNative/bic-group-app/src/screens/groups/GroupMembers/AddMembersToGroup/components/ChosenPeople.test.tsx">
    <testCase name="ChosenPeople renders correctly with selected users" duration="114"/>
    <testCase name="ChosenPeople calls onSelectUser when close icon X is pressed" duration="77"/>
    <testCase name="ChosenPeople renders nothing with no selected users" duration="27"/>
  </file>
  <file path="/Users/namanh/ReactNative/bic-group-app/src/screens/auth/store/actions/signIn.test.ts">
    <testCase name="signIn should call auth amplify sign in success, keep loading" duration="57">
      <failure message="Error: expect(jest.fn()).toBeCalled()"><![CDATA[Error: expect(jest.fn()).toBeCalled()

Expected number of calls: >= 1
Received number of calls:    0
    at Object.<anonymous> (/Users/namanh/ReactNative/bic-group-app/src/screens/auth/store/actions/signIn.test.ts:21:25)
    at Promise.then.completed (/Users/namanh/ReactNative/bic-group-app/node_modules/jest-circus/build/utils.js:390:28)
    at new Promise (<anonymous>)
    at callAsyncCircusFn (/Users/namanh/ReactNative/bic-group-app/node_modules/jest-circus/build/utils.js:315:10)
    at _callCircusTest (/Users/namanh/ReactNative/bic-group-app/node_modules/jest-circus/build/run.js:218:40)
    at processTicksAndRejections (node:internal/process/task_queues:96:5)
    at _runTest (/Users/namanh/ReactNative/bic-group-app/node_modules/jest-circus/build/run.js:155:3)
    at _runTestsForDescribeBlock (/Users/namanh/ReactNative/bic-group-app/node_modules/jest-circus/build/run.js:66:9)
    at _runTestsForDescribeBlock (/Users/namanh/ReactNative/bic-group-app/node_modules/jest-circus/build/run.js:60:9)
    at run (/Users/namanh/ReactNative/bic-group-app/node_modules/jest-circus/build/run.js:25:3)]]></failure>
    </testCase>
    <testCase name="signIn should call auth amplify error, call prop callbackError" duration="34">
      <failure message="Error: expect(jest.fn()).toBeCalled()"><![CDATA[Error: expect(jest.fn()).toBeCalled()

Expected number of calls: >= 1
Received number of calls:    0
    at Object.<anonymous> (/Users/namanh/ReactNative/bic-group-app/src/screens/auth/store/actions/signIn.test.ts:43:25)
    at Promise.then.completed (/Users/namanh/ReactNative/bic-group-app/node_modules/jest-circus/build/utils.js:390:28)
    at new Promise (<anonymous>)
    at callAsyncCircusFn (/Users/namanh/ReactNative/bic-group-app/node_modules/jest-circus/build/utils.js:315:10)
    at _callCircusTest (/Users/namanh/ReactNative/bic-group-app/node_modules/jest-circus/build/run.js:218:40)
    at processTicksAndRejections (node:internal/process/task_queues:96:5)
    at _runTest (/Users/namanh/ReactNative/bic-group-app/node_modules/jest-circus/build/run.js:155:3)
    at _runTestsForDescribeBlock (/Users/namanh/ReactNative/bic-group-app/node_modules/jest-circus/build/run.js:66:9)
    at _runTestsForDescribeBlock (/Users/namanh/ReactNative/bic-group-app/node_modules/jest-circus/build/run.js:60:9)
    at run (/Users/namanh/ReactNative/bic-group-app/node_modules/jest-circus/build/run.js:25:3)]]></failure>
    </testCase>
  </file>
  <file path="/Users/namanh/ReactNative/bic-group-app/src/components/CommonModal/index.test.tsx">
    <testCase name="CommonModal component renders correctly" duration="86"/>
    <testCase name="CommonModal component renders correctly with useAppBottomSheet = false" duration="50"/>
  </file>
  <file path="/Users/namanh/ReactNative/bic-group-app/src/screens/Menu/UserProfile/fragments/Experiences/index.test.tsx">
    <testCase name="Experiences component renders correctly" duration="212"/>
    <testCase name="Experiences component should not render" duration="62"/>
  </file>
  <file path="/Users/namanh/ReactNative/bic-group-app/src/screens/Notification/store/actions/registerPushToken.test.ts">
    <testCase name="registerPushToken should register push token successfully" duration="103"/>
    <testCase name="registerPushToken should register push token throw error" duration="28"/>
  </file>
  <file path="/Users/namanh/ReactNative/bic-group-app/src/components/ContentView/ContentHeader/index.test.tsx">
    <testCase name="ContentHeader component render correctly" duration="117"/>
    <testCase name="ContentHeader component should call onPressShowAudiences" duration="50"/>
    <testCase name="ContentHeader component should not call onPressShowAudiences when cant connect to the internet" duration="28"/>
  </file>
  <file path="/Users/namanh/ReactNative/bic-group-app/src/beinComponents/Filter.test.tsx">
    <testCase name="Filter component renders correctly" duration="128">
      <failure message="TypeError: Cannot read properties of undefined (reading &apos;__nodeId&apos;)"><![CDATA[TypeError: Cannot read properties of undefined (reading '__nodeId')
    at isNode (/Users/namanh/ReactNative/bic-group-app/node_modules/react-native-reanimated/lib/reanimated2/interpolation.js:11:14)
    at _f (/Users/namanh/ReactNative/bic-group-app/node_modules/react-native-reanimated/lib/reanimated2/interpolation.js:91:9)
    at updater (/Users/namanh/ReactNative/bic-group-app/src/beinComponents/Filter.tsx:175:32)
    at initialUpdaterRun (/Users/namanh/ReactNative/bic-group-app/node_modules/react-native-reanimated/lib/reanimated2/animation/util.js:7:20)
    at useAnimatedStyle (/Users/namanh/ReactNative/bic-group-app/node_modules/react-native-reanimated/lib/reanimated2/hook/useAnimatedStyle.js:292:47)
    at FilterComponent (/Users/namanh/ReactNative/bic-group-app/src/beinComponents/Filter.tsx:172:39)
    at renderWithHooks (/Users/namanh/ReactNative/bic-group-app/node_modules/react-test-renderer/cjs/react-test-renderer.development.js:6016:18)
    at mountIndeterminateComponent (/Users/namanh/ReactNative/bic-group-app/node_modules/react-test-renderer/cjs/react-test-renderer.development.js:8744:13)
    at beginWork (/Users/namanh/ReactNative/bic-group-app/node_modules/react-test-renderer/cjs/react-test-renderer.development.js:9966:16)
    at performUnitOfWork (/Users/namanh/ReactNative/bic-group-app/node_modules/react-test-renderer/cjs/react-test-renderer.development.js:13800:12)]]></failure>
    </testCase>
    <testCase name="Filter component should called onPress prop" duration="42">
      <failure message="TypeError: Cannot read properties of undefined (reading &apos;__nodeId&apos;)"><![CDATA[TypeError: Cannot read properties of undefined (reading '__nodeId')
    at isNode (/Users/namanh/ReactNative/bic-group-app/node_modules/react-native-reanimated/lib/reanimated2/interpolation.js:11:14)
    at _f (/Users/namanh/ReactNative/bic-group-app/node_modules/react-native-reanimated/lib/reanimated2/interpolation.js:91:9)
    at updater (/Users/namanh/ReactNative/bic-group-app/src/beinComponents/Filter.tsx:175:32)
    at initialUpdaterRun (/Users/namanh/ReactNative/bic-group-app/node_modules/react-native-reanimated/lib/reanimated2/animation/util.js:7:20)
    at useAnimatedStyle (/Users/namanh/ReactNative/bic-group-app/node_modules/react-native-reanimated/lib/reanimated2/hook/useAnimatedStyle.js:292:47)
    at FilterComponent (/Users/namanh/ReactNative/bic-group-app/src/beinComponents/Filter.tsx:172:39)
    at renderWithHooks (/Users/namanh/ReactNative/bic-group-app/node_modules/react-test-renderer/cjs/react-test-renderer.development.js:6016:18)
    at mountIndeterminateComponent (/Users/namanh/ReactNative/bic-group-app/node_modules/react-test-renderer/cjs/react-test-renderer.development.js:8744:13)
    at beginWork (/Users/namanh/ReactNative/bic-group-app/node_modules/react-test-renderer/cjs/react-test-renderer.development.js:9966:16)
    at performUnitOfWork (/Users/namanh/ReactNative/bic-group-app/node_modules/react-test-renderer/cjs/react-test-renderer.development.js:13800:12)]]></failure>
    </testCase>
  </file>
  <file path="/Users/namanh/ReactNative/bic-group-app/src/screens/Home/HomeSearch/SearchSuggestion.test.tsx">
    <testCase name="SearchSuggestion component should render SearchResult" duration="338"/>
    <testCase name="SearchSuggestion component should not render list recent search if text search is not empty" duration="34"/>
  </file>
  <file path="/Users/namanh/ReactNative/bic-group-app/src/screens/Menu/UserProfile/store/actions/getCountry.test.ts">
    <testCase name="getCountry should getCountry success:" duration="89"/>
    <testCase name="getCountry should getCountry throw error" duration="38"/>
  </file>
  <file path="/Users/namanh/ReactNative/bic-group-app/src/screens/Menu/AccountSettings/SecurityLogin/ChangePassword/index.test.tsx">
    <testCase name="ChangePassword component renders correctly" duration="480"/>
  </file>
  <file path="/Users/namanh/ReactNative/bic-group-app/src/screens/Menu/UserProfile/store/actions/getCity.test.ts">
    <testCase name="getCity should getCity success:" duration="76"/>
    <testCase name="getCity should getCity throw error" duration="32"/>
  </file>
  <file path="/Users/namanh/ReactNative/bic-group-app/src/screens/auth/store/actions/signOut.test.ts">
    <testCase name="signOut should do nothing if signing out" duration="79"/>
  </file>
  <file path="/Users/namanh/ReactNative/bic-group-app/src/screens/groups/GroupMembers/store/actions/getGroupSearchMembers.test.ts">
    <testCase name="getGroupSearchMembers should search group members success:" duration="110"/>
  </file>
  <file path="/Users/namanh/ReactNative/bic-group-app/src/beinComponents/inputs/MentionInput/Autocomplete/AtMention/AtMentionItem.test.tsx">
    <testCase name="AtMentionItem component renders correctly" duration="94"/>
    <testCase name="AtMentionItem component should show &quot;AtMentionItem&quot; with item all" duration="75"/>
    <testCase name="AtMentionItem component should call &quot;_onPressItem&quot;" duration="106"/>
  </file>
  <file path="/Users/namanh/ReactNative/bic-group-app/src/screens/Menu/AccountSettings/EditBasicInfo/fragments/OptionMenu.test.tsx">
    <testCase name="OptionMenu conponent renders correctly" duration="125"/>
    <testCase name="OptionMenu conponent should call props onItemPress" duration="145"/>
  </file>
  <file path="/Users/namanh/ReactNative/bic-group-app/src/screens/Menu/UserProfile/components/AddButton/index.test.tsx">
    <testCase name="AddButton component should render props correctly" duration="86"/>
    <testCase name="AddButton component should not render" duration="50"/>
  </file>
  <file path="/Users/namanh/ReactNative/bic-group-app/src/screens/Menu/UserProfile/components/DeleteButton/index.test.tsx">
    <testCase name="DeleteButton component should render props correctly" duration="71"/>
    <testCase name="DeleteButton component should not render" duration="42"/>
  </file>
  <file path="/Users/namanh/ReactNative/bic-group-app/src/screens/tags/store/actions/editTag.test.ts">
    <testCase name="editTag give a tag should edit that tag" duration="106"/>
  </file>
  <file path="/Users/namanh/ReactNative/bic-group-app/src/screens/Menu/UserProfile/components/EditButton/index.test.tsx">
    <testCase name="EditButton component should render props correctly" duration="75"/>
    <testCase name="EditButton component should not render" duration="95"/>
  </file>
  <file path="/Users/namanh/ReactNative/bic-group-app/src/screens/YourContent/components/ScheduledArticles/index.test.tsx">
    <testCase name="ScheduledArticles component render correctly" duration="211"/>
    <testCase name="ScheduledArticles component should render empty view when schedule aritcles are empty end cant load more" duration="179"/>
  </file>
  <file path="/Users/namanh/ReactNative/bic-group-app/src/screens/series/ChooseAudience/index.test.tsx">
    <testCase name="CreateSeries component renders correctly if this is first step in create series" duration="1479">
      <failure message="Error: Aborting after running 100000 timers, assuming an infinite loop!"><![CDATA[Error: Aborting after running 100000 timers, assuming an infinite loop!
    at getInfiniteLoopError (/Users/namanh/ReactNative/bic-group-app/node_modules/@sinonjs/fake-timers/src/fake-timers-src.js:320:35)
    at Object.runAll (/Users/namanh/ReactNative/bic-group-app/node_modules/@sinonjs/fake-timers/src/fake-timers-src.js:1473:19)
    at FakeTimers.runAllTimers (/Users/namanh/ReactNative/bic-group-app/node_modules/@jest/fake-timers/build/modernFakeTimers.js:75:19)
    at Object.runAllTimers (/Users/namanh/ReactNative/bic-group-app/node_modules/jest-runtime/build/index.js:2277:44)
    at /Users/namanh/ReactNative/bic-group-app/src/screens/series/ChooseAudience/index.test.tsx:37:12
    at batchedUpdates (/Users/namanh/ReactNative/bic-group-app/node_modules/react-test-renderer/cjs/react-test-renderer.development.js:13452:12)
    at act (/Users/namanh/ReactNative/bic-group-app/node_modules/react-test-renderer/cjs/react-test-renderer.development.js:15280:14)
    at Object.<anonymous> (/Users/namanh/ReactNative/bic-group-app/src/screens/series/ChooseAudience/index.test.tsx:36:8)
    at Promise.then.completed (/Users/namanh/ReactNative/bic-group-app/node_modules/jest-circus/build/utils.js:390:28)
    at new Promise (<anonymous>)]]></failure>
    </testCase>
  </file>
  <file path="/Users/namanh/ReactNative/bic-group-app/src/screens/articles/CreateArticle/screens/CreateArticleCover/index.test.tsx">
    <testCase name="CreateArticleCover should render correctly if cover is empty" duration="151"/>
    <testCase name="CreateArticleCover should render correctly if cover is not empty" duration="41"/>
  </file>
  <file path="/Users/namanh/ReactNative/bic-group-app/src/screens/auth/store/actions/announceSessionExpire.test.ts">
    <testCase name="announceSessionExpire should show alert session expire" duration="63"/>
    <testCase name="announceSessionExpire should not show alert session expire because of it is showing" duration="27"/>
  </file>
  <file path="/Users/namanh/ReactNative/bic-group-app/src/baseComponents/Tab/TabButton.test.tsx">
    <testCase name="TabButton renders selected button with size medium" duration="76"/>
    <testCase name="TabButton renders unselected button with size large" duration="104"/>
    <testCase name="TabButton should disable button when cant connect to internet" duration="73"/>
  </file>
  <file path="/Users/namanh/ReactNative/bic-group-app/src/components/Report/BannerReport/index.test.tsx">
    <testCase name="BannerReport screen render case Post correctly" duration="166"/>
    <testCase name="BannerReport screen render case Comment correctly" duration="35"/>
  </file>
  <file path="/Users/namanh/ReactNative/bic-group-app/src/components/series/SeriesContent/ListArticle.test.tsx">
    <testCase name="ListArticle component render correctly" duration="122"/>
    <testCase name="ListArticle component should go to article detail when press article item" duration="98">
      <failure message="Error: Found multiple elements with testID: list_article.article_item"><![CDATA[Error: Found multiple elements with testID: list_article.article_item
    at Object.<anonymous> (/Users/namanh/ReactNative/bic-group-app/src/components/series/SeriesContent/ListArticle.test.tsx:20:38)
    at Promise.then.completed (/Users/namanh/ReactNative/bic-group-app/node_modules/jest-circus/build/utils.js:390:28)
    at new Promise (<anonymous>)
    at callAsyncCircusFn (/Users/namanh/ReactNative/bic-group-app/node_modules/jest-circus/build/utils.js:315:10)
    at _callCircusTest (/Users/namanh/ReactNative/bic-group-app/node_modules/jest-circus/build/run.js:218:40)
    at processTicksAndRejections (node:internal/process/task_queues:96:5)
    at _runTest (/Users/namanh/ReactNative/bic-group-app/node_modules/jest-circus/build/run.js:155:3)
    at _runTestsForDescribeBlock (/Users/namanh/ReactNative/bic-group-app/node_modules/jest-circus/build/run.js:66:9)
    at _runTestsForDescribeBlock (/Users/namanh/ReactNative/bic-group-app/node_modules/jest-circus/build/run.js:60:9)
    at run (/Users/namanh/ReactNative/bic-group-app/node_modules/jest-circus/build/run.js:25:3)]]></failure>
    </testCase>
  </file>
  <file path="/Users/namanh/ReactNative/bic-group-app/src/beinComponents/Button/ButtonPrimary.test.tsx">
    <testCase name="ButtonPrimary conponent renders correctly" duration="88"/>
    <testCase name="ButtonPrimary conponent renders color correctly" duration="35"/>
    <testCase name="ButtonPrimary conponent renders textColor correctly" duration="40"/>
  </file>
  <file path="/Users/namanh/ReactNative/bic-group-app/src/beinComponents/list/items/NotificationItem/NotificationAvatar.test.tsx">
    <testCase name="NotificationAvatar component should render null when actors is empty" duration="202"/>
    <testCase name="NotificationAvatar component renders correctly with COMMENT verb with action comment lv1" duration="249"/>
  </file>
  <file path="/Users/namanh/ReactNative/bic-group-app/src/screens/communities/CommunityDetail/components/PreviewMembers/index.test.tsx">
    <testCase name="PreviewMembers component should render avatar list correctly" duration="122"/>
    <testCase name="PreviewMembers component should render member description text correctly when there is only 1 member" duration="35"/>
    <testCase name="PreviewMembers component should render member description text correctly when there are only 2 members" duration="24"/>
  </file>
  <file path="/Users/namanh/ReactNative/bic-group-app/src/screens/auth/store/actions/handleAuthEvent.test.ts">
    <testCase name="handleAuthEvent should handle signIn saving auth user" duration="77">
      <failure message="Error: expect(jest.fn()).toBeCalled()"><![CDATA[Error: expect(jest.fn()).toBeCalled()

Expected number of calls: >= 1
Received number of calls:    0
    at Object.<anonymous> (/Users/namanh/ReactNative/bic-group-app/src/screens/auth/store/actions/handleAuthEvent.test.ts:30:28)
    at Promise.then.completed (/Users/namanh/ReactNative/bic-group-app/node_modules/jest-circus/build/utils.js:390:28)
    at new Promise (<anonymous>)
    at callAsyncCircusFn (/Users/namanh/ReactNative/bic-group-app/node_modules/jest-circus/build/utils.js:315:10)
    at _callCircusTest (/Users/namanh/ReactNative/bic-group-app/node_modules/jest-circus/build/run.js:218:40)
    at processTicksAndRejections (node:internal/process/task_queues:96:5)
    at _runTest (/Users/namanh/ReactNative/bic-group-app/node_modules/jest-circus/build/run.js:155:3)
    at _runTestsForDescribeBlock (/Users/namanh/ReactNative/bic-group-app/node_modules/jest-circus/build/run.js:66:9)
    at _runTestsForDescribeBlock (/Users/namanh/ReactNative/bic-group-app/node_modules/jest-circus/build/run.js:60:9)
    at run (/Users/namanh/ReactNative/bic-group-app/node_modules/jest-circus/build/run.js:25:3)]]></failure>
    </testCase>
  </file>
  <file path="/Users/namanh/ReactNative/bic-group-app/src/screens/auth/ForgotPassword/components/CodeInputView/components/helper.test.ts">
    <testCase name="CodeInputView helper should validate success" duration="2"/>
    <testCase name="CodeInputView helper should validate failed" duration="12"/>
  </file>
  <file path="/Users/namanh/ReactNative/bic-group-app/src/screens/Home/HomeSearch/index.test.tsx">
    <testCase name="NewsfeedSearch component should render null" duration="96"/>
    <testCase name="NewsfeedSearch component should render search" duration="147"/>
    <testCase name="NewsfeedSearch component should render suggestion" duration="46"/>
  </file>
  <file path="/Users/namanh/ReactNative/bic-group-app/src/beinComponents/list/items/NotificationItem/NotificationContent/index.test.tsx">
    <testCase name="NotificationContent component renders correctly" duration="139"/>
  </file>
  <file path="/Users/namanh/ReactNative/bic-group-app/src/components/articles/ArticleWebview/index.test.tsx">
    <testCase name="ArticleWebview Component renders correctly" duration="67"/>
    <testCase name="ArticleWebview Component should render null" duration="49"/>
  </file>
  <file path="/Users/namanh/ReactNative/bic-group-app/src/screens/tags/store/actions/createTag.test.ts">
    <testCase name="createTag give tag vs idCommunity should create a new tag" duration="69"/>
  </file>
  <file path="/Users/namanh/ReactNative/bic-group-app/src/screens/groups/GroupDetail/components/GroupPrivateWelcome.test.tsx">
    <testCase name="GroupPrivateWelcome component renders GroupInfoHeader component correctly" duration="152"/>
    <testCase name="GroupPrivateWelcome component renders GroupAboutContent component correctly" duration="149">
      <failure message="Error: Unable to find an element with testID: group_about_content"><![CDATA[Error: Unable to find an element with testID: group_about_content
    at Object.<anonymous> (/Users/namanh/ReactNative/bic-group-app/src/screens/groups/GroupDetail/components/GroupPrivateWelcome.test.tsx:25:31)
    at Promise.then.completed (/Users/namanh/ReactNative/bic-group-app/node_modules/jest-circus/build/utils.js:390:28)
    at new Promise (<anonymous>)
    at callAsyncCircusFn (/Users/namanh/ReactNative/bic-group-app/node_modules/jest-circus/build/utils.js:315:10)
    at _callCircusTest (/Users/namanh/ReactNative/bic-group-app/node_modules/jest-circus/build/run.js:218:40)
    at processTicksAndRejections (node:internal/process/task_queues:96:5)
    at _runTest (/Users/namanh/ReactNative/bic-group-app/node_modules/jest-circus/build/run.js:155:3)
    at _runTestsForDescribeBlock (/Users/namanh/ReactNative/bic-group-app/node_modules/jest-circus/build/run.js:66:9)
    at _runTestsForDescribeBlock (/Users/namanh/ReactNative/bic-group-app/node_modules/jest-circus/build/run.js:60:9)
    at run (/Users/namanh/ReactNative/bic-group-app/node_modules/jest-circus/build/run.js:25:3)]]></failure>
    </testCase>
  </file>
  <file path="/Users/namanh/ReactNative/bic-group-app/src/baseComponents/Icon/index.test.tsx">
    <testCase name="Icon component should clickable when have onPress" duration="202"/>
    <testCase name="Icon component should not clickable when cant reach internet" duration="70"/>
  </file>
  <file path="/Users/namanh/ReactNative/bic-group-app/src/screens/groups/GroupMembers/AddMembersToGroup/store/actions/setSelectedUsers.test.ts">
    <testCase name="setSelectedUsers given user-1 is not selected yet, should add user-1 to the list" duration="100"/>
    <testCase name="setSelectedUsers given user-1 is already selected, should remove user-1 from the list" duration="28"/>
  </file>
  <file path="/Users/namanh/ReactNative/bic-group-app/src/beinComponents/inputs/MentionInput/helper.test.ts">
    <testCase name="_MentionInput helper getMatchTermForAtMention correctly" duration="3"/>
    <testCase name="_MentionInput helper getMatchTermForAtMention should be null" duration="1"/>
    <testCase name="_MentionInput helper switchKeyboardForCodeBlocks should be default" duration="2"/>
    <testCase name="_MentionInput helper switchKeyboardForCodeBlocks should be email-address" duration="36"/>
  </file>
  <file path="/Users/namanh/ReactNative/bic-group-app/src/components/TagsView/components/TagItem.test.tsx">
  </file>
  <file path="/Users/namanh/ReactNative/bic-group-app/src/components/articles/ArticleBoxScheduleTime/index.test.tsx">
    <testCase name="ArticleBoxScheduleTime component renders correctly" duration="137"/>
    <testCase name="ArticleBoxScheduleTime component renders schedule article fail with red background" duration="57"/>
  </file>
  <file path="/Users/namanh/ReactNative/bic-group-app/src/baseComponents/Button/ButtonWrapper/index.test.tsx">
    <testCase name="Button component renders correctly" duration="77"/>
    <testCase name="Button component renders correctly button when no internet connection" duration="24"/>
  </file>
  <file path="/Users/namanh/ReactNative/bic-group-app/src/screens/articles/CreateArticle/screens/CreateArticleCategory/store/actions/getSearchCategories.test.ts">
    <testCase name="getSearchCategories in article should get list categories success:" duration="99"/>
  </file>
  <file path="/Users/namanh/ReactNative/bic-group-app/src/screens/communities/CommunityMembers/index.test.tsx">
    <testCase name="CommunityMembers should render correct tab" duration="215"/>
    <testCase name="CommunityMembers should render list data correctly" duration="93"/>
  </file>
  <file path="/Users/namanh/ReactNative/bic-group-app/src/screens/Home/HomeSearch/store/actions/getSearchPosts.test.ts">
    <testCase name="getSearchPosts should getSearchPosts" duration="131"/>
  </file>
  <file path="/Users/namanh/ReactNative/bic-group-app/src/screens/articles/CreateArticle/screens/CreateArticleSummary/SummarySection.test.tsx">
    <testCase name="SummarySection should render correctly" duration="235"/>
  </file>
  <file path="/Users/namanh/ReactNative/bic-group-app/src/screens/articles/CreateArticle/screens/CreateArticleCategory/CategorySection.test.tsx">
    <testCase name="CategorySection should render correctly" duration="304"/>
  </file>
  <file path="/Users/namanh/ReactNative/bic-group-app/src/screens/articles/CreateArticle/screens/CreateArticleContent/ContentSection.test.tsx">
    <testCase name="ContentSection should render correctly" duration="134"/>
  </file>
  <file path="/Users/namanh/ReactNative/bic-group-app/src/screens/Home/HomeSearch/store/actions/getRecentSearchKeywords.test.ts">
    <testCase name="getRecentSearchKeywords should getRecentSearchKeywords" duration="66"/>
  </file>
  <file path="/Users/namanh/ReactNative/bic-group-app/src/screens/groups/components/CommunityItem.test.tsx">
    <testCase name="CommunitItem component should render data correctly" duration="109"/>
    <testCase name="CommunitItem component should call onPressCommunitties when press community item" duration="46"/>
  </file>
  <file path="/Users/namanh/ReactNative/bic-group-app/src/screens/tags/Tags/index.test.tsx">
    <testCase name="Tags screen render correctly with default state" duration="209"/>
  </file>
  <file path="/Users/namanh/ReactNative/bic-group-app/src/screens/articles/CreateArticle/screens/CreateArticleTitle/TitleSection.test.tsx">
    <testCase name="TitleSection should render correctly" duration="180"/>
  </file>
  <file path="/Users/namanh/ReactNative/bic-group-app/src/baseComponents/Button/ButtonRaise/index.test.tsx">
    <testCase name="Button component renders correctly" duration="85"/>
    <testCase name="Button component renders correctly default props" duration="21"/>
    <testCase name="Button component should call props onPress" duration="87"/>
  </file>
  <file path="/Users/namanh/ReactNative/bic-group-app/src/screens/tags/Tags/components/ListTag.test.tsx">
    <testCase name="ListTag component render correctly with default state" duration="115"/>
  </file>
  <file path="/Users/namanh/ReactNative/bic-group-app/src/screens/Menu/UserProfile/fragments/BasicInfo/index.test.tsx">
    <testCase name="BasicInfo component renders correctly" duration="96"/>
  </file>
  <file path="/Users/namanh/ReactNative/bic-group-app/src/screens/groups/GroupDetail/components/NoGroupFound.test.tsx">
    <testCase name="NoGroupFound component should render correctly" duration="140"/>
    <testCase name="NoGroupFound component should navigate back to safety when pressing back button" duration="83"/>
  </file>
  <file path="/Users/namanh/ReactNative/bic-group-app/src/components/TagsView/helper.test.ts">
    <testCase name="TagsView helper should view container width is full" duration="3"/>
    <testCase name="TagsView helper should view container width divide by 2" duration="1"/>
    <testCase name="TagsView helper should view container width divide by 3" duration="17"/>
  </file>
  <file path="/Users/namanh/ReactNative/bic-group-app/src/screens/Menu/UserProfile/fragments/Contact/index.test.tsx">
    <testCase name="Contact component renders correctly" duration="181"/>
  </file>
  <file path="/Users/namanh/ReactNative/bic-group-app/src/screens/tags/store/actions/deleteTag.test.ts">
    <testCase name="deleteTag give id tag vs idCommunity should delete a tag" duration="107"/>
  </file>
  <file path="/Users/namanh/ReactNative/bic-group-app/src/components/DeletedItem/index.test.tsx">
    <testCase name="DeletedItem component renders correctly" duration="51"/>
    <testCase name="DeletedItem component renders correctly title" duration="6"/>
    <testCase name="DeletedItem component renders correctly style" duration="8"/>
  </file>
  <file path="/Users/namanh/ReactNative/bic-group-app/src/screens/comments/CommentDetail/helper.test.ts">
  </file>
  <file path="/Users/namanh/ReactNative/bic-group-app/src/screens/Menu/UserProfile/index.test.tsx">
    <testCase name="UserProfile screen should render correctly" duration="192"/>
    <testCase name="UserProfile screen should render no user" duration="64">
      <failure message="Error: Unable to find an element with testID: user_profile.not_found"><![CDATA[Error: Unable to find an element with testID: user_profile.not_found
    at Object.<anonymous> (/Users/namanh/ReactNative/bic-group-app/src/screens/Menu/UserProfile/index.test.tsx:25:32)
    at Promise.then.completed (/Users/namanh/ReactNative/bic-group-app/node_modules/jest-circus/build/utils.js:390:28)
    at new Promise (<anonymous>)
    at callAsyncCircusFn (/Users/namanh/ReactNative/bic-group-app/node_modules/jest-circus/build/utils.js:315:10)
    at _callCircusTest (/Users/namanh/ReactNative/bic-group-app/node_modules/jest-circus/build/run.js:218:40)
    at processTicksAndRejections (node:internal/process/task_queues:96:5)
    at _runTest (/Users/namanh/ReactNative/bic-group-app/node_modules/jest-circus/build/run.js:155:3)
    at _runTestsForDescribeBlock (/Users/namanh/ReactNative/bic-group-app/node_modules/jest-circus/build/run.js:66:9)
    at _runTestsForDescribeBlock (/Users/namanh/ReactNative/bic-group-app/node_modules/jest-circus/build/run.js:60:9)
    at run (/Users/namanh/ReactNative/bic-group-app/node_modules/jest-circus/build/run.js:25:3)]]></failure>
    </testCase>
  </file>
  <file path="/Users/namanh/ReactNative/bic-group-app/src/screens/articles/CreateArticle/screens/CreateArticleAudience/AudienceSection.test.tsx">
    <testCase name="AudienceSection should render correctly" duration="188"/>
  </file>
  <file path="/Users/namanh/ReactNative/bic-group-app/src/beinComponents/Divider.test.tsx">
    <testCase name="Divider component renders correctly" duration="41"/>
    <testCase name="Divider component renders correctly color" duration="3"/>
    <testCase name="Divider component renders correctly horizontal" duration="15"/>
  </file>
  <file path="/Users/namanh/ReactNative/bic-group-app/src/screens/Menu/UserProfile/components/WorkInfo/index.test.tsx">
    <testCase name="WorkInfo component should render props correctly" duration="93"/>
    <testCase name="WorkInfo component should not render" duration="84"/>
  </file>
  <file path="/Users/namanh/ReactNative/bic-group-app/src/screens/post/PostSelectAudience/SelectAudienceHelper.test.ts">
    <testCase name="PostSelectAudience helper checkChangeAudiences has changed length, return true" duration="2"/>
    <testCase name="PostSelectAudience helper checkChangeAudiences has no changed return false" duration="8"/>
    <testCase name="PostSelectAudience helper checkChangeAudiences has changed position, return false" duration="1"/>
  </file>
  <file path="/Users/namanh/ReactNative/bic-group-app/src/screens/post/PostDetail/index.test.tsx">
    <testCase name="PostDetail screen should render placeholder" duration="121"/>
  </file>
  <file path="/Users/namanh/ReactNative/bic-group-app/src/screens/groups/GroupDetail/components/GroupContent.test.tsx">
    <testCase name="GroupContent component renders GroupContent component correctly" duration="375"/>
  </file>
  <file path="/Users/namanh/ReactNative/bic-group-app/src/screens/communities/CommunityMembers/CommunityMemberList/components/SearchMemberView.test.tsx">
    <testCase name="SearchMemberView component should render data list correctly" duration="105"/>
  </file>
  <file path="/Users/namanh/ReactNative/bic-group-app/src/beinComponents/inputs/CommentInput/CommentInputFooter.test.tsx">
    <testCase name="CommentInputFooter component renders correctly mention bar invisible" duration="156"/>
    <testCase name="CommentInputFooter component renders correctly mention bar with item" duration="57"/>
  </file>
  <file path="/Users/namanh/ReactNative/bic-group-app/src/screens/Notification/store/actions/detach.test.ts">
    <testCase name="detach notification function should remove a noti success" duration="65"/>
  </file>
  <file path="/Users/namanh/ReactNative/bic-group-app/src/screens/Menu/AccountSettings/SecurityLogin/index.test.tsx">
    <testCase name="SecurityLogin component renders correctly" duration="123"/>
  </file>
  <file path="/Users/namanh/ReactNative/bic-group-app/src/beinComponents/FilterFeedButtonGroup.test.tsx">
    <testCase name="FilterFeedButtonGroup component renders FilterFeedButtonGroup correctly" duration="96"/>
  </file>
  <file path="/Users/namanh/ReactNative/bic-group-app/src/screens/Menu/components/NoUserFound.test.tsx">
    <testCase name="NoUserFound component renders correctly" duration="92"/>
  </file>
  <file path="/Users/namanh/ReactNative/bic-group-app/src/screens/groups/GeneralInformation/helper.test.tsx">
    <testCase name="GeneralInformation helper should _openImagePicker success" duration="145">
      <failure message="Error: expect(jest.fn()).toBeCalled()"><![CDATA[Error: expect(jest.fn()).toBeCalled()

Expected number of calls: >= 1
Received number of calls:    0
    at Object.<anonymous> (/Users/namanh/ReactNative/bic-group-app/src/screens/groups/GeneralInformation/helper.test.tsx:25:17)
    at Promise.then.completed (/Users/namanh/ReactNative/bic-group-app/node_modules/jest-circus/build/utils.js:390:28)
    at new Promise (<anonymous>)
    at callAsyncCircusFn (/Users/namanh/ReactNative/bic-group-app/node_modules/jest-circus/build/utils.js:315:10)
    at _callCircusTest (/Users/namanh/ReactNative/bic-group-app/node_modules/jest-circus/build/run.js:218:40)
    at processTicksAndRejections (node:internal/process/task_queues:96:5)
    at _runTest (/Users/namanh/ReactNative/bic-group-app/node_modules/jest-circus/build/run.js:155:3)
    at _runTestsForDescribeBlock (/Users/namanh/ReactNative/bic-group-app/node_modules/jest-circus/build/run.js:66:9)
    at _runTestsForDescribeBlock (/Users/namanh/ReactNative/bic-group-app/node_modules/jest-circus/build/run.js:60:9)
    at run (/Users/namanh/ReactNative/bic-group-app/node_modules/jest-circus/build/run.js:25:3)]]></failure>
    </testCase>
  </file>
  <file path="/Users/namanh/ReactNative/bic-group-app/src/components/articles/ArticleReactions/index.test.tsx">
    <testCase name="ArticleReactions Component renders correctly" duration="91">
      <failure message="Error: expect([38;5;23m[48;5;195mreceived).toMatchSnapshot()"><![CDATA[Error: expect([38;5;23m[48;5;195mreceived).toMatchSnapshot()

Snapshot name: `ArticleReactions Component renders correctly 1`

[38;5;90m[48;5;225m- Snapshot  - 25
[38;5;23m[48;5;195m+ Received  +  8

@@ -62,45 +62,28 @@
              "justifyContent": "center",
            }
          }
          testID="reaction.children"
        >
[38;5;90m[48;5;225m-         <View
[38;5;90m[48;5;225m-           style={
[38;5;90m[48;5;225m-             Array [
[38;5;90m[48;5;225m-               Object {
[38;5;90m[48;5;225m-                 "overflow": "hidden",
[38;5;90m[48;5;225m-               },
[38;5;90m[48;5;225m-               Array [
[38;5;90m[48;5;225m-                 undefined,
[38;5;90m[48;5;225m-                 Object {
[38;5;90m[48;5;225m-                   "height": 15.6,
[38;5;90m[48;5;225m-                   "width": 15.6,
[38;5;90m[48;5;225m-                 },
[38;5;90m[48;5;225m-               ],
[38;5;90m[48;5;225m-             ]
[38;5;90m[48;5;225m-           }
[38;5;90m[48;5;225m-         >
[38;5;90m[48;5;225m-           <FastImageView
[38;5;90m[48;5;225m-             onFastImageError={[Function]}
[38;5;23m[48;5;195m+         <Image
            resizeMode="contain"
            source={
              Object {
                "testUri": "../../../assets/emoji/static/bic_heart_gift.png",
              }
            }
            style={
[38;5;23m[48;5;195m+             Array [
[38;5;23m[48;5;195m+               undefined,
                Object {
[38;5;90m[48;5;225m-                 "bottom": 0,
[38;5;90m[48;5;225m-                 "left": 0,
[38;5;90m[48;5;225m-                 "position": "absolute",
[38;5;90m[48;5;225m-                 "right": 0,
[38;5;90m[48;5;225m-                 "top": 0,
[38;5;23m[48;5;195m+                 "height": 15.6,
[38;5;23m[48;5;195m+                 "width": 15.6,
[38;5;23m[48;5;195m+               },
[38;5;23m[48;5;195m+             ]
            }
[38;5;90m[48;5;225m-             }
[38;5;23m[48;5;195m+           testID="emoji.image"
          />
[38;5;90m[48;5;225m-         </View>
          <Text
            style={
              Array [
                Object {
                  "color": "#353E6E",
    at Object.<anonymous> (/Users/namanh/ReactNative/bic-group-app/src/components/articles/ArticleReactions/index.test.tsx:25:22)
    at Promise.then.completed (/Users/namanh/ReactNative/bic-group-app/node_modules/jest-circus/build/utils.js:390:28)
    at new Promise (<anonymous>)
    at callAsyncCircusFn (/Users/namanh/ReactNative/bic-group-app/node_modules/jest-circus/build/utils.js:315:10)
    at _callCircusTest (/Users/namanh/ReactNative/bic-group-app/node_modules/jest-circus/build/run.js:218:40)
    at processTicksAndRejections (node:internal/process/task_queues:96:5)
    at _runTest (/Users/namanh/ReactNative/bic-group-app/node_modules/jest-circus/build/run.js:155:3)
    at _runTestsForDescribeBlock (/Users/namanh/ReactNative/bic-group-app/node_modules/jest-circus/build/run.js:66:9)
    at _runTestsForDescribeBlock (/Users/namanh/ReactNative/bic-group-app/node_modules/jest-circus/build/run.js:60:9)
    at run (/Users/namanh/ReactNative/bic-group-app/node_modules/jest-circus/build/run.js:25:3)]]></failure>
    </testCase>
  </file>
  <file path="/Users/namanh/ReactNative/bic-group-app/src/screens/tags/Tags/components/CreateTag.test.tsx">
    <testCase name="CreateTag component render correctly with default state" duration="124"/>
    <testCase name="CreateTag component should enable button when text change" duration="81"/>
  </file>
  <file path="/Users/namanh/ReactNative/bic-group-app/src/screens/Home/HomeSearch/store/actions/saveRecentSearchKeywords.test.ts">
    <testCase name="saveRecentSearchKeywords should save recent search keyword" duration="88"/>
  </file>
  <file path="/Users/namanh/ReactNative/bic-group-app/src/screens/groups/GroupMembers/components/SearchMemberView.test.tsx">
    <testCase name="SearchMemberView component should render data list correctly" duration="82">
      <failure message="Error: Unable to find an element with testID: flatlist"><![CDATA[Error: Unable to find an element with testID: flatlist
    at Object.<anonymous> (/Users/namanh/ReactNative/bic-group-app/src/screens/groups/GroupMembers/components/SearchMemberView.test.tsx:23:30)
    at Promise.then.completed (/Users/namanh/ReactNative/bic-group-app/node_modules/jest-circus/build/utils.js:390:28)
    at new Promise (<anonymous>)
    at callAsyncCircusFn (/Users/namanh/ReactNative/bic-group-app/node_modules/jest-circus/build/utils.js:315:10)
    at _callCircusTest (/Users/namanh/ReactNative/bic-group-app/node_modules/jest-circus/build/run.js:218:40)
    at processTicksAndRejections (node:internal/process/task_queues:96:5)
    at _runTest (/Users/namanh/ReactNative/bic-group-app/node_modules/jest-circus/build/run.js:155:3)
    at _runTestsForDescribeBlock (/Users/namanh/ReactNative/bic-group-app/node_modules/jest-circus/build/run.js:66:9)
    at _runTestsForDescribeBlock (/Users/namanh/ReactNative/bic-group-app/node_modules/jest-circus/build/run.js:60:9)
    at run (/Users/namanh/ReactNative/bic-group-app/node_modules/jest-circus/build/run.js:25:3)]]></failure>
    </testCase>
  </file>
  <file path="/Users/namanh/ReactNative/bic-group-app/src/screens/Home/HomeSearch/store/actions/deleteRecentSearchAll.test.ts">
    <testCase name="deleteRecentSearchAll should deleteRecentSearchAll" duration="239"/>
  </file>
  <file path="/Users/namanh/ReactNative/bic-group-app/src/screens/Home/HomeSearch/store/actions/deleteRecentSearchById.test.ts">
    <testCase name="deleteRecentSearchById should deleteRecentSearchById" duration="124"/>
  </file>
  <file path="/Users/namanh/ReactNative/bic-group-app/src/screens/Menu/components/AppVersion.test.tsx">
    <testCase name="AppVersion component renders correctly" duration="93"/>
  </file>
  <file path="/Users/namanh/ReactNative/bic-group-app/src/components/Report/ReportContent/index.test.tsx">
    <testCase name="ReportContent component renders correctly" duration="138"/>
  </file>
  <file path="/Users/namanh/ReactNative/bic-group-app/src/beinComponents/inputs/PasswordInput.test.tsx">
    <testCase name="Password Input component renders correctly" duration="96"/>
    <testCase name="Password Input component renders correctly with hide icon eye" duration="25"/>
  </file>
  <file path="/Users/namanh/ReactNative/bic-group-app/src/screens/Menu/UserProfile/components/InfoSection/index.test.tsx">
    <testCase name="InfoSection component should render props correctly" duration="57"/>
  </file>
  <file path="/Users/namanh/ReactNative/bic-group-app/src/screens/Menu/components/CheckUpdate.test.tsx">
    <testCase name="CheckUpdate component should render button update status if is not production" duration="87"/>
  </file>
  <file path="/Users/namanh/ReactNative/bic-group-app/src/screens/communities/CommunityDetail/components/AboutContent/index.test.tsx">
    <testCase name="AboutContent component should render correctly" duration="203"/>
  </file>
  <file path="/Users/namanh/ReactNative/bic-group-app/src/screens/series/SeriesDetail/components/SeriesDetailArticleItem/TitleArticle.test.tsx">
    <testCase name="SeriesDetailArticleItem component render correctly with role guess" duration="117"/>
  </file>
  <file path="/Users/namanh/ReactNative/bic-group-app/src/screens/Menu/UserProfile/fragments/UserHeader/index.test.tsx">
    <testCase name="UserHeader component renders correctly" duration="64"/>
  </file>
  <file path="/Users/namanh/ReactNative/bic-group-app/src/components/TagsView/index.test.tsx">
    <testCase name="TagsView component renders correctly" duration="111"/>
  </file>
  <file path="/Users/namanh/ReactNative/bic-group-app/src/store/entities/groups/actions/addToGroups.test.ts">
    <testCase name="addToGroups should add to groups success:" duration="170"/>
  </file>
  <file path="/Users/namanh/ReactNative/bic-group-app/src/screens/articles/ArticleReviewSchedule/index.test.tsx">
    <testCase name="ArticleReviewSchedule screen render correctly" duration="204"/>
  </file>
  <file path="/Users/namanh/ReactNative/bic-group-app/src/screens/tags/EditTag/index.test.tsx">
    <testCase name="EditTag component render correctly with default state" duration="116"/>
  </file>
  <file path="/Users/namanh/ReactNative/bic-group-app/src/screens/Menu/UserProfile/components/CoverImage/index.test.tsx">
    <testCase name="CoverImage component renders correctly" duration="109"/>
  </file>
  <file path="/Users/namanh/ReactNative/bic-group-app/src/screens/Menu/UserProfile/components/InfoItem/index.test.tsx">
    <testCase name="InfoItem component should render props correctly" duration="71"/>
  </file>
  <file path="/Users/namanh/ReactNative/bic-group-app/src/screens/articles/ArticleScheduleContent/index.test.tsx">
    <testCase name="ArticleScheduleContent screen render correctly" duration="152"/>
  </file>
  <file path="/Users/namanh/ReactNative/bic-group-app/src/screens/Menu/UserProfile/helper.test.ts">
    <testCase name="UserProfile helper getLanguages: validate valued array" duration="143"/>
  </file>
  <file path="/Users/namanh/ReactNative/bic-group-app/src/screens/Menu/UserProfile/components/AvatarImage/index.test.tsx">
    <testCase name="AvatarImage component renders correctly" duration="83"/>
  </file>
  <file path="/Users/namanh/ReactNative/bic-group-app/src/screens/series/SeriesDetail/components/SeriesDetailArticleItem/index.test.tsx">
    <testCase name="SeriesDetailArticleItem component render correctly" duration="130"/>
  </file>
  <file path="/Users/namanh/ReactNative/bic-group-app/src/components/articles/ArticleText/index.test.tsx">
    <testCase name="ArticleItem Component renders correctly" duration="91"/>
  </file>
  <file path="/Users/namanh/ReactNative/bic-group-app/src/screens/groups/GroupDetail/groupSettings/GroupAdministration.test.tsx">
    <testCase name="GroupAdministration component should render data correctly" duration="135"/>
  </file>
  <file path="/Users/namanh/ReactNative/bic-group-app/src/screens/Menu/components/JoinedCommunityPlaceholder.test.tsx">
    <testCase name="JoinedCommunityPlaceholder component renders correctly" duration="73"/>
  </file>
  <file path="/Users/namanh/ReactNative/bic-group-app/src/components/posts/PostFooter/index.test.tsx">
    <testCase name="PostFooter component should render correctly" duration="57"/>
  </file>
  <file path="/Users/namanh/ReactNative/bic-group-app/src/screens/communities/CommunityAdmin/index.test.tsx">
    <testCase name="CommunityAdmin component should render data correctly" duration="129"/>
  </file>
  <file path="/Users/namanh/ReactNative/bic-group-app/src/baseComponents/VideoPlayer/components/FileVideo/index.test.tsx">
    <testCase name="VideoPlayer component renders correctly" duration="113"/>
  </file>
  <file path="/Users/namanh/ReactNative/bic-group-app/src/components/InfoCard/index.test.tsx">
    <testCase name="InfoSection component renders correctly" duration="64"/>
  </file>
  <file path="/Users/namanh/ReactNative/bic-group-app/src/screens/topic/TopicDetail/index.test.tsx">
    <testCase name="SeriesDetailArticleItem component render correctly" duration="319"/>
  </file>
  <file path="/Users/namanh/ReactNative/bic-group-app/src/baseComponents/Button/helper.test.ts">
    <testCase name="Button helper getButtonColors with theme" duration="2"/>
  </file>
  <file path="/Users/namanh/ReactNative/bic-group-app/src/baseComponents/PlaceHolderRemoveContent/index.test.tsx">
    <testCase name="PlaceHolderRemoveContent component renders correctly" duration="63"/>
  </file>
  <file path="/Users/namanh/ReactNative/bic-group-app/src/baseComponents/Input/TextInput/index.test.tsx">
    <testCase name="TextInput component renders active banner correctly" duration="119"/>
  </file>
  <file path="/Users/namanh/ReactNative/bic-group-app/src/screens/topic/TopicDetail/components/TopicDetailArticleItem/index.test.tsx">
    <testCase name="SeriesDetailArticleItem component render correctly" duration="123"/>
  </file>
  <file path="/Users/namanh/ReactNative/bic-group-app/src/components/ContentUnavailable/index.test.tsx">
    <testCase name="ContentUnavailable component render correctly" duration="89"/>
  </file>
  <file path="/Users/namanh/ReactNative/bic-group-app/src/screens/UnsupportFeature/index.test.tsx">
    <testCase name="UnsupportFeature component render correctly" duration="95"/>
  </file>
  <file path="/Users/namanh/ReactNative/bic-group-app/src/components/articles/ArticlePlaceholder/index.test.tsx">
    <testCase name="ArticlePlaceholder Component renders correctly" duration="115">
      <failure message="Error: expect([38;5;23m[48;5;195mreceived).toMatchSnapshot()"><![CDATA[Error: expect([38;5;23m[48;5;195mreceived).toMatchSnapshot()

Snapshot name: `ArticlePlaceholder Component renders correctly 1`

[38;5;90m[48;5;225m- Snapshot  -   5
[38;5;23m[48;5;195m+ Received  + 125

@@ -69,11 +69,11 @@
                Object {
                  "backgroundColor": "#efefef",
                  "borderRadius": 3,
                  "height": 12,
                  "marginBottom": 12,
[38;5;90m[48;5;225m-                 "width": "37%",
[38;5;23m[48;5;195m+                 "width": "33%",
                },
                Object {
                  "marginBottom": 8,
                },
                Object {
@@ -93,11 +93,11 @@
                Object {
                  "backgroundColor": "#efefef",
                  "borderRadius": 3,
                  "height": 12,
                  "marginBottom": 12,
[38;5;90m[48;5;225m-                 "width": "58%",
[38;5;23m[48;5;195m+                 "width": "47%",
                },
                Object {
                  "marginBottom": 8,
                },
                Object {
@@ -117,11 +117,11 @@
                Object {
                  "backgroundColor": "#efefef",
                  "borderRadius": 3,
                  "height": 12,
                  "marginBottom": 12,
[38;5;90m[48;5;225m-                 "width": "30%",
[38;5;23m[48;5;195m+                 "width": "45%",
                },
                Object {
                  "marginBottom": 0,
                  "marginTop": 0,
                },
@@ -324,11 +324,35 @@
                Object {
                  "backgroundColor": "#efefef",
                  "borderRadius": 3,
                  "height": 12,
                  "marginBottom": 12,
[38;5;90m[48;5;225m-                 "width": "20%",
[38;5;23m[48;5;195m+                 "width": "100%",
[38;5;23m[48;5;195m+               },
[38;5;23m[48;5;195m+               Object {
[38;5;23m[48;5;195m+                 "marginBottom": 8,
[38;5;23m[48;5;195m+               },
[38;5;23m[48;5;195m+               Object {
[38;5;23m[48;5;195m+                 "overflow": "hidden",
[38;5;23m[48;5;195m+               },
[38;5;23m[48;5;195m+             ]
[38;5;23m[48;5;195m+           }
[38;5;23m[48;5;195m+         >
[38;5;23m[48;5;195m+           <View
[38;5;23m[48;5;195m+             collapsable={false}
[38;5;23m[48;5;195m+             style={Object {}}
[38;5;23m[48;5;195m+           />
[38;5;23m[48;5;195m+         </View>
[38;5;23m[48;5;195m+         <View
[38;5;23m[48;5;195m+           style={
[38;5;23m[48;5;195m+             Array [
[38;5;23m[48;5;195m+               Object {
[38;5;23m[48;5;195m+                 "backgroundColor": "#efefef",
[38;5;23m[48;5;195m+                 "borderRadius": 3,
[38;5;23m[48;5;195m+                 "height": 12,
[38;5;23m[48;5;195m+                 "marginBottom": 12,
[38;5;23m[48;5;195m+                 "width": "21%",
                },
                Object {
                  "marginBottom": 0,
                  "marginTop": 0,
                },
@@ -545,11 +569,107 @@
                Object {
                  "backgroundColor": "#efefef",
                  "borderRadius": 3,
                  "height": 12,
                  "marginBottom": 12,
[38;5;90m[48;5;225m-                 "width": "56%",
[38;5;23m[48;5;195m+                 "width": "100%",
[38;5;23m[48;5;195m+               },
[38;5;23m[48;5;195m+               Object {
[38;5;23m[48;5;195m+                 "marginBottom": 8,
[38;5;23m[48;5;195m+               },
[38;5;23m[48;5;195m+               Object {
[38;5;23m[48;5;195m+                 "overflow": "hidden",
[38;5;23m[48;5;195m+               },
[38;5;23m[48;5;195m+             ]
[38;5;23m[48;5;195m+           }
[38;5;23m[48;5;195m+         >
[38;5;23m[48;5;195m+           <View
[38;5;23m[48;5;195m+             collapsable={false}
[38;5;23m[48;5;195m+             style={Object {}}
[38;5;23m[48;5;195m+           />
[38;5;23m[48;5;195m+         </View>
[38;5;23m[48;5;195m+         <View
[38;5;23m[48;5;195m+           style={
[38;5;23m[48;5;195m+             Array [
[38;5;23m[48;5;195m+               Object {
[38;5;23m[48;5;195m+                 "backgroundColor": "#efefef",
[38;5;23m[48;5;195m+                 "borderRadius": 3,
[38;5;23m[48;5;195m+                 "height": 12,
[38;5;23m[48;5;195m+                 "marginBottom": 12,
[38;5;23m[48;5;195m+                 "width": "100%",
[38;5;23m[48;5;195m+               },
[38;5;23m[48;5;195m+               Object {
[38;5;23m[48;5;195m+                 "marginBottom": 8,
[38;5;23m[48;5;195m+               },
[38;5;23m[48;5;195m+               Object {
[38;5;23m[48;5;195m+                 "overflow": "hidden",
[38;5;23m[48;5;195m+               },
[38;5;23m[48;5;195m+             ]
[38;5;23m[48;5;195m+           }
[38;5;23m[48;5;195m+         >
[38;5;23m[48;5;195m+           <View
[38;5;23m[48;5;195m+             collapsable={false}
[38;5;23m[48;5;195m+             style={Object {}}
[38;5;23m[48;5;195m+           />
[38;5;23m[48;5;195m+         </View>
[38;5;23m[48;5;195m+         <View
[38;5;23m[48;5;195m+           style={
[38;5;23m[48;5;195m+             Array [
[38;5;23m[48;5;195m+               Object {
[38;5;23m[48;5;195m+                 "backgroundColor": "#efefef",
[38;5;23m[48;5;195m+                 "borderRadius": 3,
[38;5;23m[48;5;195m+                 "height": 12,
[38;5;23m[48;5;195m+                 "marginBottom": 12,
[38;5;23m[48;5;195m+                 "width": "100%",
[38;5;23m[48;5;195m+               },
[38;5;23m[48;5;195m+               Object {
[38;5;23m[48;5;195m+                 "marginBottom": 8,
[38;5;23m[48;5;195m+               },
[38;5;23m[48;5;195m+               Object {
[38;5;23m[48;5;195m+                 "overflow": "hidden",
[38;5;23m[48;5;195m+               },
[38;5;23m[48;5;195m+             ]
[38;5;23m[48;5;195m+           }
[38;5;23m[48;5;195m+         >
[38;5;23m[48;5;195m+           <View
[38;5;23m[48;5;195m+             collapsable={false}
[38;5;23m[48;5;195m+             style={Object {}}
[38;5;23m[48;5;195m+           />
[38;5;23m[48;5;195m+         </View>
[38;5;23m[48;5;195m+         <View
[38;5;23m[48;5;195m+           style={
[38;5;23m[48;5;195m+             Array [
[38;5;23m[48;5;195m+               Object {
[38;5;23m[48;5;195m+                 "backgroundColor": "#efefef",
[38;5;23m[48;5;195m+                 "borderRadius": 3,
[38;5;23m[48;5;195m+                 "height": 12,
[38;5;23m[48;5;195m+                 "marginBottom": 12,
[38;5;23m[48;5;195m+                 "width": "100%",
[38;5;23m[48;5;195m+               },
[38;5;23m[48;5;195m+               Object {
[38;5;23m[48;5;195m+                 "marginBottom": 8,
[38;5;23m[48;5;195m+               },
[38;5;23m[48;5;195m+               Object {
[38;5;23m[48;5;195m+                 "overflow": "hidden",
[38;5;23m[48;5;195m+               },
[38;5;23m[48;5;195m+             ]
[38;5;23m[48;5;195m+           }
[38;5;23m[48;5;195m+         >
[38;5;23m[48;5;195m+           <View
[38;5;23m[48;5;195m+             collapsable={false}
[38;5;23m[48;5;195m+             style={Object {}}
[38;5;23m[48;5;195m+           />
[38;5;23m[48;5;195m+         </View>
[38;5;23m[48;5;195m+         <View
[38;5;23m[48;5;195m+           style={
[38;5;23m[48;5;195m+             Array [
[38;5;23m[48;5;195m+               Object {
[38;5;23m[48;5;195m+                 "backgroundColor": "#efefef",
[38;5;23m[48;5;195m+                 "borderRadius": 3,
[38;5;23m[48;5;195m+                 "height": 12,
[38;5;23m[48;5;195m+                 "marginBottom": 12,
[38;5;23m[48;5;195m+                 "width": "44%",
                },
                Object {
                  "marginBottom": 0,
                  "marginTop": 0,
                },
    at Object.<anonymous> (/Users/namanh/ReactNative/bic-group-app/src/components/articles/ArticlePlaceholder/index.test.tsx:13:22)
    at Promise.then.completed (/Users/namanh/ReactNative/bic-group-app/node_modules/jest-circus/build/utils.js:390:28)
    at new Promise (<anonymous>)
    at callAsyncCircusFn (/Users/namanh/ReactNative/bic-group-app/node_modules/jest-circus/build/utils.js:315:10)
    at _callCircusTest (/Users/namanh/ReactNative/bic-group-app/node_modules/jest-circus/build/run.js:218:40)
    at processTicksAndRejections (node:internal/process/task_queues:96:5)
    at _runTest (/Users/namanh/ReactNative/bic-group-app/node_modules/jest-circus/build/run.js:155:3)
    at _runTestsForDescribeBlock (/Users/namanh/ReactNative/bic-group-app/node_modules/jest-circus/build/run.js:66:9)
    at _runTestsForDescribeBlock (/Users/namanh/ReactNative/bic-group-app/node_modules/jest-circus/build/run.js:60:9)
    at run (/Users/namanh/ReactNative/bic-group-app/node_modules/jest-circus/build/run.js:25:3)]]></failure>
    </testCase>
  </file>
</testExecutions>