<?xml version="1.0" encoding="UTF-8"?>
<testExecutions version="1">
  <file path="/Users/lesison/Documents/sonls/react-native/bic-group-app/src/screens/post/PostSettings/index.test.tsx">
    <testCase name="Post Setting Screen renders correctly default setting" duration="113">
      <failure message="TypeError: Cannot set properties of undefined (setting &apos;currentSettings&apos;)"><![CDATA[TypeError: Cannot set properties of undefined (setting 'currentSettings')
    at Object.<anonymous> (/Users/lesison/Documents/sonls/react-native/bic-group-app/src/screens/post/PostSettings/index.test.tsx:25:46)
    at Promise.then.completed (/Users/lesison/Documents/sonls/react-native/bic-group-app/node_modules/jest-circus/build/utils.js:390:28)
    at new Promise (<anonymous>)
    at callAsyncCircusFn (/Users/lesison/Documents/sonls/react-native/bic-group-app/node_modules/jest-circus/build/utils.js:315:10)
    at _callCircusHook (/Users/lesison/Documents/sonls/react-native/bic-group-app/node_modules/jest-circus/build/run.js:181:40)
    at processTicksAndRejections (node:internal/process/task_queues:96:5)
    at _runTest (/Users/lesison/Documents/sonls/react-native/bic-group-app/node_modules/jest-circus/build/run.js:148:5)
    at _runTestsForDescribeBlock (/Users/lesison/Documents/sonls/react-native/bic-group-app/node_modules/jest-circus/build/run.js:66:9)
    at _runTestsForDescribeBlock (/Users/lesison/Documents/sonls/react-native/bic-group-app/node_modules/jest-circus/build/run.js:60:9)
    at run (/Users/lesison/Documents/sonls/react-native/bic-group-app/node_modules/jest-circus/build/run.js:25:3)]]></failure>
    </testCase>
    <testCase name="Post Setting Screen renders correctly disable to enable important" duration="45">
      <failure message="TypeError: Cannot set properties of undefined (setting &apos;currentSettings&apos;)"><![CDATA[TypeError: Cannot set properties of undefined (setting 'currentSettings')
    at Object.<anonymous> (/Users/lesison/Documents/sonls/react-native/bic-group-app/src/screens/post/PostSettings/index.test.tsx:25:46)
    at Promise.then.completed (/Users/lesison/Documents/sonls/react-native/bic-group-app/node_modules/jest-circus/build/utils.js:390:28)
    at new Promise (<anonymous>)
    at callAsyncCircusFn (/Users/lesison/Documents/sonls/react-native/bic-group-app/node_modules/jest-circus/build/utils.js:315:10)
    at _callCircusHook (/Users/lesison/Documents/sonls/react-native/bic-group-app/node_modules/jest-circus/build/run.js:181:40)
    at processTicksAndRejections (node:internal/process/task_queues:96:5)
    at _runTest (/Users/lesison/Documents/sonls/react-native/bic-group-app/node_modules/jest-circus/build/run.js:148:5)
    at _runTestsForDescribeBlock (/Users/lesison/Documents/sonls/react-native/bic-group-app/node_modules/jest-circus/build/run.js:66:9)
    at _runTestsForDescribeBlock (/Users/lesison/Documents/sonls/react-native/bic-group-app/node_modules/jest-circus/build/run.js:60:9)
    at run (/Users/lesison/Documents/sonls/react-native/bic-group-app/node_modules/jest-circus/build/run.js:25:3)]]></failure>
    </testCase>
    <testCase name="Post Setting Screen renders correctly enable to disable important" duration="96">
      <failure message="TypeError: Cannot set properties of undefined (setting &apos;currentSettings&apos;)"><![CDATA[TypeError: Cannot set properties of undefined (setting 'currentSettings')
    at Object.<anonymous> (/Users/lesison/Documents/sonls/react-native/bic-group-app/src/screens/post/PostSettings/index.test.tsx:25:46)
    at Promise.then.completed (/Users/lesison/Documents/sonls/react-native/bic-group-app/node_modules/jest-circus/build/utils.js:390:28)
    at new Promise (<anonymous>)
    at callAsyncCircusFn (/Users/lesison/Documents/sonls/react-native/bic-group-app/node_modules/jest-circus/build/utils.js:315:10)
    at _callCircusHook (/Users/lesison/Documents/sonls/react-native/bic-group-app/node_modules/jest-circus/build/run.js:181:40)
    at processTicksAndRejections (node:internal/process/task_queues:96:5)
    at _runTest (/Users/lesison/Documents/sonls/react-native/bic-group-app/node_modules/jest-circus/build/run.js:148:5)
    at _runTestsForDescribeBlock (/Users/lesison/Documents/sonls/react-native/bic-group-app/node_modules/jest-circus/build/run.js:66:9)
    at _runTestsForDescribeBlock (/Users/lesison/Documents/sonls/react-native/bic-group-app/node_modules/jest-circus/build/run.js:60:9)
    at run (/Users/lesison/Documents/sonls/react-native/bic-group-app/node_modules/jest-circus/build/run.js:25:3)]]></failure>
    </testCase>
    <testCase name="Post Setting Screen should show navigate back when press back without changed" duration="32">
      <failure message="TypeError: Cannot set properties of undefined (setting &apos;currentSettings&apos;)"><![CDATA[TypeError: Cannot set properties of undefined (setting 'currentSettings')
    at Object.<anonymous> (/Users/lesison/Documents/sonls/react-native/bic-group-app/src/screens/post/PostSettings/index.test.tsx:25:46)
    at Promise.then.completed (/Users/lesison/Documents/sonls/react-native/bic-group-app/node_modules/jest-circus/build/utils.js:390:28)
    at new Promise (<anonymous>)
    at callAsyncCircusFn (/Users/lesison/Documents/sonls/react-native/bic-group-app/node_modules/jest-circus/build/utils.js:315:10)
    at _callCircusHook (/Users/lesison/Documents/sonls/react-native/bic-group-app/node_modules/jest-circus/build/run.js:181:40)
    at processTicksAndRejections (node:internal/process/task_queues:96:5)
    at _runTest (/Users/lesison/Documents/sonls/react-native/bic-group-app/node_modules/jest-circus/build/run.js:148:5)
    at _runTestsForDescribeBlock (/Users/lesison/Documents/sonls/react-native/bic-group-app/node_modules/jest-circus/build/run.js:66:9)
    at _runTestsForDescribeBlock (/Users/lesison/Documents/sonls/react-native/bic-group-app/node_modules/jest-circus/build/run.js:60:9)
    at run (/Users/lesison/Documents/sonls/react-native/bic-group-app/node_modules/jest-circus/build/run.js:25:3)]]></failure>
    </testCase>
    <testCase name="Post Setting Screen should show alert when press back with changed" duration="102">
      <failure message="TypeError: Cannot set properties of undefined (setting &apos;currentSettings&apos;)"><![CDATA[TypeError: Cannot set properties of undefined (setting 'currentSettings')
    at Object.<anonymous> (/Users/lesison/Documents/sonls/react-native/bic-group-app/src/screens/post/PostSettings/index.test.tsx:25:46)
    at Promise.then.completed (/Users/lesison/Documents/sonls/react-native/bic-group-app/node_modules/jest-circus/build/utils.js:390:28)
    at new Promise (<anonymous>)
    at callAsyncCircusFn (/Users/lesison/Documents/sonls/react-native/bic-group-app/node_modules/jest-circus/build/utils.js:315:10)
    at _callCircusHook (/Users/lesison/Documents/sonls/react-native/bic-group-app/node_modules/jest-circus/build/run.js:181:40)
    at processTicksAndRejections (node:internal/process/task_queues:96:5)
    at _runTest (/Users/lesison/Documents/sonls/react-native/bic-group-app/node_modules/jest-circus/build/run.js:148:5)
    at _runTestsForDescribeBlock (/Users/lesison/Documents/sonls/react-native/bic-group-app/node_modules/jest-circus/build/run.js:66:9)
    at _runTestsForDescribeBlock (/Users/lesison/Documents/sonls/react-native/bic-group-app/node_modules/jest-circus/build/run.js:60:9)
    at run (/Users/lesison/Documents/sonls/react-native/bic-group-app/node_modules/jest-circus/build/run.js:25:3)]]></failure>
    </testCase>
    <testCase name="Post Setting Screen should dispatch setCreatePostSettings then go back when press back with changed" duration="43">
      <failure message="TypeError: Cannot set properties of undefined (setting &apos;currentSettings&apos;)"><![CDATA[TypeError: Cannot set properties of undefined (setting 'currentSettings')
    at Object.<anonymous> (/Users/lesison/Documents/sonls/react-native/bic-group-app/src/screens/post/PostSettings/index.test.tsx:25:46)
    at Promise.then.completed (/Users/lesison/Documents/sonls/react-native/bic-group-app/node_modules/jest-circus/build/utils.js:390:28)
    at new Promise (<anonymous>)
    at callAsyncCircusFn (/Users/lesison/Documents/sonls/react-native/bic-group-app/node_modules/jest-circus/build/utils.js:315:10)
    at _callCircusHook (/Users/lesison/Documents/sonls/react-native/bic-group-app/node_modules/jest-circus/build/run.js:181:40)
    at processTicksAndRejections (node:internal/process/task_queues:96:5)
    at _runTest (/Users/lesison/Documents/sonls/react-native/bic-group-app/node_modules/jest-circus/build/run.js:148:5)
    at _runTestsForDescribeBlock (/Users/lesison/Documents/sonls/react-native/bic-group-app/node_modules/jest-circus/build/run.js:66:9)
    at _runTestsForDescribeBlock (/Users/lesison/Documents/sonls/react-native/bic-group-app/node_modules/jest-circus/build/run.js:60:9)
    at run (/Users/lesison/Documents/sonls/react-native/bic-group-app/node_modules/jest-circus/build/run.js:25:3)]]></failure>
    </testCase>
    <testCase name="Post Setting Screen should render important date picker when press important date" duration="44">
      <failure message="TypeError: Cannot set properties of undefined (setting &apos;currentSettings&apos;)"><![CDATA[TypeError: Cannot set properties of undefined (setting 'currentSettings')
    at Object.<anonymous> (/Users/lesison/Documents/sonls/react-native/bic-group-app/src/screens/post/PostSettings/index.test.tsx:25:46)
    at Promise.then.completed (/Users/lesison/Documents/sonls/react-native/bic-group-app/node_modules/jest-circus/build/utils.js:390:28)
    at new Promise (<anonymous>)
    at callAsyncCircusFn (/Users/lesison/Documents/sonls/react-native/bic-group-app/node_modules/jest-circus/build/utils.js:315:10)
    at _callCircusHook (/Users/lesison/Documents/sonls/react-native/bic-group-app/node_modules/jest-circus/build/run.js:181:40)
    at processTicksAndRejections (node:internal/process/task_queues:96:5)
    at _runTest (/Users/lesison/Documents/sonls/react-native/bic-group-app/node_modules/jest-circus/build/run.js:148:5)
    at _runTestsForDescribeBlock (/Users/lesison/Documents/sonls/react-native/bic-group-app/node_modules/jest-circus/build/run.js:66:9)
    at _runTestsForDescribeBlock (/Users/lesison/Documents/sonls/react-native/bic-group-app/node_modules/jest-circus/build/run.js:60:9)
    at run (/Users/lesison/Documents/sonls/react-native/bic-group-app/node_modules/jest-circus/build/run.js:25:3)]]></failure>
    </testCase>
    <testCase name="Post Setting Screen should render important time picker when press important time" duration="34">
      <failure message="TypeError: Cannot set properties of undefined (setting &apos;currentSettings&apos;)"><![CDATA[TypeError: Cannot set properties of undefined (setting 'currentSettings')
    at Object.<anonymous> (/Users/lesison/Documents/sonls/react-native/bic-group-app/src/screens/post/PostSettings/index.test.tsx:25:46)
    at Promise.then.completed (/Users/lesison/Documents/sonls/react-native/bic-group-app/node_modules/jest-circus/build/utils.js:390:28)
    at new Promise (<anonymous>)
    at callAsyncCircusFn (/Users/lesison/Documents/sonls/react-native/bic-group-app/node_modules/jest-circus/build/utils.js:315:10)
    at _callCircusHook (/Users/lesison/Documents/sonls/react-native/bic-group-app/node_modules/jest-circus/build/run.js:181:40)
    at processTicksAndRejections (node:internal/process/task_queues:96:5)
    at _runTest (/Users/lesison/Documents/sonls/react-native/bic-group-app/node_modules/jest-circus/build/run.js:148:5)
    at _runTestsForDescribeBlock (/Users/lesison/Documents/sonls/react-native/bic-group-app/node_modules/jest-circus/build/run.js:66:9)
    at _runTestsForDescribeBlock (/Users/lesison/Documents/sonls/react-native/bic-group-app/node_modules/jest-circus/build/run.js:60:9)
    at run (/Users/lesison/Documents/sonls/react-native/bic-group-app/node_modules/jest-circus/build/run.js:25:3)]]></failure>
    </testCase>
    <testCase name="Post Setting Screen should update state important date as selected when change date" duration="79">
      <failure message="TypeError: Cannot set properties of undefined (setting &apos;currentSettings&apos;)"><![CDATA[TypeError: Cannot set properties of undefined (setting 'currentSettings')
    at Object.<anonymous> (/Users/lesison/Documents/sonls/react-native/bic-group-app/src/screens/post/PostSettings/index.test.tsx:25:46)
    at Promise.then.completed (/Users/lesison/Documents/sonls/react-native/bic-group-app/node_modules/jest-circus/build/utils.js:390:28)
    at new Promise (<anonymous>)
    at callAsyncCircusFn (/Users/lesison/Documents/sonls/react-native/bic-group-app/node_modules/jest-circus/build/utils.js:315:10)
    at _callCircusHook (/Users/lesison/Documents/sonls/react-native/bic-group-app/node_modules/jest-circus/build/run.js:181:40)
    at processTicksAndRejections (node:internal/process/task_queues:96:5)
    at _runTest (/Users/lesison/Documents/sonls/react-native/bic-group-app/node_modules/jest-circus/build/run.js:148:5)
    at _runTestsForDescribeBlock (/Users/lesison/Documents/sonls/react-native/bic-group-app/node_modules/jest-circus/build/run.js:66:9)
    at _runTestsForDescribeBlock (/Users/lesison/Documents/sonls/react-native/bic-group-app/node_modules/jest-circus/build/run.js:60:9)
    at run (/Users/lesison/Documents/sonls/react-native/bic-group-app/node_modules/jest-circus/build/run.js:25:3)]]></failure>
    </testCase>
    <testCase name="Post Setting Screen should update state important date as min date when change date to yesterday" duration="28">
      <failure message="TypeError: Cannot set properties of undefined (setting &apos;currentSettings&apos;)"><![CDATA[TypeError: Cannot set properties of undefined (setting 'currentSettings')
    at Object.<anonymous> (/Users/lesison/Documents/sonls/react-native/bic-group-app/src/screens/post/PostSettings/index.test.tsx:25:46)
    at Promise.then.completed (/Users/lesison/Documents/sonls/react-native/bic-group-app/node_modules/jest-circus/build/utils.js:390:28)
    at new Promise (<anonymous>)
    at callAsyncCircusFn (/Users/lesison/Documents/sonls/react-native/bic-group-app/node_modules/jest-circus/build/utils.js:315:10)
    at _callCircusHook (/Users/lesison/Documents/sonls/react-native/bic-group-app/node_modules/jest-circus/build/run.js:181:40)
    at processTicksAndRejections (node:internal/process/task_queues:96:5)
    at _runTest (/Users/lesison/Documents/sonls/react-native/bic-group-app/node_modules/jest-circus/build/run.js:148:5)
    at _runTestsForDescribeBlock (/Users/lesison/Documents/sonls/react-native/bic-group-app/node_modules/jest-circus/build/run.js:66:9)
    at _runTestsForDescribeBlock (/Users/lesison/Documents/sonls/react-native/bic-group-app/node_modules/jest-circus/build/run.js:60:9)
    at run (/Users/lesison/Documents/sonls/react-native/bic-group-app/node_modules/jest-circus/build/run.js:25:3)]]></failure>
    </testCase>
    <testCase name="Post Setting Screen should update state important hour as selected when change hour" duration="13">
      <failure message="TypeError: Cannot set properties of undefined (setting &apos;currentSettings&apos;)"><![CDATA[TypeError: Cannot set properties of undefined (setting 'currentSettings')
    at Object.<anonymous> (/Users/lesison/Documents/sonls/react-native/bic-group-app/src/screens/post/PostSettings/index.test.tsx:25:46)
    at Promise.then.completed (/Users/lesison/Documents/sonls/react-native/bic-group-app/node_modules/jest-circus/build/utils.js:390:28)
    at new Promise (<anonymous>)
    at callAsyncCircusFn (/Users/lesison/Documents/sonls/react-native/bic-group-app/node_modules/jest-circus/build/utils.js:315:10)
    at _callCircusHook (/Users/lesison/Documents/sonls/react-native/bic-group-app/node_modules/jest-circus/build/run.js:181:40)
    at processTicksAndRejections (node:internal/process/task_queues:96:5)
    at _runTest (/Users/lesison/Documents/sonls/react-native/bic-group-app/node_modules/jest-circus/build/run.js:148:5)
    at _runTestsForDescribeBlock (/Users/lesison/Documents/sonls/react-native/bic-group-app/node_modules/jest-circus/build/run.js:66:9)
    at _runTestsForDescribeBlock (/Users/lesison/Documents/sonls/react-native/bic-group-app/node_modules/jest-circus/build/run.js:60:9)
    at run (/Users/lesison/Documents/sonls/react-native/bic-group-app/node_modules/jest-circus/build/run.js:25:3)]]></failure>
    </testCase>
    <testCase name="Post Setting Screen should update state important hour as min date when not selected date and selected hour smaller than now" duration="124">
      <failure message="TypeError: Cannot set properties of undefined (setting &apos;currentSettings&apos;)"><![CDATA[TypeError: Cannot set properties of undefined (setting 'currentSettings')
    at Object.<anonymous> (/Users/lesison/Documents/sonls/react-native/bic-group-app/src/screens/post/PostSettings/index.test.tsx:25:46)
    at Promise.then.completed (/Users/lesison/Documents/sonls/react-native/bic-group-app/node_modules/jest-circus/build/utils.js:390:28)
    at new Promise (<anonymous>)
    at callAsyncCircusFn (/Users/lesison/Documents/sonls/react-native/bic-group-app/node_modules/jest-circus/build/utils.js:315:10)
    at _callCircusHook (/Users/lesison/Documents/sonls/react-native/bic-group-app/node_modules/jest-circus/build/run.js:181:40)
    at processTicksAndRejections (node:internal/process/task_queues:96:5)
    at _runTest (/Users/lesison/Documents/sonls/react-native/bic-group-app/node_modules/jest-circus/build/run.js:148:5)
    at _runTestsForDescribeBlock (/Users/lesison/Documents/sonls/react-native/bic-group-app/node_modules/jest-circus/build/run.js:66:9)
    at _runTestsForDescribeBlock (/Users/lesison/Documents/sonls/react-native/bic-group-app/node_modules/jest-circus/build/run.js:60:9)
    at run (/Users/lesison/Documents/sonls/react-native/bic-group-app/node_modules/jest-circus/build/run.js:25:3)]]></failure>
    </testCase>
    <testCase name="Post Setting Screen should putUpdateSettings when press save" duration="21">
      <failure message="TypeError: Cannot set properties of undefined (setting &apos;currentSettings&apos;)"><![CDATA[TypeError: Cannot set properties of undefined (setting 'currentSettings')
    at Object.<anonymous> (/Users/lesison/Documents/sonls/react-native/bic-group-app/src/screens/post/PostSettings/index.test.tsx:25:46)
    at Promise.then.completed (/Users/lesison/Documents/sonls/react-native/bic-group-app/node_modules/jest-circus/build/utils.js:390:28)
    at new Promise (<anonymous>)
    at callAsyncCircusFn (/Users/lesison/Documents/sonls/react-native/bic-group-app/node_modules/jest-circus/build/utils.js:315:10)
    at _callCircusHook (/Users/lesison/Documents/sonls/react-native/bic-group-app/node_modules/jest-circus/build/run.js:181:40)
    at processTicksAndRejections (node:internal/process/task_queues:96:5)
    at _runTest (/Users/lesison/Documents/sonls/react-native/bic-group-app/node_modules/jest-circus/build/run.js:148:5)
    at _runTestsForDescribeBlock (/Users/lesison/Documents/sonls/react-native/bic-group-app/node_modules/jest-circus/build/run.js:66:9)
    at _runTestsForDescribeBlock (/Users/lesison/Documents/sonls/react-native/bic-group-app/node_modules/jest-circus/build/run.js:60:9)
    at run (/Users/lesison/Documents/sonls/react-native/bic-group-app/node_modules/jest-circus/build/run.js:25:3)]]></failure>
    </testCase>
    <testCase name="Post Setting Screen should doNothing when handlePutUpdateSettings without post data" duration="59">
      <failure message="TypeError: Cannot set properties of undefined (setting &apos;currentSettings&apos;)"><![CDATA[TypeError: Cannot set properties of undefined (setting 'currentSettings')
    at Object.<anonymous> (/Users/lesison/Documents/sonls/react-native/bic-group-app/src/screens/post/PostSettings/index.test.tsx:25:46)
    at Promise.then.completed (/Users/lesison/Documents/sonls/react-native/bic-group-app/node_modules/jest-circus/build/utils.js:390:28)
    at new Promise (<anonymous>)
    at callAsyncCircusFn (/Users/lesison/Documents/sonls/react-native/bic-group-app/node_modules/jest-circus/build/utils.js:315:10)
    at _callCircusHook (/Users/lesison/Documents/sonls/react-native/bic-group-app/node_modules/jest-circus/build/run.js:181:40)
    at processTicksAndRejections (node:internal/process/task_queues:96:5)
    at _runTest (/Users/lesison/Documents/sonls/react-native/bic-group-app/node_modules/jest-circus/build/run.js:148:5)
    at _runTestsForDescribeBlock (/Users/lesison/Documents/sonls/react-native/bic-group-app/node_modules/jest-circus/build/run.js:66:9)
    at _runTestsForDescribeBlock (/Users/lesison/Documents/sonls/react-native/bic-group-app/node_modules/jest-circus/build/run.js:60:9)
    at run (/Users/lesison/Documents/sonls/react-native/bic-group-app/node_modules/jest-circus/build/run.js:25:3)]]></failure>
    </testCase>
    <testCase name="Post Setting Screen should doNothing when handlePutUpdateSettings with post data" duration="16">
      <failure message="TypeError: Cannot set properties of undefined (setting &apos;currentSettings&apos;)"><![CDATA[TypeError: Cannot set properties of undefined (setting 'currentSettings')
    at Object.<anonymous> (/Users/lesison/Documents/sonls/react-native/bic-group-app/src/screens/post/PostSettings/index.test.tsx:25:46)
    at Promise.then.completed (/Users/lesison/Documents/sonls/react-native/bic-group-app/node_modules/jest-circus/build/utils.js:390:28)
    at new Promise (<anonymous>)
    at callAsyncCircusFn (/Users/lesison/Documents/sonls/react-native/bic-group-app/node_modules/jest-circus/build/utils.js:315:10)
    at _callCircusHook (/Users/lesison/Documents/sonls/react-native/bic-group-app/node_modules/jest-circus/build/run.js:181:40)
    at processTicksAndRejections (node:internal/process/task_queues:96:5)
    at _runTest (/Users/lesison/Documents/sonls/react-native/bic-group-app/node_modules/jest-circus/build/run.js:148:5)
    at _runTestsForDescribeBlock (/Users/lesison/Documents/sonls/react-native/bic-group-app/node_modules/jest-circus/build/run.js:66:9)
    at _runTestsForDescribeBlock (/Users/lesison/Documents/sonls/react-native/bic-group-app/node_modules/jest-circus/build/run.js:60:9)
    at run (/Users/lesison/Documents/sonls/react-native/bic-group-app/node_modules/jest-circus/build/run.js:25:3)]]></failure>
    </testCase>
  </file>
  <file path="/Users/lesison/Documents/sonls/react-native/bic-group-app/src/beinComponents/Header/index.test.tsx">
    <testCase name="Header component renders correctly" duration="345"/>
    <testCase name="Header component renders correctly with children" duration="76"/>
    <testCase name="Header component renders correctly with props header ref" duration="107"/>
    <testCase name="Header component renders correctly with props title" duration="123"/>
    <testCase name="Header component renders correctly with props title props" duration="60"/>
    <testCase name="Header component renders correctly with props sub title" duration="146"/>
    <testCase name="Header component renders correctly with props sub title props" duration="112"/>
    <testCase name="Header component renders correctly with props left icon" duration="99"/>
    <testCase name="Header component renders correctly with props icon" duration="127"/>
    <testCase name="Header component renders correctly with props right icon" duration="31">
      <failure message="Error: Unable to find an element with testID: header.rightIcon"><![CDATA[Error: Unable to find an element with testID: header.rightIcon
    at Object.<anonymous> (/Users/lesison/Documents/sonls/react-native/bic-group-app/src/beinComponents/Header/index.test.tsx:129:40)
    at Promise.then.completed (/Users/lesison/Documents/sonls/react-native/bic-group-app/node_modules/jest-circus/build/utils.js:390:28)
    at new Promise (<anonymous>)
    at callAsyncCircusFn (/Users/lesison/Documents/sonls/react-native/bic-group-app/node_modules/jest-circus/build/utils.js:315:10)
    at _callCircusTest (/Users/lesison/Documents/sonls/react-native/bic-group-app/node_modules/jest-circus/build/run.js:218:40)
    at processTicksAndRejections (node:internal/process/task_queues:96:5)
    at _runTest (/Users/lesison/Documents/sonls/react-native/bic-group-app/node_modules/jest-circus/build/run.js:155:3)
    at _runTestsForDescribeBlock (/Users/lesison/Documents/sonls/react-native/bic-group-app/node_modules/jest-circus/build/run.js:66:9)
    at _runTestsForDescribeBlock (/Users/lesison/Documents/sonls/react-native/bic-group-app/node_modules/jest-circus/build/run.js:60:9)
    at run (/Users/lesison/Documents/sonls/react-native/bic-group-app/node_modules/jest-circus/build/run.js:25:3)]]></failure>
    </testCase>
    <testCase name="Header component renders correctly with props on press icon" duration="75"/>
    <testCase name="Header component renders correctly with props button text" duration="80"/>
    <testCase name="Header component renders correctly with props button props" duration="109"/>
    <testCase name="Header component renders correctly with props on press button" duration="112"/>
    <testCase name="Header component renders correctly with props menu icon" duration="79">
      <failure message="Error: Unable to find an element with testID: header.menuIcon"><![CDATA[Error: Unable to find an element with testID: header.menuIcon
    at Object.<anonymous> (/Users/lesison/Documents/sonls/react-native/bic-group-app/src/beinComponents/Header/index.test.tsx:187:40)
    at Promise.then.completed (/Users/lesison/Documents/sonls/react-native/bic-group-app/node_modules/jest-circus/build/utils.js:390:28)
    at new Promise (<anonymous>)
    at callAsyncCircusFn (/Users/lesison/Documents/sonls/react-native/bic-group-app/node_modules/jest-circus/build/utils.js:315:10)
    at _callCircusTest (/Users/lesison/Documents/sonls/react-native/bic-group-app/node_modules/jest-circus/build/run.js:218:40)
    at processTicksAndRejections (node:internal/process/task_queues:96:5)
    at _runTest (/Users/lesison/Documents/sonls/react-native/bic-group-app/node_modules/jest-circus/build/run.js:155:3)
    at _runTestsForDescribeBlock (/Users/lesison/Documents/sonls/react-native/bic-group-app/node_modules/jest-circus/build/run.js:66:9)
    at _runTestsForDescribeBlock (/Users/lesison/Documents/sonls/react-native/bic-group-app/node_modules/jest-circus/build/run.js:60:9)
    at run (/Users/lesison/Documents/sonls/react-native/bic-group-app/node_modules/jest-circus/build/run.js:25:3)]]></failure>
    </testCase>
    <testCase name="Header component renders correctly with props on press menu" duration="91">
      <failure message="Error: Unable to find an element with testID: header.menuIcon"><![CDATA[Error: Unable to find an element with testID: header.menuIcon
    at Object.<anonymous> (/Users/lesison/Documents/sonls/react-native/bic-group-app/src/beinComponents/Header/index.test.tsx:196:40)
    at Promise.then.completed (/Users/lesison/Documents/sonls/react-native/bic-group-app/node_modules/jest-circus/build/utils.js:390:28)
    at new Promise (<anonymous>)
    at callAsyncCircusFn (/Users/lesison/Documents/sonls/react-native/bic-group-app/node_modules/jest-circus/build/utils.js:315:10)
    at _callCircusTest (/Users/lesison/Documents/sonls/react-native/bic-group-app/node_modules/jest-circus/build/run.js:218:40)
    at processTicksAndRejections (node:internal/process/task_queues:96:5)
    at _runTest (/Users/lesison/Documents/sonls/react-native/bic-group-app/node_modules/jest-circus/build/run.js:155:3)
    at _runTestsForDescribeBlock (/Users/lesison/Documents/sonls/react-native/bic-group-app/node_modules/jest-circus/build/run.js:66:9)
    at _runTestsForDescribeBlock (/Users/lesison/Documents/sonls/react-native/bic-group-app/node_modules/jest-circus/build/run.js:60:9)
    at run (/Users/lesison/Documents/sonls/react-native/bic-group-app/node_modules/jest-circus/build/run.js:25:3)]]></failure>
    </testCase>
    <testCase name="Header component renders correctly with props hide back" duration="26"/>
    <testCase name="Header component renders correctly with props on press back" duration="50"/>
    <testCase name="Header component renders correctly with props disable inset top" duration="24"/>
    <testCase name="Header component renders correctly with props remove border and shadow" duration="96"/>
    <testCase name="Header component renders correctly with props auto focus search" duration="259">
      <failure message="Error: Unable to find an element with testID: header.search.input"><![CDATA[Error: Unable to find an element with testID: header.search.input
    at _callee3$ (/Users/lesison/Documents/sonls/react-native/bic-group-app/src/beinComponents/Header/index.test.tsx:252:21)
    at tryCatch (/Users/lesison/Documents/sonls/react-native/bic-group-app/node_modules/regenerator-runtime/runtime.js:64:40)
    at Generator.invoke (/Users/lesison/Documents/sonls/react-native/bic-group-app/node_modules/regenerator-runtime/runtime.js:299:22)
    at Generator.next (/Users/lesison/Documents/sonls/react-native/bic-group-app/node_modules/regenerator-runtime/runtime.js:124:21)
    at tryCatch (/Users/lesison/Documents/sonls/react-native/bic-group-app/node_modules/regenerator-runtime/runtime.js:64:40)
    at invoke (/Users/lesison/Documents/sonls/react-native/bic-group-app/node_modules/regenerator-runtime/runtime.js:160:20)
    at /Users/lesison/Documents/sonls/react-native/bic-group-app/node_modules/regenerator-runtime/runtime.js:195:11
    at tryCallTwo (/Users/lesison/Documents/sonls/react-native/bic-group-app/node_modules/react-native/node_modules/promise/lib/core.js:45:5)
    at doResolve (/Users/lesison/Documents/sonls/react-native/bic-group-app/node_modules/react-native/node_modules/promise/lib/core.js:200:13)
    at new Promise (/Users/lesison/Documents/sonls/react-native/bic-group-app/node_modules/react-native/node_modules/promise/lib/core.js:66:3)]]></failure>
    </testCase>
    <testCase name="Header component renders correctly with props search input test ID" duration="140">
      <failure message="Error: Unable to find an element with testID: header.search.input"><![CDATA[Error: Unable to find an element with testID: header.search.input
    at _callee4$ (/Users/lesison/Documents/sonls/react-native/bic-group-app/src/beinComponents/Header/index.test.tsx:273:21)
    at tryCatch (/Users/lesison/Documents/sonls/react-native/bic-group-app/node_modules/regenerator-runtime/runtime.js:64:40)
    at Generator.invoke (/Users/lesison/Documents/sonls/react-native/bic-group-app/node_modules/regenerator-runtime/runtime.js:299:22)
    at Generator.next (/Users/lesison/Documents/sonls/react-native/bic-group-app/node_modules/regenerator-runtime/runtime.js:124:21)
    at tryCatch (/Users/lesison/Documents/sonls/react-native/bic-group-app/node_modules/regenerator-runtime/runtime.js:64:40)
    at invoke (/Users/lesison/Documents/sonls/react-native/bic-group-app/node_modules/regenerator-runtime/runtime.js:160:20)
    at /Users/lesison/Documents/sonls/react-native/bic-group-app/node_modules/regenerator-runtime/runtime.js:195:11
    at tryCallTwo (/Users/lesison/Documents/sonls/react-native/bic-group-app/node_modules/react-native/node_modules/promise/lib/core.js:45:5)
    at doResolve (/Users/lesison/Documents/sonls/react-native/bic-group-app/node_modules/react-native/node_modules/promise/lib/core.js:200:13)
    at new Promise (/Users/lesison/Documents/sonls/react-native/bic-group-app/node_modules/react-native/node_modules/promise/lib/core.js:66:3)]]></failure>
    </testCase>
    <testCase name="Header component renders correctly with props search icon test ID" duration="52"/>
    <testCase name="Header component renders correctly with props on focus search" duration="74">
      <failure message="Error: Unable to find an element with testID: header.search.input"><![CDATA[Error: Unable to find an element with testID: header.search.input
    at _callee5$ (/Users/lesison/Documents/sonls/react-native/bic-group-app/src/beinComponents/Header/index.test.tsx:306:21)
    at tryCatch (/Users/lesison/Documents/sonls/react-native/bic-group-app/node_modules/regenerator-runtime/runtime.js:64:40)
    at Generator.invoke (/Users/lesison/Documents/sonls/react-native/bic-group-app/node_modules/regenerator-runtime/runtime.js:299:22)
    at Generator.next (/Users/lesison/Documents/sonls/react-native/bic-group-app/node_modules/regenerator-runtime/runtime.js:124:21)
    at tryCatch (/Users/lesison/Documents/sonls/react-native/bic-group-app/node_modules/regenerator-runtime/runtime.js:64:40)
    at invoke (/Users/lesison/Documents/sonls/react-native/bic-group-app/node_modules/regenerator-runtime/runtime.js:160:20)
    at /Users/lesison/Documents/sonls/react-native/bic-group-app/node_modules/regenerator-runtime/runtime.js:195:11
    at tryCallTwo (/Users/lesison/Documents/sonls/react-native/bic-group-app/node_modules/react-native/node_modules/promise/lib/core.js:45:5)
    at doResolve (/Users/lesison/Documents/sonls/react-native/bic-group-app/node_modules/react-native/node_modules/promise/lib/core.js:200:13)
    at new Promise (/Users/lesison/Documents/sonls/react-native/bic-group-app/node_modules/react-native/node_modules/promise/lib/core.js:66:3)]]></failure>
    </testCase>
    <testCase name="Header component renders correctly with props on submit search" duration="131">
      <failure message="Error: Unable to find an element with testID: header.search.input"><![CDATA[Error: Unable to find an element with testID: header.search.input
    at _callee6$ (/Users/lesison/Documents/sonls/react-native/bic-group-app/src/beinComponents/Header/index.test.tsx:328:21)
    at tryCatch (/Users/lesison/Documents/sonls/react-native/bic-group-app/node_modules/regenerator-runtime/runtime.js:64:40)
    at Generator.invoke (/Users/lesison/Documents/sonls/react-native/bic-group-app/node_modules/regenerator-runtime/runtime.js:299:22)
    at Generator.next (/Users/lesison/Documents/sonls/react-native/bic-group-app/node_modules/regenerator-runtime/runtime.js:124:21)
    at tryCatch (/Users/lesison/Documents/sonls/react-native/bic-group-app/node_modules/regenerator-runtime/runtime.js:64:40)
    at invoke (/Users/lesison/Documents/sonls/react-native/bic-group-app/node_modules/regenerator-runtime/runtime.js:160:20)
    at /Users/lesison/Documents/sonls/react-native/bic-group-app/node_modules/regenerator-runtime/runtime.js:195:11
    at tryCallTwo (/Users/lesison/Documents/sonls/react-native/bic-group-app/node_modules/react-native/node_modules/promise/lib/core.js:45:5)
    at doResolve (/Users/lesison/Documents/sonls/react-native/bic-group-app/node_modules/react-native/node_modules/promise/lib/core.js:200:13)
    at new Promise (/Users/lesison/Documents/sonls/react-native/bic-group-app/node_modules/react-native/node_modules/promise/lib/core.js:66:3)]]></failure>
    </testCase>
    <testCase name="Header component renders correctly with props on show search" duration="87">
      <failure message="Error: Unable to find an element with testID: header.search.input"><![CDATA[Error: Unable to find an element with testID: header.search.input
    at _callee7$ (/Users/lesison/Documents/sonls/react-native/bic-group-app/src/beinComponents/Header/index.test.tsx:356:21)
    at tryCatch (/Users/lesison/Documents/sonls/react-native/bic-group-app/node_modules/regenerator-runtime/runtime.js:64:40)
    at Generator.invoke (/Users/lesison/Documents/sonls/react-native/bic-group-app/node_modules/regenerator-runtime/runtime.js:299:22)
    at Generator.next (/Users/lesison/Documents/sonls/react-native/bic-group-app/node_modules/regenerator-runtime/runtime.js:124:21)
    at tryCatch (/Users/lesison/Documents/sonls/react-native/bic-group-app/node_modules/regenerator-runtime/runtime.js:64:40)
    at invoke (/Users/lesison/Documents/sonls/react-native/bic-group-app/node_modules/regenerator-runtime/runtime.js:160:20)
    at /Users/lesison/Documents/sonls/react-native/bic-group-app/node_modules/regenerator-runtime/runtime.js:195:11
    at tryCallTwo (/Users/lesison/Documents/sonls/react-native/bic-group-app/node_modules/react-native/node_modules/promise/lib/core.js:45:5)
    at doResolve (/Users/lesison/Documents/sonls/react-native/bic-group-app/node_modules/react-native/node_modules/promise/lib/core.js:200:13)
    at new Promise (/Users/lesison/Documents/sonls/react-native/bic-group-app/node_modules/react-native/node_modules/promise/lib/core.js:66:3)]]></failure>
    </testCase>
    <testCase name="Header component renders correctly with props on text search" duration="87">
      <failure message="Error: Unable to find an element with testID: header.search.input"><![CDATA[Error: Unable to find an element with testID: header.search.input
    at _callee8$ (/Users/lesison/Documents/sonls/react-native/bic-group-app/src/beinComponents/Header/index.test.tsx:374:21)
    at tryCatch (/Users/lesison/Documents/sonls/react-native/bic-group-app/node_modules/regenerator-runtime/runtime.js:64:40)
    at Generator.invoke (/Users/lesison/Documents/sonls/react-native/bic-group-app/node_modules/regenerator-runtime/runtime.js:299:22)
    at Generator.next (/Users/lesison/Documents/sonls/react-native/bic-group-app/node_modules/regenerator-runtime/runtime.js:124:21)
    at tryCatch (/Users/lesison/Documents/sonls/react-native/bic-group-app/node_modules/regenerator-runtime/runtime.js:64:40)
    at invoke (/Users/lesison/Documents/sonls/react-native/bic-group-app/node_modules/regenerator-runtime/runtime.js:160:20)
    at /Users/lesison/Documents/sonls/react-native/bic-group-app/node_modules/regenerator-runtime/runtime.js:195:11
    at tryCallTwo (/Users/lesison/Documents/sonls/react-native/bic-group-app/node_modules/react-native/node_modules/promise/lib/core.js:45:5)
    at doResolve (/Users/lesison/Documents/sonls/react-native/bic-group-app/node_modules/react-native/node_modules/promise/lib/core.js:200:13)
    at new Promise (/Users/lesison/Documents/sonls/react-native/bic-group-app/node_modules/react-native/node_modules/promise/lib/core.js:66:3)]]></failure>
    </testCase>
    <testCase name="Header component renders correctly with props search placeholder" duration="98">
      <failure message="Error: Unable to find an element with testID: header.search.input"><![CDATA[Error: Unable to find an element with testID: header.search.input
    at _callee9$ (/Users/lesison/Documents/sonls/react-native/bic-group-app/src/beinComponents/Header/index.test.tsx:403:21)
    at tryCatch (/Users/lesison/Documents/sonls/react-native/bic-group-app/node_modules/regenerator-runtime/runtime.js:64:40)
    at Generator.invoke (/Users/lesison/Documents/sonls/react-native/bic-group-app/node_modules/regenerator-runtime/runtime.js:299:22)
    at Generator.next (/Users/lesison/Documents/sonls/react-native/bic-group-app/node_modules/regenerator-runtime/runtime.js:124:21)
    at tryCatch (/Users/lesison/Documents/sonls/react-native/bic-group-app/node_modules/regenerator-runtime/runtime.js:64:40)
    at invoke (/Users/lesison/Documents/sonls/react-native/bic-group-app/node_modules/regenerator-runtime/runtime.js:160:20)
    at /Users/lesison/Documents/sonls/react-native/bic-group-app/node_modules/regenerator-runtime/runtime.js:195:11
    at tryCallTwo (/Users/lesison/Documents/sonls/react-native/bic-group-app/node_modules/react-native/node_modules/promise/lib/core.js:45:5)
    at doResolve (/Users/lesison/Documents/sonls/react-native/bic-group-app/node_modules/react-native/node_modules/promise/lib/core.js:200:13)
    at new Promise (/Users/lesison/Documents/sonls/react-native/bic-group-app/node_modules/react-native/node_modules/promise/lib/core.js:66:3)]]></failure>
    </testCase>
    <testCase name="Header component renders correctly with props on press header" duration="39">
      <failure message="Error: Unable to find an element with testID: header.avatar"><![CDATA[Error: Unable to find an element with testID: header.avatar
    at Object.<anonymous> (/Users/lesison/Documents/sonls/react-native/bic-group-app/src/beinComponents/Header/index.test.tsx:414:35)
    at Promise.then.completed (/Users/lesison/Documents/sonls/react-native/bic-group-app/node_modules/jest-circus/build/utils.js:390:28)
    at new Promise (<anonymous>)
    at callAsyncCircusFn (/Users/lesison/Documents/sonls/react-native/bic-group-app/node_modules/jest-circus/build/utils.js:315:10)
    at _callCircusTest (/Users/lesison/Documents/sonls/react-native/bic-group-app/node_modules/jest-circus/build/run.js:218:40)
    at processTicksAndRejections (node:internal/process/task_queues:96:5)
    at _runTest (/Users/lesison/Documents/sonls/react-native/bic-group-app/node_modules/jest-circus/build/run.js:155:3)
    at _runTestsForDescribeBlock (/Users/lesison/Documents/sonls/react-native/bic-group-app/node_modules/jest-circus/build/run.js:66:9)
    at _runTestsForDescribeBlock (/Users/lesison/Documents/sonls/react-native/bic-group-app/node_modules/jest-circus/build/run.js:60:9)
    at run (/Users/lesison/Documents/sonls/react-native/bic-group-app/node_modules/jest-circus/build/run.js:25:3)]]></failure>
    </testCase>
    <testCase name="Header component renders correctly with props on right press" duration="75">
      <failure message="Error: Unable to find an element with testID: header.rightIcon"><![CDATA[Error: Unable to find an element with testID: header.rightIcon
    at Object.<anonymous> (/Users/lesison/Documents/sonls/react-native/bic-group-app/src/beinComponents/Header/index.test.tsx:425:40)
    at Promise.then.completed (/Users/lesison/Documents/sonls/react-native/bic-group-app/node_modules/jest-circus/build/utils.js:390:28)
    at new Promise (<anonymous>)
    at callAsyncCircusFn (/Users/lesison/Documents/sonls/react-native/bic-group-app/node_modules/jest-circus/build/utils.js:315:10)
    at _callCircusTest (/Users/lesison/Documents/sonls/react-native/bic-group-app/node_modules/jest-circus/build/run.js:218:40)
    at processTicksAndRejections (node:internal/process/task_queues:96:5)
    at _runTest (/Users/lesison/Documents/sonls/react-native/bic-group-app/node_modules/jest-circus/build/run.js:155:3)
    at _runTestsForDescribeBlock (/Users/lesison/Documents/sonls/react-native/bic-group-app/node_modules/jest-circus/build/run.js:66:9)
    at _runTestsForDescribeBlock (/Users/lesison/Documents/sonls/react-native/bic-group-app/node_modules/jest-circus/build/run.js:60:9)
    at run (/Users/lesison/Documents/sonls/react-native/bic-group-app/node_modules/jest-circus/build/run.js:25:3)]]></failure>
    </testCase>
    <testCase name="Header component renders correctly with props on press chat" duration="73">
      <failure message="Error: Unable to find an element with testID: header.iconChat"><![CDATA[Error: Unable to find an element with testID: header.iconChat
    at Object.<anonymous> (/Users/lesison/Documents/sonls/react-native/bic-group-app/src/beinComponents/Header/index.test.tsx:438:41)
    at Promise.then.completed (/Users/lesison/Documents/sonls/react-native/bic-group-app/node_modules/jest-circus/build/utils.js:390:28)
    at new Promise (<anonymous>)
    at callAsyncCircusFn (/Users/lesison/Documents/sonls/react-native/bic-group-app/node_modules/jest-circus/build/utils.js:315:10)
    at _callCircusTest (/Users/lesison/Documents/sonls/react-native/bic-group-app/node_modules/jest-circus/build/run.js:218:40)
    at processTicksAndRejections (node:internal/process/task_queues:96:5)
    at _runTest (/Users/lesison/Documents/sonls/react-native/bic-group-app/node_modules/jest-circus/build/run.js:155:3)
    at _runTestsForDescribeBlock (/Users/lesison/Documents/sonls/react-native/bic-group-app/node_modules/jest-circus/build/run.js:66:9)
    at _runTestsForDescribeBlock (/Users/lesison/Documents/sonls/react-native/bic-group-app/node_modules/jest-circus/build/run.js:60:9)
    at run (/Users/lesison/Documents/sonls/react-native/bic-group-app/node_modules/jest-circus/build/run.js:25:3)]]></failure>
    </testCase>
  </file>
  <file path="/Users/lesison/Documents/sonls/react-native/bic-group-app/src/components/posts/PostView/index.test.tsx">
    <testCase name="PostView Component renders deleted post" duration="512">
      <failure message="Error: Couldn&apos;t find a route object. Is your component inside a screen in a navigator?"><![CDATA[Error: Couldn't find a route object. Is your component inside a screen in a navigator?
    at useRoute (/Users/lesison/Documents/sonls/react-native/bic-group-app/node_modules/@react-navigation/core/src/useRoute.tsx:16:11)
    at PostHeader (/Users/lesison/Documents/sonls/react-native/bic-group-app/src/components/posts/PostHeader/index.tsx:31:25)
    at renderWithHooks (/Users/lesison/Documents/sonls/react-native/bic-group-app/node_modules/react-test-renderer/cjs/react-test-renderer.development.js:6016:18)
    at mountIndeterminateComponent (/Users/lesison/Documents/sonls/react-native/bic-group-app/node_modules/react-test-renderer/cjs/react-test-renderer.development.js:8744:13)
    at beginWork (/Users/lesison/Documents/sonls/react-native/bic-group-app/node_modules/react-test-renderer/cjs/react-test-renderer.development.js:9966:16)
    at performUnitOfWork (/Users/lesison/Documents/sonls/react-native/bic-group-app/node_modules/react-test-renderer/cjs/react-test-renderer.development.js:13800:12)
    at workLoopSync (/Users/lesison/Documents/sonls/react-native/bic-group-app/node_modules/react-test-renderer/cjs/react-test-renderer.development.js:13728:5)
    at renderRootSync (/Users/lesison/Documents/sonls/react-native/bic-group-app/node_modules/react-test-renderer/cjs/react-test-renderer.development.js:13691:7)
    at performSyncWorkOnRoot (/Users/lesison/Documents/sonls/react-native/bic-group-app/node_modules/react-test-renderer/cjs/react-test-renderer.development.js:13404:18)
    at /Users/lesison/Documents/sonls/react-native/bic-group-app/node_modules/react-test-renderer/cjs/react-test-renderer.development.js:2537:26]]></failure>
    </testCase>
    <testCase name="PostView Component renders important" duration="127">
      <failure message="Error: Couldn&apos;t find a route object. Is your component inside a screen in a navigator?"><![CDATA[Error: Couldn't find a route object. Is your component inside a screen in a navigator?
    at useRoute (/Users/lesison/Documents/sonls/react-native/bic-group-app/node_modules/@react-navigation/core/src/useRoute.tsx:16:11)
    at PostHeader (/Users/lesison/Documents/sonls/react-native/bic-group-app/src/components/posts/PostHeader/index.tsx:31:25)
    at renderWithHooks (/Users/lesison/Documents/sonls/react-native/bic-group-app/node_modules/react-test-renderer/cjs/react-test-renderer.development.js:6016:18)
    at mountIndeterminateComponent (/Users/lesison/Documents/sonls/react-native/bic-group-app/node_modules/react-test-renderer/cjs/react-test-renderer.development.js:8744:13)
    at beginWork (/Users/lesison/Documents/sonls/react-native/bic-group-app/node_modules/react-test-renderer/cjs/react-test-renderer.development.js:9966:16)
    at performUnitOfWork (/Users/lesison/Documents/sonls/react-native/bic-group-app/node_modules/react-test-renderer/cjs/react-test-renderer.development.js:13800:12)
    at workLoopSync (/Users/lesison/Documents/sonls/react-native/bic-group-app/node_modules/react-test-renderer/cjs/react-test-renderer.development.js:13728:5)
    at renderRootSync (/Users/lesison/Documents/sonls/react-native/bic-group-app/node_modules/react-test-renderer/cjs/react-test-renderer.development.js:13691:7)
    at performSyncWorkOnRoot (/Users/lesison/Documents/sonls/react-native/bic-group-app/node_modules/react-test-renderer/cjs/react-test-renderer.development.js:13404:18)
    at /Users/lesison/Documents/sonls/react-native/bic-group-app/node_modules/react-test-renderer/cjs/react-test-renderer.development.js:2537:26]]></failure>
    </testCase>
    <testCase name="PostView Component renders correctly post view lite" duration="149">
      <failure message="Error: Couldn&apos;t find a route object. Is your component inside a screen in a navigator?"><![CDATA[Error: Couldn't find a route object. Is your component inside a screen in a navigator?
    at useRoute (/Users/lesison/Documents/sonls/react-native/bic-group-app/node_modules/@react-navigation/core/src/useRoute.tsx:16:11)
    at PostHeader (/Users/lesison/Documents/sonls/react-native/bic-group-app/src/components/posts/PostHeader/index.tsx:31:25)
    at renderWithHooks (/Users/lesison/Documents/sonls/react-native/bic-group-app/node_modules/react-test-renderer/cjs/react-test-renderer.development.js:6016:18)
    at mountIndeterminateComponent (/Users/lesison/Documents/sonls/react-native/bic-group-app/node_modules/react-test-renderer/cjs/react-test-renderer.development.js:8744:13)
    at beginWork (/Users/lesison/Documents/sonls/react-native/bic-group-app/node_modules/react-test-renderer/cjs/react-test-renderer.development.js:9966:16)
    at performUnitOfWork (/Users/lesison/Documents/sonls/react-native/bic-group-app/node_modules/react-test-renderer/cjs/react-test-renderer.development.js:13800:12)
    at workLoopSync (/Users/lesison/Documents/sonls/react-native/bic-group-app/node_modules/react-test-renderer/cjs/react-test-renderer.development.js:13728:5)
    at renderRootSync (/Users/lesison/Documents/sonls/react-native/bic-group-app/node_modules/react-test-renderer/cjs/react-test-renderer.development.js:13691:7)
    at performSyncWorkOnRoot (/Users/lesison/Documents/sonls/react-native/bic-group-app/node_modules/react-test-renderer/cjs/react-test-renderer.development.js:13404:18)
    at /Users/lesison/Documents/sonls/react-native/bic-group-app/node_modules/react-test-renderer/cjs/react-test-renderer.development.js:2537:26]]></failure>
    </testCase>
    <testCase name="PostView Component renders correctly data from prop postData" duration="76">
      <failure message="Error: Couldn&apos;t find a route object. Is your component inside a screen in a navigator?"><![CDATA[Error: Couldn't find a route object. Is your component inside a screen in a navigator?
    at useRoute (/Users/lesison/Documents/sonls/react-native/bic-group-app/node_modules/@react-navigation/core/src/useRoute.tsx:16:11)
    at PostHeader (/Users/lesison/Documents/sonls/react-native/bic-group-app/src/components/posts/PostHeader/index.tsx:31:25)
    at renderWithHooks (/Users/lesison/Documents/sonls/react-native/bic-group-app/node_modules/react-test-renderer/cjs/react-test-renderer.development.js:6016:18)
    at mountIndeterminateComponent (/Users/lesison/Documents/sonls/react-native/bic-group-app/node_modules/react-test-renderer/cjs/react-test-renderer.development.js:8744:13)
    at beginWork (/Users/lesison/Documents/sonls/react-native/bic-group-app/node_modules/react-test-renderer/cjs/react-test-renderer.development.js:9966:16)
    at performUnitOfWork (/Users/lesison/Documents/sonls/react-native/bic-group-app/node_modules/react-test-renderer/cjs/react-test-renderer.development.js:13800:12)
    at workLoopSync (/Users/lesison/Documents/sonls/react-native/bic-group-app/node_modules/react-test-renderer/cjs/react-test-renderer.development.js:13728:5)
    at renderRootSync (/Users/lesison/Documents/sonls/react-native/bic-group-app/node_modules/react-test-renderer/cjs/react-test-renderer.development.js:13691:7)
    at performSyncWorkOnRoot (/Users/lesison/Documents/sonls/react-native/bic-group-app/node_modules/react-test-renderer/cjs/react-test-renderer.development.js:13404:18)
    at /Users/lesison/Documents/sonls/react-native/bic-group-app/node_modules/react-test-renderer/cjs/react-test-renderer.development.js:2537:26]]></failure>
    </testCase>
    <testCase name="PostView Component press container should call prop onPress" duration="174">
      <failure message="Error: Couldn&apos;t find a route object. Is your component inside a screen in a navigator?"><![CDATA[Error: Couldn't find a route object. Is your component inside a screen in a navigator?
    at useRoute (/Users/lesison/Documents/sonls/react-native/bic-group-app/node_modules/@react-navigation/core/src/useRoute.tsx:16:11)
    at PostHeader (/Users/lesison/Documents/sonls/react-native/bic-group-app/src/components/posts/PostHeader/index.tsx:31:25)
    at renderWithHooks (/Users/lesison/Documents/sonls/react-native/bic-group-app/node_modules/react-test-renderer/cjs/react-test-renderer.development.js:6016:18)
    at mountIndeterminateComponent (/Users/lesison/Documents/sonls/react-native/bic-group-app/node_modules/react-test-renderer/cjs/react-test-renderer.development.js:8744:13)
    at beginWork (/Users/lesison/Documents/sonls/react-native/bic-group-app/node_modules/react-test-renderer/cjs/react-test-renderer.development.js:9966:16)
    at performUnitOfWork (/Users/lesison/Documents/sonls/react-native/bic-group-app/node_modules/react-test-renderer/cjs/react-test-renderer.development.js:13800:12)
    at workLoopSync (/Users/lesison/Documents/sonls/react-native/bic-group-app/node_modules/react-test-renderer/cjs/react-test-renderer.development.js:13728:5)
    at renderRootSync (/Users/lesison/Documents/sonls/react-native/bic-group-app/node_modules/react-test-renderer/cjs/react-test-renderer.development.js:13691:7)
    at performSyncWorkOnRoot (/Users/lesison/Documents/sonls/react-native/bic-group-app/node_modules/react-test-renderer/cjs/react-test-renderer.development.js:13404:18)
    at /Users/lesison/Documents/sonls/react-native/bic-group-app/node_modules/react-test-renderer/cjs/react-test-renderer.development.js:2537:26]]></failure>
    </testCase>
    <testCase name="PostView Component press container should navigate to detail" duration="70">
      <failure message="Error: Couldn&apos;t find a route object. Is your component inside a screen in a navigator?"><![CDATA[Error: Couldn't find a route object. Is your component inside a screen in a navigator?
    at useRoute (/Users/lesison/Documents/sonls/react-native/bic-group-app/node_modules/@react-navigation/core/src/useRoute.tsx:16:11)
    at PostHeader (/Users/lesison/Documents/sonls/react-native/bic-group-app/src/components/posts/PostHeader/index.tsx:31:25)
    at renderWithHooks (/Users/lesison/Documents/sonls/react-native/bic-group-app/node_modules/react-test-renderer/cjs/react-test-renderer.development.js:6016:18)
    at mountIndeterminateComponent (/Users/lesison/Documents/sonls/react-native/bic-group-app/node_modules/react-test-renderer/cjs/react-test-renderer.development.js:8744:13)
    at beginWork (/Users/lesison/Documents/sonls/react-native/bic-group-app/node_modules/react-test-renderer/cjs/react-test-renderer.development.js:9966:16)
    at performUnitOfWork (/Users/lesison/Documents/sonls/react-native/bic-group-app/node_modules/react-test-renderer/cjs/react-test-renderer.development.js:13800:12)
    at workLoopSync (/Users/lesison/Documents/sonls/react-native/bic-group-app/node_modules/react-test-renderer/cjs/react-test-renderer.development.js:13728:5)
    at renderRootSync (/Users/lesison/Documents/sonls/react-native/bic-group-app/node_modules/react-test-renderer/cjs/react-test-renderer.development.js:13691:7)
    at performSyncWorkOnRoot (/Users/lesison/Documents/sonls/react-native/bic-group-app/node_modules/react-test-renderer/cjs/react-test-renderer.development.js:13404:18)
    at /Users/lesison/Documents/sonls/react-native/bic-group-app/node_modules/react-test-renderer/cjs/react-test-renderer.development.js:2537:26]]></failure>
    </testCase>
    <testCase name="PostView Component press comment should call prop onPressComment" duration="147">
      <failure message="Error: Couldn&apos;t find a route object. Is your component inside a screen in a navigator?"><![CDATA[Error: Couldn't find a route object. Is your component inside a screen in a navigator?
    at useRoute (/Users/lesison/Documents/sonls/react-native/bic-group-app/node_modules/@react-navigation/core/src/useRoute.tsx:16:11)
    at PostHeader (/Users/lesison/Documents/sonls/react-native/bic-group-app/src/components/posts/PostHeader/index.tsx:31:25)
    at renderWithHooks (/Users/lesison/Documents/sonls/react-native/bic-group-app/node_modules/react-test-renderer/cjs/react-test-renderer.development.js:6016:18)
    at mountIndeterminateComponent (/Users/lesison/Documents/sonls/react-native/bic-group-app/node_modules/react-test-renderer/cjs/react-test-renderer.development.js:8744:13)
    at beginWork (/Users/lesison/Documents/sonls/react-native/bic-group-app/node_modules/react-test-renderer/cjs/react-test-renderer.development.js:9966:16)
    at performUnitOfWork (/Users/lesison/Documents/sonls/react-native/bic-group-app/node_modules/react-test-renderer/cjs/react-test-renderer.development.js:13800:12)
    at workLoopSync (/Users/lesison/Documents/sonls/react-native/bic-group-app/node_modules/react-test-renderer/cjs/react-test-renderer.development.js:13728:5)
    at renderRootSync (/Users/lesison/Documents/sonls/react-native/bic-group-app/node_modules/react-test-renderer/cjs/react-test-renderer.development.js:13691:7)
    at performSyncWorkOnRoot (/Users/lesison/Documents/sonls/react-native/bic-group-app/node_modules/react-test-renderer/cjs/react-test-renderer.development.js:13404:18)
    at /Users/lesison/Documents/sonls/react-native/bic-group-app/node_modules/react-test-renderer/cjs/react-test-renderer.development.js:2537:26]]></failure>
    </testCase>
    <testCase name="PostView Component press comment should navigate to post detail" duration="116">
      <failure message="Error: Couldn&apos;t find a route object. Is your component inside a screen in a navigator?"><![CDATA[Error: Couldn't find a route object. Is your component inside a screen in a navigator?
    at useRoute (/Users/lesison/Documents/sonls/react-native/bic-group-app/node_modules/@react-navigation/core/src/useRoute.tsx:16:11)
    at PostHeader (/Users/lesison/Documents/sonls/react-native/bic-group-app/src/components/posts/PostHeader/index.tsx:31:25)
    at renderWithHooks (/Users/lesison/Documents/sonls/react-native/bic-group-app/node_modules/react-test-renderer/cjs/react-test-renderer.development.js:6016:18)
    at mountIndeterminateComponent (/Users/lesison/Documents/sonls/react-native/bic-group-app/node_modules/react-test-renderer/cjs/react-test-renderer.development.js:8744:13)
    at beginWork (/Users/lesison/Documents/sonls/react-native/bic-group-app/node_modules/react-test-renderer/cjs/react-test-renderer.development.js:9966:16)
    at performUnitOfWork (/Users/lesison/Documents/sonls/react-native/bic-group-app/node_modules/react-test-renderer/cjs/react-test-renderer.development.js:13800:12)
    at workLoopSync (/Users/lesison/Documents/sonls/react-native/bic-group-app/node_modules/react-test-renderer/cjs/react-test-renderer.development.js:13728:5)
    at renderRootSync (/Users/lesison/Documents/sonls/react-native/bic-group-app/node_modules/react-test-renderer/cjs/react-test-renderer.development.js:13691:7)
    at performSyncWorkOnRoot (/Users/lesison/Documents/sonls/react-native/bic-group-app/node_modules/react-test-renderer/cjs/react-test-renderer.development.js:13404:18)
    at /Users/lesison/Documents/sonls/react-native/bic-group-app/node_modules/react-test-renderer/cjs/react-test-renderer.development.js:2537:26]]></failure>
    </testCase>
    <testCase name="PostView Component press header should call prop onPressHeader" duration="134">
      <failure message="Error: Couldn&apos;t find a route object. Is your component inside a screen in a navigator?"><![CDATA[Error: Couldn't find a route object. Is your component inside a screen in a navigator?
    at useRoute (/Users/lesison/Documents/sonls/react-native/bic-group-app/node_modules/@react-navigation/core/src/useRoute.tsx:16:11)
    at PostHeader (/Users/lesison/Documents/sonls/react-native/bic-group-app/src/components/posts/PostHeader/index.tsx:31:25)
    at renderWithHooks (/Users/lesison/Documents/sonls/react-native/bic-group-app/node_modules/react-test-renderer/cjs/react-test-renderer.development.js:6016:18)
    at mountIndeterminateComponent (/Users/lesison/Documents/sonls/react-native/bic-group-app/node_modules/react-test-renderer/cjs/react-test-renderer.development.js:8744:13)
    at beginWork (/Users/lesison/Documents/sonls/react-native/bic-group-app/node_modules/react-test-renderer/cjs/react-test-renderer.development.js:9966:16)
    at performUnitOfWork (/Users/lesison/Documents/sonls/react-native/bic-group-app/node_modules/react-test-renderer/cjs/react-test-renderer.development.js:13800:12)
    at workLoopSync (/Users/lesison/Documents/sonls/react-native/bic-group-app/node_modules/react-test-renderer/cjs/react-test-renderer.development.js:13728:5)
    at renderRootSync (/Users/lesison/Documents/sonls/react-native/bic-group-app/node_modules/react-test-renderer/cjs/react-test-renderer.development.js:13691:7)
    at performSyncWorkOnRoot (/Users/lesison/Documents/sonls/react-native/bic-group-app/node_modules/react-test-renderer/cjs/react-test-renderer.development.js:13404:18)
    at /Users/lesison/Documents/sonls/react-native/bic-group-app/node_modules/react-test-renderer/cjs/react-test-renderer.development.js:2537:26]]></failure>
    </testCase>
    <testCase name="PostView Component press header should call navigate to post detail" duration="122">
      <failure message="Error: Couldn&apos;t find a route object. Is your component inside a screen in a navigator?"><![CDATA[Error: Couldn't find a route object. Is your component inside a screen in a navigator?
    at useRoute (/Users/lesison/Documents/sonls/react-native/bic-group-app/node_modules/@react-navigation/core/src/useRoute.tsx:16:11)
    at PostHeader (/Users/lesison/Documents/sonls/react-native/bic-group-app/src/components/posts/PostHeader/index.tsx:31:25)
    at renderWithHooks (/Users/lesison/Documents/sonls/react-native/bic-group-app/node_modules/react-test-renderer/cjs/react-test-renderer.development.js:6016:18)
    at mountIndeterminateComponent (/Users/lesison/Documents/sonls/react-native/bic-group-app/node_modules/react-test-renderer/cjs/react-test-renderer.development.js:8744:13)
    at beginWork (/Users/lesison/Documents/sonls/react-native/bic-group-app/node_modules/react-test-renderer/cjs/react-test-renderer.development.js:9966:16)
    at performUnitOfWork (/Users/lesison/Documents/sonls/react-native/bic-group-app/node_modules/react-test-renderer/cjs/react-test-renderer.development.js:13800:12)
    at workLoopSync (/Users/lesison/Documents/sonls/react-native/bic-group-app/node_modules/react-test-renderer/cjs/react-test-renderer.development.js:13728:5)
    at renderRootSync (/Users/lesison/Documents/sonls/react-native/bic-group-app/node_modules/react-test-renderer/cjs/react-test-renderer.development.js:13691:7)
    at performSyncWorkOnRoot (/Users/lesison/Documents/sonls/react-native/bic-group-app/node_modules/react-test-renderer/cjs/react-test-renderer.development.js:13404:18)
    at /Users/lesison/Documents/sonls/react-native/bic-group-app/node_modules/react-test-renderer/cjs/react-test-renderer.development.js:2537:26]]></failure>
    </testCase>
    <testCase name="PostView Component press audience should dispatch show audiences" duration="81">
      <failure message="Error: Couldn&apos;t find a route object. Is your component inside a screen in a navigator?"><![CDATA[Error: Couldn't find a route object. Is your component inside a screen in a navigator?
    at useRoute (/Users/lesison/Documents/sonls/react-native/bic-group-app/node_modules/@react-navigation/core/src/useRoute.tsx:16:11)
    at PostHeader (/Users/lesison/Documents/sonls/react-native/bic-group-app/src/components/posts/PostHeader/index.tsx:31:25)
    at renderWithHooks (/Users/lesison/Documents/sonls/react-native/bic-group-app/node_modules/react-test-renderer/cjs/react-test-renderer.development.js:6016:18)
    at mountIndeterminateComponent (/Users/lesison/Documents/sonls/react-native/bic-group-app/node_modules/react-test-renderer/cjs/react-test-renderer.development.js:8744:13)
    at beginWork (/Users/lesison/Documents/sonls/react-native/bic-group-app/node_modules/react-test-renderer/cjs/react-test-renderer.development.js:9966:16)
    at performUnitOfWork (/Users/lesison/Documents/sonls/react-native/bic-group-app/node_modules/react-test-renderer/cjs/react-test-renderer.development.js:13800:12)
    at workLoopSync (/Users/lesison/Documents/sonls/react-native/bic-group-app/node_modules/react-test-renderer/cjs/react-test-renderer.development.js:13728:5)
    at renderRootSync (/Users/lesison/Documents/sonls/react-native/bic-group-app/node_modules/react-test-renderer/cjs/react-test-renderer.development.js:13691:7)
    at performSyncWorkOnRoot (/Users/lesison/Documents/sonls/react-native/bic-group-app/node_modules/react-test-renderer/cjs/react-test-renderer.development.js:13404:18)
    at /Users/lesison/Documents/sonls/react-native/bic-group-app/node_modules/react-test-renderer/cjs/react-test-renderer.development.js:2537:26]]></failure>
    </testCase>
    <testCase name="PostView Component press menu should dispatch show modal menu" duration="66">
      <failure message="Error: Couldn&apos;t find a route object. Is your component inside a screen in a navigator?"><![CDATA[Error: Couldn't find a route object. Is your component inside a screen in a navigator?
    at useRoute (/Users/lesison/Documents/sonls/react-native/bic-group-app/node_modules/@react-navigation/core/src/useRoute.tsx:16:11)
    at PostHeader (/Users/lesison/Documents/sonls/react-native/bic-group-app/src/components/posts/PostHeader/index.tsx:31:25)
    at renderWithHooks (/Users/lesison/Documents/sonls/react-native/bic-group-app/node_modules/react-test-renderer/cjs/react-test-renderer.development.js:6016:18)
    at mountIndeterminateComponent (/Users/lesison/Documents/sonls/react-native/bic-group-app/node_modules/react-test-renderer/cjs/react-test-renderer.development.js:8744:13)
    at beginWork (/Users/lesison/Documents/sonls/react-native/bic-group-app/node_modules/react-test-renderer/cjs/react-test-renderer.development.js:9966:16)
    at performUnitOfWork (/Users/lesison/Documents/sonls/react-native/bic-group-app/node_modules/react-test-renderer/cjs/react-test-renderer.development.js:13800:12)
    at workLoopSync (/Users/lesison/Documents/sonls/react-native/bic-group-app/node_modules/react-test-renderer/cjs/react-test-renderer.development.js:13728:5)
    at renderRootSync (/Users/lesison/Documents/sonls/react-native/bic-group-app/node_modules/react-test-renderer/cjs/react-test-renderer.development.js:13691:7)
    at performSyncWorkOnRoot (/Users/lesison/Documents/sonls/react-native/bic-group-app/node_modules/react-test-renderer/cjs/react-test-renderer.development.js:13404:18)
    at /Users/lesison/Documents/sonls/react-native/bic-group-app/node_modules/react-test-renderer/cjs/react-test-renderer.development.js:2537:26]]></failure>
    </testCase>
  </file>
  <file path="/Users/lesison/Documents/sonls/react-native/bic-group-app/src/screens/series/SeriesDetail/components/SeriesDetailItem/store/actions/deleteItemFromSeriesDetail.test.ts">
    <testCase name="deleteItemFromSeriesDetail should do nothing if id undefined" duration="192"/>
    <testCase name="deleteItemFromSeriesDetail should delete aritcle success:" duration="153"/>
    <testCase name="deleteItemFromSeriesDetail should delete aritcle throw error and should show toast" duration="5001">
      <failure message="Error: thrown: &quot;Exceeded timeout of 5000 ms for a hook."><![CDATA[Error: thrown: "Exceeded timeout of 5000 ms for a hook.
Use jest.setTimeout(newTimeout) to increase the timeout value, if this is a long-running test."
    at Object.<anonymous> (/Users/lesison/Documents/sonls/react-native/bic-group-app/__mocks__/zustand.js:19:1)
    at Runtime._execModule (/Users/lesison/Documents/sonls/react-native/bic-group-app/node_modules/jest-runtime/build/index.js:1646:24)
    at Runtime._loadModule (/Users/lesison/Documents/sonls/react-native/bic-group-app/node_modules/jest-runtime/build/index.js:1185:12)
    at Runtime.requireMock (/Users/lesison/Documents/sonls/react-native/bic-group-app/node_modules/jest-runtime/build/index.js:1142:12)
    at Runtime.requireModuleOrMock (/Users/lesison/Documents/sonls/react-native/bic-group-app/node_modules/jest-runtime/build/index.js:1208:21)
    at Object.<anonymous> (/Users/lesison/Documents/sonls/react-native/bic-group-app/src/store/utils.ts:1:1)
    at Runtime._execModule (/Users/lesison/Documents/sonls/react-native/bic-group-app/node_modules/jest-runtime/build/index.js:1646:24)
    at Runtime._loadModule (/Users/lesison/Documents/sonls/react-native/bic-group-app/node_modules/jest-runtime/build/index.js:1185:12)
    at Runtime.requireModule (/Users/lesison/Documents/sonls/react-native/bic-group-app/node_modules/jest-runtime/build/index.js:1009:12)
    at Runtime.requireModuleOrMock (/Users/lesison/Documents/sonls/react-native/bic-group-app/node_modules/jest-runtime/build/index.js:1210:21)]]></failure>
    </testCase>
  </file>
  <file path="/Users/lesison/Documents/sonls/react-native/bic-group-app/src/screens/series/ChooseAudience/index.test.tsx">
    <testCase name="CreateSeries component renders correctly if this is first step in create series" duration="5467">
      <failure message="Error: Aborting after running 100000 timers, assuming an infinite loop!"><![CDATA[Error: Aborting after running 100000 timers, assuming an infinite loop!
    at getInfiniteLoopError (/Users/lesison/Documents/sonls/react-native/bic-group-app/node_modules/@sinonjs/fake-timers/src/fake-timers-src.js:320:35)
    at Object.runAll (/Users/lesison/Documents/sonls/react-native/bic-group-app/node_modules/@sinonjs/fake-timers/src/fake-timers-src.js:1473:19)
    at FakeTimers.runAllTimers (/Users/lesison/Documents/sonls/react-native/bic-group-app/node_modules/@jest/fake-timers/build/modernFakeTimers.js:75:19)
    at Object.runAllTimers (/Users/lesison/Documents/sonls/react-native/bic-group-app/node_modules/jest-runtime/build/index.js:2277:44)
    at /Users/lesison/Documents/sonls/react-native/bic-group-app/src/screens/series/ChooseAudience/index.test.tsx:37:12
    at batchedUpdates (/Users/lesison/Documents/sonls/react-native/bic-group-app/node_modules/react-test-renderer/cjs/react-test-renderer.development.js:13452:12)
    at act (/Users/lesison/Documents/sonls/react-native/bic-group-app/node_modules/react-test-renderer/cjs/react-test-renderer.development.js:15280:14)
    at Object.<anonymous> (/Users/lesison/Documents/sonls/react-native/bic-group-app/src/screens/series/ChooseAudience/index.test.tsx:36:8)
    at Promise.then.completed (/Users/lesison/Documents/sonls/react-native/bic-group-app/node_modules/jest-circus/build/utils.js:390:28)
    at new Promise (<anonymous>)]]></failure>
    </testCase>
  </file>
  <file path="/Users/lesison/Documents/sonls/react-native/bic-group-app/src/screens/communities/CommunityDetail/components/CommunityContentView/index.test.tsx">
    <testCase name="CommunityContentView should render InfoHeader correctly" duration="553"/>
    <testCase name="CommunityContentView should render About button correctly" duration="177">
      <failure message="Error: Unable to find an element with testID: page_content.about_btn"><![CDATA[Error: Unable to find an element with testID: page_content.about_btn
    at Object.<anonymous> (/Users/lesison/Documents/sonls/react-native/bic-group-app/src/screens/communities/CommunityDetail/components/CommunityContentView/index.test.tsx:36:30)
    at Promise.then.completed (/Users/lesison/Documents/sonls/react-native/bic-group-app/node_modules/jest-circus/build/utils.js:390:28)
    at new Promise (<anonymous>)
    at callAsyncCircusFn (/Users/lesison/Documents/sonls/react-native/bic-group-app/node_modules/jest-circus/build/utils.js:315:10)
    at _callCircusTest (/Users/lesison/Documents/sonls/react-native/bic-group-app/node_modules/jest-circus/build/run.js:218:40)
    at processTicksAndRejections (node:internal/process/task_queues:96:5)
    at _runTest (/Users/lesison/Documents/sonls/react-native/bic-group-app/node_modules/jest-circus/build/run.js:155:3)
    at _runTestsForDescribeBlock (/Users/lesison/Documents/sonls/react-native/bic-group-app/node_modules/jest-circus/build/run.js:66:9)
    at _runTestsForDescribeBlock (/Users/lesison/Documents/sonls/react-native/bic-group-app/node_modules/jest-circus/build/run.js:60:9)
    at run (/Users/lesison/Documents/sonls/react-native/bic-group-app/node_modules/jest-circus/build/run.js:25:3)]]></failure>
    </testCase>
    <testCase name="CommunityContentView should navigate to About page correctly" duration="125">
      <failure message="Error: Unable to find an element with testID: page_content.about_btn"><![CDATA[Error: Unable to find an element with testID: page_content.about_btn
    at Object.<anonymous> (/Users/lesison/Documents/sonls/react-native/bic-group-app/src/screens/communities/CommunityDetail/components/CommunityContentView/index.test.tsx:48:30)
    at Promise.then.completed (/Users/lesison/Documents/sonls/react-native/bic-group-app/node_modules/jest-circus/build/utils.js:390:28)
    at new Promise (<anonymous>)
    at callAsyncCircusFn (/Users/lesison/Documents/sonls/react-native/bic-group-app/node_modules/jest-circus/build/utils.js:315:10)
    at _callCircusTest (/Users/lesison/Documents/sonls/react-native/bic-group-app/node_modules/jest-circus/build/run.js:218:40)
    at processTicksAndRejections (node:internal/process/task_queues:96:5)
    at _runTest (/Users/lesison/Documents/sonls/react-native/bic-group-app/node_modules/jest-circus/build/run.js:155:3)
    at _runTestsForDescribeBlock (/Users/lesison/Documents/sonls/react-native/bic-group-app/node_modules/jest-circus/build/run.js:66:9)
    at _runTestsForDescribeBlock (/Users/lesison/Documents/sonls/react-native/bic-group-app/node_modules/jest-circus/build/run.js:60:9)
    at run (/Users/lesison/Documents/sonls/react-native/bic-group-app/node_modules/jest-circus/build/run.js:25:3)]]></failure>
    </testCase>
    <testCase name="CommunityContentView should render Members button correctly" duration="137">
      <failure message="Error: Unable to find an element with testID: page_content.members_btn"><![CDATA[Error: Unable to find an element with testID: page_content.members_btn
    at Object.<anonymous> (/Users/lesison/Documents/sonls/react-native/bic-group-app/src/screens/communities/CommunityDetail/components/CommunityContentView/index.test.tsx:57:31)
    at Promise.then.completed (/Users/lesison/Documents/sonls/react-native/bic-group-app/node_modules/jest-circus/build/utils.js:390:28)
    at new Promise (<anonymous>)
    at callAsyncCircusFn (/Users/lesison/Documents/sonls/react-native/bic-group-app/node_modules/jest-circus/build/utils.js:315:10)
    at _callCircusTest (/Users/lesison/Documents/sonls/react-native/bic-group-app/node_modules/jest-circus/build/run.js:218:40)
    at processTicksAndRejections (node:internal/process/task_queues:96:5)
    at _runTest (/Users/lesison/Documents/sonls/react-native/bic-group-app/node_modules/jest-circus/build/run.js:155:3)
    at _runTestsForDescribeBlock (/Users/lesison/Documents/sonls/react-native/bic-group-app/node_modules/jest-circus/build/run.js:66:9)
    at _runTestsForDescribeBlock (/Users/lesison/Documents/sonls/react-native/bic-group-app/node_modules/jest-circus/build/run.js:60:9)
    at run (/Users/lesison/Documents/sonls/react-native/bic-group-app/node_modules/jest-circus/build/run.js:25:3)]]></failure>
    </testCase>
    <testCase name="CommunityContentView should navigate to Members page correctly" duration="279">
      <failure message="Error: Unable to find an element with testID: page_content.members_btn"><![CDATA[Error: Unable to find an element with testID: page_content.members_btn
    at Object.<anonymous> (/Users/lesison/Documents/sonls/react-native/bic-group-app/src/screens/communities/CommunityDetail/components/CommunityContentView/index.test.tsx:69:31)
    at Promise.then.completed (/Users/lesison/Documents/sonls/react-native/bic-group-app/node_modules/jest-circus/build/utils.js:390:28)
    at new Promise (<anonymous>)
    at callAsyncCircusFn (/Users/lesison/Documents/sonls/react-native/bic-group-app/node_modules/jest-circus/build/utils.js:315:10)
    at _callCircusTest (/Users/lesison/Documents/sonls/react-native/bic-group-app/node_modules/jest-circus/build/run.js:218:40)
    at processTicksAndRejections (node:internal/process/task_queues:96:5)
    at _runTest (/Users/lesison/Documents/sonls/react-native/bic-group-app/node_modules/jest-circus/build/run.js:155:3)
    at _runTestsForDescribeBlock (/Users/lesison/Documents/sonls/react-native/bic-group-app/node_modules/jest-circus/build/run.js:66:9)
    at _runTestsForDescribeBlock (/Users/lesison/Documents/sonls/react-native/bic-group-app/node_modules/jest-circus/build/run.js:60:9)
    at run (/Users/lesison/Documents/sonls/react-native/bic-group-app/node_modules/jest-circus/build/run.js:25:3)]]></failure>
    </testCase>
    <testCase name="CommunityContentView should render Your Groups button and can navigate to that screen correctly when user is a member and press that button" duration="250">
      <failure message="Error: Unable to find an element with testID: page_content.your_groups_btn"><![CDATA[Error: Unable to find an element with testID: page_content.your_groups_btn
    at Object.<anonymous> (/Users/lesison/Documents/sonls/react-native/bic-group-app/src/screens/communities/CommunityDetail/components/CommunityContentView/index.test.tsx:82:35)
    at Promise.then.completed (/Users/lesison/Documents/sonls/react-native/bic-group-app/node_modules/jest-circus/build/utils.js:390:28)
    at new Promise (<anonymous>)
    at callAsyncCircusFn (/Users/lesison/Documents/sonls/react-native/bic-group-app/node_modules/jest-circus/build/utils.js:315:10)
    at _callCircusTest (/Users/lesison/Documents/sonls/react-native/bic-group-app/node_modules/jest-circus/build/run.js:218:40)
    at processTicksAndRejections (node:internal/process/task_queues:96:5)
    at _runTest (/Users/lesison/Documents/sonls/react-native/bic-group-app/node_modules/jest-circus/build/run.js:155:3)
    at _runTestsForDescribeBlock (/Users/lesison/Documents/sonls/react-native/bic-group-app/node_modules/jest-circus/build/run.js:66:9)
    at _runTestsForDescribeBlock (/Users/lesison/Documents/sonls/react-native/bic-group-app/node_modules/jest-circus/build/run.js:60:9)
    at run (/Users/lesison/Documents/sonls/react-native/bic-group-app/node_modules/jest-circus/build/run.js:25:3)]]></failure>
    </testCase>
    <testCase name="CommunityContentView should not render Your Groups button correctly when user is not a member" duration="221"/>
    <testCase name="CommunityContentView should render Discover button correctly when user is a member" duration="154">
      <failure message="Error: Unable to find an element with testID: page_content.discover_btn"><![CDATA[Error: Unable to find an element with testID: page_content.discover_btn
    at Object.<anonymous> (/Users/lesison/Documents/sonls/react-native/bic-group-app/src/screens/communities/CommunityDetail/components/CommunityContentView/index.test.tsx:106:35)
    at Promise.then.completed (/Users/lesison/Documents/sonls/react-native/bic-group-app/node_modules/jest-circus/build/utils.js:390:28)
    at new Promise (<anonymous>)
    at callAsyncCircusFn (/Users/lesison/Documents/sonls/react-native/bic-group-app/node_modules/jest-circus/build/utils.js:315:10)
    at _callCircusTest (/Users/lesison/Documents/sonls/react-native/bic-group-app/node_modules/jest-circus/build/run.js:218:40)
    at processTicksAndRejections (node:internal/process/task_queues:96:5)
    at _runTest (/Users/lesison/Documents/sonls/react-native/bic-group-app/node_modules/jest-circus/build/run.js:155:3)
    at _runTestsForDescribeBlock (/Users/lesison/Documents/sonls/react-native/bic-group-app/node_modules/jest-circus/build/run.js:66:9)
    at _runTestsForDescribeBlock (/Users/lesison/Documents/sonls/react-native/bic-group-app/node_modules/jest-circus/build/run.js:60:9)
    at run (/Users/lesison/Documents/sonls/react-native/bic-group-app/node_modules/jest-circus/build/run.js:25:3)]]></failure>
    </testCase>
    <testCase name="CommunityContentView should not render Discover button correctly when user is not a member" duration="289"/>
    <testCase name="CommunityContentView should renders Join/Cancel button correctly when user is not a member" duration="450"/>
    <testCase name="CommunityContentView should render posts data and create post shortcut correctly" duration="281">
      <failure message="Error: Unable to find an element with testID: header_create_post"><![CDATA[Error: Unable to find an element with testID: header_create_post
    at Object.<anonymous> (/Users/lesison/Documents/sonls/react-native/bic-group-app/src/screens/communities/CommunityDetail/components/CommunityContentView/index.test.tsx:140:35)
    at Promise.then.completed (/Users/lesison/Documents/sonls/react-native/bic-group-app/node_modules/jest-circus/build/utils.js:390:28)
    at new Promise (<anonymous>)
    at callAsyncCircusFn (/Users/lesison/Documents/sonls/react-native/bic-group-app/node_modules/jest-circus/build/utils.js:315:10)
    at _callCircusTest (/Users/lesison/Documents/sonls/react-native/bic-group-app/node_modules/jest-circus/build/run.js:218:40)
    at processTicksAndRejections (node:internal/process/task_queues:96:5)
    at _runTest (/Users/lesison/Documents/sonls/react-native/bic-group-app/node_modules/jest-circus/build/run.js:155:3)
    at _runTestsForDescribeBlock (/Users/lesison/Documents/sonls/react-native/bic-group-app/node_modules/jest-circus/build/run.js:66:9)
    at _runTestsForDescribeBlock (/Users/lesison/Documents/sonls/react-native/bic-group-app/node_modules/jest-circus/build/run.js:60:9)
    at run (/Users/lesison/Documents/sonls/react-native/bic-group-app/node_modules/jest-circus/build/run.js:25:3)]]></failure>
    </testCase>
    <testCase name="CommunityContentView should not render create post shortcut, but still render post data when user is not a member" duration="253">
      <failure message="Error: Unable to find an element with testID: list_view.flat_list"><![CDATA[Error: Unable to find an element with testID: list_view.flat_list
    at Object.<anonymous> (/Users/lesison/Documents/sonls/react-native/bic-group-app/src/screens/communities/CommunityDetail/components/CommunityContentView/index.test.tsx:158:30)
    at Promise.then.completed (/Users/lesison/Documents/sonls/react-native/bic-group-app/node_modules/jest-circus/build/utils.js:390:28)
    at new Promise (<anonymous>)
    at callAsyncCircusFn (/Users/lesison/Documents/sonls/react-native/bic-group-app/node_modules/jest-circus/build/utils.js:315:10)
    at _callCircusTest (/Users/lesison/Documents/sonls/react-native/bic-group-app/node_modules/jest-circus/build/run.js:218:40)
    at processTicksAndRejections (node:internal/process/task_queues:96:5)
    at _runTest (/Users/lesison/Documents/sonls/react-native/bic-group-app/node_modules/jest-circus/build/run.js:155:3)
    at _runTestsForDescribeBlock (/Users/lesison/Documents/sonls/react-native/bic-group-app/node_modules/jest-circus/build/run.js:66:9)
    at _runTestsForDescribeBlock (/Users/lesison/Documents/sonls/react-native/bic-group-app/node_modules/jest-circus/build/run.js:60:9)
    at run (/Users/lesison/Documents/sonls/react-native/bic-group-app/node_modules/jest-circus/build/run.js:25:3)]]></failure>
    </testCase>
  </file>
  <file path="/Users/lesison/Documents/sonls/react-native/bic-group-app/src/screens/post/PostDetail/components/PostDetailContent/index.test.tsx">
    <testCase name="PostDetailContent component should render postViewPlaceholder when not have data of post in allPosts" duration="416"/>
    <testCase name="PostDetailContent component renders content correctly" duration="349">
      <failure message="Error: expect(received).not.toBeNull()"><![CDATA[Error: expect(received).not.toBeNull()

Received: null
    at Object.<anonymous> (/Users/lesison/Documents/sonls/react-native/bic-group-app/src/screens/post/PostDetail/components/PostDetailContent/index.test.tsx:63:26)
    at Promise.then.completed (/Users/lesison/Documents/sonls/react-native/bic-group-app/node_modules/jest-circus/build/utils.js:390:28)
    at new Promise (<anonymous>)
    at callAsyncCircusFn (/Users/lesison/Documents/sonls/react-native/bic-group-app/node_modules/jest-circus/build/utils.js:315:10)
    at _callCircusTest (/Users/lesison/Documents/sonls/react-native/bic-group-app/node_modules/jest-circus/build/run.js:218:40)
    at processTicksAndRejections (node:internal/process/task_queues:96:5)
    at _runTest (/Users/lesison/Documents/sonls/react-native/bic-group-app/node_modules/jest-circus/build/run.js:155:3)
    at _runTestsForDescribeBlock (/Users/lesison/Documents/sonls/react-native/bic-group-app/node_modules/jest-circus/build/run.js:66:9)
    at _runTestsForDescribeBlock (/Users/lesison/Documents/sonls/react-native/bic-group-app/node_modules/jest-circus/build/run.js:60:9)
    at run (/Users/lesison/Documents/sonls/react-native/bic-group-app/node_modules/jest-circus/build/run.js:25:3)]]></failure>
    </testCase>
    <testCase name="PostDetailContent component getPostDetail should be called" duration="27">
      <failure message="Error: expect(jest.fn()).toBeCalled()"><![CDATA[Error: expect(jest.fn()).toBeCalled()

Expected number of calls: >= 1
Received number of calls:    0
    at Object.<anonymous> (/Users/lesison/Documents/sonls/react-native/bic-group-app/src/screens/post/PostDetail/components/PostDetailContent/index.test.tsx:78:17)
    at Promise.then.completed (/Users/lesison/Documents/sonls/react-native/bic-group-app/node_modules/jest-circus/build/utils.js:390:28)
    at new Promise (<anonymous>)
    at callAsyncCircusFn (/Users/lesison/Documents/sonls/react-native/bic-group-app/node_modules/jest-circus/build/utils.js:315:10)
    at _callCircusTest (/Users/lesison/Documents/sonls/react-native/bic-group-app/node_modules/jest-circus/build/run.js:218:40)
    at processTicksAndRejections (node:internal/process/task_queues:96:5)
    at _runTest (/Users/lesison/Documents/sonls/react-native/bic-group-app/node_modules/jest-circus/build/run.js:155:3)
    at _runTestsForDescribeBlock (/Users/lesison/Documents/sonls/react-native/bic-group-app/node_modules/jest-circus/build/run.js:66:9)
    at _runTestsForDescribeBlock (/Users/lesison/Documents/sonls/react-native/bic-group-app/node_modules/jest-circus/build/run.js:60:9)
    at run (/Users/lesison/Documents/sonls/react-native/bic-group-app/node_modules/jest-circus/build/run.js:25:3)]]></failure>
    </testCase>
    <testCase name="PostDetailContent component should scroll to latest item" duration="439"/>
    <testCase name="PostDetailContent component should call navigate to comment detail" duration="762">
      <failure message="TypeError: rootNavigation.replace is not a function"><![CDATA[TypeError: rootNavigation.replace is not a function
    at /Users/lesison/Documents/sonls/react-native/bic-group-app/src/screens/post/PostDetail/components/PostDetailContent/hooks/usePostDetailContent.ts:125:22
    at invokePassiveEffectCreate (/Users/lesison/Documents/sonls/react-native/bic-group-app/node_modules/react-test-renderer/cjs/react-test-renderer.development.js:14504:20)
    at Object.invokeGuardedCallbackProd (/Users/lesison/Documents/sonls/react-native/bic-group-app/node_modules/react-test-renderer/cjs/react-test-renderer.development.js:11308:10)
    at invokeGuardedCallback (/Users/lesison/Documents/sonls/react-native/bic-group-app/node_modules/react-test-renderer/cjs/react-test-renderer.development.js:11499:31)
    at flushPassiveEffectsImpl (/Users/lesison/Documents/sonls/react-native/bic-group-app/node_modules/react-test-renderer/cjs/react-test-renderer.development.js:14591:9)
    at unstable_runWithPriority (/Users/lesison/Documents/sonls/react-native/bic-group-app/node_modules/scheduler/cjs/scheduler.development.js:468:12)
    at runWithPriority (/Users/lesison/Documents/sonls/react-native/bic-group-app/node_modules/react-test-renderer/cjs/react-test-renderer.development.js:2486:10)
    at flushPassiveEffects (/Users/lesison/Documents/sonls/react-native/bic-group-app/node_modules/react-test-renderer/cjs/react-test-renderer.development.js:14464:14)
    at flushActWork (/Users/lesison/Documents/sonls/react-native/bic-group-app/node_modules/react-test-renderer/cjs/react-test-renderer.development.js:15227:14)
    at act (/Users/lesison/Documents/sonls/react-native/bic-group-app/node_modules/react-test-renderer/cjs/react-test-renderer.development.js:15345:9)]]></failure>
    </testCase>
    <testCase name="PostDetailContent component should call go back without input comment content" duration="349">
      <failure message="TypeError: rootNavigation.replace is not a function"><![CDATA[TypeError: rootNavigation.replace is not a function
    at /Users/lesison/Documents/sonls/react-native/bic-group-app/src/screens/post/PostDetail/components/PostDetailContent/hooks/usePostDetailContent.ts:125:22
    at invokePassiveEffectCreate (/Users/lesison/Documents/sonls/react-native/bic-group-app/node_modules/react-test-renderer/cjs/react-test-renderer.development.js:14504:20)
    at Object.invokeGuardedCallbackProd (/Users/lesison/Documents/sonls/react-native/bic-group-app/node_modules/react-test-renderer/cjs/react-test-renderer.development.js:11308:10)
    at invokeGuardedCallback (/Users/lesison/Documents/sonls/react-native/bic-group-app/node_modules/react-test-renderer/cjs/react-test-renderer.development.js:11499:31)
    at flushPassiveEffectsImpl (/Users/lesison/Documents/sonls/react-native/bic-group-app/node_modules/react-test-renderer/cjs/react-test-renderer.development.js:14591:9)
    at unstable_runWithPriority (/Users/lesison/Documents/sonls/react-native/bic-group-app/node_modules/scheduler/cjs/scheduler.development.js:468:12)
    at runWithPriority (/Users/lesison/Documents/sonls/react-native/bic-group-app/node_modules/react-test-renderer/cjs/react-test-renderer.development.js:2486:10)
    at flushPassiveEffects (/Users/lesison/Documents/sonls/react-native/bic-group-app/node_modules/react-test-renderer/cjs/react-test-renderer.development.js:14464:14)
    at flushActWork (/Users/lesison/Documents/sonls/react-native/bic-group-app/node_modules/react-test-renderer/cjs/react-test-renderer.development.js:15227:14)
    at act (/Users/lesison/Documents/sonls/react-native/bic-group-app/node_modules/react-test-renderer/cjs/react-test-renderer.development.js:15345:9)]]></failure>
    </testCase>
    <testCase name="PostDetailContent component should show alert when back after input comment content" duration="217">
      <failure message="TypeError: rootNavigation.replace is not a function"><![CDATA[TypeError: rootNavigation.replace is not a function
    at /Users/lesison/Documents/sonls/react-native/bic-group-app/src/screens/post/PostDetail/components/PostDetailContent/hooks/usePostDetailContent.ts:125:22
    at invokePassiveEffectCreate (/Users/lesison/Documents/sonls/react-native/bic-group-app/node_modules/react-test-renderer/cjs/react-test-renderer.development.js:14504:20)
    at Object.invokeGuardedCallbackProd (/Users/lesison/Documents/sonls/react-native/bic-group-app/node_modules/react-test-renderer/cjs/react-test-renderer.development.js:11308:10)
    at invokeGuardedCallback (/Users/lesison/Documents/sonls/react-native/bic-group-app/node_modules/react-test-renderer/cjs/react-test-renderer.development.js:11499:31)
    at flushPassiveEffectsImpl (/Users/lesison/Documents/sonls/react-native/bic-group-app/node_modules/react-test-renderer/cjs/react-test-renderer.development.js:14591:9)
    at unstable_runWithPriority (/Users/lesison/Documents/sonls/react-native/bic-group-app/node_modules/scheduler/cjs/scheduler.development.js:468:12)
    at runWithPriority (/Users/lesison/Documents/sonls/react-native/bic-group-app/node_modules/react-test-renderer/cjs/react-test-renderer.development.js:2486:10)
    at flushPassiveEffects (/Users/lesison/Documents/sonls/react-native/bic-group-app/node_modules/react-test-renderer/cjs/react-test-renderer.development.js:14464:14)
    at flushActWork (/Users/lesison/Documents/sonls/react-native/bic-group-app/node_modules/react-test-renderer/cjs/react-test-renderer.development.js:15227:14)
    at act (/Users/lesison/Documents/sonls/react-native/bic-group-app/node_modules/react-test-renderer/cjs/react-test-renderer.development.js:15345:9)]]></failure>
    </testCase>
    <testCase name="PostDetailContent component should navigate to newsfeed if cant go back" duration="223">
      <failure message="TypeError: rootNavigation.replace is not a function"><![CDATA[TypeError: rootNavigation.replace is not a function
    at /Users/lesison/Documents/sonls/react-native/bic-group-app/src/screens/post/PostDetail/components/PostDetailContent/hooks/usePostDetailContent.ts:125:22
    at invokePassiveEffectCreate (/Users/lesison/Documents/sonls/react-native/bic-group-app/node_modules/react-test-renderer/cjs/react-test-renderer.development.js:14504:20)
    at Object.invokeGuardedCallbackProd (/Users/lesison/Documents/sonls/react-native/bic-group-app/node_modules/react-test-renderer/cjs/react-test-renderer.development.js:11308:10)
    at invokeGuardedCallback (/Users/lesison/Documents/sonls/react-native/bic-group-app/node_modules/react-test-renderer/cjs/react-test-renderer.development.js:11499:31)
    at flushPassiveEffectsImpl (/Users/lesison/Documents/sonls/react-native/bic-group-app/node_modules/react-test-renderer/cjs/react-test-renderer.development.js:14591:9)
    at unstable_runWithPriority (/Users/lesison/Documents/sonls/react-native/bic-group-app/node_modules/scheduler/cjs/scheduler.development.js:468:12)
    at runWithPriority (/Users/lesison/Documents/sonls/react-native/bic-group-app/node_modules/react-test-renderer/cjs/react-test-renderer.development.js:2486:10)
    at flushPassiveEffects (/Users/lesison/Documents/sonls/react-native/bic-group-app/node_modules/react-test-renderer/cjs/react-test-renderer.development.js:14464:14)
    at flushActWork (/Users/lesison/Documents/sonls/react-native/bic-group-app/node_modules/react-test-renderer/cjs/react-test-renderer.development.js:15227:14)
    at act (/Users/lesison/Documents/sonls/react-native/bic-group-app/node_modules/react-test-renderer/cjs/react-test-renderer.development.js:15345:9)]]></failure>
    </testCase>
    <testCase name="PostDetailContent component should go back when open deleted post" duration="181">
      <failure message="TypeError: rootNavigation.replace is not a function"><![CDATA[TypeError: rootNavigation.replace is not a function
    at /Users/lesison/Documents/sonls/react-native/bic-group-app/src/screens/post/PostDetail/components/PostDetailContent/hooks/usePostDetailContent.ts:125:22
    at invokePassiveEffectCreate (/Users/lesison/Documents/sonls/react-native/bic-group-app/node_modules/react-test-renderer/cjs/react-test-renderer.development.js:14504:20)
    at Object.invokeGuardedCallbackProd (/Users/lesison/Documents/sonls/react-native/bic-group-app/node_modules/react-test-renderer/cjs/react-test-renderer.development.js:11308:10)
    at invokeGuardedCallback (/Users/lesison/Documents/sonls/react-native/bic-group-app/node_modules/react-test-renderer/cjs/react-test-renderer.development.js:11499:31)
    at flushPassiveEffectsImpl (/Users/lesison/Documents/sonls/react-native/bic-group-app/node_modules/react-test-renderer/cjs/react-test-renderer.development.js:14591:9)
    at unstable_runWithPriority (/Users/lesison/Documents/sonls/react-native/bic-group-app/node_modules/scheduler/cjs/scheduler.development.js:468:12)
    at runWithPriority (/Users/lesison/Documents/sonls/react-native/bic-group-app/node_modules/react-test-renderer/cjs/react-test-renderer.development.js:2486:10)
    at flushPassiveEffects (/Users/lesison/Documents/sonls/react-native/bic-group-app/node_modules/react-test-renderer/cjs/react-test-renderer.development.js:14464:14)
    at flushActWork (/Users/lesison/Documents/sonls/react-native/bic-group-app/node_modules/react-test-renderer/cjs/react-test-renderer.development.js:15227:14)
    at act (/Users/lesison/Documents/sonls/react-native/bic-group-app/node_modules/react-test-renderer/cjs/react-test-renderer.development.js:15345:9)]]></failure>
    </testCase>
  </file>
  <file path="/Users/lesison/Documents/sonls/react-native/bic-group-app/src/screens/Home/components/VideoProcessingNotice/store/actions/getPostsInProgress.test.ts">
    <testCase name="getPostsInProgress should get data success with data.length = 0" duration="117"/>
    <testCase name="getPostsInProgress should get data success with data.length = 0 and store data.lenght &gt; 0" duration="202">
      <failure message="Error: expect(received).toBe(expected) // Object.is equality"><![CDATA[Error: expect(received).toBe(expected) // Object.is equality

Expected: 0
Received: 1
    at Object.<anonymous> (/Users/lesison/Documents/sonls/react-native/bic-group-app/src/screens/Home/components/VideoProcessingNotice/store/actions/getPostsInProgress.test.ts:53:34)
    at Promise.then.completed (/Users/lesison/Documents/sonls/react-native/bic-group-app/node_modules/jest-circus/build/utils.js:390:28)
    at new Promise (<anonymous>)
    at callAsyncCircusFn (/Users/lesison/Documents/sonls/react-native/bic-group-app/node_modules/jest-circus/build/utils.js:315:10)
    at _callCircusTest (/Users/lesison/Documents/sonls/react-native/bic-group-app/node_modules/jest-circus/build/run.js:218:40)
    at processTicksAndRejections (node:internal/process/task_queues:96:5)
    at _runTest (/Users/lesison/Documents/sonls/react-native/bic-group-app/node_modules/jest-circus/build/run.js:155:3)
    at _runTestsForDescribeBlock (/Users/lesison/Documents/sonls/react-native/bic-group-app/node_modules/jest-circus/build/run.js:66:9)
    at _runTestsForDescribeBlock (/Users/lesison/Documents/sonls/react-native/bic-group-app/node_modules/jest-circus/build/run.js:60:9)
    at run (/Users/lesison/Documents/sonls/react-native/bic-group-app/node_modules/jest-circus/build/run.js:25:3)]]></failure>
    </testCase>
    <testCase name="getPostsInProgress should get data success with data.length &gt; 0 and store value is init value" duration="660"/>
    <testCase name="getPostsInProgress should get data success with data.length &gt; 0 and store value data.length &gt; 0" duration="42">
      <failure message="Error: expect(received).toBe(expected) // Object.is equality"><![CDATA[Error: expect(received).toBe(expected) // Object.is equality

Expected: 2
Received: 1
    at Object.<anonymous> (/Users/lesison/Documents/sonls/react-native/bic-group-app/src/screens/Home/components/VideoProcessingNotice/store/actions/getPostsInProgress.test.ts:111:34)
    at Promise.then.completed (/Users/lesison/Documents/sonls/react-native/bic-group-app/node_modules/jest-circus/build/utils.js:390:28)
    at new Promise (<anonymous>)
    at callAsyncCircusFn (/Users/lesison/Documents/sonls/react-native/bic-group-app/node_modules/jest-circus/build/utils.js:315:10)
    at _callCircusTest (/Users/lesison/Documents/sonls/react-native/bic-group-app/node_modules/jest-circus/build/run.js:218:40)
    at processTicksAndRejections (node:internal/process/task_queues:96:5)
    at _runTest (/Users/lesison/Documents/sonls/react-native/bic-group-app/node_modules/jest-circus/build/run.js:155:3)
    at _runTestsForDescribeBlock (/Users/lesison/Documents/sonls/react-native/bic-group-app/node_modules/jest-circus/build/run.js:66:9)
    at _runTestsForDescribeBlock (/Users/lesison/Documents/sonls/react-native/bic-group-app/node_modules/jest-circus/build/run.js:60:9)
    at run (/Users/lesison/Documents/sonls/react-native/bic-group-app/node_modules/jest-circus/build/run.js:25:3)]]></failure>
    </testCase>
    <testCase name="getPostsInProgress should get data success with response.data.length &gt; 0 and store value data.length &gt; response.data.length" duration="50">
      <failure message="Error: expect(received).toBe(expected) // Object.is equality"><![CDATA[Error: expect(received).toBe(expected) // Object.is equality

Expected: 1
Received: 2
    at Object.<anonymous> (/Users/lesison/Documents/sonls/react-native/bic-group-app/src/screens/Home/components/VideoProcessingNotice/store/actions/getPostsInProgress.test.ts:143:34)
    at Promise.then.completed (/Users/lesison/Documents/sonls/react-native/bic-group-app/node_modules/jest-circus/build/utils.js:390:28)
    at new Promise (<anonymous>)
    at callAsyncCircusFn (/Users/lesison/Documents/sonls/react-native/bic-group-app/node_modules/jest-circus/build/utils.js:315:10)
    at _callCircusTest (/Users/lesison/Documents/sonls/react-native/bic-group-app/node_modules/jest-circus/build/run.js:218:40)
    at processTicksAndRejections (node:internal/process/task_queues:96:5)
    at _runTest (/Users/lesison/Documents/sonls/react-native/bic-group-app/node_modules/jest-circus/build/run.js:155:3)
    at _runTestsForDescribeBlock (/Users/lesison/Documents/sonls/react-native/bic-group-app/node_modules/jest-circus/build/run.js:66:9)
    at _runTestsForDescribeBlock (/Users/lesison/Documents/sonls/react-native/bic-group-app/node_modules/jest-circus/build/run.js:60:9)
    at run (/Users/lesison/Documents/sonls/react-native/bic-group-app/node_modules/jest-circus/build/run.js:25:3)]]></failure>
    </testCase>
    <testCase name="getPostsInProgress should get series throw error" duration="157"/>
  </file>
  <file path="/Users/lesison/Documents/sonls/react-native/bic-group-app/src/screens/series/store/actions/removeAudiences.test.ts">
    <testCase name="removeAudiences should do nothing if id undefined" duration="173"/>
    <testCase name="removeAudiences should remove audiences from series success:" duration="176"/>
    <testCase name="removeAudiences should remove audiences from series throw error" duration="5001">
      <failure message="Error: thrown: &quot;Exceeded timeout of 5000 ms for a hook."><![CDATA[Error: thrown: "Exceeded timeout of 5000 ms for a hook.
Use jest.setTimeout(newTimeout) to increase the timeout value, if this is a long-running test."
    at Object.<anonymous> (/Users/lesison/Documents/sonls/react-native/bic-group-app/__mocks__/zustand.js:19:1)
    at Runtime._execModule (/Users/lesison/Documents/sonls/react-native/bic-group-app/node_modules/jest-runtime/build/index.js:1646:24)
    at Runtime._loadModule (/Users/lesison/Documents/sonls/react-native/bic-group-app/node_modules/jest-runtime/build/index.js:1185:12)
    at Runtime.requireMock (/Users/lesison/Documents/sonls/react-native/bic-group-app/node_modules/jest-runtime/build/index.js:1142:12)
    at Runtime.requireModuleOrMock (/Users/lesison/Documents/sonls/react-native/bic-group-app/node_modules/jest-runtime/build/index.js:1208:21)
    at Object.<anonymous> (/Users/lesison/Documents/sonls/react-native/bic-group-app/src/store/utils.ts:1:1)
    at Runtime._execModule (/Users/lesison/Documents/sonls/react-native/bic-group-app/node_modules/jest-runtime/build/index.js:1646:24)
    at Runtime._loadModule (/Users/lesison/Documents/sonls/react-native/bic-group-app/node_modules/jest-runtime/build/index.js:1185:12)
    at Runtime.requireModule (/Users/lesison/Documents/sonls/react-native/bic-group-app/node_modules/jest-runtime/build/index.js:1009:12)
    at Runtime.requireModuleOrMock (/Users/lesison/Documents/sonls/react-native/bic-group-app/node_modules/jest-runtime/build/index.js:1210:21)]]></failure>
    </testCase>
  </file>
  <file path="/Users/lesison/Documents/sonls/react-native/bic-group-app/src/screens/communities/CommunityMembers/store/actions/searchCommunityMembers.test.ts">
    <testCase name="searchCommunityMembers should search community members success:" duration="227"/>
    <testCase name="searchCommunityMembers should load more community members success:" duration="160"/>
    <testCase name="searchCommunityMembers should get community members throw error" duration="5002">
      <failure message="Error: thrown: &quot;Exceeded timeout of 5000 ms for a hook."><![CDATA[Error: thrown: "Exceeded timeout of 5000 ms for a hook.
Use jest.setTimeout(newTimeout) to increase the timeout value, if this is a long-running test."
    at Object.<anonymous> (/Users/lesison/Documents/sonls/react-native/bic-group-app/__mocks__/zustand.js:19:1)
    at Runtime._execModule (/Users/lesison/Documents/sonls/react-native/bic-group-app/node_modules/jest-runtime/build/index.js:1646:24)
    at Runtime._loadModule (/Users/lesison/Documents/sonls/react-native/bic-group-app/node_modules/jest-runtime/build/index.js:1185:12)
    at Runtime.requireMock (/Users/lesison/Documents/sonls/react-native/bic-group-app/node_modules/jest-runtime/build/index.js:1142:12)
    at Runtime.requireModuleOrMock (/Users/lesison/Documents/sonls/react-native/bic-group-app/node_modules/jest-runtime/build/index.js:1208:21)
    at Object.<anonymous> (/Users/lesison/Documents/sonls/react-native/bic-group-app/src/store/utils.ts:1:1)
    at Runtime._execModule (/Users/lesison/Documents/sonls/react-native/bic-group-app/node_modules/jest-runtime/build/index.js:1646:24)
    at Runtime._loadModule (/Users/lesison/Documents/sonls/react-native/bic-group-app/node_modules/jest-runtime/build/index.js:1185:12)
    at Runtime.requireModule (/Users/lesison/Documents/sonls/react-native/bic-group-app/node_modules/jest-runtime/build/index.js:1009:12)
    at Runtime.requireModuleOrMock (/Users/lesison/Documents/sonls/react-native/bic-group-app/node_modules/jest-runtime/build/index.js:1210:21)]]></failure>
    </testCase>
  </file>
  <file path="/Users/lesison/Documents/sonls/react-native/bic-group-app/src/components/FilterToolbar/FilterDate.test.tsx">
    <testCase name="FilterDate component should render without init data correctly" duration="636"/>
    <testCase name="FilterDate component should render with init data correctly" duration="221">
      <failure message="Error: expect([38;2;0;95;95m[48;2;215;255;255mreceived).toMatchSnapshot()"><![CDATA[Error: expect([38;2;0;95;95m[48;2;215;255;255mreceived).toMatchSnapshot()

Snapshot name: `FilterDate component should render with init data correctly 1`

[38;2;128;0;128m[48;2;255;215;255m- Snapshot  - 0
[38;2;0;95;95m[48;2;215;255;255m+ Received  + 3

@@ -282,14 +282,17 @@
                    "color": "#212745",
                    "fontFamily": "BeVietnamPro-Light",
                    "fontSize": 11,
                  },
                  Object {},
[38;2;0;95;95m[48;2;215;255;255m+                 Array [
                    Object {
                      "color": "#007AFF",
                      "paddingLeft": 4,
                    },
[38;2;0;95;95m[48;2;215;255;255m+                   undefined,
[38;2;0;95;95m[48;2;215;255;255m+                 ],
                ]
              }
              testID="tag.label"
            >
              Feb 11, 2023 - Feb 13, 2023
    at Object.<anonymous> (/Users/lesison/Documents/sonls/react-native/bic-group-app/src/components/FilterToolbar/FilterDate.test.tsx:36:31)
    at Promise.then.completed (/Users/lesison/Documents/sonls/react-native/bic-group-app/node_modules/jest-circus/build/utils.js:390:28)
    at new Promise (<anonymous>)
    at callAsyncCircusFn (/Users/lesison/Documents/sonls/react-native/bic-group-app/node_modules/jest-circus/build/utils.js:315:10)
    at _callCircusTest (/Users/lesison/Documents/sonls/react-native/bic-group-app/node_modules/jest-circus/build/run.js:218:40)
    at processTicksAndRejections (node:internal/process/task_queues:96:5)
    at _runTest (/Users/lesison/Documents/sonls/react-native/bic-group-app/node_modules/jest-circus/build/run.js:155:3)
    at _runTestsForDescribeBlock (/Users/lesison/Documents/sonls/react-native/bic-group-app/node_modules/jest-circus/build/run.js:66:9)
    at _runTestsForDescribeBlock (/Users/lesison/Documents/sonls/react-native/bic-group-app/node_modules/jest-circus/build/run.js:60:9)
    at run (/Users/lesison/Documents/sonls/react-native/bic-group-app/node_modules/jest-circus/build/run.js:25:3)]]></failure>
    </testCase>
    <testCase name="FilterDate component should pressable" duration="304"/>
    <testCase name="FilterDate component should show icon selected correctly" duration="159"/>
    <testCase name="FilterDate component should show datepicker when pressing on select from to button" duration="115"/>
  </file>
  <file path="/Users/lesison/Documents/sonls/react-native/bic-group-app/src/screens/groups/GroupDetail/store/actions/getGroupDetail.test.ts">
    <testCase name="getGroupDetail should get group detail success:" duration="285"/>
    <testCase name="getGroupDetail should get group detail no data" duration="321"/>
    <testCase name="getGroupDetail should get group detail throw error" duration="5003">
      <failure message="Error: thrown: &quot;Exceeded timeout of 5000 ms for a hook."><![CDATA[Error: thrown: "Exceeded timeout of 5000 ms for a hook.
Use jest.setTimeout(newTimeout) to increase the timeout value, if this is a long-running test."
    at Object.<anonymous> (/Users/lesison/Documents/sonls/react-native/bic-group-app/__mocks__/zustand.js:19:1)
    at Runtime._execModule (/Users/lesison/Documents/sonls/react-native/bic-group-app/node_modules/jest-runtime/build/index.js:1646:24)
    at Runtime._loadModule (/Users/lesison/Documents/sonls/react-native/bic-group-app/node_modules/jest-runtime/build/index.js:1185:12)
    at Runtime.requireMock (/Users/lesison/Documents/sonls/react-native/bic-group-app/node_modules/jest-runtime/build/index.js:1142:12)
    at Runtime.requireModuleOrMock (/Users/lesison/Documents/sonls/react-native/bic-group-app/node_modules/jest-runtime/build/index.js:1208:21)
    at Object.<anonymous> (/Users/lesison/Documents/sonls/react-native/bic-group-app/src/store/utils.ts:1:1)
    at Runtime._execModule (/Users/lesison/Documents/sonls/react-native/bic-group-app/node_modules/jest-runtime/build/index.js:1646:24)
    at Runtime._loadModule (/Users/lesison/Documents/sonls/react-native/bic-group-app/node_modules/jest-runtime/build/index.js:1185:12)
    at Runtime.requireModule (/Users/lesison/Documents/sonls/react-native/bic-group-app/node_modules/jest-runtime/build/index.js:1009:12)
    at Runtime.requireModuleOrMock (/Users/lesison/Documents/sonls/react-native/bic-group-app/node_modules/jest-runtime/build/index.js:1210:21)]]></failure>
    </testCase>
  </file>
  <file path="/Users/lesison/Documents/sonls/react-native/bic-group-app/src/store/permissions/actions/getMyPermissions.test.ts">
    <testCase name="getMyPermissions should call api and get data successfully" duration="178"/>
    <testCase name="getMyPermissions should not call api when loading" duration="177"/>
    <testCase name="getMyPermissions should call API and thow server error" duration="5001">
      <failure message="Error: thrown: &quot;Exceeded timeout of 5000 ms for a hook."><![CDATA[Error: thrown: "Exceeded timeout of 5000 ms for a hook.
Use jest.setTimeout(newTimeout) to increase the timeout value, if this is a long-running test."
    at Object.<anonymous> (/Users/lesison/Documents/sonls/react-native/bic-group-app/__mocks__/zustand.js:19:1)
    at Runtime._execModule (/Users/lesison/Documents/sonls/react-native/bic-group-app/node_modules/jest-runtime/build/index.js:1646:24)
    at Runtime._loadModule (/Users/lesison/Documents/sonls/react-native/bic-group-app/node_modules/jest-runtime/build/index.js:1185:12)
    at Runtime.requireMock (/Users/lesison/Documents/sonls/react-native/bic-group-app/node_modules/jest-runtime/build/index.js:1142:12)
    at Runtime.requireModuleOrMock (/Users/lesison/Documents/sonls/react-native/bic-group-app/node_modules/jest-runtime/build/index.js:1208:21)
    at Object.<anonymous> (/Users/lesison/Documents/sonls/react-native/bic-group-app/src/store/utils.ts:1:1)
    at Runtime._execModule (/Users/lesison/Documents/sonls/react-native/bic-group-app/node_modules/jest-runtime/build/index.js:1646:24)
    at Runtime._loadModule (/Users/lesison/Documents/sonls/react-native/bic-group-app/node_modules/jest-runtime/build/index.js:1185:12)
    at Runtime.requireModule (/Users/lesison/Documents/sonls/react-native/bic-group-app/node_modules/jest-runtime/build/index.js:1009:12)
    at Runtime.requireModuleOrMock (/Users/lesison/Documents/sonls/react-native/bic-group-app/node_modules/jest-runtime/build/index.js:1210:21)]]></failure>
    </testCase>
  </file>
  <file path="/Users/lesison/Documents/sonls/react-native/bic-group-app/src/screens/series/store/actions/getSeriesDetail.test.ts">
    <testCase name="getSeriesDetail should do nothing if id undefined" duration="222"/>
    <testCase name="getSeriesDetail should get series success:" duration="69"/>
    <testCase name="getSeriesDetail should get series throw error" duration="5102">
      <failure message="Error: thrown: &quot;Exceeded timeout of 5000 ms for a hook."><![CDATA[Error: thrown: "Exceeded timeout of 5000 ms for a hook.
Use jest.setTimeout(newTimeout) to increase the timeout value, if this is a long-running test."
    at Object.<anonymous> (/Users/lesison/Documents/sonls/react-native/bic-group-app/__mocks__/zustand.js:19:1)
    at Runtime._execModule (/Users/lesison/Documents/sonls/react-native/bic-group-app/node_modules/jest-runtime/build/index.js:1646:24)
    at Runtime._loadModule (/Users/lesison/Documents/sonls/react-native/bic-group-app/node_modules/jest-runtime/build/index.js:1185:12)
    at Runtime.requireMock (/Users/lesison/Documents/sonls/react-native/bic-group-app/node_modules/jest-runtime/build/index.js:1142:12)
    at Runtime.requireModuleOrMock (/Users/lesison/Documents/sonls/react-native/bic-group-app/node_modules/jest-runtime/build/index.js:1208:21)
    at Object.<anonymous> (/Users/lesison/Documents/sonls/react-native/bic-group-app/src/store/utils.ts:1:1)
    at Runtime._execModule (/Users/lesison/Documents/sonls/react-native/bic-group-app/node_modules/jest-runtime/build/index.js:1646:24)
    at Runtime._loadModule (/Users/lesison/Documents/sonls/react-native/bic-group-app/node_modules/jest-runtime/build/index.js:1185:12)
    at Runtime.requireModule (/Users/lesison/Documents/sonls/react-native/bic-group-app/node_modules/jest-runtime/build/index.js:1009:12)
    at Runtime.requireModuleOrMock (/Users/lesison/Documents/sonls/react-native/bic-group-app/node_modules/jest-runtime/build/index.js:1210:21)]]></failure>
    </testCase>
  </file>
  <file path="/Users/lesison/Documents/sonls/react-native/bic-group-app/src/beinComponents/inputs/MentionInput/MentionBar/index.test.tsx">
    <testCase name="MentionBar component renders correctly" duration="185"/>
    <testCase name="MentionBar component renders null" duration="68"/>
    <testCase name="MentionBar component should show &quot;MentionBar&quot; in horizontal" duration="30">
      <failure message="Error: Unable to find an element with testID: mention_bar.list"><![CDATA[Error: Unable to find an element with testID: mention_bar.list
    at _callee3$ (/Users/lesison/Documents/sonls/react-native/bic-group-app/src/beinComponents/inputs/MentionInput/MentionBar/index.test.tsx:28:31)
    at tryCatch (/Users/lesison/Documents/sonls/react-native/bic-group-app/node_modules/regenerator-runtime/runtime.js:64:40)
    at Generator.invoke (/Users/lesison/Documents/sonls/react-native/bic-group-app/node_modules/regenerator-runtime/runtime.js:299:22)
    at Generator.next (/Users/lesison/Documents/sonls/react-native/bic-group-app/node_modules/regenerator-runtime/runtime.js:124:21)
    at tryCatch (/Users/lesison/Documents/sonls/react-native/bic-group-app/node_modules/regenerator-runtime/runtime.js:64:40)
    at invoke (/Users/lesison/Documents/sonls/react-native/bic-group-app/node_modules/regenerator-runtime/runtime.js:160:20)
    at /Users/lesison/Documents/sonls/react-native/bic-group-app/node_modules/regenerator-runtime/runtime.js:195:11
    at tryCallTwo (/Users/lesison/Documents/sonls/react-native/bic-group-app/node_modules/react-native/node_modules/promise/lib/core.js:45:5)
    at doResolve (/Users/lesison/Documents/sonls/react-native/bic-group-app/node_modules/react-native/node_modules/promise/lib/core.js:200:13)
    at new Promise (/Users/lesison/Documents/sonls/react-native/bic-group-app/node_modules/react-native/node_modules/promise/lib/core.js:66:3)]]></failure>
    </testCase>
    <testCase name="MentionBar component should show &quot;MentionBar&quot; with Divider" duration="274">
      <failure message="Error: Unable to find an element with testID: mention_bar.list.divider"><![CDATA[Error: Unable to find an element with testID: mention_bar.list.divider
    at _callee4$ (/Users/lesison/Documents/sonls/react-native/bic-group-app/src/beinComponents/inputs/MentionInput/MentionBar/index.test.tsx:38:31)
    at tryCatch (/Users/lesison/Documents/sonls/react-native/bic-group-app/node_modules/regenerator-runtime/runtime.js:64:40)
    at Generator.invoke (/Users/lesison/Documents/sonls/react-native/bic-group-app/node_modules/regenerator-runtime/runtime.js:299:22)
    at Generator.next (/Users/lesison/Documents/sonls/react-native/bic-group-app/node_modules/regenerator-runtime/runtime.js:124:21)
    at tryCatch (/Users/lesison/Documents/sonls/react-native/bic-group-app/node_modules/regenerator-runtime/runtime.js:64:40)
    at invoke (/Users/lesison/Documents/sonls/react-native/bic-group-app/node_modules/regenerator-runtime/runtime.js:160:20)
    at /Users/lesison/Documents/sonls/react-native/bic-group-app/node_modules/regenerator-runtime/runtime.js:195:11
    at tryCallTwo (/Users/lesison/Documents/sonls/react-native/bic-group-app/node_modules/react-native/node_modules/promise/lib/core.js:45:5)
    at doResolve (/Users/lesison/Documents/sonls/react-native/bic-group-app/node_modules/react-native/node_modules/promise/lib/core.js:200:13)
    at new Promise (/Users/lesison/Documents/sonls/react-native/bic-group-app/node_modules/react-native/node_modules/promise/lib/core.js:66:3)]]></failure>
    </testCase>
  </file>
  <file path="/Users/lesison/Documents/sonls/react-native/bic-group-app/src/screens/groups/components/MemberRequestList.test.tsx">
    <testCase name="MemberRequestList should render empty screen when data is empty and loading = false" duration="275">
      <failure message="Error: Unable to find an element with testID: empty_screen"><![CDATA[Error: Unable to find an element with testID: empty_screen
    at Object.<anonymous> (/Users/lesison/Documents/sonls/react-native/bic-group-app/src/screens/groups/components/MemberRequestList.test.tsx:25:33)
    at Promise.then.completed (/Users/lesison/Documents/sonls/react-native/bic-group-app/node_modules/jest-circus/build/utils.js:390:28)
    at new Promise (<anonymous>)
    at callAsyncCircusFn (/Users/lesison/Documents/sonls/react-native/bic-group-app/node_modules/jest-circus/build/utils.js:315:10)
    at _callCircusTest (/Users/lesison/Documents/sonls/react-native/bic-group-app/node_modules/jest-circus/build/run.js:218:40)
    at processTicksAndRejections (node:internal/process/task_queues:96:5)
    at _runTest (/Users/lesison/Documents/sonls/react-native/bic-group-app/node_modules/jest-circus/build/run.js:155:3)
    at _runTestsForDescribeBlock (/Users/lesison/Documents/sonls/react-native/bic-group-app/node_modules/jest-circus/build/run.js:66:9)
    at _runTestsForDescribeBlock (/Users/lesison/Documents/sonls/react-native/bic-group-app/node_modules/jest-circus/build/run.js:60:9)
    at run (/Users/lesison/Documents/sonls/react-native/bic-group-app/node_modules/jest-circus/build/run.js:25:3)]]></failure>
    </testCase>
    <testCase name="MemberRequestList should NOT render empty screen when loading = true" duration="84"/>
    <testCase name="MemberRequestList should NOT render request title correctly when there is no data" duration="101"/>
    <testCase name="MemberRequestList should render loading more correctly" duration="197"/>
    <testCase name="MemberRequestList should render data correctly" duration="110"/>
  </file>
  <file path="/Users/lesison/Documents/sonls/react-native/bic-group-app/src/components/articles/ArticleView/index.test.tsx">
    <testCase name="ArticleView Component renders correctly" duration="555">
      <failure message="Error: expect([38;2;0;95;95m[48;2;215;255;255mreceived).toMatchSnapshot()"><![CDATA[Error: expect([38;2;0;95;95m[48;2;215;255;255mreceived).toMatchSnapshot()

Snapshot name: `ArticleView Component renders correctly 1`

[38;2;128;0;128m[48;2;255;215;255m- Snapshot  -  9
[38;2;0;95;95m[48;2;215;255;255m+ Received  + 87

@@ -172,11 +172,12 @@
            onResponderTerminate={[Function]}
            onResponderTerminationRequest={[Function]}
            onStartShouldSetResponder={[Function]}
            style={
              Object {
[38;2;128;0;128m[48;2;255;215;255m-               "alignSelf": "flex-start",
[38;2;0;95;95m[48;2;215;255;255m+               "alignItems": "center",
[38;2;0;95;95m[48;2;215;255;255m+               "flexDirection": "row",
                "marginRight": 12,
                "opacity": 1,
              }
            }
            testID="button_wrapper"
@@ -191,11 +192,13 @@
                    "fontSize": 15,
                  },
                  Object {
                    "color": "#181C32",
                  },
[38;2;128;0;128m[48;2;255;215;255m-                 undefined,
[38;2;0;95;95m[48;2;215;255;255m+                 Object {
[38;2;0;95;95m[48;2;215;255;255m+                   "flexShrink": 1,
[38;2;0;95;95m[48;2;215;255;255m+                 },
                ]
              }
              testID="content_header.actor"
            >
              Nguyen Thi Thu Quyền
@@ -275,13 +278,11 @@
            >
              Nov 14, 2022
            </Text>
          </View>
        </View>
[38;2;128;0;128m[48;2;255;215;255m-       <View
[38;2;128;0;128m[48;2;255;215;255m-         style={Object {}}
[38;2;128;0;128m[48;2;255;215;255m-       >
[38;2;0;95;95m[48;2;215;255;255m+       <View>
          <View
            accessible={true}
            focusable={true}
            onClick={[Function]}
            onResponderGrant={[Function]}
@@ -531,23 +532,90 @@
              }
            >
              1234567890-= lalalalallalallalalala and I will be there at the
            </Text>
          </Text>
[38;2;0;95;95m[48;2;215;255;255m+         <View
[38;2;0;95;95m[48;2;215;255;255m+           style={
[38;2;0;95;95m[48;2;215;255;255m+             Object {
[38;2;0;95;95m[48;2;215;255;255m+               "flex": 1,
[38;2;0;95;95m[48;2;215;255;255m+               "flexDirection": "row",
[38;2;0;95;95m[48;2;215;255;255m+             }
[38;2;0;95;95m[48;2;215;255;255m+           }
[38;2;0;95;95m[48;2;215;255;255m+         >
[38;2;0;95;95m[48;2;215;255;255m+           <View
[38;2;0;95;95m[48;2;215;255;255m+             accessibilityState={
[38;2;0;95;95m[48;2;215;255;255m+               Object {
[38;2;0;95;95m[48;2;215;255;255m+                 "disabled": true,
[38;2;0;95;95m[48;2;215;255;255m+               }
[38;2;0;95;95m[48;2;215;255;255m+             }
[38;2;0;95;95m[48;2;215;255;255m+             accessible={true}
[38;2;0;95;95m[48;2;215;255;255m+             collapsable={false}
[38;2;0;95;95m[48;2;215;255;255m+             focusable={false}
[38;2;0;95;95m[48;2;215;255;255m+             hitSlop={
[38;2;0;95;95m[48;2;215;255;255m+               Object {
[38;2;0;95;95m[48;2;215;255;255m+                 "bottom": 10,
[38;2;0;95;95m[48;2;215;255;255m+                 "left": 10,
[38;2;0;95;95m[48;2;215;255;255m+                 "right": 10,
[38;2;0;95;95m[48;2;215;255;255m+                 "top": 10,
[38;2;0;95;95m[48;2;215;255;255m+               }
[38;2;0;95;95m[48;2;215;255;255m+             }
[38;2;0;95;95m[48;2;215;255;255m+             onClick={[Function]}
[38;2;0;95;95m[48;2;215;255;255m+             onResponderGrant={[Function]}
[38;2;0;95;95m[48;2;215;255;255m+             onResponderMove={[Function]}
[38;2;0;95;95m[48;2;215;255;255m+             onResponderRelease={[Function]}
[38;2;0;95;95m[48;2;215;255;255m+             onResponderTerminate={[Function]}
[38;2;0;95;95m[48;2;215;255;255m+             onResponderTerminationRequest={[Function]}
[38;2;0;95;95m[48;2;215;255;255m+             onStartShouldSetResponder={[Function]}
[38;2;0;95;95m[48;2;215;255;255m+             style={
[38;2;0;95;95m[48;2;215;255;255m+               Object {
[38;2;0;95;95m[48;2;215;255;255m+                 "opacity": 1,
[38;2;0;95;95m[48;2;215;255;255m+               }
[38;2;0;95;95m[48;2;215;255;255m+             }
[38;2;0;95;95m[48;2;215;255;255m+           >
              <View
                style={
[38;2;0;95;95m[48;2;215;255;255m+                 Array [
                    Object {
[38;2;0;95;95m[48;2;215;255;255m+                     "alignItems": "center",
                      "flexDirection": "row",
[38;2;0;95;95m[48;2;215;255;255m+                   },
[38;2;0;95;95m[48;2;215;255;255m+                   Object {
[38;2;0;95;95m[48;2;215;255;255m+                     "marginRight": 8,
[38;2;0;95;95m[48;2;215;255;255m+                     "marginTop": 12,
[38;2;0;95;95m[48;2;215;255;255m+                   },
[38;2;0;95;95m[48;2;215;255;255m+                   Object {
[38;2;0;95;95m[48;2;215;255;255m+                     "backgroundColor": undefined,
[38;2;0;95;95m[48;2;215;255;255m+                   },
[38;2;0;95;95m[48;2;215;255;255m+                 ]
[38;2;0;95;95m[48;2;215;255;255m+               }
[38;2;0;95;95m[48;2;215;255;255m+             >
[38;2;0;95;95m[48;2;215;255;255m+               <View
[38;2;0;95;95m[48;2;215;255;255m+                 style={
[38;2;0;95;95m[48;2;215;255;255m+                   Array [
[38;2;0;95;95m[48;2;215;255;255m+                     undefined,
[38;2;0;95;95m[48;2;215;255;255m+                     undefined,
[38;2;0;95;95m[48;2;215;255;255m+                     undefined,
[38;2;0;95;95m[48;2;215;255;255m+                   ]
[38;2;0;95;95m[48;2;215;255;255m+                 }
[38;2;0;95;95m[48;2;215;255;255m+               >
[38;2;0;95;95m[48;2;215;255;255m+                 <View />
[38;2;0;95;95m[48;2;215;255;255m+               </View>
[38;2;0;95;95m[48;2;215;255;255m+             </View>
[38;2;0;95;95m[48;2;215;255;255m+           </View>
[38;2;0;95;95m[48;2;215;255;255m+           <View
[38;2;0;95;95m[48;2;215;255;255m+             style={
[38;2;0;95;95m[48;2;215;255;255m+               Object {
[38;2;0;95;95m[48;2;215;255;255m+                 "flexDirection": "row",
                  "flexWrap": "wrap",
                }
              }
            >
              <View
                style={
                  Object {
                    "marginTop": 8,
[38;2;128;0;128m[48;2;255;215;255m-                 "maxWidth": 718,
                    "paddingRight": 8,
                  }
                }
              >
                <View
@@ -595,27 +663,31 @@
                          "color": "#212745",
                          "fontFamily": "BeVietnamPro-Light",
                          "fontSize": 11,
                        },
                        Object {},
[38;2;0;95;95m[48;2;215;255;255m+                       Array [
                          Object {
                            "color": "#353E6E",
                            "paddingLeft": 4,
[38;2;0;95;95m[48;2;215;255;255m+                         },
[38;2;0;95;95m[48;2;215;255;255m+                         Object {
[38;2;0;95;95m[48;2;215;255;255m+                           "fontSize": 10,
                          },
[38;2;0;95;95m[48;2;215;255;255m+                       ],
                      ]
                    }
                    testID="tag.label"
                  >
[38;2;128;0;128m[48;2;255;215;255m-                 tag 1
[38;2;0;95;95m[48;2;215;255;255m+                   TAG 1
                  </Text>
                </View>
              </View>
              <View
                style={
                  Object {
                    "marginTop": 8,
[38;2;128;0;128m[48;2;255;215;255m-                 "maxWidth": 718,
                    "paddingRight": 8,
                  }
                }
              >
                <View
@@ -663,20 +735,26 @@
                          "color": "#212745",
                          "fontFamily": "BeVietnamPro-Light",
                          "fontSize": 11,
                        },
                        Object {},
[38;2;0;95;95m[48;2;215;255;255m+                       Array [
                          Object {
                            "color": "#353E6E",
                            "paddingLeft": 4,
                          },
[38;2;0;95;95m[48;2;215;255;255m+                         Object {
[38;2;0;95;95m[48;2;215;255;255m+                           "fontSize": 10,
[38;2;0;95;95m[48;2;215;255;255m+                         },
[38;2;0;95;95m[48;2;215;255;255m+                       ],
                      ]
                    }
                    testID="tag.label"
                  >
[38;2;128;0;128m[48;2;255;215;255m-                 tag 2
[38;2;0;95;95m[48;2;215;255;255m+                   TAG 2
                  </Text>
[38;2;0;95;95m[48;2;215;255;255m+               </View>
              </View>
            </View>
          </View>
        </View>
      </View>
    at Object.<anonymous> (/Users/lesison/Documents/sonls/react-native/bic-group-app/src/components/articles/ArticleView/index.test.tsx:29:22)
    at Promise.then.completed (/Users/lesison/Documents/sonls/react-native/bic-group-app/node_modules/jest-circus/build/utils.js:390:28)
    at new Promise (<anonymous>)
    at callAsyncCircusFn (/Users/lesison/Documents/sonls/react-native/bic-group-app/node_modules/jest-circus/build/utils.js:315:10)
    at _callCircusTest (/Users/lesison/Documents/sonls/react-native/bic-group-app/node_modules/jest-circus/build/run.js:218:40)
    at processTicksAndRejections (node:internal/process/task_queues:96:5)
    at _runTest (/Users/lesison/Documents/sonls/react-native/bic-group-app/node_modules/jest-circus/build/run.js:155:3)
    at _runTestsForDescribeBlock (/Users/lesison/Documents/sonls/react-native/bic-group-app/node_modules/jest-circus/build/run.js:66:9)
    at _runTestsForDescribeBlock (/Users/lesison/Documents/sonls/react-native/bic-group-app/node_modules/jest-circus/build/run.js:60:9)
    at run (/Users/lesison/Documents/sonls/react-native/bic-group-app/node_modules/jest-circus/build/run.js:25:3)]]></failure>
    </testCase>
    <testCase name="ArticleView Component should hide LoadMoreComment" duration="200"/>
    <testCase name="ArticleView Component should show LoadMoreComment" duration="230"/>
  </file>
  <file path="/Users/lesison/Documents/sonls/react-native/bic-group-app/src/screens/Draft/DraftArticle/components/DraftArticleView.test.tsx">
    <testCase name="DraftArticle component render correctly" duration="353">
      <failure message="Error: expect([38;2;0;95;95m[48;2;215;255;255mreceived).toMatchSnapshot()"><![CDATA[Error: expect([38;2;0;95;95m[48;2;215;255;255mreceived).toMatchSnapshot()

Snapshot name: `DraftArticle component render correctly 1`

[38;2;128;0;128m[48;2;255;215;255m- Snapshot  -   2
[38;2;0;95;95m[48;2;215;255;255m+ Received  + 227

@@ -160,11 +160,12 @@
          onResponderTerminate={[Function]}
          onResponderTerminationRequest={[Function]}
          onStartShouldSetResponder={[Function]}
          style={
            Object {
[38;2;128;0;128m[48;2;255;215;255m-             "alignSelf": "flex-start",
[38;2;0;95;95m[48;2;215;255;255m+             "alignItems": "center",
[38;2;0;95;95m[48;2;215;255;255m+             "flexDirection": "row",
              "marginRight": 12,
              "opacity": 1,
            }
          }
          testID="button_wrapper"
@@ -179,11 +180,13 @@
                  "fontSize": 15,
                },
                Object {
                  "color": "#181C32",
                },
[38;2;128;0;128m[48;2;255;215;255m-               undefined,
[38;2;0;95;95m[48;2;215;255;255m+               Object {
[38;2;0;95;95m[48;2;215;255;255m+                 "flexShrink": 1,
[38;2;0;95;95m[48;2;215;255;255m+               },
              ]
            }
            testID="content_header.actor"
          >
            Nguyen Thi Thu Quyền
@@ -384,10 +387,232 @@
          }
        >
          1234567890-= lalalalallalallalalala and I will be there at the
        </Text>
      </Text>
[38;2;0;95;95m[48;2;215;255;255m+     <View
[38;2;0;95;95m[48;2;215;255;255m+       style={
[38;2;0;95;95m[48;2;215;255;255m+         Object {
[38;2;0;95;95m[48;2;215;255;255m+           "flex": 1,
[38;2;0;95;95m[48;2;215;255;255m+           "flexDirection": "row",
[38;2;0;95;95m[48;2;215;255;255m+         }
[38;2;0;95;95m[48;2;215;255;255m+       }
[38;2;0;95;95m[48;2;215;255;255m+     >
[38;2;0;95;95m[48;2;215;255;255m+       <View
[38;2;0;95;95m[48;2;215;255;255m+         accessibilityState={
[38;2;0;95;95m[48;2;215;255;255m+           Object {
[38;2;0;95;95m[48;2;215;255;255m+             "disabled": true,
[38;2;0;95;95m[48;2;215;255;255m+           }
[38;2;0;95;95m[48;2;215;255;255m+         }
[38;2;0;95;95m[48;2;215;255;255m+         accessible={true}
[38;2;0;95;95m[48;2;215;255;255m+         collapsable={false}
[38;2;0;95;95m[48;2;215;255;255m+         focusable={false}
[38;2;0;95;95m[48;2;215;255;255m+         hitSlop={
[38;2;0;95;95m[48;2;215;255;255m+           Object {
[38;2;0;95;95m[48;2;215;255;255m+             "bottom": 10,
[38;2;0;95;95m[48;2;215;255;255m+             "left": 10,
[38;2;0;95;95m[48;2;215;255;255m+             "right": 10,
[38;2;0;95;95m[48;2;215;255;255m+             "top": 10,
[38;2;0;95;95m[48;2;215;255;255m+           }
[38;2;0;95;95m[48;2;215;255;255m+         }
[38;2;0;95;95m[48;2;215;255;255m+         onClick={[Function]}
[38;2;0;95;95m[48;2;215;255;255m+         onResponderGrant={[Function]}
[38;2;0;95;95m[48;2;215;255;255m+         onResponderMove={[Function]}
[38;2;0;95;95m[48;2;215;255;255m+         onResponderRelease={[Function]}
[38;2;0;95;95m[48;2;215;255;255m+         onResponderTerminate={[Function]}
[38;2;0;95;95m[48;2;215;255;255m+         onResponderTerminationRequest={[Function]}
[38;2;0;95;95m[48;2;215;255;255m+         onStartShouldSetResponder={[Function]}
[38;2;0;95;95m[48;2;215;255;255m+         style={
[38;2;0;95;95m[48;2;215;255;255m+           Object {
[38;2;0;95;95m[48;2;215;255;255m+             "opacity": 1,
[38;2;0;95;95m[48;2;215;255;255m+           }
[38;2;0;95;95m[48;2;215;255;255m+         }
[38;2;0;95;95m[48;2;215;255;255m+       >
[38;2;0;95;95m[48;2;215;255;255m+         <View
[38;2;0;95;95m[48;2;215;255;255m+           style={
[38;2;0;95;95m[48;2;215;255;255m+             Array [
[38;2;0;95;95m[48;2;215;255;255m+               Object {
[38;2;0;95;95m[48;2;215;255;255m+                 "alignItems": "center",
[38;2;0;95;95m[48;2;215;255;255m+                 "flexDirection": "row",
[38;2;0;95;95m[48;2;215;255;255m+               },
[38;2;0;95;95m[48;2;215;255;255m+               Object {
[38;2;0;95;95m[48;2;215;255;255m+                 "marginRight": 8,
[38;2;0;95;95m[48;2;215;255;255m+                 "marginTop": 12,
[38;2;0;95;95m[48;2;215;255;255m+               },
[38;2;0;95;95m[48;2;215;255;255m+               Object {
[38;2;0;95;95m[48;2;215;255;255m+                 "backgroundColor": undefined,
[38;2;0;95;95m[48;2;215;255;255m+               },
[38;2;0;95;95m[48;2;215;255;255m+             ]
[38;2;0;95;95m[48;2;215;255;255m+           }
[38;2;0;95;95m[48;2;215;255;255m+         >
[38;2;0;95;95m[48;2;215;255;255m+           <View
[38;2;0;95;95m[48;2;215;255;255m+             style={
[38;2;0;95;95m[48;2;215;255;255m+               Array [
[38;2;0;95;95m[48;2;215;255;255m+                 undefined,
[38;2;0;95;95m[48;2;215;255;255m+                 undefined,
[38;2;0;95;95m[48;2;215;255;255m+                 undefined,
[38;2;0;95;95m[48;2;215;255;255m+               ]
[38;2;0;95;95m[48;2;215;255;255m+             }
[38;2;0;95;95m[48;2;215;255;255m+           >
[38;2;0;95;95m[48;2;215;255;255m+             <View />
[38;2;0;95;95m[48;2;215;255;255m+           </View>
[38;2;0;95;95m[48;2;215;255;255m+         </View>
[38;2;0;95;95m[48;2;215;255;255m+       </View>
[38;2;0;95;95m[48;2;215;255;255m+       <View
[38;2;0;95;95m[48;2;215;255;255m+         style={
[38;2;0;95;95m[48;2;215;255;255m+           Object {
[38;2;0;95;95m[48;2;215;255;255m+             "flexDirection": "row",
[38;2;0;95;95m[48;2;215;255;255m+             "flexWrap": "wrap",
[38;2;0;95;95m[48;2;215;255;255m+           }
[38;2;0;95;95m[48;2;215;255;255m+         }
[38;2;0;95;95m[48;2;215;255;255m+       >
[38;2;0;95;95m[48;2;215;255;255m+         <View
[38;2;0;95;95m[48;2;215;255;255m+           style={
[38;2;0;95;95m[48;2;215;255;255m+             Object {
[38;2;0;95;95m[48;2;215;255;255m+               "marginTop": 8,
[38;2;0;95;95m[48;2;215;255;255m+               "paddingRight": 8,
[38;2;0;95;95m[48;2;215;255;255m+             }
[38;2;0;95;95m[48;2;215;255;255m+           }
[38;2;0;95;95m[48;2;215;255;255m+         >
[38;2;0;95;95m[48;2;215;255;255m+           <View
[38;2;0;95;95m[48;2;215;255;255m+             accessible={true}
[38;2;0;95;95m[48;2;215;255;255m+             collapsable={false}
[38;2;0;95;95m[48;2;215;255;255m+             focusable={true}
[38;2;0;95;95m[48;2;215;255;255m+             hitSlop={
[38;2;0;95;95m[48;2;215;255;255m+               Object {
[38;2;0;95;95m[48;2;215;255;255m+                 "bottom": 4,
[38;2;0;95;95m[48;2;215;255;255m+                 "left": 4,
[38;2;0;95;95m[48;2;215;255;255m+                 "right": 4,
[38;2;0;95;95m[48;2;215;255;255m+                 "top": 4,
[38;2;0;95;95m[48;2;215;255;255m+               }
[38;2;0;95;95m[48;2;215;255;255m+             }
[38;2;0;95;95m[48;2;215;255;255m+             onClick={[Function]}
[38;2;0;95;95m[48;2;215;255;255m+             onResponderGrant={[Function]}
[38;2;0;95;95m[48;2;215;255;255m+             onResponderMove={[Function]}
[38;2;0;95;95m[48;2;215;255;255m+             onResponderRelease={[Function]}
[38;2;0;95;95m[48;2;215;255;255m+             onResponderTerminate={[Function]}
[38;2;0;95;95m[48;2;215;255;255m+             onResponderTerminationRequest={[Function]}
[38;2;0;95;95m[48;2;215;255;255m+             onStartShouldSetResponder={[Function]}
[38;2;0;95;95m[48;2;215;255;255m+             style={
[38;2;0;95;95m[48;2;215;255;255m+               Object {
[38;2;0;95;95m[48;2;215;255;255m+                 "alignItems": "center",
[38;2;0;95;95m[48;2;215;255;255m+                 "backgroundColor": "#FFFFFF",
[38;2;0;95;95m[48;2;215;255;255m+                 "borderColor": "#E3E6F2",
[38;2;0;95;95m[48;2;215;255;255m+                 "borderRadius": 4,
[38;2;0;95;95m[48;2;215;255;255m+                 "borderWidth": 1,
[38;2;0;95;95m[48;2;215;255;255m+                 "flexDirection": "row",
[38;2;0;95;95m[48;2;215;255;255m+                 "height": 24,
[38;2;0;95;95m[48;2;215;255;255m+                 "justifyContent": "center",
[38;2;0;95;95m[48;2;215;255;255m+                 "marginRight": 0,
[38;2;0;95;95m[48;2;215;255;255m+                 "opacity": 1,
[38;2;0;95;95m[48;2;215;255;255m+                 "paddingLeft": 4,
[38;2;0;95;95m[48;2;215;255;255m+                 "paddingRight": 8,
[38;2;0;95;95m[48;2;215;255;255m+               }
[38;2;0;95;95m[48;2;215;255;255m+             }
[38;2;0;95;95m[48;2;215;255;255m+             testID="tag_item_21a08db3-92d2-4758-a64c-d22e2ba01f33.button_navigate"
[38;2;0;95;95m[48;2;215;255;255m+           >
[38;2;0;95;95m[48;2;215;255;255m+             <Text
[38;2;0;95;95m[48;2;215;255;255m+               numberOfLines={1}
[38;2;0;95;95m[48;2;215;255;255m+               style={
[38;2;0;95;95m[48;2;215;255;255m+                 Array [
[38;2;0;95;95m[48;2;215;255;255m+                   Object {
[38;2;0;95;95m[48;2;215;255;255m+                     "color": "#212745",
[38;2;0;95;95m[48;2;215;255;255m+                     "fontFamily": "BeVietnamPro-Light",
[38;2;0;95;95m[48;2;215;255;255m+                     "fontSize": 11,
[38;2;0;95;95m[48;2;215;255;255m+                   },
[38;2;0;95;95m[48;2;215;255;255m+                   Object {},
[38;2;0;95;95m[48;2;215;255;255m+                   Array [
[38;2;0;95;95m[48;2;215;255;255m+                     Object {
[38;2;0;95;95m[48;2;215;255;255m+                       "color": "#353E6E",
[38;2;0;95;95m[48;2;215;255;255m+                       "paddingLeft": 4,
[38;2;0;95;95m[48;2;215;255;255m+                     },
[38;2;0;95;95m[48;2;215;255;255m+                     Object {
[38;2;0;95;95m[48;2;215;255;255m+                       "fontSize": 10,
[38;2;0;95;95m[48;2;215;255;255m+                     },
[38;2;0;95;95m[48;2;215;255;255m+                   ],
[38;2;0;95;95m[48;2;215;255;255m+                 ]
[38;2;0;95;95m[48;2;215;255;255m+               }
[38;2;0;95;95m[48;2;215;255;255m+               testID="tag.label"
[38;2;0;95;95m[48;2;215;255;255m+             >
[38;2;0;95;95m[48;2;215;255;255m+               TAG 1
[38;2;0;95;95m[48;2;215;255;255m+             </Text>
[38;2;0;95;95m[48;2;215;255;255m+           </View>
[38;2;0;95;95m[48;2;215;255;255m+         </View>
[38;2;0;95;95m[48;2;215;255;255m+         <View
[38;2;0;95;95m[48;2;215;255;255m+           style={
[38;2;0;95;95m[48;2;215;255;255m+             Object {
[38;2;0;95;95m[48;2;215;255;255m+               "marginTop": 8,
[38;2;0;95;95m[48;2;215;255;255m+               "paddingRight": 8,
[38;2;0;95;95m[48;2;215;255;255m+             }
[38;2;0;95;95m[48;2;215;255;255m+           }
[38;2;0;95;95m[48;2;215;255;255m+         >
[38;2;0;95;95m[48;2;215;255;255m+           <View
[38;2;0;95;95m[48;2;215;255;255m+             accessible={true}
[38;2;0;95;95m[48;2;215;255;255m+             collapsable={false}
[38;2;0;95;95m[48;2;215;255;255m+             focusable={true}
[38;2;0;95;95m[48;2;215;255;255m+             hitSlop={
[38;2;0;95;95m[48;2;215;255;255m+               Object {
[38;2;0;95;95m[48;2;215;255;255m+                 "bottom": 4,
[38;2;0;95;95m[48;2;215;255;255m+                 "left": 4,
[38;2;0;95;95m[48;2;215;255;255m+                 "right": 4,
[38;2;0;95;95m[48;2;215;255;255m+                 "top": 4,
[38;2;0;95;95m[48;2;215;255;255m+               }
[38;2;0;95;95m[48;2;215;255;255m+             }
[38;2;0;95;95m[48;2;215;255;255m+             onClick={[Function]}
[38;2;0;95;95m[48;2;215;255;255m+             onResponderGrant={[Function]}
[38;2;0;95;95m[48;2;215;255;255m+             onResponderMove={[Function]}
[38;2;0;95;95m[48;2;215;255;255m+             onResponderRelease={[Function]}
[38;2;0;95;95m[48;2;215;255;255m+             onResponderTerminate={[Function]}
[38;2;0;95;95m[48;2;215;255;255m+             onResponderTerminationRequest={[Function]}
[38;2;0;95;95m[48;2;215;255;255m+             onStartShouldSetResponder={[Function]}
[38;2;0;95;95m[48;2;215;255;255m+             style={
[38;2;0;95;95m[48;2;215;255;255m+               Object {
[38;2;0;95;95m[48;2;215;255;255m+                 "alignItems": "center",
[38;2;0;95;95m[48;2;215;255;255m+                 "backgroundColor": "#FFFFFF",
[38;2;0;95;95m[48;2;215;255;255m+                 "borderColor": "#E3E6F2",
[38;2;0;95;95m[48;2;215;255;255m+                 "borderRadius": 4,
[38;2;0;95;95m[48;2;215;255;255m+                 "borderWidth": 1,
[38;2;0;95;95m[48;2;215;255;255m+                 "flexDirection": "row",
[38;2;0;95;95m[48;2;215;255;255m+                 "height": 24,
[38;2;0;95;95m[48;2;215;255;255m+                 "justifyContent": "center",
[38;2;0;95;95m[48;2;215;255;255m+                 "marginRight": 0,
[38;2;0;95;95m[48;2;215;255;255m+                 "opacity": 1,
[38;2;0;95;95m[48;2;215;255;255m+                 "paddingLeft": 4,
[38;2;0;95;95m[48;2;215;255;255m+                 "paddingRight": 8,
[38;2;0;95;95m[48;2;215;255;255m+               }
[38;2;0;95;95m[48;2;215;255;255m+             }
[38;2;0;95;95m[48;2;215;255;255m+             testID="tag_item_f8614f2a-c746-493e-a861-60029ec75f8c.button_navigate"
[38;2;0;95;95m[48;2;215;255;255m+           >
[38;2;0;95;95m[48;2;215;255;255m+             <Text
[38;2;0;95;95m[48;2;215;255;255m+               numberOfLines={1}
[38;2;0;95;95m[48;2;215;255;255m+               style={
[38;2;0;95;95m[48;2;215;255;255m+                 Array [
[38;2;0;95;95m[48;2;215;255;255m+                   Object {
[38;2;0;95;95m[48;2;215;255;255m+                     "color": "#212745",
[38;2;0;95;95m[48;2;215;255;255m+                     "fontFamily": "BeVietnamPro-Light",
[38;2;0;95;95m[48;2;215;255;255m+                     "fontSize": 11,
[38;2;0;95;95m[48;2;215;255;255m+                   },
[38;2;0;95;95m[48;2;215;255;255m+                   Object {},
[38;2;0;95;95m[48;2;215;255;255m+                   Array [
[38;2;0;95;95m[48;2;215;255;255m+                     Object {
[38;2;0;95;95m[48;2;215;255;255m+                       "color": "#353E6E",
[38;2;0;95;95m[48;2;215;255;255m+                       "paddingLeft": 4,
[38;2;0;95;95m[48;2;215;255;255m+                     },
[38;2;0;95;95m[48;2;215;255;255m+                     Object {
[38;2;0;95;95m[48;2;215;255;255m+                       "fontSize": 10,
[38;2;0;95;95m[48;2;215;255;255m+                     },
[38;2;0;95;95m[48;2;215;255;255m+                   ],
[38;2;0;95;95m[48;2;215;255;255m+                 ]
[38;2;0;95;95m[48;2;215;255;255m+               }
[38;2;0;95;95m[48;2;215;255;255m+               testID="tag.label"
[38;2;0;95;95m[48;2;215;255;255m+             >
[38;2;0;95;95m[48;2;215;255;255m+               TAG 2
[38;2;0;95;95m[48;2;215;255;255m+             </Text>
[38;2;0;95;95m[48;2;215;255;255m+           </View>
[38;2;0;95;95m[48;2;215;255;255m+         </View>
[38;2;0;95;95m[48;2;215;255;255m+       </View>
[38;2;0;95;95m[48;2;215;255;255m+     </View>
    </View>
    <View
      style={
        Object {
          "paddingHorizontal": 16,
    at Object.<anonymous> (/Users/lesison/Documents/sonls/react-native/bic-group-app/src/screens/Draft/DraftArticle/components/DraftArticleView.test.tsx:20:31)
    at Promise.then.completed (/Users/lesison/Documents/sonls/react-native/bic-group-app/node_modules/jest-circus/build/utils.js:390:28)
    at new Promise (<anonymous>)
    at callAsyncCircusFn (/Users/lesison/Documents/sonls/react-native/bic-group-app/node_modules/jest-circus/build/utils.js:315:10)
    at _callCircusTest (/Users/lesison/Documents/sonls/react-native/bic-group-app/node_modules/jest-circus/build/run.js:218:40)
    at processTicksAndRejections (node:internal/process/task_queues:96:5)
    at _runTest (/Users/lesison/Documents/sonls/react-native/bic-group-app/node_modules/jest-circus/build/run.js:155:3)
    at _runTestsForDescribeBlock (/Users/lesison/Documents/sonls/react-native/bic-group-app/node_modules/jest-circus/build/run.js:66:9)
    at _runTestsForDescribeBlock (/Users/lesison/Documents/sonls/react-native/bic-group-app/node_modules/jest-circus/build/run.js:60:9)
    at run (/Users/lesison/Documents/sonls/react-native/bic-group-app/node_modules/jest-circus/build/run.js:25:3)]]></failure>
    </testCase>
    <testCase name="DraftArticle component should navigate to CreateArticle when press button edit" duration="96"/>
    <testCase name="DraftArticle component should show alert when press button delete" duration="327"/>
    <testCase name="DraftArticle component should call publishDraftArticle when press button publish" duration="287">
      <failure message="Error: expect(jest.fn()).toBeCalled()"><![CDATA[Error: expect(jest.fn()).toBeCalled()

Expected number of calls: >= 1
Received number of calls:    0
    at Object.<anonymous> (/Users/lesison/Documents/sonls/react-native/bic-group-app/src/screens/Draft/DraftArticle/components/DraftArticleView.test.tsx:80:33)
    at Promise.then.completed (/Users/lesison/Documents/sonls/react-native/bic-group-app/node_modules/jest-circus/build/utils.js:390:28)
    at new Promise (<anonymous>)
    at callAsyncCircusFn (/Users/lesison/Documents/sonls/react-native/bic-group-app/node_modules/jest-circus/build/utils.js:315:10)
    at _callCircusTest (/Users/lesison/Documents/sonls/react-native/bic-group-app/node_modules/jest-circus/build/run.js:218:40)
    at processTicksAndRejections (node:internal/process/task_queues:96:5)
    at _runTest (/Users/lesison/Documents/sonls/react-native/bic-group-app/node_modules/jest-circus/build/run.js:155:3)
    at _runTestsForDescribeBlock (/Users/lesison/Documents/sonls/react-native/bic-group-app/node_modules/jest-circus/build/run.js:66:9)
    at _runTestsForDescribeBlock (/Users/lesison/Documents/sonls/react-native/bic-group-app/node_modules/jest-circus/build/run.js:60:9)
    at run (/Users/lesison/Documents/sonls/react-native/bic-group-app/node_modules/jest-circus/build/run.js:25:3)]]></failure>
    </testCase>
    <testCase name="DraftArticle component should not call publishDraftArticle when has not id" duration="131"/>
  </file>
  <file path="/Users/lesison/Documents/sonls/react-native/bic-group-app/src/screens/Draft/DraftArticle/index.test.tsx">
    <testCase name="DraftArticle component should render correctly" duration="544">
      <failure message="Error: expect([38;2;0;95;95m[48;2;215;255;255mreceived).toMatchSnapshot()"><![CDATA[Error: expect([38;2;0;95;95m[48;2;215;255;255mreceived).toMatchSnapshot()

Snapshot name: `DraftArticle component should render correctly 1`

[38;2;128;0;128m[48;2;255;215;255m- Snapshot  -   2
[38;2;0;95;95m[48;2;215;255;255m+ Received  + 227

@@ -345,11 +345,12 @@
                onResponderTerminate={[Function]}
                onResponderTerminationRequest={[Function]}
                onStartShouldSetResponder={[Function]}
                style={
                  Object {
[38;2;128;0;128m[48;2;255;215;255m-                   "alignSelf": "flex-start",
[38;2;0;95;95m[48;2;215;255;255m+                   "alignItems": "center",
[38;2;0;95;95m[48;2;215;255;255m+                   "flexDirection": "row",
                    "marginRight": 12,
                    "opacity": 1,
                  }
                }
                testID="button_wrapper"
@@ -364,11 +365,13 @@
                        "fontSize": 15,
                      },
                      Object {
                        "color": "#181C32",
                      },
[38;2;128;0;128m[48;2;255;215;255m-                     undefined,
[38;2;0;95;95m[48;2;215;255;255m+                     Object {
[38;2;0;95;95m[48;2;215;255;255m+                       "flexShrink": 1,
[38;2;0;95;95m[48;2;215;255;255m+                     },
                    ]
                  }
                  testID="content_header.actor"
                >
                  Nguyen Thi Thu Quyền
@@ -569,10 +572,232 @@
                }
              >
                1234567890-= lalalalallalallalalala and I will be there at the
              </Text>
            </Text>
[38;2;0;95;95m[48;2;215;255;255m+           <View
[38;2;0;95;95m[48;2;215;255;255m+             style={
[38;2;0;95;95m[48;2;215;255;255m+               Object {
[38;2;0;95;95m[48;2;215;255;255m+                 "flex": 1,
[38;2;0;95;95m[48;2;215;255;255m+                 "flexDirection": "row",
[38;2;0;95;95m[48;2;215;255;255m+               }
[38;2;0;95;95m[48;2;215;255;255m+             }
[38;2;0;95;95m[48;2;215;255;255m+           >
[38;2;0;95;95m[48;2;215;255;255m+             <View
[38;2;0;95;95m[48;2;215;255;255m+               accessibilityState={
[38;2;0;95;95m[48;2;215;255;255m+                 Object {
[38;2;0;95;95m[48;2;215;255;255m+                   "disabled": true,
[38;2;0;95;95m[48;2;215;255;255m+                 }
[38;2;0;95;95m[48;2;215;255;255m+               }
[38;2;0;95;95m[48;2;215;255;255m+               accessible={true}
[38;2;0;95;95m[48;2;215;255;255m+               collapsable={false}
[38;2;0;95;95m[48;2;215;255;255m+               focusable={false}
[38;2;0;95;95m[48;2;215;255;255m+               hitSlop={
[38;2;0;95;95m[48;2;215;255;255m+                 Object {
[38;2;0;95;95m[48;2;215;255;255m+                   "bottom": 10,
[38;2;0;95;95m[48;2;215;255;255m+                   "left": 10,
[38;2;0;95;95m[48;2;215;255;255m+                   "right": 10,
[38;2;0;95;95m[48;2;215;255;255m+                   "top": 10,
[38;2;0;95;95m[48;2;215;255;255m+                 }
[38;2;0;95;95m[48;2;215;255;255m+               }
[38;2;0;95;95m[48;2;215;255;255m+               onClick={[Function]}
[38;2;0;95;95m[48;2;215;255;255m+               onResponderGrant={[Function]}
[38;2;0;95;95m[48;2;215;255;255m+               onResponderMove={[Function]}
[38;2;0;95;95m[48;2;215;255;255m+               onResponderRelease={[Function]}
[38;2;0;95;95m[48;2;215;255;255m+               onResponderTerminate={[Function]}
[38;2;0;95;95m[48;2;215;255;255m+               onResponderTerminationRequest={[Function]}
[38;2;0;95;95m[48;2;215;255;255m+               onStartShouldSetResponder={[Function]}
[38;2;0;95;95m[48;2;215;255;255m+               style={
[38;2;0;95;95m[48;2;215;255;255m+                 Object {
[38;2;0;95;95m[48;2;215;255;255m+                   "opacity": 1,
[38;2;0;95;95m[48;2;215;255;255m+                 }
[38;2;0;95;95m[48;2;215;255;255m+               }
[38;2;0;95;95m[48;2;215;255;255m+             >
[38;2;0;95;95m[48;2;215;255;255m+               <View
[38;2;0;95;95m[48;2;215;255;255m+                 style={
[38;2;0;95;95m[48;2;215;255;255m+                   Array [
[38;2;0;95;95m[48;2;215;255;255m+                     Object {
[38;2;0;95;95m[48;2;215;255;255m+                       "alignItems": "center",
[38;2;0;95;95m[48;2;215;255;255m+                       "flexDirection": "row",
[38;2;0;95;95m[48;2;215;255;255m+                     },
[38;2;0;95;95m[48;2;215;255;255m+                     Object {
[38;2;0;95;95m[48;2;215;255;255m+                       "marginRight": 8,
[38;2;0;95;95m[48;2;215;255;255m+                       "marginTop": 12,
[38;2;0;95;95m[48;2;215;255;255m+                     },
[38;2;0;95;95m[48;2;215;255;255m+                     Object {
[38;2;0;95;95m[48;2;215;255;255m+                       "backgroundColor": undefined,
[38;2;0;95;95m[48;2;215;255;255m+                     },
[38;2;0;95;95m[48;2;215;255;255m+                   ]
[38;2;0;95;95m[48;2;215;255;255m+                 }
[38;2;0;95;95m[48;2;215;255;255m+               >
[38;2;0;95;95m[48;2;215;255;255m+                 <View
[38;2;0;95;95m[48;2;215;255;255m+                   style={
[38;2;0;95;95m[48;2;215;255;255m+                     Array [
[38;2;0;95;95m[48;2;215;255;255m+                       undefined,
[38;2;0;95;95m[48;2;215;255;255m+                       undefined,
[38;2;0;95;95m[48;2;215;255;255m+                       undefined,
[38;2;0;95;95m[48;2;215;255;255m+                     ]
[38;2;0;95;95m[48;2;215;255;255m+                   }
[38;2;0;95;95m[48;2;215;255;255m+                 >
[38;2;0;95;95m[48;2;215;255;255m+                   <View />
[38;2;0;95;95m[48;2;215;255;255m+                 </View>
[38;2;0;95;95m[48;2;215;255;255m+               </View>
[38;2;0;95;95m[48;2;215;255;255m+             </View>
[38;2;0;95;95m[48;2;215;255;255m+             <View
[38;2;0;95;95m[48;2;215;255;255m+               style={
[38;2;0;95;95m[48;2;215;255;255m+                 Object {
[38;2;0;95;95m[48;2;215;255;255m+                   "flexDirection": "row",
[38;2;0;95;95m[48;2;215;255;255m+                   "flexWrap": "wrap",
[38;2;0;95;95m[48;2;215;255;255m+                 }
[38;2;0;95;95m[48;2;215;255;255m+               }
[38;2;0;95;95m[48;2;215;255;255m+             >
[38;2;0;95;95m[48;2;215;255;255m+               <View
[38;2;0;95;95m[48;2;215;255;255m+                 style={
[38;2;0;95;95m[48;2;215;255;255m+                   Object {
[38;2;0;95;95m[48;2;215;255;255m+                     "marginTop": 8,
[38;2;0;95;95m[48;2;215;255;255m+                     "paddingRight": 8,
[38;2;0;95;95m[48;2;215;255;255m+                   }
[38;2;0;95;95m[48;2;215;255;255m+                 }
[38;2;0;95;95m[48;2;215;255;255m+               >
[38;2;0;95;95m[48;2;215;255;255m+                 <View
[38;2;0;95;95m[48;2;215;255;255m+                   accessible={true}
[38;2;0;95;95m[48;2;215;255;255m+                   collapsable={false}
[38;2;0;95;95m[48;2;215;255;255m+                   focusable={true}
[38;2;0;95;95m[48;2;215;255;255m+                   hitSlop={
[38;2;0;95;95m[48;2;215;255;255m+                     Object {
[38;2;0;95;95m[48;2;215;255;255m+                       "bottom": 4,
[38;2;0;95;95m[48;2;215;255;255m+                       "left": 4,
[38;2;0;95;95m[48;2;215;255;255m+                       "right": 4,
[38;2;0;95;95m[48;2;215;255;255m+                       "top": 4,
[38;2;0;95;95m[48;2;215;255;255m+                     }
[38;2;0;95;95m[48;2;215;255;255m+                   }
[38;2;0;95;95m[48;2;215;255;255m+                   onClick={[Function]}
[38;2;0;95;95m[48;2;215;255;255m+                   onResponderGrant={[Function]}
[38;2;0;95;95m[48;2;215;255;255m+                   onResponderMove={[Function]}
[38;2;0;95;95m[48;2;215;255;255m+                   onResponderRelease={[Function]}
[38;2;0;95;95m[48;2;215;255;255m+                   onResponderTerminate={[Function]}
[38;2;0;95;95m[48;2;215;255;255m+                   onResponderTerminationRequest={[Function]}
[38;2;0;95;95m[48;2;215;255;255m+                   onStartShouldSetResponder={[Function]}
[38;2;0;95;95m[48;2;215;255;255m+                   style={
[38;2;0;95;95m[48;2;215;255;255m+                     Object {
[38;2;0;95;95m[48;2;215;255;255m+                       "alignItems": "center",
[38;2;0;95;95m[48;2;215;255;255m+                       "backgroundColor": "#FFFFFF",
[38;2;0;95;95m[48;2;215;255;255m+                       "borderColor": "#E3E6F2",
[38;2;0;95;95m[48;2;215;255;255m+                       "borderRadius": 4,
[38;2;0;95;95m[48;2;215;255;255m+                       "borderWidth": 1,
[38;2;0;95;95m[48;2;215;255;255m+                       "flexDirection": "row",
[38;2;0;95;95m[48;2;215;255;255m+                       "height": 24,
[38;2;0;95;95m[48;2;215;255;255m+                       "justifyContent": "center",
[38;2;0;95;95m[48;2;215;255;255m+                       "marginRight": 0,
[38;2;0;95;95m[48;2;215;255;255m+                       "opacity": 1,
[38;2;0;95;95m[48;2;215;255;255m+                       "paddingLeft": 4,
[38;2;0;95;95m[48;2;215;255;255m+                       "paddingRight": 8,
[38;2;0;95;95m[48;2;215;255;255m+                     }
[38;2;0;95;95m[48;2;215;255;255m+                   }
[38;2;0;95;95m[48;2;215;255;255m+                   testID="tag_item_21a08db3-92d2-4758-a64c-d22e2ba01f33.button_navigate"
[38;2;0;95;95m[48;2;215;255;255m+                 >
[38;2;0;95;95m[48;2;215;255;255m+                   <Text
[38;2;0;95;95m[48;2;215;255;255m+                     numberOfLines={1}
[38;2;0;95;95m[48;2;215;255;255m+                     style={
[38;2;0;95;95m[48;2;215;255;255m+                       Array [
[38;2;0;95;95m[48;2;215;255;255m+                         Object {
[38;2;0;95;95m[48;2;215;255;255m+                           "color": "#212745",
[38;2;0;95;95m[48;2;215;255;255m+                           "fontFamily": "BeVietnamPro-Light",
[38;2;0;95;95m[48;2;215;255;255m+                           "fontSize": 11,
[38;2;0;95;95m[48;2;215;255;255m+                         },
[38;2;0;95;95m[48;2;215;255;255m+                         Object {},
[38;2;0;95;95m[48;2;215;255;255m+                         Array [
[38;2;0;95;95m[48;2;215;255;255m+                           Object {
[38;2;0;95;95m[48;2;215;255;255m+                             "color": "#353E6E",
[38;2;0;95;95m[48;2;215;255;255m+                             "paddingLeft": 4,
[38;2;0;95;95m[48;2;215;255;255m+                           },
[38;2;0;95;95m[48;2;215;255;255m+                           Object {
[38;2;0;95;95m[48;2;215;255;255m+                             "fontSize": 10,
[38;2;0;95;95m[48;2;215;255;255m+                           },
[38;2;0;95;95m[48;2;215;255;255m+                         ],
[38;2;0;95;95m[48;2;215;255;255m+                       ]
[38;2;0;95;95m[48;2;215;255;255m+                     }
[38;2;0;95;95m[48;2;215;255;255m+                     testID="tag.label"
[38;2;0;95;95m[48;2;215;255;255m+                   >
[38;2;0;95;95m[48;2;215;255;255m+                     TAG 1
[38;2;0;95;95m[48;2;215;255;255m+                   </Text>
[38;2;0;95;95m[48;2;215;255;255m+                 </View>
[38;2;0;95;95m[48;2;215;255;255m+               </View>
[38;2;0;95;95m[48;2;215;255;255m+               <View
[38;2;0;95;95m[48;2;215;255;255m+                 style={
[38;2;0;95;95m[48;2;215;255;255m+                   Object {
[38;2;0;95;95m[48;2;215;255;255m+                     "marginTop": 8,
[38;2;0;95;95m[48;2;215;255;255m+                     "paddingRight": 8,
[38;2;0;95;95m[48;2;215;255;255m+                   }
[38;2;0;95;95m[48;2;215;255;255m+                 }
[38;2;0;95;95m[48;2;215;255;255m+               >
[38;2;0;95;95m[48;2;215;255;255m+                 <View
[38;2;0;95;95m[48;2;215;255;255m+                   accessible={true}
[38;2;0;95;95m[48;2;215;255;255m+                   collapsable={false}
[38;2;0;95;95m[48;2;215;255;255m+                   focusable={true}
[38;2;0;95;95m[48;2;215;255;255m+                   hitSlop={
[38;2;0;95;95m[48;2;215;255;255m+                     Object {
[38;2;0;95;95m[48;2;215;255;255m+                       "bottom": 4,
[38;2;0;95;95m[48;2;215;255;255m+                       "left": 4,
[38;2;0;95;95m[48;2;215;255;255m+                       "right": 4,
[38;2;0;95;95m[48;2;215;255;255m+                       "top": 4,
[38;2;0;95;95m[48;2;215;255;255m+                     }
[38;2;0;95;95m[48;2;215;255;255m+                   }
[38;2;0;95;95m[48;2;215;255;255m+                   onClick={[Function]}
[38;2;0;95;95m[48;2;215;255;255m+                   onResponderGrant={[Function]}
[38;2;0;95;95m[48;2;215;255;255m+                   onResponderMove={[Function]}
[38;2;0;95;95m[48;2;215;255;255m+                   onResponderRelease={[Function]}
[38;2;0;95;95m[48;2;215;255;255m+                   onResponderTerminate={[Function]}
[38;2;0;95;95m[48;2;215;255;255m+                   onResponderTerminationRequest={[Function]}
[38;2;0;95;95m[48;2;215;255;255m+                   onStartShouldSetResponder={[Function]}
[38;2;0;95;95m[48;2;215;255;255m+                   style={
[38;2;0;95;95m[48;2;215;255;255m+                     Object {
[38;2;0;95;95m[48;2;215;255;255m+                       "alignItems": "center",
[38;2;0;95;95m[48;2;215;255;255m+                       "backgroundColor": "#FFFFFF",
[38;2;0;95;95m[48;2;215;255;255m+                       "borderColor": "#E3E6F2",
[38;2;0;95;95m[48;2;215;255;255m+                       "borderRadius": 4,
[38;2;0;95;95m[48;2;215;255;255m+                       "borderWidth": 1,
[38;2;0;95;95m[48;2;215;255;255m+                       "flexDirection": "row",
[38;2;0;95;95m[48;2;215;255;255m+                       "height": 24,
[38;2;0;95;95m[48;2;215;255;255m+                       "justifyContent": "center",
[38;2;0;95;95m[48;2;215;255;255m+                       "marginRight": 0,
[38;2;0;95;95m[48;2;215;255;255m+                       "opacity": 1,
[38;2;0;95;95m[48;2;215;255;255m+                       "paddingLeft": 4,
[38;2;0;95;95m[48;2;215;255;255m+                       "paddingRight": 8,
[38;2;0;95;95m[48;2;215;255;255m+                     }
[38;2;0;95;95m[48;2;215;255;255m+                   }
[38;2;0;95;95m[48;2;215;255;255m+                   testID="tag_item_f8614f2a-c746-493e-a861-60029ec75f8c.button_navigate"
[38;2;0;95;95m[48;2;215;255;255m+                 >
[38;2;0;95;95m[48;2;215;255;255m+                   <Text
[38;2;0;95;95m[48;2;215;255;255m+                     numberOfLines={1}
[38;2;0;95;95m[48;2;215;255;255m+                     style={
[38;2;0;95;95m[48;2;215;255;255m+                       Array [
[38;2;0;95;95m[48;2;215;255;255m+                         Object {
[38;2;0;95;95m[48;2;215;255;255m+                           "color": "#212745",
[38;2;0;95;95m[48;2;215;255;255m+                           "fontFamily": "BeVietnamPro-Light",
[38;2;0;95;95m[48;2;215;255;255m+                           "fontSize": 11,
[38;2;0;95;95m[48;2;215;255;255m+                         },
[38;2;0;95;95m[48;2;215;255;255m+                         Object {},
[38;2;0;95;95m[48;2;215;255;255m+                         Array [
[38;2;0;95;95m[48;2;215;255;255m+                           Object {
[38;2;0;95;95m[48;2;215;255;255m+                             "color": "#353E6E",
[38;2;0;95;95m[48;2;215;255;255m+                             "paddingLeft": 4,
[38;2;0;95;95m[48;2;215;255;255m+                           },
[38;2;0;95;95m[48;2;215;255;255m+                           Object {
[38;2;0;95;95m[48;2;215;255;255m+                             "fontSize": 10,
[38;2;0;95;95m[48;2;215;255;255m+                           },
[38;2;0;95;95m[48;2;215;255;255m+                         ],
[38;2;0;95;95m[48;2;215;255;255m+                       ]
[38;2;0;95;95m[48;2;215;255;255m+                     }
[38;2;0;95;95m[48;2;215;255;255m+                     testID="tag.label"
[38;2;0;95;95m[48;2;215;255;255m+                   >
[38;2;0;95;95m[48;2;215;255;255m+                     TAG 2
[38;2;0;95;95m[48;2;215;255;255m+                   </Text>
[38;2;0;95;95m[48;2;215;255;255m+                 </View>
[38;2;0;95;95m[48;2;215;255;255m+               </View>
[38;2;0;95;95m[48;2;215;255;255m+             </View>
[38;2;0;95;95m[48;2;215;255;255m+           </View>
          </View>
          <View
            style={
              Object {
                "paddingHorizontal": 16,
    at Object.<anonymous> (/Users/lesison/Documents/sonls/react-native/bic-group-app/src/screens/Draft/DraftArticle/index.test.tsx:22:31)
    at Promise.then.completed (/Users/lesison/Documents/sonls/react-native/bic-group-app/node_modules/jest-circus/build/utils.js:390:28)
    at new Promise (<anonymous>)
    at callAsyncCircusFn (/Users/lesison/Documents/sonls/react-native/bic-group-app/node_modules/jest-circus/build/utils.js:315:10)
    at _callCircusTest (/Users/lesison/Documents/sonls/react-native/bic-group-app/node_modules/jest-circus/build/run.js:218:40)
    at processTicksAndRejections (node:internal/process/task_queues:96:5)
    at _runTest (/Users/lesison/Documents/sonls/react-native/bic-group-app/node_modules/jest-circus/build/run.js:155:3)
    at _runTestsForDescribeBlock (/Users/lesison/Documents/sonls/react-native/bic-group-app/node_modules/jest-circus/build/run.js:66:9)
    at _runTestsForDescribeBlock (/Users/lesison/Documents/sonls/react-native/bic-group-app/node_modules/jest-circus/build/run.js:60:9)
    at run (/Users/lesison/Documents/sonls/react-native/bic-group-app/node_modules/jest-circus/build/run.js:25:3)]]></failure>
    </testCase>
    <testCase name="DraftArticle component should render empty view" duration="99"/>
    <testCase name="DraftArticle component should not render empty view" duration="230"/>
    <testCase name="DraftArticle component should render ItemSeparator" duration="144"/>
  </file>
  <file path="/Users/lesison/Documents/sonls/react-native/bic-group-app/src/screens/communities/CommunityDetail/index.test.tsx">
    <testCase name="CommunityDetail renders Placeholder  correctly" duration="849"/>
    <testCase name="CommunityDetail should render PrivateWelcome page for guest" duration="719">
      <failure message="Error: Unable to find an element with testID: private_welcome"><![CDATA[Error: Unable to find an element with testID: private_welcome
    at Object.<anonymous> (/Users/lesison/Documents/sonls/react-native/bic-group-app/src/screens/communities/CommunityDetail/index.test.tsx:36:40)
    at Promise.then.completed (/Users/lesison/Documents/sonls/react-native/bic-group-app/node_modules/jest-circus/build/utils.js:390:28)
    at new Promise (<anonymous>)
    at callAsyncCircusFn (/Users/lesison/Documents/sonls/react-native/bic-group-app/node_modules/jest-circus/build/utils.js:315:10)
    at _callCircusTest (/Users/lesison/Documents/sonls/react-native/bic-group-app/node_modules/jest-circus/build/run.js:218:40)
    at processTicksAndRejections (node:internal/process/task_queues:96:5)
    at _runTest (/Users/lesison/Documents/sonls/react-native/bic-group-app/node_modules/jest-circus/build/run.js:155:3)
    at _runTestsForDescribeBlock (/Users/lesison/Documents/sonls/react-native/bic-group-app/node_modules/jest-circus/build/run.js:66:9)
    at _runTestsForDescribeBlock (/Users/lesison/Documents/sonls/react-native/bic-group-app/node_modules/jest-circus/build/run.js:60:9)
    at run (/Users/lesison/Documents/sonls/react-native/bic-group-app/node_modules/jest-circus/build/run.js:25:3)]]></failure>
    </testCase>
    <testCase name="CommunityDetail should render PageContent page correctly when user is a member" duration="394">
      <failure message="Error: Unable to find an element with testID: flatlist"><![CDATA[Error: Unable to find an element with testID: flatlist
    at Object.<anonymous> (/Users/lesison/Documents/sonls/react-native/bic-group-app/src/screens/communities/CommunityDetail/index.test.tsx:48:30)
    at Promise.then.completed (/Users/lesison/Documents/sonls/react-native/bic-group-app/node_modules/jest-circus/build/utils.js:390:28)
    at new Promise (<anonymous>)
    at callAsyncCircusFn (/Users/lesison/Documents/sonls/react-native/bic-group-app/node_modules/jest-circus/build/utils.js:315:10)
    at _callCircusTest (/Users/lesison/Documents/sonls/react-native/bic-group-app/node_modules/jest-circus/build/run.js:218:40)
    at processTicksAndRejections (node:internal/process/task_queues:96:5)
    at _runTest (/Users/lesison/Documents/sonls/react-native/bic-group-app/node_modules/jest-circus/build/run.js:155:3)
    at _runTestsForDescribeBlock (/Users/lesison/Documents/sonls/react-native/bic-group-app/node_modules/jest-circus/build/run.js:66:9)
    at _runTestsForDescribeBlock (/Users/lesison/Documents/sonls/react-native/bic-group-app/node_modules/jest-circus/build/run.js:60:9)
    at run (/Users/lesison/Documents/sonls/react-native/bic-group-app/node_modules/jest-circus/build/run.js:25:3)]]></failure>
    </testCase>
    <testCase name="CommunityDetail should render PageContent page correctly when user is not a member for OPEN/PUBLIC privacy type" duration="340">
      <failure message="Error: Unable to find an element with testID: flatlist"><![CDATA[Error: Unable to find an element with testID: flatlist
    at Object.<anonymous> (/Users/lesison/Documents/sonls/react-native/bic-group-app/src/screens/communities/CommunityDetail/index.test.tsx:64:30)
    at Promise.then.completed (/Users/lesison/Documents/sonls/react-native/bic-group-app/node_modules/jest-circus/build/utils.js:390:28)
    at new Promise (<anonymous>)
    at callAsyncCircusFn (/Users/lesison/Documents/sonls/react-native/bic-group-app/node_modules/jest-circus/build/utils.js:315:10)
    at _callCircusTest (/Users/lesison/Documents/sonls/react-native/bic-group-app/node_modules/jest-circus/build/run.js:218:40)
    at processTicksAndRejections (node:internal/process/task_queues:96:5)
    at _runTest (/Users/lesison/Documents/sonls/react-native/bic-group-app/node_modules/jest-circus/build/run.js:155:3)
    at _runTestsForDescribeBlock (/Users/lesison/Documents/sonls/react-native/bic-group-app/node_modules/jest-circus/build/run.js:66:9)
    at _runTestsForDescribeBlock (/Users/lesison/Documents/sonls/react-native/bic-group-app/node_modules/jest-circus/build/run.js:60:9)
    at run (/Users/lesison/Documents/sonls/react-native/bic-group-app/node_modules/jest-circus/build/run.js:25:3)]]></failure>
    </testCase>
    <testCase name="CommunityDetail should not render chat icon correctly for PRIVATE privacy type when user is a guest" duration="467"/>
  </file>
  <file path="/Users/lesison/Documents/sonls/react-native/bic-group-app/src/screens/series/CreateSeries/index.test.tsx">
    <testCase name="CreateSeries component renders correctly without data" duration="695">
      <failure message="Error: expect([38;2;0;95;95m[48;2;215;255;255mreceived).toMatchSnapshot()"><![CDATA[Error: expect([38;2;0;95;95m[48;2;215;255;255mreceived).toMatchSnapshot()

Snapshot name: `CreateSeries component renders correctly without data 1`

[38;2;128;0;128m[48;2;255;215;255m- Snapshot  -   0
[38;2;0;95;95m[48;2;215;255;255m+ Received  + 114

@@ -183,10 +183,124 @@
                Create Series
              </Text>
            </View>
          </View>
          <View
[38;2;0;95;95m[48;2;215;255;255m+           style={
[38;2;0;95;95m[48;2;215;255;255m+             Object {
[38;2;0;95;95m[48;2;215;255;255m+               "marginRight": 8,
[38;2;0;95;95m[48;2;215;255;255m+             }
[38;2;0;95;95m[48;2;215;255;255m+           }
[38;2;0;95;95m[48;2;215;255;255m+         >
[38;2;0;95;95m[48;2;215;255;255m+           <View
[38;2;0;95;95m[48;2;215;255;255m+             accessibilityState={
[38;2;0;95;95m[48;2;215;255;255m+               Object {
[38;2;0;95;95m[48;2;215;255;255m+                 "disabled": true,
[38;2;0;95;95m[48;2;215;255;255m+               }
[38;2;0;95;95m[48;2;215;255;255m+             }
[38;2;0;95;95m[48;2;215;255;255m+             accessible={true}
[38;2;0;95;95m[48;2;215;255;255m+             focusable={true}
[38;2;0;95;95m[48;2;215;255;255m+             onClick={[Function]}
[38;2;0;95;95m[48;2;215;255;255m+             onResponderGrant={[Function]}
[38;2;0;95;95m[48;2;215;255;255m+             onResponderMove={[Function]}
[38;2;0;95;95m[48;2;215;255;255m+             onResponderRelease={[Function]}
[38;2;0;95;95m[48;2;215;255;255m+             onResponderTerminate={[Function]}
[38;2;0;95;95m[48;2;215;255;255m+             onResponderTerminationRequest={[Function]}
[38;2;0;95;95m[48;2;215;255;255m+             onStartShouldSetResponder={[Function]}
[38;2;0;95;95m[48;2;215;255;255m+             style={
[38;2;0;95;95m[48;2;215;255;255m+               Array [
[38;2;0;95;95m[48;2;215;255;255m+                 Object {
[38;2;0;95;95m[48;2;215;255;255m+                   "borderRadius": 8,
[38;2;0;95;95m[48;2;215;255;255m+                 },
[38;2;0;95;95m[48;2;215;255;255m+                 undefined,
[38;2;0;95;95m[48;2;215;255;255m+               ]
[38;2;0;95;95m[48;2;215;255;255m+             }
[38;2;0;95;95m[48;2;215;255;255m+             testID="button_wrapper"
[38;2;0;95;95m[48;2;215;255;255m+           >
[38;2;0;95;95m[48;2;215;255;255m+             <View
[38;2;0;95;95m[48;2;215;255;255m+               style={
[38;2;0;95;95m[48;2;215;255;255m+                 Array [
[38;2;0;95;95m[48;2;215;255;255m+                   Object {
[38;2;0;95;95m[48;2;215;255;255m+                     "alignItems": "center",
[38;2;0;95;95m[48;2;215;255;255m+                     "borderRadius": 8,
[38;2;0;95;95m[48;2;215;255;255m+                     "flexDirection": "row",
[38;2;0;95;95m[48;2;215;255;255m+                     "justifyContent": "center",
[38;2;0;95;95m[48;2;215;255;255m+                     "paddingVertical": 4,
[38;2;0;95;95m[48;2;215;255;255m+                   },
[38;2;0;95;95m[48;2;215;255;255m+                   undefined,
[38;2;0;95;95m[48;2;215;255;255m+                   Object {
[38;2;0;95;95m[48;2;215;255;255m+                     "backgroundColor": "#F4EFFB",
[38;2;0;95;95m[48;2;215;255;255m+                     "height": 36,
[38;2;0;95;95m[48;2;215;255;255m+                     "paddingHorizontal": 12,
[38;2;0;95;95m[48;2;215;255;255m+                   },
[38;2;0;95;95m[48;2;215;255;255m+                 ]
[38;2;0;95;95m[48;2;215;255;255m+               }
[38;2;0;95;95m[48;2;215;255;255m+               testID="button.content"
[38;2;0;95;95m[48;2;215;255;255m+             >
[38;2;0;95;95m[48;2;215;255;255m+               <View
[38;2;0;95;95m[48;2;215;255;255m+                 accessibilityState={
[38;2;0;95;95m[48;2;215;255;255m+                   Object {
[38;2;0;95;95m[48;2;215;255;255m+                     "disabled": true,
[38;2;0;95;95m[48;2;215;255;255m+                   }
[38;2;0;95;95m[48;2;215;255;255m+                 }
[38;2;0;95;95m[48;2;215;255;255m+                 accessible={true}
[38;2;0;95;95m[48;2;215;255;255m+                 collapsable={false}
[38;2;0;95;95m[48;2;215;255;255m+                 focusable={false}
[38;2;0;95;95m[48;2;215;255;255m+                 hitSlop={
[38;2;0;95;95m[48;2;215;255;255m+                   Object {
[38;2;0;95;95m[48;2;215;255;255m+                     "bottom": 10,
[38;2;0;95;95m[48;2;215;255;255m+                     "left": 10,
[38;2;0;95;95m[48;2;215;255;255m+                     "right": 10,
[38;2;0;95;95m[48;2;215;255;255m+                     "top": 10,
[38;2;0;95;95m[48;2;215;255;255m+                   }
[38;2;0;95;95m[48;2;215;255;255m+                 }
[38;2;0;95;95m[48;2;215;255;255m+                 onClick={[Function]}
[38;2;0;95;95m[48;2;215;255;255m+                 onResponderGrant={[Function]}
[38;2;0;95;95m[48;2;215;255;255m+                 onResponderMove={[Function]}
[38;2;0;95;95m[48;2;215;255;255m+                 onResponderRelease={[Function]}
[38;2;0;95;95m[48;2;215;255;255m+                 onResponderTerminate={[Function]}
[38;2;0;95;95m[48;2;215;255;255m+                 onResponderTerminationRequest={[Function]}
[38;2;0;95;95m[48;2;215;255;255m+                 onStartShouldSetResponder={[Function]}
[38;2;0;95;95m[48;2;215;255;255m+                 style={
[38;2;0;95;95m[48;2;215;255;255m+                   Object {
[38;2;0;95;95m[48;2;215;255;255m+                     "opacity": 1,
[38;2;0;95;95m[48;2;215;255;255m+                   }
[38;2;0;95;95m[48;2;215;255;255m+                 }
[38;2;0;95;95m[48;2;215;255;255m+               >
[38;2;0;95;95m[48;2;215;255;255m+                 <View
[38;2;0;95;95m[48;2;215;255;255m+                   style={
[38;2;0;95;95m[48;2;215;255;255m+                     Array [
[38;2;0;95;95m[48;2;215;255;255m+                       Object {
[38;2;0;95;95m[48;2;215;255;255m+                         "alignItems": "center",
[38;2;0;95;95m[48;2;215;255;255m+                         "flexDirection": "row",
[38;2;0;95;95m[48;2;215;255;255m+                       },
[38;2;0;95;95m[48;2;215;255;255m+                       undefined,
[38;2;0;95;95m[48;2;215;255;255m+                       Object {
[38;2;0;95;95m[48;2;215;255;255m+                         "backgroundColor": undefined,
[38;2;0;95;95m[48;2;215;255;255m+                       },
[38;2;0;95;95m[48;2;215;255;255m+                     ]
[38;2;0;95;95m[48;2;215;255;255m+                   }
[38;2;0;95;95m[48;2;215;255;255m+                 >
[38;2;0;95;95m[48;2;215;255;255m+                   <View
[38;2;0;95;95m[48;2;215;255;255m+                     style={
[38;2;0;95;95m[48;2;215;255;255m+                       Array [
[38;2;0;95;95m[48;2;215;255;255m+                         undefined,
[38;2;0;95;95m[48;2;215;255;255m+                         undefined,
[38;2;0;95;95m[48;2;215;255;255m+                         undefined,
[38;2;0;95;95m[48;2;215;255;255m+                       ]
[38;2;0;95;95m[48;2;215;255;255m+                     }
[38;2;0;95;95m[48;2;215;255;255m+                   >
[38;2;0;95;95m[48;2;215;255;255m+                     <View
[38;2;0;95;95m[48;2;215;255;255m+                       testID="button.icon"
[38;2;0;95;95m[48;2;215;255;255m+                     />
[38;2;0;95;95m[48;2;215;255;255m+                   </View>
[38;2;0;95;95m[48;2;215;255;255m+                 </View>
[38;2;0;95;95m[48;2;215;255;255m+               </View>
[38;2;0;95;95m[48;2;215;255;255m+             </View>
[38;2;0;95;95m[48;2;215;255;255m+           </View>
[38;2;0;95;95m[48;2;215;255;255m+         </View>
[38;2;0;95;95m[48;2;215;255;255m+         <View
            accessibilityState={
              Object {
                "disabled": true,
              }
            }
    at Object.<anonymous> (/Users/lesison/Documents/sonls/react-native/bic-group-app/src/screens/series/CreateSeries/index.test.tsx:33:30)
    at Promise.then.completed (/Users/lesison/Documents/sonls/react-native/bic-group-app/node_modules/jest-circus/build/utils.js:390:28)
    at new Promise (<anonymous>)
    at callAsyncCircusFn (/Users/lesison/Documents/sonls/react-native/bic-group-app/node_modules/jest-circus/build/utils.js:315:10)
    at _callCircusTest (/Users/lesison/Documents/sonls/react-native/bic-group-app/node_modules/jest-circus/build/run.js:218:40)
    at processTicksAndRejections (node:internal/process/task_queues:96:5)
    at _runTest (/Users/lesison/Documents/sonls/react-native/bic-group-app/node_modules/jest-circus/build/run.js:155:3)
    at _runTestsForDescribeBlock (/Users/lesison/Documents/sonls/react-native/bic-group-app/node_modules/jest-circus/build/run.js:66:9)
    at _runTestsForDescribeBlock (/Users/lesison/Documents/sonls/react-native/bic-group-app/node_modules/jest-circus/build/run.js:60:9)
    at run (/Users/lesison/Documents/sonls/react-native/bic-group-app/node_modules/jest-circus/build/run.js:25:3)]]></failure>
    </testCase>
    <testCase name="CreateSeries component renders correctly with role edit series" duration="225">
      <failure message="Error: expect(received).toBe(expected) // Object.is equality"><![CDATA[Error: expect(received).toBe(expected) // Object.is equality

Expected: true
Received: false
    at Object.<anonymous> (/Users/lesison/Documents/sonls/react-native/bic-group-app/src/screens/series/CreateSeries/index.test.tsx:55:63)
    at Promise.then.completed (/Users/lesison/Documents/sonls/react-native/bic-group-app/node_modules/jest-circus/build/utils.js:390:28)
    at new Promise (<anonymous>)
    at callAsyncCircusFn (/Users/lesison/Documents/sonls/react-native/bic-group-app/node_modules/jest-circus/build/utils.js:315:10)
    at _callCircusTest (/Users/lesison/Documents/sonls/react-native/bic-group-app/node_modules/jest-circus/build/run.js:218:40)
    at processTicksAndRejections (node:internal/process/task_queues:96:5)
    at _runTest (/Users/lesison/Documents/sonls/react-native/bic-group-app/node_modules/jest-circus/build/run.js:155:3)
    at _runTestsForDescribeBlock (/Users/lesison/Documents/sonls/react-native/bic-group-app/node_modules/jest-circus/build/run.js:66:9)
    at _runTestsForDescribeBlock (/Users/lesison/Documents/sonls/react-native/bic-group-app/node_modules/jest-circus/build/run.js:60:9)
    at run (/Users/lesison/Documents/sonls/react-native/bic-group-app/node_modules/jest-circus/build/run.js:25:3)]]></failure>
    </testCase>
    <testCase name="CreateSeries component should navigate to select audience when click choosen audience component" duration="500"/>
    <testCase name="CreateSeries component should back to previous screen successfully if no change" duration="166">
      <failure message="Error: expect(jest.fn()).toBeCalled()"><![CDATA[Error: expect(jest.fn()).toBeCalled()

Expected number of calls: >= 1
Received number of calls:    0
    at Object.<anonymous> (/Users/lesison/Documents/sonls/react-native/bic-group-app/src/screens/series/CreateSeries/index.test.tsx:95:20)
    at Promise.then.completed (/Users/lesison/Documents/sonls/react-native/bic-group-app/node_modules/jest-circus/build/utils.js:390:28)
    at new Promise (<anonymous>)
    at callAsyncCircusFn (/Users/lesison/Documents/sonls/react-native/bic-group-app/node_modules/jest-circus/build/utils.js:315:10)
    at _callCircusTest (/Users/lesison/Documents/sonls/react-native/bic-group-app/node_modules/jest-circus/build/run.js:218:40)
    at processTicksAndRejections (node:internal/process/task_queues:96:5)
    at _runTest (/Users/lesison/Documents/sonls/react-native/bic-group-app/node_modules/jest-circus/build/run.js:155:3)
    at _runTestsForDescribeBlock (/Users/lesison/Documents/sonls/react-native/bic-group-app/node_modules/jest-circus/build/run.js:66:9)
    at _runTestsForDescribeBlock (/Users/lesison/Documents/sonls/react-native/bic-group-app/node_modules/jest-circus/build/run.js:60:9)
    at run (/Users/lesison/Documents/sonls/react-native/bic-group-app/node_modules/jest-circus/build/run.js:25:3)]]></failure>
    </testCase>
    <testCase name="CreateSeries component should show alert when changed value and click back with role edit series" duration="236">
      <failure message="Error: expect(jest.fn()).toBeCalled()"><![CDATA[Error: expect(jest.fn()).toBeCalled()

Expected number of calls: >= 1
Received number of calls:    0
    at Object.<anonymous> (/Users/lesison/Documents/sonls/react-native/bic-group-app/src/screens/series/CreateSeries/index.test.tsx:120:23)
    at Promise.then.completed (/Users/lesison/Documents/sonls/react-native/bic-group-app/node_modules/jest-circus/build/utils.js:390:28)
    at new Promise (<anonymous>)
    at callAsyncCircusFn (/Users/lesison/Documents/sonls/react-native/bic-group-app/node_modules/jest-circus/build/utils.js:315:10)
    at _callCircusTest (/Users/lesison/Documents/sonls/react-native/bic-group-app/node_modules/jest-circus/build/run.js:218:40)
    at processTicksAndRejections (node:internal/process/task_queues:96:5)
    at _runTest (/Users/lesison/Documents/sonls/react-native/bic-group-app/node_modules/jest-circus/build/run.js:155:3)
    at _runTestsForDescribeBlock (/Users/lesison/Documents/sonls/react-native/bic-group-app/node_modules/jest-circus/build/run.js:66:9)
    at _runTestsForDescribeBlock (/Users/lesison/Documents/sonls/react-native/bic-group-app/node_modules/jest-circus/build/run.js:60:9)
    at run (/Users/lesison/Documents/sonls/react-native/bic-group-app/node_modules/jest-circus/build/run.js:25:3)]]></failure>
    </testCase>
    <testCase name="CreateSeries component should back to previous screen successfully when click back with role create new series but cover media is empty" duration="219"/>
    <testCase name="CreateSeries component should call api edit series success when save series edited" duration="711"/>
    <testCase name="CreateSeries component should call api edit series failed and show alert when save audience can not remove" duration="229">
      <failure message="Error: expect(jest.fn()).toBeCalled()"><![CDATA[Error: expect(jest.fn()).toBeCalled()

Expected number of calls: >= 1
Received number of calls:    0
    at Object.<anonymous> (/Users/lesison/Documents/sonls/react-native/bic-group-app/src/screens/series/CreateSeries/index.test.tsx:248:23)
    at Promise.then.completed (/Users/lesison/Documents/sonls/react-native/bic-group-app/node_modules/jest-circus/build/utils.js:390:28)
    at new Promise (<anonymous>)
    at callAsyncCircusFn (/Users/lesison/Documents/sonls/react-native/bic-group-app/node_modules/jest-circus/build/utils.js:315:10)
    at _callCircusTest (/Users/lesison/Documents/sonls/react-native/bic-group-app/node_modules/jest-circus/build/run.js:218:40)
    at processTicksAndRejections (node:internal/process/task_queues:96:5)
    at _runTest (/Users/lesison/Documents/sonls/react-native/bic-group-app/node_modules/jest-circus/build/run.js:155:3)
    at _runTestsForDescribeBlock (/Users/lesison/Documents/sonls/react-native/bic-group-app/node_modules/jest-circus/build/run.js:66:9)
    at _runTestsForDescribeBlock (/Users/lesison/Documents/sonls/react-native/bic-group-app/node_modules/jest-circus/build/run.js:60:9)
    at run (/Users/lesison/Documents/sonls/react-native/bic-group-app/node_modules/jest-circus/build/run.js:25:3)]]></failure>
    </testCase>
  </file>
  <file path="/Users/lesison/Documents/sonls/react-native/bic-group-app/src/screens/articles/CreateArticle/screens/CreateArticleAudience/index.test.tsx">
    <testCase name="CreateArticleAudience screen should not enable button save if audience is empty" duration="629">
      <failure message="TypeError: Cannot read properties of undefined (reading &apos;length&apos;)"><![CDATA[TypeError: Cannot read properties of undefined (reading 'length')
    at useCreateArticle (/Users/lesison/Documents/sonls/react-native/bic-group-app/src/screens/articles/CreateArticle/hooks/useCreateArticle.ts:93:87)
    at CreateArticleAudience (/Users/lesison/Documents/sonls/react-native/bic-group-app/src/screens/articles/CreateArticle/screens/CreateArticleAudience/index.tsx:51:23)
    at renderWithHooks (/Users/lesison/Documents/sonls/react-native/bic-group-app/node_modules/react-test-renderer/cjs/react-test-renderer.development.js:6016:18)
    at updateFunctionComponent (/Users/lesison/Documents/sonls/react-native/bic-group-app/node_modules/react-test-renderer/cjs/react-test-renderer.development.js:8340:20)
    at beginWork (/Users/lesison/Documents/sonls/react-native/bic-group-app/node_modules/react-test-renderer/cjs/react-test-renderer.development.js:9980:16)
    at performUnitOfWork (/Users/lesison/Documents/sonls/react-native/bic-group-app/node_modules/react-test-renderer/cjs/react-test-renderer.development.js:13800:12)
    at workLoopSync (/Users/lesison/Documents/sonls/react-native/bic-group-app/node_modules/react-test-renderer/cjs/react-test-renderer.development.js:13728:5)
    at renderRootSync (/Users/lesison/Documents/sonls/react-native/bic-group-app/node_modules/react-test-renderer/cjs/react-test-renderer.development.js:13691:7)
    at performSyncWorkOnRoot (/Users/lesison/Documents/sonls/react-native/bic-group-app/node_modules/react-test-renderer/cjs/react-test-renderer.development.js:13404:18)
    at /Users/lesison/Documents/sonls/react-native/bic-group-app/node_modules/react-test-renderer/cjs/react-test-renderer.development.js:2537:26]]></failure>
    </testCase>
    <testCase name="CreateArticleAudience screen should enable button save if audience is not empty &amp; changed" duration="489"/>
  </file>
  <file path="/Users/lesison/Documents/sonls/react-native/bic-group-app/src/screens/groups/GeneralInformation/components/GroupInfoView.test.tsx">
    <testCase name="GroupInfoView component renders correctly" duration="216"/>
    <testCase name="GroupInfoView component should show correct name" duration="98">
      <failure message="Error: Unable to find an element with testID: info_view.name.sub_title"><![CDATA[Error: Unable to find an element with testID: info_view.name.sub_title
    at Object.<anonymous> (/Users/lesison/Documents/sonls/react-native/bic-group-app/src/screens/groups/GeneralInformation/components/GroupInfoView.test.tsx:46:32)
    at Promise.then.completed (/Users/lesison/Documents/sonls/react-native/bic-group-app/node_modules/jest-circus/build/utils.js:390:28)
    at new Promise (<anonymous>)
    at callAsyncCircusFn (/Users/lesison/Documents/sonls/react-native/bic-group-app/node_modules/jest-circus/build/utils.js:315:10)
    at _callCircusTest (/Users/lesison/Documents/sonls/react-native/bic-group-app/node_modules/jest-circus/build/run.js:218:40)
    at processTicksAndRejections (node:internal/process/task_queues:96:5)
    at _runTest (/Users/lesison/Documents/sonls/react-native/bic-group-app/node_modules/jest-circus/build/run.js:155:3)
    at _runTestsForDescribeBlock (/Users/lesison/Documents/sonls/react-native/bic-group-app/node_modules/jest-circus/build/run.js:66:9)
    at _runTestsForDescribeBlock (/Users/lesison/Documents/sonls/react-native/bic-group-app/node_modules/jest-circus/build/run.js:60:9)
    at run (/Users/lesison/Documents/sonls/react-native/bic-group-app/node_modules/jest-circus/build/run.js:25:3)]]></failure>
    </testCase>
    <testCase name="GroupInfoView component should show correct description" duration="109">
      <failure message="Error: Unable to find an element with testID: info_view.description.sub_title"><![CDATA[Error: Unable to find an element with testID: info_view.description.sub_title
    at Object.<anonymous> (/Users/lesison/Documents/sonls/react-native/bic-group-app/src/screens/groups/GeneralInformation/components/GroupInfoView.test.tsx:55:32)
    at Promise.then.completed (/Users/lesison/Documents/sonls/react-native/bic-group-app/node_modules/jest-circus/build/utils.js:390:28)
    at new Promise (<anonymous>)
    at callAsyncCircusFn (/Users/lesison/Documents/sonls/react-native/bic-group-app/node_modules/jest-circus/build/utils.js:315:10)
    at _callCircusTest (/Users/lesison/Documents/sonls/react-native/bic-group-app/node_modules/jest-circus/build/run.js:218:40)
    at processTicksAndRejections (node:internal/process/task_queues:96:5)
    at _runTest (/Users/lesison/Documents/sonls/react-native/bic-group-app/node_modules/jest-circus/build/run.js:155:3)
    at _runTestsForDescribeBlock (/Users/lesison/Documents/sonls/react-native/bic-group-app/node_modules/jest-circus/build/run.js:66:9)
    at _runTestsForDescribeBlock (/Users/lesison/Documents/sonls/react-native/bic-group-app/node_modules/jest-circus/build/run.js:60:9)
    at run (/Users/lesison/Documents/sonls/react-native/bic-group-app/node_modules/jest-circus/build/run.js:25:3)]]></failure>
    </testCase>
    <testCase name="GroupInfoView component should call navigate to editGroupDescripton when edit button press" duration="83">
      <failure message="Error: Unable to find an element with testID: info_view.description"><![CDATA[Error: Unable to find an element with testID: info_view.description
    at Object.<anonymous> (/Users/lesison/Documents/sonls/react-native/bic-group-app/src/screens/groups/GeneralInformation/components/GroupInfoView.test.tsx:71:32)
    at Promise.then.completed (/Users/lesison/Documents/sonls/react-native/bic-group-app/node_modules/jest-circus/build/utils.js:390:28)
    at new Promise (<anonymous>)
    at callAsyncCircusFn (/Users/lesison/Documents/sonls/react-native/bic-group-app/node_modules/jest-circus/build/utils.js:315:10)
    at _callCircusTest (/Users/lesison/Documents/sonls/react-native/bic-group-app/node_modules/jest-circus/build/run.js:218:40)
    at processTicksAndRejections (node:internal/process/task_queues:96:5)
    at _runTest (/Users/lesison/Documents/sonls/react-native/bic-group-app/node_modules/jest-circus/build/run.js:155:3)
    at _runTestsForDescribeBlock (/Users/lesison/Documents/sonls/react-native/bic-group-app/node_modules/jest-circus/build/run.js:66:9)
    at _runTestsForDescribeBlock (/Users/lesison/Documents/sonls/react-native/bic-group-app/node_modules/jest-circus/build/run.js:60:9)
    at run (/Users/lesison/Documents/sonls/react-native/bic-group-app/node_modules/jest-circus/build/run.js:25:3)]]></failure>
    </testCase>
    <testCase name="GroupInfoView component should call onPressPrivacy when privacy button press" duration="106">
      <failure message="Error: Unable to find an element with testID: info_view.privacy"><![CDATA[Error: Unable to find an element with testID: info_view.privacy
    at Object.<anonymous> (/Users/lesison/Documents/sonls/react-native/bic-group-app/src/screens/groups/GeneralInformation/components/GroupInfoView.test.tsx:102:32)
    at Promise.then.completed (/Users/lesison/Documents/sonls/react-native/bic-group-app/node_modules/jest-circus/build/utils.js:390:28)
    at new Promise (<anonymous>)
    at callAsyncCircusFn (/Users/lesison/Documents/sonls/react-native/bic-group-app/node_modules/jest-circus/build/utils.js:315:10)
    at _callCircusTest (/Users/lesison/Documents/sonls/react-native/bic-group-app/node_modules/jest-circus/build/run.js:218:40)
    at processTicksAndRejections (node:internal/process/task_queues:96:5)
    at _runTest (/Users/lesison/Documents/sonls/react-native/bic-group-app/node_modules/jest-circus/build/run.js:155:3)
    at _runTestsForDescribeBlock (/Users/lesison/Documents/sonls/react-native/bic-group-app/node_modules/jest-circus/build/run.js:66:9)
    at _runTestsForDescribeBlock (/Users/lesison/Documents/sonls/react-native/bic-group-app/node_modules/jest-circus/build/run.js:60:9)
    at run (/Users/lesison/Documents/sonls/react-native/bic-group-app/node_modules/jest-circus/build/run.js:25:3)]]></failure>
    </testCase>
  </file>
  <file path="/Users/lesison/Documents/sonls/react-native/bic-group-app/src/screens/Draft/DraftPost/components/PostDraftView.test.tsx">
    <testCase name="PostDraftView component should show button delete, button edit and button Publish" duration="394">
      <failure message="Error: Couldn&apos;t find a route object. Is your component inside a screen in a navigator?"><![CDATA[Error: Couldn't find a route object. Is your component inside a screen in a navigator?
    at useRoute (/Users/lesison/Documents/sonls/react-native/bic-group-app/node_modules/@react-navigation/core/src/useRoute.tsx:16:11)
    at PostHeader (/Users/lesison/Documents/sonls/react-native/bic-group-app/src/components/posts/PostHeader/index.tsx:31:25)
    at renderWithHooks (/Users/lesison/Documents/sonls/react-native/bic-group-app/node_modules/react-test-renderer/cjs/react-test-renderer.development.js:6016:18)
    at mountIndeterminateComponent (/Users/lesison/Documents/sonls/react-native/bic-group-app/node_modules/react-test-renderer/cjs/react-test-renderer.development.js:8744:13)
    at beginWork (/Users/lesison/Documents/sonls/react-native/bic-group-app/node_modules/react-test-renderer/cjs/react-test-renderer.development.js:9966:16)
    at performUnitOfWork (/Users/lesison/Documents/sonls/react-native/bic-group-app/node_modules/react-test-renderer/cjs/react-test-renderer.development.js:13800:12)
    at workLoopSync (/Users/lesison/Documents/sonls/react-native/bic-group-app/node_modules/react-test-renderer/cjs/react-test-renderer.development.js:13728:5)
    at renderRootSync (/Users/lesison/Documents/sonls/react-native/bic-group-app/node_modules/react-test-renderer/cjs/react-test-renderer.development.js:13691:7)
    at performSyncWorkOnRoot (/Users/lesison/Documents/sonls/react-native/bic-group-app/node_modules/react-test-renderer/cjs/react-test-renderer.development.js:13404:18)
    at /Users/lesison/Documents/sonls/react-native/bic-group-app/node_modules/react-test-renderer/cjs/react-test-renderer.development.js:2537:26]]></failure>
    </testCase>
    <testCase name="PostDraftView component should hide modal and show alert when click button delete" duration="104">
      <failure message="Error: Couldn&apos;t find a route object. Is your component inside a screen in a navigator?"><![CDATA[Error: Couldn't find a route object. Is your component inside a screen in a navigator?
    at useRoute (/Users/lesison/Documents/sonls/react-native/bic-group-app/node_modules/@react-navigation/core/src/useRoute.tsx:16:11)
    at PostHeader (/Users/lesison/Documents/sonls/react-native/bic-group-app/src/components/posts/PostHeader/index.tsx:31:25)
    at renderWithHooks (/Users/lesison/Documents/sonls/react-native/bic-group-app/node_modules/react-test-renderer/cjs/react-test-renderer.development.js:6016:18)
    at mountIndeterminateComponent (/Users/lesison/Documents/sonls/react-native/bic-group-app/node_modules/react-test-renderer/cjs/react-test-renderer.development.js:8744:13)
    at beginWork (/Users/lesison/Documents/sonls/react-native/bic-group-app/node_modules/react-test-renderer/cjs/react-test-renderer.development.js:9966:16)
    at performUnitOfWork (/Users/lesison/Documents/sonls/react-native/bic-group-app/node_modules/react-test-renderer/cjs/react-test-renderer.development.js:13800:12)
    at workLoopSync (/Users/lesison/Documents/sonls/react-native/bic-group-app/node_modules/react-test-renderer/cjs/react-test-renderer.development.js:13728:5)
    at renderRootSync (/Users/lesison/Documents/sonls/react-native/bic-group-app/node_modules/react-test-renderer/cjs/react-test-renderer.development.js:13691:7)
    at performSyncWorkOnRoot (/Users/lesison/Documents/sonls/react-native/bic-group-app/node_modules/react-test-renderer/cjs/react-test-renderer.development.js:13404:18)
    at /Users/lesison/Documents/sonls/react-native/bic-group-app/node_modules/react-test-renderer/cjs/react-test-renderer.development.js:2537:26]]></failure>
    </testCase>
    <testCase name="PostDraftView component should navigate to edit post screen when click button edit" duration="117">
      <failure message="Error: Couldn&apos;t find a route object. Is your component inside a screen in a navigator?"><![CDATA[Error: Couldn't find a route object. Is your component inside a screen in a navigator?
    at useRoute (/Users/lesison/Documents/sonls/react-native/bic-group-app/node_modules/@react-navigation/core/src/useRoute.tsx:16:11)
    at PostHeader (/Users/lesison/Documents/sonls/react-native/bic-group-app/src/components/posts/PostHeader/index.tsx:31:25)
    at renderWithHooks (/Users/lesison/Documents/sonls/react-native/bic-group-app/node_modules/react-test-renderer/cjs/react-test-renderer.development.js:6016:18)
    at mountIndeterminateComponent (/Users/lesison/Documents/sonls/react-native/bic-group-app/node_modules/react-test-renderer/cjs/react-test-renderer.development.js:8744:13)
    at beginWork (/Users/lesison/Documents/sonls/react-native/bic-group-app/node_modules/react-test-renderer/cjs/react-test-renderer.development.js:9966:16)
    at performUnitOfWork (/Users/lesison/Documents/sonls/react-native/bic-group-app/node_modules/react-test-renderer/cjs/react-test-renderer.development.js:13800:12)
    at workLoopSync (/Users/lesison/Documents/sonls/react-native/bic-group-app/node_modules/react-test-renderer/cjs/react-test-renderer.development.js:13728:5)
    at renderRootSync (/Users/lesison/Documents/sonls/react-native/bic-group-app/node_modules/react-test-renderer/cjs/react-test-renderer.development.js:13691:7)
    at performSyncWorkOnRoot (/Users/lesison/Documents/sonls/react-native/bic-group-app/node_modules/react-test-renderer/cjs/react-test-renderer.development.js:13404:18)
    at /Users/lesison/Documents/sonls/react-native/bic-group-app/node_modules/react-test-renderer/cjs/react-test-renderer.development.js:2537:26]]></failure>
    </testCase>
    <testCase name="PostDraftView component should disable button publish with id undefined" duration="68">
      <failure message="Error: Couldn&apos;t find a route object. Is your component inside a screen in a navigator?"><![CDATA[Error: Couldn't find a route object. Is your component inside a screen in a navigator?
    at useRoute (/Users/lesison/Documents/sonls/react-native/bic-group-app/node_modules/@react-navigation/core/src/useRoute.tsx:16:11)
    at PostHeader (/Users/lesison/Documents/sonls/react-native/bic-group-app/src/components/posts/PostHeader/index.tsx:31:25)
    at renderWithHooks (/Users/lesison/Documents/sonls/react-native/bic-group-app/node_modules/react-test-renderer/cjs/react-test-renderer.development.js:6016:18)
    at mountIndeterminateComponent (/Users/lesison/Documents/sonls/react-native/bic-group-app/node_modules/react-test-renderer/cjs/react-test-renderer.development.js:8744:13)
    at beginWork (/Users/lesison/Documents/sonls/react-native/bic-group-app/node_modules/react-test-renderer/cjs/react-test-renderer.development.js:9966:16)
    at performUnitOfWork (/Users/lesison/Documents/sonls/react-native/bic-group-app/node_modules/react-test-renderer/cjs/react-test-renderer.development.js:13800:12)
    at workLoopSync (/Users/lesison/Documents/sonls/react-native/bic-group-app/node_modules/react-test-renderer/cjs/react-test-renderer.development.js:13728:5)
    at renderRootSync (/Users/lesison/Documents/sonls/react-native/bic-group-app/node_modules/react-test-renderer/cjs/react-test-renderer.development.js:13691:7)
    at performSyncWorkOnRoot (/Users/lesison/Documents/sonls/react-native/bic-group-app/node_modules/react-test-renderer/cjs/react-test-renderer.development.js:13404:18)
    at /Users/lesison/Documents/sonls/react-native/bic-group-app/node_modules/react-test-renderer/cjs/react-test-renderer.development.js:2537:26]]></failure>
    </testCase>
    <testCase name="PostDraftView component should show text post is processing waiting for publish when post`s status = PROCESSING" duration="391">
      <failure message="Error: Couldn&apos;t find a route object. Is your component inside a screen in a navigator?"><![CDATA[Error: Couldn't find a route object. Is your component inside a screen in a navigator?
    at useRoute (/Users/lesison/Documents/sonls/react-native/bic-group-app/node_modules/@react-navigation/core/src/useRoute.tsx:16:11)
    at PostHeader (/Users/lesison/Documents/sonls/react-native/bic-group-app/src/components/posts/PostHeader/index.tsx:31:25)
    at renderWithHooks (/Users/lesison/Documents/sonls/react-native/bic-group-app/node_modules/react-test-renderer/cjs/react-test-renderer.development.js:6016:18)
    at mountIndeterminateComponent (/Users/lesison/Documents/sonls/react-native/bic-group-app/node_modules/react-test-renderer/cjs/react-test-renderer.development.js:8744:13)
    at beginWork (/Users/lesison/Documents/sonls/react-native/bic-group-app/node_modules/react-test-renderer/cjs/react-test-renderer.development.js:9966:16)
    at performUnitOfWork (/Users/lesison/Documents/sonls/react-native/bic-group-app/node_modules/react-test-renderer/cjs/react-test-renderer.development.js:13800:12)
    at workLoopSync (/Users/lesison/Documents/sonls/react-native/bic-group-app/node_modules/react-test-renderer/cjs/react-test-renderer.development.js:13728:5)
    at renderRootSync (/Users/lesison/Documents/sonls/react-native/bic-group-app/node_modules/react-test-renderer/cjs/react-test-renderer.development.js:13691:7)
    at performSyncWorkOnRoot (/Users/lesison/Documents/sonls/react-native/bic-group-app/node_modules/react-test-renderer/cjs/react-test-renderer.development.js:13404:18)
    at /Users/lesison/Documents/sonls/react-native/bic-group-app/node_modules/react-test-renderer/cjs/react-test-renderer.development.js:2537:26]]></failure>
    </testCase>
  </file>
  <file path="/Users/lesison/Documents/sonls/react-native/bic-group-app/src/screens/tags/Tags/components/ListTag.test.tsx">
    <testCase name="ListTag component render correctly with default state" duration="406">
      <failure message="Error: expect([38;2;0;95;95m[48;2;215;255;255mreceived).toMatchSnapshot()"><![CDATA[Error: expect([38;2;0;95;95m[48;2;215;255;255mreceived).toMatchSnapshot()

Snapshot name: `ListTag component render correctly with default state 1`

[38;2;128;0;128m[48;2;255;215;255m- Snapshot  - 7
[38;2;0;95;95m[48;2;215;255;255m+ Received  + 7

@@ -127,11 +127,11 @@
                    Object {},
                    undefined,
                  ]
                }
              >
[38;2;128;0;128m[48;2;255;215;255m-               tag 1
[38;2;0;95;95m[48;2;215;255;255m+               TAG 1
              </Text>
            </View>
          </View>
        </View>
        <View
@@ -180,11 +180,11 @@
                    Object {},
                    undefined,
                  ]
                }
              >
[38;2;128;0;128m[48;2;255;215;255m-               tag 2
[38;2;0;95;95m[48;2;215;255;255m+               TAG 2
              </Text>
            </View>
          </View>
        </View>
        <View
@@ -233,11 +233,11 @@
                    Object {},
                    undefined,
                  ]
                }
              >
[38;2;128;0;128m[48;2;255;215;255m-               tag 3
[38;2;0;95;95m[48;2;215;255;255m+               TAG 3
              </Text>
            </View>
          </View>
        </View>
        <View
@@ -286,11 +286,11 @@
                    Object {},
                    undefined,
                  ]
                }
              >
[38;2;128;0;128m[48;2;255;215;255m-               tag 4
[38;2;0;95;95m[48;2;215;255;255m+               TAG 4
              </Text>
            </View>
          </View>
        </View>
        <View
@@ -339,11 +339,11 @@
                    Object {},
                    undefined,
                  ]
                }
              >
[38;2;128;0;128m[48;2;255;215;255m-               tag 5
[38;2;0;95;95m[48;2;215;255;255m+               TAG 5
              </Text>
            </View>
          </View>
        </View>
        <View
@@ -392,11 +392,11 @@
                    Object {},
                    undefined,
                  ]
                }
              >
[38;2;128;0;128m[48;2;255;215;255m-               tag 6
[38;2;0;95;95m[48;2;215;255;255m+               TAG 6
              </Text>
            </View>
          </View>
        </View>
        <View
@@ -445,11 +445,11 @@
                    Object {},
                    undefined,
                  ]
                }
              >
[38;2;128;0;128m[48;2;255;215;255m-               tag 7
[38;2;0;95;95m[48;2;215;255;255m+               TAG 7
              </Text>
            </View>
          </View>
        </View>
        <View
    at Object.<anonymous> (/Users/lesison/Documents/sonls/react-native/bic-group-app/src/screens/tags/Tags/components/ListTag.test.tsx:28:21)
    at Promise.then.completed (/Users/lesison/Documents/sonls/react-native/bic-group-app/node_modules/jest-circus/build/utils.js:390:28)
    at new Promise (<anonymous>)
    at callAsyncCircusFn (/Users/lesison/Documents/sonls/react-native/bic-group-app/node_modules/jest-circus/build/utils.js:315:10)
    at _callCircusTest (/Users/lesison/Documents/sonls/react-native/bic-group-app/node_modules/jest-circus/build/run.js:218:40)
    at processTicksAndRejections (node:internal/process/task_queues:96:5)
    at _runTest (/Users/lesison/Documents/sonls/react-native/bic-group-app/node_modules/jest-circus/build/run.js:155:3)
    at _runTestsForDescribeBlock (/Users/lesison/Documents/sonls/react-native/bic-group-app/node_modules/jest-circus/build/run.js:66:9)
    at _runTestsForDescribeBlock (/Users/lesison/Documents/sonls/react-native/bic-group-app/node_modules/jest-circus/build/run.js:60:9)
    at run (/Users/lesison/Documents/sonls/react-native/bic-group-app/node_modules/jest-circus/build/run.js:25:3)]]></failure>
    </testCase>
  </file>
  <file path="/Users/lesison/Documents/sonls/react-native/bic-group-app/src/screens/Home/components/NewsfeedList/index.test.tsx">
    <testCase name="NewsfeedList component renders correctly loading more" duration="1391">
      <failure message="Error: expect(received).not.toBeNull()"><![CDATA[Error: expect(received).not.toBeNull()

Received: null
    at _callee$ (/Users/lesison/Documents/sonls/react-native/bic-group-app/src/screens/Home/components/NewsfeedList/index.test.tsx:30:27)
    at tryCatch (/Users/lesison/Documents/sonls/react-native/bic-group-app/node_modules/regenerator-runtime/runtime.js:64:40)
    at Generator.invoke (/Users/lesison/Documents/sonls/react-native/bic-group-app/node_modules/regenerator-runtime/runtime.js:299:22)
    at Generator.next (/Users/lesison/Documents/sonls/react-native/bic-group-app/node_modules/regenerator-runtime/runtime.js:124:21)
    at tryCatch (/Users/lesison/Documents/sonls/react-native/bic-group-app/node_modules/regenerator-runtime/runtime.js:64:40)
    at invoke (/Users/lesison/Documents/sonls/react-native/bic-group-app/node_modules/regenerator-runtime/runtime.js:160:20)
    at /Users/lesison/Documents/sonls/react-native/bic-group-app/node_modules/regenerator-runtime/runtime.js:170:13
    at tryCallOne (/Users/lesison/Documents/sonls/react-native/bic-group-app/node_modules/react-native/node_modules/promise/lib/core.js:37:12)
    at /Users/lesison/Documents/sonls/react-native/bic-group-app/node_modules/react-native/node_modules/promise/lib/core.js:123:15
    at flush (/Users/lesison/Documents/sonls/react-native/bic-group-app/node_modules/asap/raw.js:50:29)]]></failure>
    </testCase>
    <testCase name="NewsfeedList component renders correctly cant load more" duration="351">
      <failure message="Error: expect(received).not.toBeNull()"><![CDATA[Error: expect(received).not.toBeNull()

Received: null
    at _callee2$ (/Users/lesison/Documents/sonls/react-native/bic-group-app/src/screens/Home/components/NewsfeedList/index.test.tsx:52:27)
    at tryCatch (/Users/lesison/Documents/sonls/react-native/bic-group-app/node_modules/regenerator-runtime/runtime.js:64:40)
    at Generator.invoke (/Users/lesison/Documents/sonls/react-native/bic-group-app/node_modules/regenerator-runtime/runtime.js:299:22)
    at Generator.next (/Users/lesison/Documents/sonls/react-native/bic-group-app/node_modules/regenerator-runtime/runtime.js:124:21)
    at tryCatch (/Users/lesison/Documents/sonls/react-native/bic-group-app/node_modules/regenerator-runtime/runtime.js:64:40)
    at invoke (/Users/lesison/Documents/sonls/react-native/bic-group-app/node_modules/regenerator-runtime/runtime.js:160:20)
    at /Users/lesison/Documents/sonls/react-native/bic-group-app/node_modules/regenerator-runtime/runtime.js:195:11
    at tryCallTwo (/Users/lesison/Documents/sonls/react-native/bic-group-app/node_modules/react-native/node_modules/promise/lib/core.js:45:5)
    at doResolve (/Users/lesison/Documents/sonls/react-native/bic-group-app/node_modules/react-native/node_modules/promise/lib/core.js:200:13)
    at new Promise (/Users/lesison/Documents/sonls/react-native/bic-group-app/node_modules/react-native/node_modules/promise/lib/core.js:66:3)]]></failure>
    </testCase>
  </file>
  <file path="/Users/lesison/Documents/sonls/react-native/bic-group-app/src/screens/series/SeriesDetail/index.test.tsx">
    <testCase name="SeriesDetail component renders correctly" duration="595">
      <failure message="Error: expect([38;2;0;95;95m[48;2;215;255;255mreceived).toMatchSnapshot()"><![CDATA[Error: expect([38;2;0;95;95m[48;2;215;255;255mreceived).toMatchSnapshot()

Snapshot name: `SeriesDetail component renders correctly 1`

[38;2;128;0;128m[48;2;255;215;255m- Snapshot  - 0
[38;2;0;95;95m[48;2;215;255;255m+ Received  + 6

@@ -655,14 +655,17 @@
                                "color": "#212745",
                                "fontFamily": "BeVietnamPro-Light",
                                "fontSize": 11,
                              },
                              Object {},
[38;2;0;95;95m[48;2;215;255;255m+                             Array [
                                Object {
                                  "color": "#007AFF",
                                  "paddingLeft": 4,
                                },
[38;2;0;95;95m[48;2;215;255;255m+                               undefined,
[38;2;0;95;95m[48;2;215;255;255m+                             ],
                            ]
                          }
                          testID="tag.label"
                        >
                          baobaobaobaobaobaobaobaobaobaobaobaobaobaobaobaobaobaobaobaobaob
@@ -715,14 +718,17 @@
                                "color": "#212745",
                                "fontFamily": "BeVietnamPro-Light",
                                "fontSize": 11,
                              },
                              Object {},
[38;2;0;95;95m[48;2;215;255;255m+                             Array [
                                Object {
                                  "color": "#007AFF",
                                  "paddingLeft": 4,
                                },
[38;2;0;95;95m[48;2;215;255;255m+                               undefined,
[38;2;0;95;95m[48;2;215;255;255m+                             ],
                            ]
                          }
                          testID="tag.label"
                        >
                          Test
    at Object.<anonymous> (/Users/lesison/Documents/sonls/react-native/bic-group-app/src/screens/series/SeriesDetail/index.test.tsx:25:30)
    at Promise.then.completed (/Users/lesison/Documents/sonls/react-native/bic-group-app/node_modules/jest-circus/build/utils.js:390:28)
    at new Promise (<anonymous>)
    at callAsyncCircusFn (/Users/lesison/Documents/sonls/react-native/bic-group-app/node_modules/jest-circus/build/utils.js:315:10)
    at _callCircusTest (/Users/lesison/Documents/sonls/react-native/bic-group-app/node_modules/jest-circus/build/run.js:218:40)
    at processTicksAndRejections (node:internal/process/task_queues:96:5)
    at _runTest (/Users/lesison/Documents/sonls/react-native/bic-group-app/node_modules/jest-circus/build/run.js:155:3)
    at _runTestsForDescribeBlock (/Users/lesison/Documents/sonls/react-native/bic-group-app/node_modules/jest-circus/build/run.js:66:9)
    at _runTestsForDescribeBlock (/Users/lesison/Documents/sonls/react-native/bic-group-app/node_modules/jest-circus/build/run.js:60:9)
    at run (/Users/lesison/Documents/sonls/react-native/bic-group-app/node_modules/jest-circus/build/run.js:25:3)]]></failure>
    </testCase>
    <testCase name="SeriesDetail component renders delete item when series deleted" duration="287"/>
    <testCase name="SeriesDetail component should call action show bottom list menu when press menu icon" duration="365"/>
  </file>
  <file path="/Users/lesison/Documents/sonls/react-native/bic-group-app/src/components/series/SeriesContent/index.test.tsx">
    <testCase name="SeriesContent component given description = null, should render without description view" duration="250"/>
    <testCase name="SeriesContent component given description !== null, should render description view" duration="79"/>
    <testCase name="SeriesContent component render without description view" duration="82"/>
    <testCase name="SeriesContent component render with description view" duration="94"/>
    <testCase name="SeriesContent component given titleHighlight and isLite === true should render title with titleHighlight" duration="109"/>
    <testCase name="SeriesContent component given titleHighlight and isLite === false should render title with title" duration="45"/>
    <testCase name="SeriesContent component given summaryHighlight and isLite === true should render summary with summaryHighlight" duration="77"/>
    <testCase name="SeriesContent component given summaryHighlight and isLite === false should render summary with summary" duration="89"/>
  </file>
  <file path="/Users/lesison/Documents/sonls/react-native/bic-group-app/src/screens/articles/CreateArticle/screens/CreateArticleCategory/CategorySection.test.tsx">
    <testCase name="CategorySection should render correctly" duration="527">
      <failure message="Error: expect([38;2;0;95;95m[48;2;215;255;255mreceived).toMatchSnapshot()"><![CDATA[Error: expect([38;2;0;95;95m[48;2;215;255;255mreceived).toMatchSnapshot()

Snapshot name: `CategorySection should render correctly 1`

[38;2;128;0;128m[48;2;255;215;255m- Snapshot  - 0
[38;2;0;95;95m[48;2;215;255;255m+ Received  + 3

@@ -166,14 +166,17 @@
                            "color": "#212745",
                            "fontFamily": "BeVietnamPro-Light",
                            "fontSize": 13,
                          },
                          Object {},
[38;2;0;95;95m[48;2;215;255;255m+                         Array [
                            Object {
                              "color": "#2D3039",
                              "paddingLeft": 4,
                            },
[38;2;0;95;95m[48;2;215;255;255m+                           undefined,
[38;2;0;95;95m[48;2;215;255;255m+                         ],
                        ]
                      }
                      testID="tag.label"
                    >
                      Others
    at Object.<anonymous> (/Users/lesison/Documents/sonls/react-native/bic-group-app/src/screens/articles/CreateArticle/screens/CreateArticleCategory/CategorySection.test.tsx:32:21)
    at Promise.then.completed (/Users/lesison/Documents/sonls/react-native/bic-group-app/node_modules/jest-circus/build/utils.js:390:28)
    at new Promise (<anonymous>)
    at callAsyncCircusFn (/Users/lesison/Documents/sonls/react-native/bic-group-app/node_modules/jest-circus/build/utils.js:315:10)
    at _callCircusTest (/Users/lesison/Documents/sonls/react-native/bic-group-app/node_modules/jest-circus/build/run.js:218:40)
    at processTicksAndRejections (node:internal/process/task_queues:96:5)
    at _runTest (/Users/lesison/Documents/sonls/react-native/bic-group-app/node_modules/jest-circus/build/run.js:155:3)
    at _runTestsForDescribeBlock (/Users/lesison/Documents/sonls/react-native/bic-group-app/node_modules/jest-circus/build/run.js:66:9)
    at _runTestsForDescribeBlock (/Users/lesison/Documents/sonls/react-native/bic-group-app/node_modules/jest-circus/build/run.js:60:9)
    at run (/Users/lesison/Documents/sonls/react-native/bic-group-app/node_modules/jest-circus/build/run.js:25:3)]]></failure>
    </testCase>
  </file>
  <file path="/Users/lesison/Documents/sonls/react-native/bic-group-app/src/screens/series/SeriesDetail/components/AddArticles/index.test.tsx">
    <testCase name="AddArticles component renders correctly" duration="550"/>
    <testCase name="AddArticles component renders correctly with empty data" duration="365"/>
    <testCase name="AddArticles component search success" duration="464"/>
    <testCase name="AddArticles component should call api add article when click add" duration="276">
      <failure message="Error: expect(jest.fn()).toHaveBeenLastCalledWith(...expected)"><![CDATA[Error: expect(jest.fn()).toHaveBeenLastCalledWith(...expected)

- Expected
+ Received

  "5264f1b3-c8b8-428a-9fb8-7f075f03d0c8",
  Object {
-   "articleIds": Array [
+   "itemIds": Array [
      "1",
    ],
  },

Number of calls: 1
    at Object.<anonymous> (/Users/lesison/Documents/sonls/react-native/bic-group-app/src/screens/series/SeriesDetail/components/AddArticles/index.test.tsx:211:31)
    at Promise.then.completed (/Users/lesison/Documents/sonls/react-native/bic-group-app/node_modules/jest-circus/build/utils.js:390:28)
    at new Promise (<anonymous>)
    at callAsyncCircusFn (/Users/lesison/Documents/sonls/react-native/bic-group-app/node_modules/jest-circus/build/utils.js:315:10)
    at _callCircusTest (/Users/lesison/Documents/sonls/react-native/bic-group-app/node_modules/jest-circus/build/run.js:218:40)
    at processTicksAndRejections (node:internal/process/task_queues:96:5)
    at _runTest (/Users/lesison/Documents/sonls/react-native/bic-group-app/node_modules/jest-circus/build/run.js:155:3)
    at _runTestsForDescribeBlock (/Users/lesison/Documents/sonls/react-native/bic-group-app/node_modules/jest-circus/build/run.js:66:9)
    at _runTestsForDescribeBlock (/Users/lesison/Documents/sonls/react-native/bic-group-app/node_modules/jest-circus/build/run.js:60:9)
    at run (/Users/lesison/Documents/sonls/react-native/bic-group-app/node_modules/jest-circus/build/run.js:25:3)]]></failure>
    </testCase>
    <testCase name="AddArticles component should do nothing when click add but item is added: " duration="219"/>
  </file>
  <file path="/Users/lesison/Documents/sonls/react-native/bic-group-app/src/components/TagsView/index.test.tsx">
    <testCase name="TagsView component renders correctly" duration="522">
      <failure message="Error: expect([38;2;0;95;95m[48;2;215;255;255mreceived).toMatchSnapshot()"><![CDATA[Error: expect([38;2;0;95;95m[48;2;215;255;255mreceived).toMatchSnapshot()

Snapshot name: `TagsView component renders correctly 1`

[38;2;128;0;128m[48;2;255;215;255m- Snapshot  -  4
[38;2;0;95;95m[48;2;215;255;255m+ Received  + 81

@@ -1,18 +1,85 @@
  <View
    style={
      Object {
[38;2;0;95;95m[48;2;215;255;255m+       "flex": 1,
[38;2;0;95;95m[48;2;215;255;255m+       "flexDirection": "row",
[38;2;0;95;95m[48;2;215;255;255m+     }
[38;2;0;95;95m[48;2;215;255;255m+   }
[38;2;0;95;95m[48;2;215;255;255m+ >
[38;2;0;95;95m[48;2;215;255;255m+   <View
[38;2;0;95;95m[48;2;215;255;255m+     accessibilityState={
[38;2;0;95;95m[48;2;215;255;255m+       Object {
[38;2;0;95;95m[48;2;215;255;255m+         "disabled": true,
[38;2;0;95;95m[48;2;215;255;255m+       }
[38;2;0;95;95m[48;2;215;255;255m+     }
[38;2;0;95;95m[48;2;215;255;255m+     accessible={true}
[38;2;0;95;95m[48;2;215;255;255m+     collapsable={false}
[38;2;0;95;95m[48;2;215;255;255m+     focusable={false}
[38;2;0;95;95m[48;2;215;255;255m+     hitSlop={
[38;2;0;95;95m[48;2;215;255;255m+       Object {
[38;2;0;95;95m[48;2;215;255;255m+         "bottom": 10,
[38;2;0;95;95m[48;2;215;255;255m+         "left": 10,
[38;2;0;95;95m[48;2;215;255;255m+         "right": 10,
[38;2;0;95;95m[48;2;215;255;255m+         "top": 10,
[38;2;0;95;95m[48;2;215;255;255m+       }
[38;2;0;95;95m[48;2;215;255;255m+     }
[38;2;0;95;95m[48;2;215;255;255m+     onClick={[Function]}
[38;2;0;95;95m[48;2;215;255;255m+     onResponderGrant={[Function]}
[38;2;0;95;95m[48;2;215;255;255m+     onResponderMove={[Function]}
[38;2;0;95;95m[48;2;215;255;255m+     onResponderRelease={[Function]}
[38;2;0;95;95m[48;2;215;255;255m+     onResponderTerminate={[Function]}
[38;2;0;95;95m[48;2;215;255;255m+     onResponderTerminationRequest={[Function]}
[38;2;0;95;95m[48;2;215;255;255m+     onStartShouldSetResponder={[Function]}
[38;2;0;95;95m[48;2;215;255;255m+     style={
[38;2;0;95;95m[48;2;215;255;255m+       Object {
[38;2;0;95;95m[48;2;215;255;255m+         "opacity": 1,
[38;2;0;95;95m[48;2;215;255;255m+       }
[38;2;0;95;95m[48;2;215;255;255m+     }
[38;2;0;95;95m[48;2;215;255;255m+   >
[38;2;0;95;95m[48;2;215;255;255m+     <View
[38;2;0;95;95m[48;2;215;255;255m+       style={
[38;2;0;95;95m[48;2;215;255;255m+         Array [
[38;2;0;95;95m[48;2;215;255;255m+           Object {
[38;2;0;95;95m[48;2;215;255;255m+             "alignItems": "center",
              "flexDirection": "row",
[38;2;0;95;95m[48;2;215;255;255m+           },
[38;2;0;95;95m[48;2;215;255;255m+           Object {
[38;2;0;95;95m[48;2;215;255;255m+             "marginRight": 8,
[38;2;0;95;95m[48;2;215;255;255m+             "marginTop": 12,
[38;2;0;95;95m[48;2;215;255;255m+           },
[38;2;0;95;95m[48;2;215;255;255m+           Object {
[38;2;0;95;95m[48;2;215;255;255m+             "backgroundColor": undefined,
[38;2;0;95;95m[48;2;215;255;255m+           },
[38;2;0;95;95m[48;2;215;255;255m+         ]
[38;2;0;95;95m[48;2;215;255;255m+       }
[38;2;0;95;95m[48;2;215;255;255m+     >
[38;2;0;95;95m[48;2;215;255;255m+       <View
[38;2;0;95;95m[48;2;215;255;255m+         style={
[38;2;0;95;95m[48;2;215;255;255m+           Array [
[38;2;0;95;95m[48;2;215;255;255m+             undefined,
[38;2;0;95;95m[48;2;215;255;255m+             undefined,
[38;2;0;95;95m[48;2;215;255;255m+             undefined,
[38;2;0;95;95m[48;2;215;255;255m+           ]
[38;2;0;95;95m[48;2;215;255;255m+         }
[38;2;0;95;95m[48;2;215;255;255m+       >
[38;2;0;95;95m[48;2;215;255;255m+         <View />
[38;2;0;95;95m[48;2;215;255;255m+       </View>
[38;2;0;95;95m[48;2;215;255;255m+     </View>
[38;2;0;95;95m[48;2;215;255;255m+   </View>
[38;2;0;95;95m[48;2;215;255;255m+   <View
[38;2;0;95;95m[48;2;215;255;255m+     style={
[38;2;0;95;95m[48;2;215;255;255m+       Object {
[38;2;0;95;95m[48;2;215;255;255m+         "flexDirection": "row",
          "flexWrap": "wrap",
        }
      }
    >
      <View
        style={
          Object {
            "marginTop": 8,
[38;2;128;0;128m[48;2;255;215;255m-         "maxWidth": 718,
            "paddingRight": 8,
          }
        }
      >
        <View
@@ -60,27 +127,31 @@
                  "color": "#212745",
                  "fontFamily": "BeVietnamPro-Light",
                  "fontSize": 11,
                },
                Object {},
[38;2;0;95;95m[48;2;215;255;255m+               Array [
                  Object {
                    "color": "#353E6E",
                    "paddingLeft": 4,
[38;2;0;95;95m[48;2;215;255;255m+                 },
[38;2;0;95;95m[48;2;215;255;255m+                 Object {
[38;2;0;95;95m[48;2;215;255;255m+                   "fontSize": 10,
                  },
[38;2;0;95;95m[48;2;215;255;255m+               ],
              ]
            }
            testID="tag.label"
          >
[38;2;128;0;128m[48;2;255;215;255m-         tag 1
[38;2;0;95;95m[48;2;215;255;255m+           TAG 1
          </Text>
        </View>
      </View>
      <View
        style={
          Object {
            "marginTop": 8,
[38;2;128;0;128m[48;2;255;215;255m-         "maxWidth": 718,
            "paddingRight": 8,
          }
        }
      >
        <View
@@ -128,18 +199,24 @@
                  "color": "#212745",
                  "fontFamily": "BeVietnamPro-Light",
                  "fontSize": 11,
                },
                Object {},
[38;2;0;95;95m[48;2;215;255;255m+               Array [
                  Object {
                    "color": "#353E6E",
                    "paddingLeft": 4,
                  },
[38;2;0;95;95m[48;2;215;255;255m+                 Object {
[38;2;0;95;95m[48;2;215;255;255m+                   "fontSize": 10,
[38;2;0;95;95m[48;2;215;255;255m+                 },
[38;2;0;95;95m[48;2;215;255;255m+               ],
              ]
            }
            testID="tag.label"
          >
[38;2;128;0;128m[48;2;255;215;255m-         tag 2
[38;2;0;95;95m[48;2;215;255;255m+           TAG 2
          </Text>
[38;2;0;95;95m[48;2;215;255;255m+       </View>
      </View>
    </View>
  </View>
    at Object.<anonymous> (/Users/lesison/Documents/sonls/react-native/bic-group-app/src/components/TagsView/index.test.tsx:18:22)
    at Promise.then.completed (/Users/lesison/Documents/sonls/react-native/bic-group-app/node_modules/jest-circus/build/utils.js:390:28)
    at new Promise (<anonymous>)
    at callAsyncCircusFn (/Users/lesison/Documents/sonls/react-native/bic-group-app/node_modules/jest-circus/build/utils.js:315:10)
    at _callCircusTest (/Users/lesison/Documents/sonls/react-native/bic-group-app/node_modules/jest-circus/build/run.js:218:40)
    at processTicksAndRejections (node:internal/process/task_queues:96:5)
    at _runTest (/Users/lesison/Documents/sonls/react-native/bic-group-app/node_modules/jest-circus/build/run.js:155:3)
    at _runTestsForDescribeBlock (/Users/lesison/Documents/sonls/react-native/bic-group-app/node_modules/jest-circus/build/run.js:66:9)
    at _runTestsForDescribeBlock (/Users/lesison/Documents/sonls/react-native/bic-group-app/node_modules/jest-circus/build/run.js:60:9)
    at run (/Users/lesison/Documents/sonls/react-native/bic-group-app/node_modules/jest-circus/build/run.js:25:3)]]></failure>
    </testCase>
  </file>
  <file path="/Users/lesison/Documents/sonls/react-native/bic-group-app/src/screens/communities/CommunityDetail/components/PrivateWelcome/index.test.tsx">
    <testCase name="PrivateWelcome component renders InfoHeader component correctly" duration="395"/>
    <testCase name="PrivateWelcome component renders JoinCancelButton component correctly" duration="333">
      <failure message="Error: Unable to find an element with testID: join_cancel_button"><![CDATA[Error: Unable to find an element with testID: join_cancel_button
    at Object.<anonymous> (/Users/lesison/Documents/sonls/react-native/bic-group-app/src/screens/communities/CommunityDetail/components/PrivateWelcome/index.test.tsx:39:31)
    at Promise.then.completed (/Users/lesison/Documents/sonls/react-native/bic-group-app/node_modules/jest-circus/build/utils.js:390:28)
    at new Promise (<anonymous>)
    at callAsyncCircusFn (/Users/lesison/Documents/sonls/react-native/bic-group-app/node_modules/jest-circus/build/utils.js:315:10)
    at _callCircusTest (/Users/lesison/Documents/sonls/react-native/bic-group-app/node_modules/jest-circus/build/run.js:218:40)
    at processTicksAndRejections (node:internal/process/task_queues:96:5)
    at _runTest (/Users/lesison/Documents/sonls/react-native/bic-group-app/node_modules/jest-circus/build/run.js:155:3)
    at _runTestsForDescribeBlock (/Users/lesison/Documents/sonls/react-native/bic-group-app/node_modules/jest-circus/build/run.js:66:9)
    at _runTestsForDescribeBlock (/Users/lesison/Documents/sonls/react-native/bic-group-app/node_modules/jest-circus/build/run.js:60:9)
    at run (/Users/lesison/Documents/sonls/react-native/bic-group-app/node_modules/jest-circus/build/run.js:25:3)]]></failure>
    </testCase>
    <testCase name="PrivateWelcome component renders AboutContent component correctly" duration="422"/>
  </file>
  <file path="/Users/lesison/Documents/sonls/react-native/bic-group-app/src/screens/groups/GroupMembers/index.test.tsx">
    <testCase name="GroupMembers component should render search input correctly" duration="583">
      <failure message="Error: Unable to find an element with testID: group_members.search"><![CDATA[Error: Unable to find an element with testID: group_members.search
    at Object.<anonymous> (/Users/lesison/Documents/sonls/react-native/bic-group-app/src/screens/groups/GroupMembers/index.test.tsx:16:33)
    at Promise.then.completed (/Users/lesison/Documents/sonls/react-native/bic-group-app/node_modules/jest-circus/build/utils.js:390:28)
    at new Promise (<anonymous>)
    at callAsyncCircusFn (/Users/lesison/Documents/sonls/react-native/bic-group-app/node_modules/jest-circus/build/utils.js:315:10)
    at _callCircusTest (/Users/lesison/Documents/sonls/react-native/bic-group-app/node_modules/jest-circus/build/run.js:218:40)
    at processTicksAndRejections (node:internal/process/task_queues:96:5)
    at _runTest (/Users/lesison/Documents/sonls/react-native/bic-group-app/node_modules/jest-circus/build/run.js:155:3)
    at _runTestsForDescribeBlock (/Users/lesison/Documents/sonls/react-native/bic-group-app/node_modules/jest-circus/build/run.js:66:9)
    at _runTestsForDescribeBlock (/Users/lesison/Documents/sonls/react-native/bic-group-app/node_modules/jest-circus/build/run.js:60:9)
    at run (/Users/lesison/Documents/sonls/react-native/bic-group-app/node_modules/jest-circus/build/run.js:25:3)]]></failure>
    </testCase>
    <testCase name="GroupMembers component should render list data correctly" duration="379"/>
    <testCase name="GroupMembers component should render Invite member button and navigate to Invite member screen correctly when user can manage member" duration="514">
      <failure message="Error: Unable to find an element with testID: group_members.invite"><![CDATA[Error: Unable to find an element with testID: group_members.invite
    at Object.<anonymous> (/Users/lesison/Documents/sonls/react-native/bic-group-app/src/screens/groups/GroupMembers/index.test.tsx:43:31)
    at Promise.then.completed (/Users/lesison/Documents/sonls/react-native/bic-group-app/node_modules/jest-circus/build/utils.js:390:28)
    at new Promise (<anonymous>)
    at callAsyncCircusFn (/Users/lesison/Documents/sonls/react-native/bic-group-app/node_modules/jest-circus/build/utils.js:315:10)
    at _callCircusTest (/Users/lesison/Documents/sonls/react-native/bic-group-app/node_modules/jest-circus/build/run.js:218:40)
    at processTicksAndRejections (node:internal/process/task_queues:96:5)
    at _runTest (/Users/lesison/Documents/sonls/react-native/bic-group-app/node_modules/jest-circus/build/run.js:155:3)
    at _runTestsForDescribeBlock (/Users/lesison/Documents/sonls/react-native/bic-group-app/node_modules/jest-circus/build/run.js:66:9)
    at _runTestsForDescribeBlock (/Users/lesison/Documents/sonls/react-native/bic-group-app/node_modules/jest-circus/build/run.js:60:9)
    at run (/Users/lesison/Documents/sonls/react-native/bic-group-app/node_modules/jest-circus/build/run.js:25:3)]]></failure>
    </testCase>
    <testCase name="GroupMembers component should NOT render Invite member button correctly when user cannot manage member" duration="484"/>
  </file>
  <file path="/Users/lesison/Documents/sonls/react-native/bic-group-app/src/components/SelectSeries/components/ListSeriesWithAudiences.test.tsx">
    <testCase name="ListSeriesWithAudiences component render correctly" duration="529">
      <failure message="Error: expect([38;2;0;95;95m[48;2;215;255;255mreceived).toMatchSnapshot()"><![CDATA[Error: expect([38;2;0;95;95m[48;2;215;255;255mreceived).toMatchSnapshot()

Snapshot name: `ListSeriesWithAudiences component render correctly 1`

[38;2;128;0;128m[48;2;255;215;255m- Snapshot  -  4
[38;2;0;95;95m[48;2;215;255;255m+ Received  + 25

@@ -59,20 +59,20 @@
                "root_group_id": "8b103e63-0714-40bb-9f33-01a8a26fea77",
              },
              Object {
                "community_id": "e4b06eda-94d6-42d0-8829-d5380bc8f95b222",
                "icon": "https://bic-stg-entity-attribute-s3-bucket.s3.ap-southeast-1.amazonaws.com/group/avatar/images/original/c015b7d3-7bf1-4b0e-9ca4-b73d3a7ff82e.jpg",
[38;2;128;0;128m[48;2;255;215;255m-               "id": "e1cb33cf-ef6e-4d13-97d9-23ee95b7bf99",
[38;2;0;95;95m[48;2;215;255;255m+               "id": "e1cb33cf-ef6e-4d13-97d9-23ee95b7bf998",
                "is_community": true,
[38;2;128;0;128m[48;2;255;215;255m-               "name": "Community.của.Linh",
[38;2;0;95;95m[48;2;215;255;255m+               "name": "Community.của.Linh1",
                "privacy": "PUBLIC",
                "root_group_id": "e1cb33cf-ef6e-4d13-97d9-23ee95b7bf99",
              },
              Object {
                "community_id": "e4b8bf37-a218-4f73-bdfd-44444",
                "icon": "https://bic-stg-entity-attribute-s3-bucket.s3.ap-southeast-1.amazonaws.com/static/group/default-avatar.png",
[38;2;128;0;128m[48;2;255;215;255m-               "id": "8b103e63-0714-40bb-9f33-01a8a26fea77",
[38;2;0;95;95m[48;2;215;255;255m+               "id": "8b103e63-0714-40bb-9f33-01a8a26fea778",
                "is_community": true,
                "name": "The Rock Creweeeuhwfhwehghekghkehgrhekjrhgkerhkghekrglejlrghkeljrglherklgjlrglejlgjrlgjlrjkglrj",
                "privacy": "PUBLIC",
                "root_group_id": "8b103e63-0714-40bb-9f33-01a8a26fea77",
              },
@@ -97,10 +97,11 @@
    onScrollEndDrag={[Function]}
    removeClippedSubviews={false}
    renderItem={[Function]}
    scrollEventThrottle={50}
    stickyHeaderIndices={Array []}
[38;2;0;95;95m[48;2;215;255;255m+   testID="list_series_with_audiences.list_series"
    viewabilityConfigCallbackPairs={Array []}
  >
    <View>
      <View
        onLayout={[Function]}
@@ -110,10 +111,11 @@
          style={
            Object {
              "paddingHorizontal": 16,
            }
          }
[38;2;0;95;95m[48;2;215;255;255m+         testID="series_item"
        >
          <View
            style={
              Object {
                "flexDirection": "row",
@@ -307,14 +309,17 @@
                      "color": "#212745",
                      "fontFamily": "BeVietnamPro-Light",
                      "fontSize": 14,
                    },
                    Object {},
[38;2;0;95;95m[48;2;215;255;255m+                   Array [
                      Object {
                        "color": "#007AFF",
                        "paddingLeft": 4,
                      },
[38;2;0;95;95m[48;2;215;255;255m+                     undefined,
[38;2;0;95;95m[48;2;215;255;255m+                   ],
                  ]
                }
                testID="tag.label"
              >
                Community.của.Linh
@@ -356,14 +361,17 @@
                      "color": "#212745",
                      "fontFamily": "BeVietnamPro-Light",
                      "fontSize": 14,
                    },
                    Object {},
[38;2;0;95;95m[48;2;215;255;255m+                   Array [
                      Object {
                        "color": "#007AFF",
                        "paddingLeft": 4,
                      },
[38;2;0;95;95m[48;2;215;255;255m+                     undefined,
[38;2;0;95;95m[48;2;215;255;255m+                   ],
                  ]
                }
                testID="tag.label"
              >
                The Rock Crew
@@ -380,10 +388,11 @@
          style={
            Object {
              "paddingHorizontal": 16,
            }
          }
[38;2;0;95;95m[48;2;215;255;255m+         testID="series_item"
        >
          <View
            style={
              Object {
                "flexDirection": "row",
@@ -577,14 +586,17 @@
                      "color": "#212745",
                      "fontFamily": "BeVietnamPro-Light",
                      "fontSize": 14,
                    },
                    Object {},
[38;2;0;95;95m[48;2;215;255;255m+                   Array [
                      Object {
                        "color": "#007AFF",
                        "paddingLeft": 4,
                      },
[38;2;0;95;95m[48;2;215;255;255m+                     undefined,
[38;2;0;95;95m[48;2;215;255;255m+                   ],
                  ]
                }
                testID="tag.label"
              >
                Community.của.Linh
@@ -626,14 +638,17 @@
                      "color": "#212745",
                      "fontFamily": "BeVietnamPro-Light",
                      "fontSize": 14,
                    },
                    Object {},
[38;2;0;95;95m[48;2;215;255;255m+                   Array [
                      Object {
                        "color": "#007AFF",
                        "paddingLeft": 4,
                      },
[38;2;0;95;95m[48;2;215;255;255m+                     undefined,
[38;2;0;95;95m[48;2;215;255;255m+                   ],
                  ]
                }
                testID="tag.label"
              >
                The Rock
@@ -675,19 +690,22 @@
                      "color": "#212745",
                      "fontFamily": "BeVietnamPro-Light",
                      "fontSize": 14,
                    },
                    Object {},
[38;2;0;95;95m[48;2;215;255;255m+                   Array [
                      Object {
                        "color": "#007AFF",
                        "paddingLeft": 4,
                      },
[38;2;0;95;95m[48;2;215;255;255m+                     undefined,
[38;2;0;95;95m[48;2;215;255;255m+                   ],
                  ]
                }
                testID="tag.label"
              >
[38;2;128;0;128m[48;2;255;215;255m-               Community.của.Linh
[38;2;0;95;95m[48;2;215;255;255m+               Community.của.Linh1
              </Text>
            </View>
            <View
              accessible={true}
              collapsable={false}
@@ -724,14 +742,17 @@
                      "color": "#212745",
                      "fontFamily": "BeVietnamPro-Light",
                      "fontSize": 14,
                    },
                    Object {},
[38;2;0;95;95m[48;2;215;255;255m+                   Array [
                      Object {
                        "color": "#007AFF",
                        "paddingLeft": 4,
                      },
[38;2;0;95;95m[48;2;215;255;255m+                     undefined,
[38;2;0;95;95m[48;2;215;255;255m+                   ],
                  ]
                }
                testID="tag.label"
              >
                The Rock Creweeeuhwfhwehghekghkehgrhekjrhgkerhkghekrglejlrghkeljrglherklgjlrglejlgjrlgjlrjkglrj
    at Object.<anonymous> (/Users/lesison/Documents/sonls/react-native/bic-group-app/src/components/SelectSeries/components/ListSeriesWithAudiences.test.tsx:18:30)
    at Promise.then.completed (/Users/lesison/Documents/sonls/react-native/bic-group-app/node_modules/jest-circus/build/utils.js:390:28)
    at new Promise (<anonymous>)
    at callAsyncCircusFn (/Users/lesison/Documents/sonls/react-native/bic-group-app/node_modules/jest-circus/build/utils.js:315:10)
    at _callCircusTest (/Users/lesison/Documents/sonls/react-native/bic-group-app/node_modules/jest-circus/build/run.js:218:40)
    at processTicksAndRejections (node:internal/process/task_queues:96:5)
    at _runTest (/Users/lesison/Documents/sonls/react-native/bic-group-app/node_modules/jest-circus/build/run.js:155:3)
    at _runTestsForDescribeBlock (/Users/lesison/Documents/sonls/react-native/bic-group-app/node_modules/jest-circus/build/run.js:66:9)
    at _runTestsForDescribeBlock (/Users/lesison/Documents/sonls/react-native/bic-group-app/node_modules/jest-circus/build/run.js:60:9)
    at run (/Users/lesison/Documents/sonls/react-native/bic-group-app/node_modules/jest-circus/build/run.js:25:3)]]></failure>
    </testCase>
    <testCase name="ListSeriesWithAudiences component render correctly when data is empty" duration="211">
      <failure message="Error: expect([38;2;0;95;95m[48;2;215;255;255mreceived).toMatchSnapshot()"><![CDATA[Error: expect([38;2;0;95;95m[48;2;215;255;255mreceived).toMatchSnapshot()

Snapshot name: `ListSeriesWithAudiences component render correctly when data is empty 1`

[38;2;128;0;128m[48;2;255;215;255m- Snapshot  - 0
[38;2;0;95;95m[48;2;215;255;255m+ Received  + 1

@@ -24,10 +24,11 @@
    onScrollEndDrag={[Function]}
    removeClippedSubviews={false}
    renderItem={[Function]}
    scrollEventThrottle={50}
    stickyHeaderIndices={Array []}
[38;2;0;95;95m[48;2;215;255;255m+   testID="list_series_with_audiences.list_series"
    viewabilityConfigCallbackPairs={Array []}
  >
    <View>
      <View
        style={
    at Object.<anonymous> (/Users/lesison/Documents/sonls/react-native/bic-group-app/src/components/SelectSeries/components/ListSeriesWithAudiences.test.tsx:31:30)
    at Promise.then.completed (/Users/lesison/Documents/sonls/react-native/bic-group-app/node_modules/jest-circus/build/utils.js:390:28)
    at new Promise (<anonymous>)
    at callAsyncCircusFn (/Users/lesison/Documents/sonls/react-native/bic-group-app/node_modules/jest-circus/build/utils.js:315:10)
    at _callCircusTest (/Users/lesison/Documents/sonls/react-native/bic-group-app/node_modules/jest-circus/build/run.js:218:40)
    at processTicksAndRejections (node:internal/process/task_queues:96:5)
    at _runTest (/Users/lesison/Documents/sonls/react-native/bic-group-app/node_modules/jest-circus/build/run.js:155:3)
    at _runTestsForDescribeBlock (/Users/lesison/Documents/sonls/react-native/bic-group-app/node_modules/jest-circus/build/run.js:66:9)
    at _runTestsForDescribeBlock (/Users/lesison/Documents/sonls/react-native/bic-group-app/node_modules/jest-circus/build/run.js:60:9)
    at run (/Users/lesison/Documents/sonls/react-native/bic-group-app/node_modules/jest-circus/build/run.js:25:3)]]></failure>
    </testCase>
    <testCase name="ListSeriesWithAudiences component render correctly when loading = true" duration="280">
      <failure message="Error: expect([38;2;0;95;95m[48;2;215;255;255mreceived).toMatchSnapshot()"><![CDATA[Error: expect([38;2;0;95;95m[48;2;215;255;255mreceived).toMatchSnapshot()

Snapshot name: `ListSeriesWithAudiences component render correctly when loading = true 1`

[38;2;128;0;128m[48;2;255;215;255m- Snapshot  - 0
[38;2;0;95;95m[48;2;215;255;255m+ Received  + 1

@@ -24,10 +24,11 @@
    onScrollEndDrag={[Function]}
    removeClippedSubviews={false}
    renderItem={[Function]}
    scrollEventThrottle={50}
    stickyHeaderIndices={Array []}
[38;2;0;95;95m[48;2;215;255;255m+   testID="list_series_with_audiences.list_series"
    viewabilityConfigCallbackPairs={Array []}
  >
    <View>
      <ActivityIndicator
        color="#A4A9B7"
    at Object.<anonymous> (/Users/lesison/Documents/sonls/react-native/bic-group-app/src/components/SelectSeries/components/ListSeriesWithAudiences.test.tsx:44:30)
    at Promise.then.completed (/Users/lesison/Documents/sonls/react-native/bic-group-app/node_modules/jest-circus/build/utils.js:390:28)
    at new Promise (<anonymous>)
    at callAsyncCircusFn (/Users/lesison/Documents/sonls/react-native/bic-group-app/node_modules/jest-circus/build/utils.js:315:10)
    at _callCircusTest (/Users/lesison/Documents/sonls/react-native/bic-group-app/node_modules/jest-circus/build/run.js:218:40)
    at processTicksAndRejections (node:internal/process/task_queues:96:5)
    at _runTest (/Users/lesison/Documents/sonls/react-native/bic-group-app/node_modules/jest-circus/build/run.js:155:3)
    at _runTestsForDescribeBlock (/Users/lesison/Documents/sonls/react-native/bic-group-app/node_modules/jest-circus/build/run.js:66:9)
    at _runTestsForDescribeBlock (/Users/lesison/Documents/sonls/react-native/bic-group-app/node_modules/jest-circus/build/run.js:60:9)
    at run (/Users/lesison/Documents/sonls/react-native/bic-group-app/node_modules/jest-circus/build/run.js:25:3)]]></failure>
    </testCase>
    <testCase name="ListSeriesWithAudiences component should call onCheckedItem when check/uncheck item" duration="543"/>
  </file>
  <file path="/Users/lesison/Documents/sonls/react-native/bic-group-app/src/screens/Home/HomeSearch/SearchResult.test.tsx">
    <testCase name="SearchResult component should render empty search result" duration="1491">
      <failure message="Error: Couldn&apos;t find a route object. Is your component inside a screen in a navigator?"><![CDATA[Error: Couldn't find a route object. Is your component inside a screen in a navigator?
    at useRoute (/Users/lesison/Documents/sonls/react-native/bic-group-app/node_modules/@react-navigation/core/src/useRoute.tsx:16:11)
    at PostHeader (/Users/lesison/Documents/sonls/react-native/bic-group-app/src/components/posts/PostHeader/index.tsx:31:25)
    at renderWithHooks (/Users/lesison/Documents/sonls/react-native/bic-group-app/node_modules/react-test-renderer/cjs/react-test-renderer.development.js:6016:18)
    at mountIndeterminateComponent (/Users/lesison/Documents/sonls/react-native/bic-group-app/node_modules/react-test-renderer/cjs/react-test-renderer.development.js:8744:13)
    at beginWork (/Users/lesison/Documents/sonls/react-native/bic-group-app/node_modules/react-test-renderer/cjs/react-test-renderer.development.js:9966:16)
    at performUnitOfWork (/Users/lesison/Documents/sonls/react-native/bic-group-app/node_modules/react-test-renderer/cjs/react-test-renderer.development.js:13800:12)
    at workLoopSync (/Users/lesison/Documents/sonls/react-native/bic-group-app/node_modules/react-test-renderer/cjs/react-test-renderer.development.js:13728:5)
    at renderRootSync (/Users/lesison/Documents/sonls/react-native/bic-group-app/node_modules/react-test-renderer/cjs/react-test-renderer.development.js:13691:7)
    at performSyncWorkOnRoot (/Users/lesison/Documents/sonls/react-native/bic-group-app/node_modules/react-test-renderer/cjs/react-test-renderer.development.js:13404:18)
    at /Users/lesison/Documents/sonls/react-native/bic-group-app/node_modules/react-test-renderer/cjs/react-test-renderer.development.js:2537:26]]></failure>
    </testCase>
    <testCase name="SearchResult component should render list search result" duration="348">
      <failure message="Error: Couldn&apos;t find a route object. Is your component inside a screen in a navigator?"><![CDATA[Error: Couldn't find a route object. Is your component inside a screen in a navigator?
    at useRoute (/Users/lesison/Documents/sonls/react-native/bic-group-app/node_modules/@react-navigation/core/src/useRoute.tsx:16:11)
    at PostHeader (/Users/lesison/Documents/sonls/react-native/bic-group-app/src/components/posts/PostHeader/index.tsx:31:25)
    at renderWithHooks (/Users/lesison/Documents/sonls/react-native/bic-group-app/node_modules/react-test-renderer/cjs/react-test-renderer.development.js:6016:18)
    at mountIndeterminateComponent (/Users/lesison/Documents/sonls/react-native/bic-group-app/node_modules/react-test-renderer/cjs/react-test-renderer.development.js:8744:13)
    at beginWork (/Users/lesison/Documents/sonls/react-native/bic-group-app/node_modules/react-test-renderer/cjs/react-test-renderer.development.js:9966:16)
    at performUnitOfWork (/Users/lesison/Documents/sonls/react-native/bic-group-app/node_modules/react-test-renderer/cjs/react-test-renderer.development.js:13800:12)
    at workLoopSync (/Users/lesison/Documents/sonls/react-native/bic-group-app/node_modules/react-test-renderer/cjs/react-test-renderer.development.js:13728:5)
    at renderRootSync (/Users/lesison/Documents/sonls/react-native/bic-group-app/node_modules/react-test-renderer/cjs/react-test-renderer.development.js:13691:7)
    at performSyncWorkOnRoot (/Users/lesison/Documents/sonls/react-native/bic-group-app/node_modules/react-test-renderer/cjs/react-test-renderer.development.js:13404:18)
    at /Users/lesison/Documents/sonls/react-native/bic-group-app/node_modules/react-test-renderer/cjs/react-test-renderer.development.js:2537:26]]></failure>
    </testCase>
  </file>
  <file path="/Users/lesison/Documents/sonls/react-native/bic-group-app/src/beinComponents/inputs/MentionInput/index.test.tsx">
    <testCase name="MentionInput component renders correctly" duration="787"/>
    <testCase name="MentionInput component should show &quot;MentionInput&quot; with zIndex 1" duration="128"/>
    <testCase name="MentionInput component should show &quot;MentionInput&quot; with CommmentInput" duration="530">
      <failure message="Error: expect([38;2;0;95;95m[48;2;215;255;255mreceived).toMatchSnapshot()"><![CDATA[Error: expect([38;2;0;95;95m[48;2;215;255;255mreceived).toMatchSnapshot()

Snapshot name: `MentionInput component should show "MentionInput" with CommmentInput 1`

[38;2;128;0;128m[48;2;255;215;255m- Snapshot  - 0
[38;2;0;95;95m[48;2;215;255;255m+ Received  + 2

@@ -1224,10 +1224,11 @@
                      style={
                        Object {
                          "flex": 1,
                        }
                      }
[38;2;0;95;95m[48;2;215;255;255m+                     testID="sticker_view.emoij"
                    >
                      <View
                        style={
                          Object {
                            "alignItems": "center",
@@ -1503,10 +1504,11 @@
                      style={
                        Object {
                          "flex": 1,
                        }
                      }
[38;2;0;95;95m[48;2;215;255;255m+                     testID="sticker_view.emoij"
                    >
                      <View
                        style={
                          Object {
                            "alignItems": "center",
    at _callee3$ (/Users/lesison/Documents/sonls/react-native/bic-group-app/src/beinComponents/inputs/MentionInput/index.test.tsx:69:22)
    at tryCatch (/Users/lesison/Documents/sonls/react-native/bic-group-app/node_modules/regenerator-runtime/runtime.js:64:40)
    at Generator.invoke (/Users/lesison/Documents/sonls/react-native/bic-group-app/node_modules/regenerator-runtime/runtime.js:299:22)
    at Generator.next (/Users/lesison/Documents/sonls/react-native/bic-group-app/node_modules/regenerator-runtime/runtime.js:124:21)
    at tryCatch (/Users/lesison/Documents/sonls/react-native/bic-group-app/node_modules/regenerator-runtime/runtime.js:64:40)
    at invoke (/Users/lesison/Documents/sonls/react-native/bic-group-app/node_modules/regenerator-runtime/runtime.js:160:20)
    at /Users/lesison/Documents/sonls/react-native/bic-group-app/node_modules/regenerator-runtime/runtime.js:195:11
    at tryCallTwo (/Users/lesison/Documents/sonls/react-native/bic-group-app/node_modules/react-native/node_modules/promise/lib/core.js:45:5)
    at doResolve (/Users/lesison/Documents/sonls/react-native/bic-group-app/node_modules/react-native/node_modules/promise/lib/core.js:200:13)
    at new Promise (/Users/lesison/Documents/sonls/react-native/bic-group-app/node_modules/react-native/node_modules/promise/lib/core.js:66:3)]]></failure>
    </testCase>
    <testCase name="MentionInput component should show &quot;MentionInput&quot; with PostInput" duration="120"/>
    <testCase name="MentionInput component should show &quot;MentionInput&quot; with disabled input" duration="33"/>
    <testCase name="MentionInput component should show &quot;MentionInput&quot; with disabled input style" duration="51"/>
    <testCase name="MentionInput component should call onChangeText" duration="72">
      <failure message="Error: expect(jest.fn()).toBeCalledWith(...expected)"><![CDATA[Error: expect(jest.fn()).toBeCalledWith(...expected)

Expected: "abc"

Number of calls: 0
    at _callee7$ (/Users/lesison/Documents/sonls/react-native/bic-group-app/src/beinComponents/inputs/MentionInput/index.test.tsx:122:26)
    at tryCatch (/Users/lesison/Documents/sonls/react-native/bic-group-app/node_modules/regenerator-runtime/runtime.js:64:40)
    at Generator.invoke (/Users/lesison/Documents/sonls/react-native/bic-group-app/node_modules/regenerator-runtime/runtime.js:299:22)
    at Generator.next (/Users/lesison/Documents/sonls/react-native/bic-group-app/node_modules/regenerator-runtime/runtime.js:124:21)
    at tryCatch (/Users/lesison/Documents/sonls/react-native/bic-group-app/node_modules/regenerator-runtime/runtime.js:64:40)
    at invoke (/Users/lesison/Documents/sonls/react-native/bic-group-app/node_modules/regenerator-runtime/runtime.js:160:20)
    at /Users/lesison/Documents/sonls/react-native/bic-group-app/node_modules/regenerator-runtime/runtime.js:195:11
    at tryCallTwo (/Users/lesison/Documents/sonls/react-native/bic-group-app/node_modules/react-native/node_modules/promise/lib/core.js:45:5)
    at doResolve (/Users/lesison/Documents/sonls/react-native/bic-group-app/node_modules/react-native/node_modules/promise/lib/core.js:200:13)
    at new Promise (/Users/lesison/Documents/sonls/react-native/bic-group-app/node_modules/react-native/node_modules/promise/lib/core.js:66:3)]]></failure>
    </testCase>
    <testCase name="MentionInput component should hide &quot;ComponentInput&quot; with hidden style on ios" duration="69"/>
  </file>
  <file path="/Users/lesison/Documents/sonls/react-native/bic-group-app/src/screens/articles/CreateArticle/screens/CreateArticleSeries/SeriesSection.test.tsx">
    <testCase name="SeriesSection should render correctly" duration="324">
      <failure message="Error: expect([38;2;0;95;95m[48;2;215;255;255mreceived).toMatchSnapshot()"><![CDATA[Error: expect([38;2;0;95;95m[48;2;215;255;255mreceived).toMatchSnapshot()

Snapshot name: `SeriesSection should render correctly 1`

[38;2;128;0;128m[48;2;255;215;255m- Snapshot  - 0
[38;2;0;95;95m[48;2;215;255;255m+ Received  + 3

@@ -185,14 +185,17 @@
                            "color": "#212745",
                            "fontFamily": "BeVietnamPro-Light",
                            "fontSize": 13,
                          },
                          Object {},
[38;2;0;95;95m[48;2;215;255;255m+                         Array [
                            Object {
                              "color": "#2D3039",
                              "paddingLeft": 4,
                            },
[38;2;0;95;95m[48;2;215;255;255m+                           undefined,
[38;2;0;95;95m[48;2;215;255;255m+                         ],
                        ]
                      }
                      testID="tag.label"
                    >
                      Đây là series có 3 bài articles
    at Object.<anonymous> (/Users/lesison/Documents/sonls/react-native/bic-group-app/src/screens/articles/CreateArticle/screens/CreateArticleSeries/SeriesSection.test.tsx:32:21)
    at Promise.then.completed (/Users/lesison/Documents/sonls/react-native/bic-group-app/node_modules/jest-circus/build/utils.js:390:28)
    at new Promise (<anonymous>)
    at callAsyncCircusFn (/Users/lesison/Documents/sonls/react-native/bic-group-app/node_modules/jest-circus/build/utils.js:315:10)
    at _callCircusTest (/Users/lesison/Documents/sonls/react-native/bic-group-app/node_modules/jest-circus/build/run.js:218:40)
    at processTicksAndRejections (node:internal/process/task_queues:96:5)
    at _runTest (/Users/lesison/Documents/sonls/react-native/bic-group-app/node_modules/jest-circus/build/run.js:155:3)
    at _runTestsForDescribeBlock (/Users/lesison/Documents/sonls/react-native/bic-group-app/node_modules/jest-circus/build/run.js:66:9)
    at _runTestsForDescribeBlock (/Users/lesison/Documents/sonls/react-native/bic-group-app/node_modules/jest-circus/build/run.js:60:9)
    at run (/Users/lesison/Documents/sonls/react-native/bic-group-app/node_modules/jest-circus/build/run.js:25:3)]]></failure>
    </testCase>
    <testCase name="SeriesSection should disabled if audience is empty" duration="242">
      <failure message="Error: expect([38;2;0;95;95m[48;2;215;255;255mreceived).toMatchSnapshot()"><![CDATA[Error: expect([38;2;0;95;95m[48;2;215;255;255mreceived).toMatchSnapshot()

Snapshot name: `SeriesSection should disabled if audience is empty 1`

[38;2;128;0;128m[48;2;255;215;255m- Snapshot  - 0
[38;2;0;95;95m[48;2;215;255;255m+ Received  + 3

@@ -185,14 +185,17 @@
                            "color": "#212745",
                            "fontFamily": "BeVietnamPro-Light",
                            "fontSize": 13,
                          },
                          Object {},
[38;2;0;95;95m[48;2;215;255;255m+                         Array [
                            Object {
                              "color": "#2D3039",
                              "paddingLeft": 4,
                            },
[38;2;0;95;95m[48;2;215;255;255m+                           undefined,
[38;2;0;95;95m[48;2;215;255;255m+                         ],
                        ]
                      }
                      testID="tag.label"
                    >
                      Đây là series có 3 bài articles
    at Object.<anonymous> (/Users/lesison/Documents/sonls/react-native/bic-group-app/src/screens/articles/CreateArticle/screens/CreateArticleSeries/SeriesSection.test.tsx:56:21)
    at Promise.then.completed (/Users/lesison/Documents/sonls/react-native/bic-group-app/node_modules/jest-circus/build/utils.js:390:28)
    at new Promise (<anonymous>)
    at callAsyncCircusFn (/Users/lesison/Documents/sonls/react-native/bic-group-app/node_modules/jest-circus/build/utils.js:315:10)
    at _callCircusTest (/Users/lesison/Documents/sonls/react-native/bic-group-app/node_modules/jest-circus/build/run.js:218:40)
    at processTicksAndRejections (node:internal/process/task_queues:96:5)
    at _runTest (/Users/lesison/Documents/sonls/react-native/bic-group-app/node_modules/jest-circus/build/run.js:155:3)
    at _runTestsForDescribeBlock (/Users/lesison/Documents/sonls/react-native/bic-group-app/node_modules/jest-circus/build/run.js:66:9)
    at _runTestsForDescribeBlock (/Users/lesison/Documents/sonls/react-native/bic-group-app/node_modules/jest-circus/build/run.js:60:9)
    at run (/Users/lesison/Documents/sonls/react-native/bic-group-app/node_modules/jest-circus/build/run.js:25:3)]]></failure>
    </testCase>
  </file>
  <file path="/Users/lesison/Documents/sonls/react-native/bic-group-app/src/screens/articles/CreateArticle/screens/CreateArticleTags/TagsSection.test.tsx">
    <testCase name="TagsSection should render correctly" duration="842">
      <failure message="Error: expect([38;2;0;95;95m[48;2;215;255;255mreceived).toMatchSnapshot()"><![CDATA[Error: expect([38;2;0;95;95m[48;2;215;255;255mreceived).toMatchSnapshot()

Snapshot name: `TagsSection should render correctly 1`

[38;2;128;0;128m[48;2;255;215;255m- Snapshot  - 0
[38;2;0;95;95m[48;2;215;255;255m+ Received  + 6

@@ -191,14 +191,17 @@
                            "color": "#212745",
                            "fontFamily": "BeVietnamPro-Light",
                            "fontSize": 13,
                          },
                          Object {},
[38;2;0;95;95m[48;2;215;255;255m+                         Array [
                            Object {
                              "color": "#2D3039",
                              "paddingLeft": 4,
                            },
[38;2;0;95;95m[48;2;215;255;255m+                           undefined,
[38;2;0;95;95m[48;2;215;255;255m+                         ],
                        ]
                      }
                      testID="tag.label"
                    >
                      tag 1
@@ -249,14 +252,17 @@
                            "color": "#212745",
                            "fontFamily": "BeVietnamPro-Light",
                            "fontSize": 13,
                          },
                          Object {},
[38;2;0;95;95m[48;2;215;255;255m+                         Array [
                            Object {
                              "color": "#2D3039",
                              "paddingLeft": 4,
                            },
[38;2;0;95;95m[48;2;215;255;255m+                           undefined,
[38;2;0;95;95m[48;2;215;255;255m+                         ],
                        ]
                      }
                      testID="tag.label"
                    >
                      tag 2
    at Object.<anonymous> (/Users/lesison/Documents/sonls/react-native/bic-group-app/src/screens/articles/CreateArticle/screens/CreateArticleTags/TagsSection.test.tsx:32:21)
    at Promise.then.completed (/Users/lesison/Documents/sonls/react-native/bic-group-app/node_modules/jest-circus/build/utils.js:390:28)
    at new Promise (<anonymous>)
    at callAsyncCircusFn (/Users/lesison/Documents/sonls/react-native/bic-group-app/node_modules/jest-circus/build/utils.js:315:10)
    at _callCircusTest (/Users/lesison/Documents/sonls/react-native/bic-group-app/node_modules/jest-circus/build/run.js:218:40)
    at processTicksAndRejections (node:internal/process/task_queues:96:5)
    at _runTest (/Users/lesison/Documents/sonls/react-native/bic-group-app/node_modules/jest-circus/build/run.js:155:3)
    at _runTestsForDescribeBlock (/Users/lesison/Documents/sonls/react-native/bic-group-app/node_modules/jest-circus/build/run.js:66:9)
    at _runTestsForDescribeBlock (/Users/lesison/Documents/sonls/react-native/bic-group-app/node_modules/jest-circus/build/run.js:60:9)
    at run (/Users/lesison/Documents/sonls/react-native/bic-group-app/node_modules/jest-circus/build/run.js:25:3)]]></failure>
    </testCase>
    <testCase name="TagsSection should disabled if audience is empty" duration="208">
      <failure message="Error: expect([38;2;0;95;95m[48;2;215;255;255mreceived).toMatchSnapshot()"><![CDATA[Error: expect([38;2;0;95;95m[48;2;215;255;255mreceived).toMatchSnapshot()

Snapshot name: `TagsSection should disabled if audience is empty 1`

[38;2;128;0;128m[48;2;255;215;255m- Snapshot  - 0
[38;2;0;95;95m[48;2;215;255;255m+ Received  + 6

@@ -191,14 +191,17 @@
                            "color": "#212745",
                            "fontFamily": "BeVietnamPro-Light",
                            "fontSize": 13,
                          },
                          Object {},
[38;2;0;95;95m[48;2;215;255;255m+                         Array [
                            Object {
                              "color": "#2D3039",
                              "paddingLeft": 4,
                            },
[38;2;0;95;95m[48;2;215;255;255m+                           undefined,
[38;2;0;95;95m[48;2;215;255;255m+                         ],
                        ]
                      }
                      testID="tag.label"
                    >
                      tag 1
@@ -249,14 +252,17 @@
                            "color": "#212745",
                            "fontFamily": "BeVietnamPro-Light",
                            "fontSize": 13,
                          },
                          Object {},
[38;2;0;95;95m[48;2;215;255;255m+                         Array [
                            Object {
                              "color": "#2D3039",
                              "paddingLeft": 4,
                            },
[38;2;0;95;95m[48;2;215;255;255m+                           undefined,
[38;2;0;95;95m[48;2;215;255;255m+                         ],
                        ]
                      }
                      testID="tag.label"
                    >
                      tag 2
    at Object.<anonymous> (/Users/lesison/Documents/sonls/react-native/bic-group-app/src/screens/articles/CreateArticle/screens/CreateArticleTags/TagsSection.test.tsx:56:21)
    at Promise.then.completed (/Users/lesison/Documents/sonls/react-native/bic-group-app/node_modules/jest-circus/build/utils.js:390:28)
    at new Promise (<anonymous>)
    at callAsyncCircusFn (/Users/lesison/Documents/sonls/react-native/bic-group-app/node_modules/jest-circus/build/utils.js:315:10)
    at _callCircusTest (/Users/lesison/Documents/sonls/react-native/bic-group-app/node_modules/jest-circus/build/run.js:218:40)
    at processTicksAndRejections (node:internal/process/task_queues:96:5)
    at _runTest (/Users/lesison/Documents/sonls/react-native/bic-group-app/node_modules/jest-circus/build/run.js:155:3)
    at _runTestsForDescribeBlock (/Users/lesison/Documents/sonls/react-native/bic-group-app/node_modules/jest-circus/build/run.js:66:9)
    at _runTestsForDescribeBlock (/Users/lesison/Documents/sonls/react-native/bic-group-app/node_modules/jest-circus/build/run.js:60:9)
    at run (/Users/lesison/Documents/sonls/react-native/bic-group-app/node_modules/jest-circus/build/run.js:25:3)]]></failure>
    </testCase>
  </file>
  <file path="/Users/lesison/Documents/sonls/react-native/bic-group-app/src/screens/series/SeriesDetail/components/SeriesDetailHeader/index.test.tsx">
    <testCase name="SeriesDetailHeader component given audiences, should render n audience" duration="320"/>
    <testCase name="SeriesDetailHeader component should navigate to community detail when press audience is community" duration="141"/>
    <testCase name="SeriesDetailHeader component should navigate to group detail when press audience is group" duration="437"/>
    <testCase name="SeriesDetailHeader component render without description view" duration="195">
      <failure message="Error: expect([38;2;0;95;95m[48;2;215;255;255mreceived).toMatchSnapshot()"><![CDATA[Error: expect([38;2;0;95;95m[48;2;215;255;255mreceived).toMatchSnapshot()

Snapshot name: `SeriesDetailHeader component render without description view 1`

[38;2;128;0;128m[48;2;255;215;255m- Snapshot  - 0
[38;2;0;95;95m[48;2;215;255;255m+ Received  + 6

@@ -367,14 +367,17 @@
                        "color": "#212745",
                        "fontFamily": "BeVietnamPro-Light",
                        "fontSize": 11,
                      },
                      Object {},
[38;2;0;95;95m[48;2;215;255;255m+                     Array [
                        Object {
                          "color": "#007AFF",
                          "paddingLeft": 4,
                        },
[38;2;0;95;95m[48;2;215;255;255m+                       undefined,
[38;2;0;95;95m[48;2;215;255;255m+                     ],
                    ]
                  }
                  testID="tag.label"
                >
                  baobaobaobaobaobaobaobaobaobaobaobaobaobaobaobaobaobaobaobaobaob
@@ -427,14 +430,17 @@
                        "color": "#212745",
                        "fontFamily": "BeVietnamPro-Light",
                        "fontSize": 11,
                      },
                      Object {},
[38;2;0;95;95m[48;2;215;255;255m+                     Array [
                        Object {
                          "color": "#007AFF",
                          "paddingLeft": 4,
                        },
[38;2;0;95;95m[48;2;215;255;255m+                       undefined,
[38;2;0;95;95m[48;2;215;255;255m+                     ],
                    ]
                  }
                  testID="tag.label"
                >
                  Test
    at Object.<anonymous> (/Users/lesison/Documents/sonls/react-native/bic-group-app/src/screens/series/SeriesDetail/components/SeriesDetailHeader/index.test.tsx:52:21)
    at Promise.then.completed (/Users/lesison/Documents/sonls/react-native/bic-group-app/node_modules/jest-circus/build/utils.js:390:28)
    at new Promise (<anonymous>)
    at callAsyncCircusFn (/Users/lesison/Documents/sonls/react-native/bic-group-app/node_modules/jest-circus/build/utils.js:315:10)
    at _callCircusTest (/Users/lesison/Documents/sonls/react-native/bic-group-app/node_modules/jest-circus/build/run.js:218:40)
    at processTicksAndRejections (node:internal/process/task_queues:96:5)
    at _runTest (/Users/lesison/Documents/sonls/react-native/bic-group-app/node_modules/jest-circus/build/run.js:155:3)
    at _runTestsForDescribeBlock (/Users/lesison/Documents/sonls/react-native/bic-group-app/node_modules/jest-circus/build/run.js:66:9)
    at _runTestsForDescribeBlock (/Users/lesison/Documents/sonls/react-native/bic-group-app/node_modules/jest-circus/build/run.js:60:9)
    at run (/Users/lesison/Documents/sonls/react-native/bic-group-app/node_modules/jest-circus/build/run.js:25:3)]]></failure>
    </testCase>
    <testCase name="SeriesDetailHeader component render with description view" duration="214">
      <failure message="Error: expect([38;2;0;95;95m[48;2;215;255;255mreceived).toMatchSnapshot()"><![CDATA[Error: expect([38;2;0;95;95m[48;2;215;255;255mreceived).toMatchSnapshot()

Snapshot name: `SeriesDetailHeader component render with description view 1`

[38;2;128;0;128m[48;2;255;215;255m- Snapshot  - 0
[38;2;0;95;95m[48;2;215;255;255m+ Received  + 3

@@ -355,14 +355,17 @@
                        "color": "#212745",
                        "fontFamily": "BeVietnamPro-Light",
                        "fontSize": 11,
                      },
                      Object {},
[38;2;0;95;95m[48;2;215;255;255m+                     Array [
                        Object {
                          "color": "#007AFF",
                          "paddingLeft": 4,
                        },
[38;2;0;95;95m[48;2;215;255;255m+                       undefined,
[38;2;0;95;95m[48;2;215;255;255m+                     ],
                    ]
                  }
                  testID="tag.label"
                >
                  baobaobaobaobaobaobaobaobaobaobaobaobaobaobaobaobaobaobaobaobaob
    at Object.<anonymous> (/Users/lesison/Documents/sonls/react-native/bic-group-app/src/screens/series/SeriesDetail/components/SeriesDetailHeader/index.test.tsx:57:21)
    at Promise.then.completed (/Users/lesison/Documents/sonls/react-native/bic-group-app/node_modules/jest-circus/build/utils.js:390:28)
    at new Promise (<anonymous>)
    at callAsyncCircusFn (/Users/lesison/Documents/sonls/react-native/bic-group-app/node_modules/jest-circus/build/utils.js:315:10)
    at _callCircusTest (/Users/lesison/Documents/sonls/react-native/bic-group-app/node_modules/jest-circus/build/run.js:218:40)
    at processTicksAndRejections (node:internal/process/task_queues:96:5)
    at _runTest (/Users/lesison/Documents/sonls/react-native/bic-group-app/node_modules/jest-circus/build/run.js:155:3)
    at _runTestsForDescribeBlock (/Users/lesison/Documents/sonls/react-native/bic-group-app/node_modules/jest-circus/build/run.js:66:9)
    at _runTestsForDescribeBlock (/Users/lesison/Documents/sonls/react-native/bic-group-app/node_modules/jest-circus/build/run.js:60:9)
    at run (/Users/lesison/Documents/sonls/react-native/bic-group-app/node_modules/jest-circus/build/run.js:25:3)]]></failure>
    </testCase>
  </file>
  <file path="/Users/lesison/Documents/sonls/react-native/bic-group-app/src/screens/YourContent/components/ScheduledArticles/index.test.tsx">
    <testCase name="ScheduledArticles component render correctly" duration="722"/>
    <testCase name="ScheduledArticles component should render empty view when schedule aritcles are empty end cant load more" duration="540"/>
  </file>
  <file path="/Users/lesison/Documents/sonls/react-native/bic-group-app/src/components/Report/store/actions/reportMember.test.ts">
    <testCase name="reportMember should call api reportMember success and show toast success" duration="244">
      <failure message="Error: expect(jest.fn()).toBeCalledWith(...expected)"><![CDATA[Error: expect(jest.fn()).toBeCalledWith(...expected)

- Expected
+ Received

  Object {
-   "content": "common:text_report_sent",
+   "content": "common:text_success_message",
+   "type": "success",
  },

Number of calls: 1
    at Object.<anonymous> (/Users/lesison/Documents/sonls/react-native/bic-group-app/src/components/Report/store/actions/reportMember.test.ts:44:23)
    at Promise.then.completed (/Users/lesison/Documents/sonls/react-native/bic-group-app/node_modules/jest-circus/build/utils.js:390:28)
    at new Promise (<anonymous>)
    at callAsyncCircusFn (/Users/lesison/Documents/sonls/react-native/bic-group-app/node_modules/jest-circus/build/utils.js:315:10)
    at _callCircusTest (/Users/lesison/Documents/sonls/react-native/bic-group-app/node_modules/jest-circus/build/run.js:218:40)
    at processTicksAndRejections (node:internal/process/task_queues:96:5)
    at _runTest (/Users/lesison/Documents/sonls/react-native/bic-group-app/node_modules/jest-circus/build/run.js:155:3)
    at _runTestsForDescribeBlock (/Users/lesison/Documents/sonls/react-native/bic-group-app/node_modules/jest-circus/build/run.js:66:9)
    at _runTestsForDescribeBlock (/Users/lesison/Documents/sonls/react-native/bic-group-app/node_modules/jest-circus/build/run.js:60:9)
    at run (/Users/lesison/Documents/sonls/react-native/bic-group-app/node_modules/jest-circus/build/run.js:25:3)]]></failure>
    </testCase>
    <testCase name="reportMember should call api reportMember error and throw error" duration="175"/>
  </file>
  <file path="/Users/lesison/Documents/sonls/react-native/bic-group-app/src/screens/groups/GeneralInformation/index.test.tsx">
    <testCase name="GeneralInformation component renders correctly" duration="608"/>
    <testCase name="GeneralInformation component should call onEditAvatar when press edit avatar" duration="333">
      <failure message="Error: No instances found with props: {&quot;testID&quot;:&quot;avatar.button_edit&quot;}"><![CDATA[Error: No instances found with props: {"testID":"avatar.button_edit"}
    at expectOne (/Users/lesison/Documents/sonls/react-native/bic-group-app/node_modules/react-test-renderer/cjs/react-test-renderer.development.js:17109:9)
    at ReactTestInstance.findByProps (/Users/lesison/Documents/sonls/react-native/bic-group-app/node_modules/react-test-renderer/cjs/react-test-renderer.development.js:17005:12)
    at Object.<anonymous> (/Users/lesison/Documents/sonls/react-native/bic-group-app/src/screens/groups/GeneralInformation/index.test.tsx:31:36)
    at Promise.then.completed (/Users/lesison/Documents/sonls/react-native/bic-group-app/node_modules/jest-circus/build/utils.js:390:28)
    at new Promise (<anonymous>)
    at callAsyncCircusFn (/Users/lesison/Documents/sonls/react-native/bic-group-app/node_modules/jest-circus/build/utils.js:315:10)
    at _callCircusTest (/Users/lesison/Documents/sonls/react-native/bic-group-app/node_modules/jest-circus/build/run.js:218:40)
    at processTicksAndRejections (node:internal/process/task_queues:96:5)
    at _runTest (/Users/lesison/Documents/sonls/react-native/bic-group-app/node_modules/jest-circus/build/run.js:155:3)
    at _runTestsForDescribeBlock (/Users/lesison/Documents/sonls/react-native/bic-group-app/node_modules/jest-circus/build/run.js:66:9)]]></failure>
    </testCase>
    <testCase name="GeneralInformation component should call onEditCover when press edit cover" duration="376">
      <failure message="Error: No instances found with props: {&quot;testID&quot;:&quot;cover.button_edit&quot;}"><![CDATA[Error: No instances found with props: {"testID":"cover.button_edit"}
    at expectOne (/Users/lesison/Documents/sonls/react-native/bic-group-app/node_modules/react-test-renderer/cjs/react-test-renderer.development.js:17109:9)
    at ReactTestInstance.findByProps (/Users/lesison/Documents/sonls/react-native/bic-group-app/node_modules/react-test-renderer/cjs/react-test-renderer.development.js:17005:12)
    at Object.<anonymous> (/Users/lesison/Documents/sonls/react-native/bic-group-app/src/screens/groups/GeneralInformation/index.test.tsx:46:35)
    at Promise.then.completed (/Users/lesison/Documents/sonls/react-native/bic-group-app/node_modules/jest-circus/build/utils.js:390:28)
    at new Promise (<anonymous>)
    at callAsyncCircusFn (/Users/lesison/Documents/sonls/react-native/bic-group-app/node_modules/jest-circus/build/utils.js:315:10)
    at _callCircusTest (/Users/lesison/Documents/sonls/react-native/bic-group-app/node_modules/jest-circus/build/run.js:218:40)
    at processTicksAndRejections (node:internal/process/task_queues:96:5)
    at _runTest (/Users/lesison/Documents/sonls/react-native/bic-group-app/node_modules/jest-circus/build/run.js:155:3)
    at _runTestsForDescribeBlock (/Users/lesison/Documents/sonls/react-native/bic-group-app/node_modules/jest-circus/build/run.js:66:9)]]></failure>
    </testCase>
  </file>
  <file path="/Users/lesison/Documents/sonls/react-native/bic-group-app/src/components/StickerView/index.test.tsx">
    <testCase name="StickerView component renders correctly" duration="344"/>
    <testCase name="StickerView component renders loading" duration="114">
      <failure message="Error: Unable to find an element with testID: loading_indicator"><![CDATA[Error: Unable to find an element with testID: loading_indicator
    at _callee2$ (/Users/lesison/Documents/sonls/react-native/bic-group-app/src/components/StickerView/index.test.tsx:64:40)
    at tryCatch (/Users/lesison/Documents/sonls/react-native/bic-group-app/node_modules/regenerator-runtime/runtime.js:64:40)
    at Generator.invoke (/Users/lesison/Documents/sonls/react-native/bic-group-app/node_modules/regenerator-runtime/runtime.js:299:22)
    at Generator.next (/Users/lesison/Documents/sonls/react-native/bic-group-app/node_modules/regenerator-runtime/runtime.js:124:21)
    at tryCatch (/Users/lesison/Documents/sonls/react-native/bic-group-app/node_modules/regenerator-runtime/runtime.js:64:40)
    at invoke (/Users/lesison/Documents/sonls/react-native/bic-group-app/node_modules/regenerator-runtime/runtime.js:160:20)
    at /Users/lesison/Documents/sonls/react-native/bic-group-app/node_modules/regenerator-runtime/runtime.js:195:11
    at tryCallTwo (/Users/lesison/Documents/sonls/react-native/bic-group-app/node_modules/react-native/node_modules/promise/lib/core.js:45:5)
    at doResolve (/Users/lesison/Documents/sonls/react-native/bic-group-app/node_modules/react-native/node_modules/promise/lib/core.js:200:13)
    at new Promise (/Users/lesison/Documents/sonls/react-native/bic-group-app/node_modules/react-native/node_modules/promise/lib/core.js:66:3)]]></failure>
    </testCase>
  </file>
  <file path="/Users/lesison/Documents/sonls/react-native/bic-group-app/src/screens/Notification/components/ScrollableTabBar.test.tsx">
    <testCase name="ScrollableTabBar component should render empty screen if get notifications successfully with no data" duration="641">
      <failure message="Error: Unable to find an element with testID: notification.filter.item"><![CDATA[Error: Unable to find an element with testID: notification.filter.item
    at Object.<anonymous> (/Users/lesison/Documents/sonls/react-native/bic-group-app/src/screens/Notification/components/ScrollableTabBar.test.tsx:29:34)
    at Promise.then.completed (/Users/lesison/Documents/sonls/react-native/bic-group-app/node_modules/jest-circus/build/utils.js:390:28)
    at new Promise (<anonymous>)
    at callAsyncCircusFn (/Users/lesison/Documents/sonls/react-native/bic-group-app/node_modules/jest-circus/build/utils.js:315:10)
    at _callCircusTest (/Users/lesison/Documents/sonls/react-native/bic-group-app/node_modules/jest-circus/build/run.js:218:40)
    at processTicksAndRejections (node:internal/process/task_queues:96:5)
    at _runTest (/Users/lesison/Documents/sonls/react-native/bic-group-app/node_modules/jest-circus/build/run.js:155:3)
    at _runTestsForDescribeBlock (/Users/lesison/Documents/sonls/react-native/bic-group-app/node_modules/jest-circus/build/run.js:66:9)
    at _runTestsForDescribeBlock (/Users/lesison/Documents/sonls/react-native/bic-group-app/node_modules/jest-circus/build/run.js:60:9)
    at run (/Users/lesison/Documents/sonls/react-native/bic-group-app/node_modules/jest-circus/build/run.js:25:3)]]></failure>
    </testCase>
    <testCase name="ScrollableTabBar component should render list notification if get notifications successfully " duration="1486"/>
    <testCase name="ScrollableTabBar component should call onChangeTab when press to filter item" duration="694">
      <failure message="Error: Unable to find an element with testID: notification.filter.item"><![CDATA[Error: Unable to find an element with testID: notification.filter.item
    at Object.<anonymous> (/Users/lesison/Documents/sonls/react-native/bic-group-app/src/screens/Notification/components/ScrollableTabBar.test.tsx:95:34)
    at Promise.then.completed (/Users/lesison/Documents/sonls/react-native/bic-group-app/node_modules/jest-circus/build/utils.js:390:28)
    at new Promise (<anonymous>)
    at callAsyncCircusFn (/Users/lesison/Documents/sonls/react-native/bic-group-app/node_modules/jest-circus/build/utils.js:315:10)
    at _callCircusTest (/Users/lesison/Documents/sonls/react-native/bic-group-app/node_modules/jest-circus/build/run.js:218:40)
    at processTicksAndRejections (node:internal/process/task_queues:96:5)
    at _runTest (/Users/lesison/Documents/sonls/react-native/bic-group-app/node_modules/jest-circus/build/run.js:155:3)
    at _runTestsForDescribeBlock (/Users/lesison/Documents/sonls/react-native/bic-group-app/node_modules/jest-circus/build/run.js:66:9)
    at _runTestsForDescribeBlock (/Users/lesison/Documents/sonls/react-native/bic-group-app/node_modules/jest-circus/build/run.js:60:9)
    at run (/Users/lesison/Documents/sonls/react-native/bic-group-app/node_modules/jest-circus/build/run.js:25:3)]]></failure>
    </testCase>
  </file>
  <file path="/Users/lesison/Documents/sonls/react-native/bic-group-app/src/beinComponents/Button/ButtonWrapper.test.tsx">
    <testCase name="Button Wrapper component renders correctly" duration="267"/>
    <testCase name="Button Wrapper component renders correctly children" duration="251"/>
    <testCase name="Button Wrapper component renders correctly testID" duration="282"/>
    <testCase name="Button Wrapper component renders correctly button disable" duration="143"/>
    <testCase name="Button Wrapper component renders correctly style" duration="54"/>
    <testCase name="Button Wrapper component renders correctly contentStyle" duration="78">
      <failure message="Error: expect(received).toBe(expected) // Object.is equality"><![CDATA[Error: expect(received).toBe(expected) // Object.is equality

Expected: "blue"
Received: undefined
    at Object.<anonymous> (/Users/lesison/Documents/sonls/react-native/bic-group-app/src/beinComponents/Button/ButtonWrapper.test.tsx:71:60)
    at Promise.then.completed (/Users/lesison/Documents/sonls/react-native/bic-group-app/node_modules/jest-circus/build/utils.js:390:28)
    at new Promise (<anonymous>)
    at callAsyncCircusFn (/Users/lesison/Documents/sonls/react-native/bic-group-app/node_modules/jest-circus/build/utils.js:315:10)
    at _callCircusTest (/Users/lesison/Documents/sonls/react-native/bic-group-app/node_modules/jest-circus/build/run.js:218:40)
    at processTicksAndRejections (node:internal/process/task_queues:96:5)
    at _runTest (/Users/lesison/Documents/sonls/react-native/bic-group-app/node_modules/jest-circus/build/run.js:155:3)
    at _runTestsForDescribeBlock (/Users/lesison/Documents/sonls/react-native/bic-group-app/node_modules/jest-circus/build/run.js:66:9)
    at _runTestsForDescribeBlock (/Users/lesison/Documents/sonls/react-native/bic-group-app/node_modules/jest-circus/build/run.js:60:9)
    at run (/Users/lesison/Documents/sonls/react-native/bic-group-app/node_modules/jest-circus/build/run.js:25:3)]]></failure>
    </testCase>
    <testCase name="Button Wrapper component should call props onPress" duration="131"/>
    <testCase name="Button Wrapper component should not call props onPress when cant connect to internet" duration="41"/>
    <testCase name="Button Wrapper component should call props onLongPress" duration="102"/>
    <testCase name="Button Wrapper component renders correctly text props" duration="207"/>
    <testCase name="Button Wrapper component renders correctly children with useI18n" duration="121"/>
    <testCase name="Button Wrapper component should render leftIcon" duration="24"/>
    <testCase name="Button Wrapper component should render leftIcon with leftIconProps" duration="21"/>
    <testCase name="Button Wrapper component should render rightIcon" duration="159"/>
    <testCase name="Button Wrapper component should render rightIcon with rightIconProps" duration="36"/>
    <testCase name="Button Wrapper component render correctly TouchableComponent" duration="104"/>
    <testCase name="Button Wrapper component render correctly hitSlop" duration="18"/>
  </file>
  <file path="/Users/lesison/Documents/sonls/react-native/bic-group-app/src/beinComponents/list/items/GroupItem.test.tsx">
    <testCase name="Group Item component renders correctly" duration="350">
      <failure message="Error: expect([38;2;0;95;95m[48;2;215;255;255mreceived).toMatchSnapshot()"><![CDATA[Error: expect([38;2;0;95;95m[48;2;215;255;255mreceived).toMatchSnapshot()

Snapshot name: `Group Item component renders correctly 1`

[38;2;128;0;128m[48;2;255;215;255m- Snapshot  - 0
[38;2;0;95;95m[48;2;215;255;255m+ Received  + 3

@@ -293,14 +293,17 @@
                    "color": "#212745",
                    "fontFamily": "BeVietnamPro-Light",
                    "fontSize": 11,
                  },
                  Object {},
[38;2;0;95;95m[48;2;215;255;255m+                 Array [
                    Object {
                      "color": "#007AFF",
                      "paddingLeft": 4,
                    },
[38;2;0;95;95m[48;2;215;255;255m+                   undefined,
[38;2;0;95;95m[48;2;215;255;255m+                 ],
                ]
              }
              testID="tag.label"
            >
              Group
    at Object.<anonymous> (/Users/lesison/Documents/sonls/react-native/bic-group-app/src/beinComponents/list/items/GroupItem.test.tsx:51:22)
    at Promise.then.completed (/Users/lesison/Documents/sonls/react-native/bic-group-app/node_modules/jest-circus/build/utils.js:390:28)
    at new Promise (<anonymous>)
    at callAsyncCircusFn (/Users/lesison/Documents/sonls/react-native/bic-group-app/node_modules/jest-circus/build/utils.js:315:10)
    at _callCircusTest (/Users/lesison/Documents/sonls/react-native/bic-group-app/node_modules/jest-circus/build/run.js:218:40)
    at processTicksAndRejections (node:internal/process/task_queues:96:5)
    at _runTest (/Users/lesison/Documents/sonls/react-native/bic-group-app/node_modules/jest-circus/build/run.js:155:3)
    at _runTestsForDescribeBlock (/Users/lesison/Documents/sonls/react-native/bic-group-app/node_modules/jest-circus/build/run.js:66:9)
    at _runTestsForDescribeBlock (/Users/lesison/Documents/sonls/react-native/bic-group-app/node_modules/jest-circus/build/run.js:60:9)
    at run (/Users/lesison/Documents/sonls/react-native/bic-group-app/node_modules/jest-circus/build/run.js:25:3)]]></failure>
    </testCase>
    <testCase name="Group Item component should call props onPressItem" duration="220"/>
    <testCase name="Group Item component should not call props onPressItem when cant connect to the internet" duration="94"/>
    <testCase name="Group Item component should render UI Level when uiLevel &gt; 0" duration="85">
      <failure message="Error: expect([38;2;0;95;95m[48;2;215;255;255mreceived).toMatchSnapshot()"><![CDATA[Error: expect([38;2;0;95;95m[48;2;215;255;255mreceived).toMatchSnapshot()

Snapshot name: `Group Item component should render UI Level when uiLevel > 0 1`

[38;2;128;0;128m[48;2;255;215;255m- Snapshot  - 0
[38;2;0;95;95m[48;2;215;255;255m+ Received  + 3

@@ -306,14 +306,17 @@
                    "color": "#212745",
                    "fontFamily": "BeVietnamPro-Light",
                    "fontSize": 11,
                  },
                  Object {},
[38;2;0;95;95m[48;2;215;255;255m+                 Array [
                    Object {
                      "color": "#007AFF",
                      "paddingLeft": 4,
                    },
[38;2;0;95;95m[48;2;215;255;255m+                   undefined,
[38;2;0;95;95m[48;2;215;255;255m+                 ],
                ]
              }
              testID="tag.label"
            >
              Group
    at Object.<anonymous> (/Users/lesison/Documents/sonls/react-native/bic-group-app/src/beinComponents/list/items/GroupItem.test.tsx:94:31)
    at Promise.then.completed (/Users/lesison/Documents/sonls/react-native/bic-group-app/node_modules/jest-circus/build/utils.js:390:28)
    at new Promise (<anonymous>)
    at callAsyncCircusFn (/Users/lesison/Documents/sonls/react-native/bic-group-app/node_modules/jest-circus/build/utils.js:315:10)
    at _callCircusTest (/Users/lesison/Documents/sonls/react-native/bic-group-app/node_modules/jest-circus/build/run.js:218:40)
    at processTicksAndRejections (node:internal/process/task_queues:96:5)
    at _runTest (/Users/lesison/Documents/sonls/react-native/bic-group-app/node_modules/jest-circus/build/run.js:155:3)
    at _runTestsForDescribeBlock (/Users/lesison/Documents/sonls/react-native/bic-group-app/node_modules/jest-circus/build/run.js:66:9)
    at _runTestsForDescribeBlock (/Users/lesison/Documents/sonls/react-native/bic-group-app/node_modules/jest-circus/build/run.js:60:9)
    at run (/Users/lesison/Documents/sonls/react-native/bic-group-app/node_modules/jest-circus/build/run.js:25:3)]]></failure>
    </testCase>
    <testCase name="Group Item component should render toggle button when childrenUiIds.length &gt; 0" duration="86">
      <failure message="Error: expect([38;2;0;95;95m[48;2;215;255;255mreceived).toMatchSnapshot()"><![CDATA[Error: expect([38;2;0;95;95m[48;2;215;255;255mreceived).toMatchSnapshot()

Snapshot name: `Group Item component should render toggle button when childrenUiIds.length > 0 1`

[38;2;128;0;128m[48;2;255;215;255m- Snapshot  - 0
[38;2;0;95;95m[48;2;215;255;255m+ Received  + 3

@@ -293,14 +293,17 @@
                    "color": "#212745",
                    "fontFamily": "BeVietnamPro-Light",
                    "fontSize": 11,
                  },
                  Object {},
[38;2;0;95;95m[48;2;215;255;255m+                 Array [
                    Object {
                      "color": "#007AFF",
                      "paddingLeft": 4,
                    },
[38;2;0;95;95m[48;2;215;255;255m+                   undefined,
[38;2;0;95;95m[48;2;215;255;255m+                 ],
                ]
              }
              testID="tag.label"
            >
              Group
    at Object.<anonymous> (/Users/lesison/Documents/sonls/react-native/bic-group-app/src/beinComponents/list/items/GroupItem.test.tsx:107:31)
    at Promise.then.completed (/Users/lesison/Documents/sonls/react-native/bic-group-app/node_modules/jest-circus/build/utils.js:390:28)
    at new Promise (<anonymous>)
    at callAsyncCircusFn (/Users/lesison/Documents/sonls/react-native/bic-group-app/node_modules/jest-circus/build/utils.js:315:10)
    at _callCircusTest (/Users/lesison/Documents/sonls/react-native/bic-group-app/node_modules/jest-circus/build/run.js:218:40)
    at processTicksAndRejections (node:internal/process/task_queues:96:5)
    at _runTest (/Users/lesison/Documents/sonls/react-native/bic-group-app/node_modules/jest-circus/build/run.js:155:3)
    at _runTestsForDescribeBlock (/Users/lesison/Documents/sonls/react-native/bic-group-app/node_modules/jest-circus/build/run.js:66:9)
    at _runTestsForDescribeBlock (/Users/lesison/Documents/sonls/react-native/bic-group-app/node_modules/jest-circus/build/run.js:60:9)
    at run (/Users/lesison/Documents/sonls/react-native/bic-group-app/node_modules/jest-circus/build/run.js:25:3)]]></failure>
    </testCase>
    <testCase name="Group Item component should call props onToggleItem when rendered toggle item" duration="71"/>
    <testCase name="Group Item component should render null with props hide=true" duration="28"/>
    <testCase name="Group Item component toggle should render null with props uiLevel &lt; 0" duration="171"/>
    <testCase name="Group Item component should call props onCheckedItem when rendered toggle item" duration="106"/>
    <testCase name="Group Item component should render default prop" duration="83">
      <failure message="Error: expect([38;2;0;95;95m[48;2;215;255;255mreceived).toMatchSnapshot()"><![CDATA[Error: expect([38;2;0;95;95m[48;2;215;255;255mreceived).toMatchSnapshot()

Snapshot name: `Group Item component should render default prop 1`

[38;2;128;0;128m[48;2;255;215;255m- Snapshot  - 0
[38;2;0;95;95m[48;2;215;255;255m+ Received  + 3

@@ -222,14 +222,17 @@
                    "color": "#212745",
                    "fontFamily": "BeVietnamPro-Light",
                    "fontSize": 11,
                  },
                  Object {},
[38;2;0;95;95m[48;2;215;255;255m+                 Array [
                    Object {
                      "color": "#007AFF",
                      "paddingLeft": 4,
                    },
[38;2;0;95;95m[48;2;215;255;255m+                   undefined,
[38;2;0;95;95m[48;2;215;255;255m+                 ],
                ]
              }
              testID="tag.label"
            >
              Group
    at Object.<anonymous> (/Users/lesison/Documents/sonls/react-native/bic-group-app/src/beinComponents/list/items/GroupItem.test.tsx:200:31)
    at Promise.then.completed (/Users/lesison/Documents/sonls/react-native/bic-group-app/node_modules/jest-circus/build/utils.js:390:28)
    at new Promise (<anonymous>)
    at callAsyncCircusFn (/Users/lesison/Documents/sonls/react-native/bic-group-app/node_modules/jest-circus/build/utils.js:315:10)
    at _callCircusTest (/Users/lesison/Documents/sonls/react-native/bic-group-app/node_modules/jest-circus/build/run.js:218:40)
    at processTicksAndRejections (node:internal/process/task_queues:96:5)
    at _runTest (/Users/lesison/Documents/sonls/react-native/bic-group-app/node_modules/jest-circus/build/run.js:155:3)
    at _runTestsForDescribeBlock (/Users/lesison/Documents/sonls/react-native/bic-group-app/node_modules/jest-circus/build/run.js:66:9)
    at _runTestsForDescribeBlock (/Users/lesison/Documents/sonls/react-native/bic-group-app/node_modules/jest-circus/build/run.js:60:9)
    at run (/Users/lesison/Documents/sonls/react-native/bic-group-app/node_modules/jest-circus/build/run.js:25:3)]]></failure>
    </testCase>
  </file>
  <file path="/Users/lesison/Documents/sonls/react-native/bic-group-app/src/components/articles/ArticleItem/index.test.tsx">
    <testCase name="ArticleItem Component renders correctly" duration="502">
      <failure message="Error: expect([38;2;0;95;95m[48;2;215;255;255mreceived).toMatchSnapshot()"><![CDATA[Error: expect([38;2;0;95;95m[48;2;215;255;255mreceived).toMatchSnapshot()

Snapshot name: `ArticleItem Component renders correctly 1`

[38;2;128;0;128m[48;2;255;215;255m- Snapshot  -  9
[38;2;0;95;95m[48;2;215;255;255m+ Received  + 87

@@ -161,11 +161,12 @@
          onResponderTerminate={[Function]}
          onResponderTerminationRequest={[Function]}
          onStartShouldSetResponder={[Function]}
          style={
            Object {
[38;2;128;0;128m[48;2;255;215;255m-             "alignSelf": "flex-start",
[38;2;0;95;95m[48;2;215;255;255m+             "alignItems": "center",
[38;2;0;95;95m[48;2;215;255;255m+             "flexDirection": "row",
              "marginRight": 12,
              "opacity": 1,
            }
          }
          testID="button_wrapper"
@@ -180,11 +181,13 @@
                  "fontSize": 15,
                },
                Object {
                  "color": "#181C32",
                },
[38;2;128;0;128m[48;2;255;215;255m-               undefined,
[38;2;0;95;95m[48;2;215;255;255m+               Object {
[38;2;0;95;95m[48;2;215;255;255m+                 "flexShrink": 1,
[38;2;0;95;95m[48;2;215;255;255m+               },
              ]
            }
            testID="content_header.actor"
          >
            Nguyen Thi Thu Quyền
@@ -264,13 +267,11 @@
          >
            Nov 14, 2022
          </Text>
        </View>
      </View>
[38;2;128;0;128m[48;2;255;215;255m-     <View
[38;2;128;0;128m[48;2;255;215;255m-       style={Object {}}
[38;2;128;0;128m[48;2;255;215;255m-     >
[38;2;0;95;95m[48;2;215;255;255m+     <View>
        <View
          accessible={true}
          focusable={true}
          onClick={[Function]}
          onResponderGrant={[Function]}
@@ -520,23 +521,90 @@
            }
          >
            1234567890-= lalalalallalallalalala and I will be there at the
          </Text>
        </Text>
[38;2;0;95;95m[48;2;215;255;255m+       <View
[38;2;0;95;95m[48;2;215;255;255m+         style={
[38;2;0;95;95m[48;2;215;255;255m+           Object {
[38;2;0;95;95m[48;2;215;255;255m+             "flex": 1,
[38;2;0;95;95m[48;2;215;255;255m+             "flexDirection": "row",
[38;2;0;95;95m[48;2;215;255;255m+           }
[38;2;0;95;95m[48;2;215;255;255m+         }
[38;2;0;95;95m[48;2;215;255;255m+       >
[38;2;0;95;95m[48;2;215;255;255m+         <View
[38;2;0;95;95m[48;2;215;255;255m+           accessibilityState={
[38;2;0;95;95m[48;2;215;255;255m+             Object {
[38;2;0;95;95m[48;2;215;255;255m+               "disabled": true,
[38;2;0;95;95m[48;2;215;255;255m+             }
[38;2;0;95;95m[48;2;215;255;255m+           }
[38;2;0;95;95m[48;2;215;255;255m+           accessible={true}
[38;2;0;95;95m[48;2;215;255;255m+           collapsable={false}
[38;2;0;95;95m[48;2;215;255;255m+           focusable={false}
[38;2;0;95;95m[48;2;215;255;255m+           hitSlop={
[38;2;0;95;95m[48;2;215;255;255m+             Object {
[38;2;0;95;95m[48;2;215;255;255m+               "bottom": 10,
[38;2;0;95;95m[48;2;215;255;255m+               "left": 10,
[38;2;0;95;95m[48;2;215;255;255m+               "right": 10,
[38;2;0;95;95m[48;2;215;255;255m+               "top": 10,
[38;2;0;95;95m[48;2;215;255;255m+             }
[38;2;0;95;95m[48;2;215;255;255m+           }
[38;2;0;95;95m[48;2;215;255;255m+           onClick={[Function]}
[38;2;0;95;95m[48;2;215;255;255m+           onResponderGrant={[Function]}
[38;2;0;95;95m[48;2;215;255;255m+           onResponderMove={[Function]}
[38;2;0;95;95m[48;2;215;255;255m+           onResponderRelease={[Function]}
[38;2;0;95;95m[48;2;215;255;255m+           onResponderTerminate={[Function]}
[38;2;0;95;95m[48;2;215;255;255m+           onResponderTerminationRequest={[Function]}
[38;2;0;95;95m[48;2;215;255;255m+           onStartShouldSetResponder={[Function]}
[38;2;0;95;95m[48;2;215;255;255m+           style={
[38;2;0;95;95m[48;2;215;255;255m+             Object {
[38;2;0;95;95m[48;2;215;255;255m+               "opacity": 1,
[38;2;0;95;95m[48;2;215;255;255m+             }
[38;2;0;95;95m[48;2;215;255;255m+           }
[38;2;0;95;95m[48;2;215;255;255m+         >
            <View
              style={
[38;2;0;95;95m[48;2;215;255;255m+               Array [
                  Object {
[38;2;0;95;95m[48;2;215;255;255m+                   "alignItems": "center",
                    "flexDirection": "row",
[38;2;0;95;95m[48;2;215;255;255m+                 },
[38;2;0;95;95m[48;2;215;255;255m+                 Object {
[38;2;0;95;95m[48;2;215;255;255m+                   "marginRight": 8,
[38;2;0;95;95m[48;2;215;255;255m+                   "marginTop": 12,
[38;2;0;95;95m[48;2;215;255;255m+                 },
[38;2;0;95;95m[48;2;215;255;255m+                 Object {
[38;2;0;95;95m[48;2;215;255;255m+                   "backgroundColor": undefined,
[38;2;0;95;95m[48;2;215;255;255m+                 },
[38;2;0;95;95m[48;2;215;255;255m+               ]
[38;2;0;95;95m[48;2;215;255;255m+             }
[38;2;0;95;95m[48;2;215;255;255m+           >
[38;2;0;95;95m[48;2;215;255;255m+             <View
[38;2;0;95;95m[48;2;215;255;255m+               style={
[38;2;0;95;95m[48;2;215;255;255m+                 Array [
[38;2;0;95;95m[48;2;215;255;255m+                   undefined,
[38;2;0;95;95m[48;2;215;255;255m+                   undefined,
[38;2;0;95;95m[48;2;215;255;255m+                   undefined,
[38;2;0;95;95m[48;2;215;255;255m+                 ]
[38;2;0;95;95m[48;2;215;255;255m+               }
[38;2;0;95;95m[48;2;215;255;255m+             >
[38;2;0;95;95m[48;2;215;255;255m+               <View />
[38;2;0;95;95m[48;2;215;255;255m+             </View>
[38;2;0;95;95m[48;2;215;255;255m+           </View>
[38;2;0;95;95m[48;2;215;255;255m+         </View>
[38;2;0;95;95m[48;2;215;255;255m+         <View
[38;2;0;95;95m[48;2;215;255;255m+           style={
[38;2;0;95;95m[48;2;215;255;255m+             Object {
[38;2;0;95;95m[48;2;215;255;255m+               "flexDirection": "row",
                "flexWrap": "wrap",
              }
            }
          >
            <View
              style={
                Object {
                  "marginTop": 8,
[38;2;128;0;128m[48;2;255;215;255m-               "maxWidth": 718,
                  "paddingRight": 8,
                }
              }
            >
              <View
@@ -584,27 +652,31 @@
                        "color": "#212745",
                        "fontFamily": "BeVietnamPro-Light",
                        "fontSize": 11,
                      },
                      Object {},
[38;2;0;95;95m[48;2;215;255;255m+                     Array [
                        Object {
                          "color": "#353E6E",
                          "paddingLeft": 4,
[38;2;0;95;95m[48;2;215;255;255m+                       },
[38;2;0;95;95m[48;2;215;255;255m+                       Object {
[38;2;0;95;95m[48;2;215;255;255m+                         "fontSize": 10,
                        },
[38;2;0;95;95m[48;2;215;255;255m+                     ],
                    ]
                  }
                  testID="tag.label"
                >
[38;2;128;0;128m[48;2;255;215;255m-               tag 1
[38;2;0;95;95m[48;2;215;255;255m+                 TAG 1
                </Text>
              </View>
            </View>
            <View
              style={
                Object {
                  "marginTop": 8,
[38;2;128;0;128m[48;2;255;215;255m-               "maxWidth": 718,
                  "paddingRight": 8,
                }
              }
            >
              <View
@@ -652,20 +724,26 @@
                        "color": "#212745",
                        "fontFamily": "BeVietnamPro-Light",
                        "fontSize": 11,
                      },
                      Object {},
[38;2;0;95;95m[48;2;215;255;255m+                     Array [
                        Object {
                          "color": "#353E6E",
                          "paddingLeft": 4,
                        },
[38;2;0;95;95m[48;2;215;255;255m+                       Object {
[38;2;0;95;95m[48;2;215;255;255m+                         "fontSize": 10,
[38;2;0;95;95m[48;2;215;255;255m+                       },
[38;2;0;95;95m[48;2;215;255;255m+                     ],
                    ]
                  }
                  testID="tag.label"
                >
[38;2;128;0;128m[48;2;255;215;255m-               tag 2
[38;2;0;95;95m[48;2;215;255;255m+                 TAG 2
                </Text>
[38;2;0;95;95m[48;2;215;255;255m+             </View>
            </View>
          </View>
        </View>
      </View>
    </View>
    at Object.<anonymous> (/Users/lesison/Documents/sonls/react-native/bic-group-app/src/components/articles/ArticleItem/index.test.tsx:32:22)
    at Promise.then.completed (/Users/lesison/Documents/sonls/react-native/bic-group-app/node_modules/jest-circus/build/utils.js:390:28)
    at new Promise (<anonymous>)
    at callAsyncCircusFn (/Users/lesison/Documents/sonls/react-native/bic-group-app/node_modules/jest-circus/build/utils.js:315:10)
    at _callCircusTest (/Users/lesison/Documents/sonls/react-native/bic-group-app/node_modules/jest-circus/build/run.js:218:40)
    at processTicksAndRejections (node:internal/process/task_queues:96:5)
    at _runTest (/Users/lesison/Documents/sonls/react-native/bic-group-app/node_modules/jest-circus/build/run.js:155:3)
    at _runTestsForDescribeBlock (/Users/lesison/Documents/sonls/react-native/bic-group-app/node_modules/jest-circus/build/run.js:66:9)
    at _runTestsForDescribeBlock (/Users/lesison/Documents/sonls/react-native/bic-group-app/node_modules/jest-circus/build/run.js:60:9)
    at run (/Users/lesison/Documents/sonls/react-native/bic-group-app/node_modules/jest-circus/build/run.js:25:3)]]></failure>
    </testCase>
    <testCase name="ArticleItem Component should render lite item" duration="156"/>
    <testCase name="ArticleItem Component should render highlight" duration="165"/>
    <testCase name="ArticleItem Component should navigate to content detail" duration="189"/>
    <testCase name="ArticleItem Component should navigate to detail" duration="106"/>
    <testCase name="ArticleItem Component should navigate to tag detail" duration="139"/>
  </file>
  <file path="/Users/lesison/Documents/sonls/react-native/bic-group-app/src/screens/auth/store/actions/handleAuthEvent.test.ts">
    <testCase name="handleAuthEvent should handle signIn saving auth user" duration="436">
      <failure message="Error: expect(received).toEqual(expected) // deep equality"><![CDATA[Error: expect(received).toEqual(expected) // deep equality

Expected: {"attributes": {"custom:bein_staff_role": "SUPER_ADMIN", "custom:user_uuid": "7b63852c-5249-499a-a32b-6bdaa2761fc2", "email": "namanh@tgm.vn", "email_verified": true, "sub": "a91eeef0-3b5b-4e59-808a-b4b2d158eab5"}, "email": "namanh@tgm.vn", "id": "trannamanh", "name": "namanh", "role": "trannamanh", "signInUserSession": {"accessToken": {"jwtToken": "jwtToken", "payload": {"auth_time": 1671099279, "client_id": "j71t9dm5kgn54ee8hq9559i67", "event_id": "a95eb5ee-81b3-44e5-97aa-e5665168a03b", "exp": 1671099579, "iat": 1671099279, "iss": "https://cognito-idp.ap-southeast-1.amazonaws.com/ap-southeast-1_MGxohyEmC", "jti": "b674177f-6e9f-48d2-a905-b63b8cd0ba9b", "origin_jti": "f034f493-15c3-4f17-8917-09dd3685a065", "scope": "aws.cognito.signin.user.admin", "sub": "a91eeef0-3b5b-4e59-808a-b4b2d158eab5", "token_use": "access", "username": "trannamanh"}}, "clockDrift": -1, "idToken": {"jwtToken": "jwtToken", "payload": {"aud": "j71t9dm5kgn54ee8hq9559i67", "auth_time": 1671099279, "cognito:username": "trannamanh", "custom:bein_staff_role": "SUPER_ADMIN", "custom:user_uuid": "7b63852c-5249-499a-a32b-6bdaa2761fc2", "email": "namanh@tgm.vn", "email_verified": true, "event_id": "a95eb5ee-81b3-44e5-97aa-e5665168a03b", "exp": 1671099579, "iat": 1671099279, "iss": "https://cognito-idp.ap-southeast-1.amazonaws.com/ap-southeast-1_MGxohyEmC", "jti": "656dd516-d86c-44db-ae3d-c7204e346bef", "origin_jti": "f034f493-15c3-4f17-8917-09dd3685a065", "sub": "a91eeef0-3b5b-4e59-808a-b4b2d158eab5", "token_use": "id"}}, "refreshToken": {"token": "token"}}, "username": "trannamanh"}
Received: undefined
    at Object.<anonymous> (/Users/lesison/Documents/sonls/react-native/bic-group-app/src/screens/auth/store/actions/handleAuthEvent.test.ts:26:37)
    at Promise.then.completed (/Users/lesison/Documents/sonls/react-native/bic-group-app/node_modules/jest-circus/build/utils.js:390:28)
    at new Promise (<anonymous>)
    at callAsyncCircusFn (/Users/lesison/Documents/sonls/react-native/bic-group-app/node_modules/jest-circus/build/utils.js:315:10)
    at _callCircusTest (/Users/lesison/Documents/sonls/react-native/bic-group-app/node_modules/jest-circus/build/run.js:218:40)
    at processTicksAndRejections (node:internal/process/task_queues:96:5)
    at _runTest (/Users/lesison/Documents/sonls/react-native/bic-group-app/node_modules/jest-circus/build/run.js:155:3)
    at _runTestsForDescribeBlock (/Users/lesison/Documents/sonls/react-native/bic-group-app/node_modules/jest-circus/build/run.js:66:9)
    at _runTestsForDescribeBlock (/Users/lesison/Documents/sonls/react-native/bic-group-app/node_modules/jest-circus/build/run.js:60:9)
    at run (/Users/lesison/Documents/sonls/react-native/bic-group-app/node_modules/jest-circus/build/run.js:25:3)]]></failure>
    </testCase>
  </file>
  <file path="/Users/lesison/Documents/sonls/react-native/bic-group-app/src/screens/Draft/DraftPost/index.test.tsx">
    <testCase name="UserEditProfile screen should render empty view if posts are empty" duration="364"/>
    <testCase name="UserEditProfile screen should render loading view" duration="214"/>
    <testCase name="UserEditProfile screen should render ItemSeparator" duration="757">
      <failure message="Error: Couldn&apos;t find a route object. Is your component inside a screen in a navigator?"><![CDATA[Error: Couldn't find a route object. Is your component inside a screen in a navigator?
    at useRoute (/Users/lesison/Documents/sonls/react-native/bic-group-app/node_modules/@react-navigation/core/src/useRoute.tsx:16:11)
    at PostHeader (/Users/lesison/Documents/sonls/react-native/bic-group-app/src/components/posts/PostHeader/index.tsx:31:25)
    at renderWithHooks (/Users/lesison/Documents/sonls/react-native/bic-group-app/node_modules/react-test-renderer/cjs/react-test-renderer.development.js:6016:18)
    at mountIndeterminateComponent (/Users/lesison/Documents/sonls/react-native/bic-group-app/node_modules/react-test-renderer/cjs/react-test-renderer.development.js:8744:13)
    at beginWork (/Users/lesison/Documents/sonls/react-native/bic-group-app/node_modules/react-test-renderer/cjs/react-test-renderer.development.js:9966:16)
    at performUnitOfWork (/Users/lesison/Documents/sonls/react-native/bic-group-app/node_modules/react-test-renderer/cjs/react-test-renderer.development.js:13800:12)
    at workLoopSync (/Users/lesison/Documents/sonls/react-native/bic-group-app/node_modules/react-test-renderer/cjs/react-test-renderer.development.js:13728:5)
    at renderRootSync (/Users/lesison/Documents/sonls/react-native/bic-group-app/node_modules/react-test-renderer/cjs/react-test-renderer.development.js:13691:7)
    at performSyncWorkOnRoot (/Users/lesison/Documents/sonls/react-native/bic-group-app/node_modules/react-test-renderer/cjs/react-test-renderer.development.js:13404:18)
    at /Users/lesison/Documents/sonls/react-native/bic-group-app/node_modules/react-test-renderer/cjs/react-test-renderer.development.js:2537:26]]></failure>
    </testCase>
  </file>
  <file path="/Users/lesison/Documents/sonls/react-native/bic-group-app/src/screens/Draft/DraftArticle/store/actions/publishDraftArticle.test.ts">
    <testCase name="publishDraftArticle should call API success but no data returns" duration="135"/>
    <testCase name="publishDraftArticle should call API success, isProcessing = false and replaceWithDetail = false" duration="155"/>
    <testCase name="publishDraftArticle should call API success and isProcessing = true" duration="97">
      <failure message="Error: expect(jest.fn()).toBeCalled()"><![CDATA[Error: expect(jest.fn()).toBeCalled()

Expected number of calls: >= 1
Received number of calls:    0
    at Object.<anonymous> (/Users/lesison/Documents/sonls/react-native/bic-group-app/src/screens/Draft/DraftArticle/store/actions/publishDraftArticle.test.ts:109:23)
    at Promise.then.completed (/Users/lesison/Documents/sonls/react-native/bic-group-app/node_modules/jest-circus/build/utils.js:390:28)
    at new Promise (<anonymous>)
    at callAsyncCircusFn (/Users/lesison/Documents/sonls/react-native/bic-group-app/node_modules/jest-circus/build/utils.js:315:10)
    at _callCircusTest (/Users/lesison/Documents/sonls/react-native/bic-group-app/node_modules/jest-circus/build/run.js:218:40)
    at processTicksAndRejections (node:internal/process/task_queues:96:5)
    at _runTest (/Users/lesison/Documents/sonls/react-native/bic-group-app/node_modules/jest-circus/build/run.js:155:3)
    at _runTestsForDescribeBlock (/Users/lesison/Documents/sonls/react-native/bic-group-app/node_modules/jest-circus/build/run.js:66:9)
    at _runTestsForDescribeBlock (/Users/lesison/Documents/sonls/react-native/bic-group-app/node_modules/jest-circus/build/run.js:60:9)
    at run (/Users/lesison/Documents/sonls/react-native/bic-group-app/node_modules/jest-circus/build/run.js:25:3)]]></failure>
    </testCase>
    <testCase name="publishDraftArticle should call API and throws error" duration="52"/>
  </file>
  <file path="/Users/lesison/Documents/sonls/react-native/bic-group-app/src/screens/series/SeriesDetail/components/SeriesDetailItem/index.test.tsx">
    <testCase name="SeriesDetailItem component render correctly" duration="383">
      <failure message="Error: expect([38;2;0;95;95m[48;2;215;255;255mreceived).toMatchSnapshot()"><![CDATA[Error: expect([38;2;0;95;95m[48;2;215;255;255mreceived).toMatchSnapshot()

Snapshot name: `SeriesDetailItem component render correctly 1`

[38;2;128;0;128m[48;2;255;215;255m- Snapshot  - 1
[38;2;0;95;95m[48;2;215;255;255m+ Received  + 3

@@ -258,11 +258,13 @@
                  Object {
                    "borderRadius": 6,
                    "height": 32,
                    "width": 32,
                  },
[38;2;128;0;128m[48;2;255;215;255m-                 undefined,
[38;2;0;95;95m[48;2;215;255;255m+                 Object {
[38;2;0;95;95m[48;2;215;255;255m+                   "alignSelf": "flex-start",
[38;2;0;95;95m[48;2;215;255;255m+                 },
                ]
              }
              testID="avatar"
            >
              <View
    at Object.<anonymous> (/Users/lesison/Documents/sonls/react-native/bic-group-app/src/screens/series/SeriesDetail/components/SeriesDetailItem/index.test.tsx:14:21)
    at Promise.then.completed (/Users/lesison/Documents/sonls/react-native/bic-group-app/node_modules/jest-circus/build/utils.js:390:28)
    at new Promise (<anonymous>)
    at callAsyncCircusFn (/Users/lesison/Documents/sonls/react-native/bic-group-app/node_modules/jest-circus/build/utils.js:315:10)
    at _callCircusTest (/Users/lesison/Documents/sonls/react-native/bic-group-app/node_modules/jest-circus/build/run.js:218:40)
    at processTicksAndRejections (node:internal/process/task_queues:96:5)
    at _runTest (/Users/lesison/Documents/sonls/react-native/bic-group-app/node_modules/jest-circus/build/run.js:155:3)
    at _runTestsForDescribeBlock (/Users/lesison/Documents/sonls/react-native/bic-group-app/node_modules/jest-circus/build/run.js:66:9)
    at _runTestsForDescribeBlock (/Users/lesison/Documents/sonls/react-native/bic-group-app/node_modules/jest-circus/build/run.js:60:9)
    at run (/Users/lesison/Documents/sonls/react-native/bic-group-app/node_modules/jest-circus/build/run.js:25:3)]]></failure>
    </testCase>
  </file>
  <file path="/Users/lesison/Documents/sonls/react-native/bic-group-app/src/screens/groups/helper/index.test.ts">
    <testCase name="Group functions helper handleLeaveInnerGroups should call prop callback correctly" duration="114"/>
    <testCase name="Group functions helper handleLeaveInnerGroups should show error message from server" duration="58">
      <failure message="TypeError: Cannot read properties of undefined (reading &apos;code&apos;)"><![CDATA[TypeError: Cannot read properties of undefined (reading 'code')
    at showToastError (/Users/lesison/Documents/sonls/react-native/bic-group-app/src/store/helper/showToastError.ts:12:13)
    at _callee$ (/Users/lesison/Documents/sonls/react-native/bic-group-app/src/screens/groups/helper/index.ts:26:19)
    at tryCatch (/Users/lesison/Documents/sonls/react-native/bic-group-app/node_modules/regenerator-runtime/runtime.js:64:40)
    at Generator.invoke (/Users/lesison/Documents/sonls/react-native/bic-group-app/node_modules/regenerator-runtime/runtime.js:299:22)
    at Generator.throw (/Users/lesison/Documents/sonls/react-native/bic-group-app/node_modules/regenerator-runtime/runtime.js:124:21)
    at tryCatch (/Users/lesison/Documents/sonls/react-native/bic-group-app/node_modules/regenerator-runtime/runtime.js:64:40)
    at invoke (/Users/lesison/Documents/sonls/react-native/bic-group-app/node_modules/regenerator-runtime/runtime.js:160:20)
    at /Users/lesison/Documents/sonls/react-native/bic-group-app/node_modules/regenerator-runtime/runtime.js:172:13
    at tryCallOne (/Users/lesison/Documents/sonls/react-native/bic-group-app/node_modules/react-native/node_modules/promise/lib/core.js:37:12)
    at /Users/lesison/Documents/sonls/react-native/bic-group-app/node_modules/react-native/node_modules/promise/lib/core.js:123:15]]></failure>
    </testCase>
    <testCase name="Group functions helper getAllChildrenName should return name of 3 level" duration="57"/>
    <testCase name="Group functions helper getAllChildrenName should return name of group has no child" duration="74"/>
  </file>
  <file path="/Users/lesison/Documents/sonls/react-native/bic-group-app/src/components/ItemCheckbox/index.test.tsx">
    <testCase name="ItemCheckbox Component renders correctly" duration="238">
      <failure message="Error: expect([38;2;0;95;95m[48;2;215;255;255mreceived).toMatchSnapshot()"><![CDATA[Error: expect([38;2;0;95;95m[48;2;215;255;255mreceived).toMatchSnapshot()

Snapshot name: `ItemCheckbox Component renders correctly 1`

[38;2;128;0;128m[48;2;255;215;255m- Snapshot  - 2
[38;2;0;95;95m[48;2;215;255;255m+ Received  + 1

@@ -4,11 +4,10 @@
        "flexDirection": "row",
        "paddingHorizontal": 16,
        "paddingVertical": 12,
      }
    }
[38;2;128;0;128m[48;2;255;215;255m-   testID="item_checkbox.container"
  >
    <Text
      style={
        Array [
          Object {
@@ -45,11 +44,11 @@
      style={
        Object {
          "opacity": 1,
        }
      }
[38;2;128;0;128m[48;2;255;215;255m-     testID="item_checkbox.checkbox"
[38;2;0;95;95m[48;2;215;255;255m+     testID="button_wrapper"
    >
      <View
        style={
          Array [
            Object {
    at Object.<anonymous> (/Users/lesison/Documents/sonls/react-native/bic-group-app/src/components/ItemCheckbox/index.test.tsx:14:22)
    at Promise.then.completed (/Users/lesison/Documents/sonls/react-native/bic-group-app/node_modules/jest-circus/build/utils.js:390:28)
    at new Promise (<anonymous>)
    at callAsyncCircusFn (/Users/lesison/Documents/sonls/react-native/bic-group-app/node_modules/jest-circus/build/utils.js:315:10)
    at _callCircusTest (/Users/lesison/Documents/sonls/react-native/bic-group-app/node_modules/jest-circus/build/run.js:218:40)
    at processTicksAndRejections (node:internal/process/task_queues:96:5)
    at _runTest (/Users/lesison/Documents/sonls/react-native/bic-group-app/node_modules/jest-circus/build/run.js:155:3)
    at _runTestsForDescribeBlock (/Users/lesison/Documents/sonls/react-native/bic-group-app/node_modules/jest-circus/build/run.js:66:9)
    at _runTestsForDescribeBlock (/Users/lesison/Documents/sonls/react-native/bic-group-app/node_modules/jest-circus/build/run.js:60:9)
    at run (/Users/lesison/Documents/sonls/react-native/bic-group-app/node_modules/jest-circus/build/run.js:25:3)]]></failure>
    </testCase>
    <testCase name="ItemCheckbox Component renders correctly with prop isChecked = true" duration="70">
      <failure message="Error: expect([38;2;0;95;95m[48;2;215;255;255mreceived).toMatchSnapshot()"><![CDATA[Error: expect([38;2;0;95;95m[48;2;215;255;255mreceived).toMatchSnapshot()

Snapshot name: `ItemCheckbox Component renders correctly with prop isChecked = true 1`

[38;2;128;0;128m[48;2;255;215;255m- Snapshot  - 2
[38;2;0;95;95m[48;2;215;255;255m+ Received  + 1

@@ -4,11 +4,10 @@
        "flexDirection": "row",
        "paddingHorizontal": 16,
        "paddingVertical": 12,
      }
    }
[38;2;128;0;128m[48;2;255;215;255m-   testID="item_checkbox.container"
  >
    <Text
      style={
        Array [
          Object {
@@ -45,11 +44,11 @@
      style={
        Object {
          "opacity": 1,
        }
      }
[38;2;128;0;128m[48;2;255;215;255m-     testID="item_checkbox.checkbox"
[38;2;0;95;95m[48;2;215;255;255m+     testID="button_wrapper"
    >
      <View
        style={
          Array [
            Object {
    at Object.<anonymous> (/Users/lesison/Documents/sonls/react-native/bic-group-app/src/components/ItemCheckbox/index.test.tsx:23:22)
    at Promise.then.completed (/Users/lesison/Documents/sonls/react-native/bic-group-app/node_modules/jest-circus/build/utils.js:390:28)
    at new Promise (<anonymous>)
    at callAsyncCircusFn (/Users/lesison/Documents/sonls/react-native/bic-group-app/node_modules/jest-circus/build/utils.js:315:10)
    at _callCircusTest (/Users/lesison/Documents/sonls/react-native/bic-group-app/node_modules/jest-circus/build/run.js:218:40)
    at processTicksAndRejections (node:internal/process/task_queues:96:5)
    at _runTest (/Users/lesison/Documents/sonls/react-native/bic-group-app/node_modules/jest-circus/build/run.js:155:3)
    at _runTestsForDescribeBlock (/Users/lesison/Documents/sonls/react-native/bic-group-app/node_modules/jest-circus/build/run.js:66:9)
    at _runTestsForDescribeBlock (/Users/lesison/Documents/sonls/react-native/bic-group-app/node_modules/jest-circus/build/run.js:60:9)
    at run (/Users/lesison/Documents/sonls/react-native/bic-group-app/node_modules/jest-circus/build/run.js:25:3)]]></failure>
    </testCase>
    <testCase name="ItemCheckbox Component renders correctly with prop disabled = true" duration="105">
      <failure message="Error: expect([38;2;0;95;95m[48;2;215;255;255mreceived).toMatchSnapshot()"><![CDATA[Error: expect([38;2;0;95;95m[48;2;215;255;255mreceived).toMatchSnapshot()

Snapshot name: `ItemCheckbox Component renders correctly with prop disabled = true 1`

[38;2;128;0;128m[48;2;255;215;255m- Snapshot  - 2
[38;2;0;95;95m[48;2;215;255;255m+ Received  + 1

@@ -4,11 +4,10 @@
        "flexDirection": "row",
        "paddingHorizontal": 16,
        "paddingVertical": 12,
      }
    }
[38;2;128;0;128m[48;2;255;215;255m-   testID="item_checkbox.container"
  >
    <Text
      style={
        Array [
          Object {
@@ -45,11 +44,11 @@
      style={
        Object {
          "opacity": 1,
        }
      }
[38;2;128;0;128m[48;2;255;215;255m-     testID="item_checkbox.checkbox"
[38;2;0;95;95m[48;2;215;255;255m+     testID="button_wrapper"
    >
      <View
        style={
          Array [
            Object {
    at Object.<anonymous> (/Users/lesison/Documents/sonls/react-native/bic-group-app/src/components/ItemCheckbox/index.test.tsx:32:22)
    at Promise.then.completed (/Users/lesison/Documents/sonls/react-native/bic-group-app/node_modules/jest-circus/build/utils.js:390:28)
    at new Promise (<anonymous>)
    at callAsyncCircusFn (/Users/lesison/Documents/sonls/react-native/bic-group-app/node_modules/jest-circus/build/utils.js:315:10)
    at _callCircusTest (/Users/lesison/Documents/sonls/react-native/bic-group-app/node_modules/jest-circus/build/run.js:218:40)
    at processTicksAndRejections (node:internal/process/task_queues:96:5)
    at _runTest (/Users/lesison/Documents/sonls/react-native/bic-group-app/node_modules/jest-circus/build/run.js:155:3)
    at _runTestsForDescribeBlock (/Users/lesison/Documents/sonls/react-native/bic-group-app/node_modules/jest-circus/build/run.js:66:9)
    at _runTestsForDescribeBlock (/Users/lesison/Documents/sonls/react-native/bic-group-app/node_modules/jest-circus/build/run.js:60:9)
    at run (/Users/lesison/Documents/sonls/react-native/bic-group-app/node_modules/jest-circus/build/run.js:25:3)]]></failure>
    </testCase>
    <testCase name="ItemCheckbox Component should call prop onRemoveItem" duration="68">
      <failure message="Error: Unable to find an element with testID: item_checkbox.checkbox"><![CDATA[Error: Unable to find an element with testID: item_checkbox.checkbox
    at Object.<anonymous> (/Users/lesison/Documents/sonls/react-native/bic-group-app/src/components/ItemCheckbox/index.test.tsx:43:40)
    at Promise.then.completed (/Users/lesison/Documents/sonls/react-native/bic-group-app/node_modules/jest-circus/build/utils.js:390:28)
    at new Promise (<anonymous>)
    at callAsyncCircusFn (/Users/lesison/Documents/sonls/react-native/bic-group-app/node_modules/jest-circus/build/utils.js:315:10)
    at _callCircusTest (/Users/lesison/Documents/sonls/react-native/bic-group-app/node_modules/jest-circus/build/run.js:218:40)
    at processTicksAndRejections (node:internal/process/task_queues:96:5)
    at _runTest (/Users/lesison/Documents/sonls/react-native/bic-group-app/node_modules/jest-circus/build/run.js:155:3)
    at _runTestsForDescribeBlock (/Users/lesison/Documents/sonls/react-native/bic-group-app/node_modules/jest-circus/build/run.js:66:9)
    at _runTestsForDescribeBlock (/Users/lesison/Documents/sonls/react-native/bic-group-app/node_modules/jest-circus/build/run.js:60:9)
    at run (/Users/lesison/Documents/sonls/react-native/bic-group-app/node_modules/jest-circus/build/run.js:25:3)]]></failure>
    </testCase>
    <testCase name="ItemCheckbox Component should call prop onAddItem" duration="56">
      <failure message="Error: Unable to find an element with testID: item_checkbox.checkbox"><![CDATA[Error: Unable to find an element with testID: item_checkbox.checkbox
    at Object.<anonymous> (/Users/lesison/Documents/sonls/react-native/bic-group-app/src/components/ItemCheckbox/index.test.tsx:57:40)
    at Promise.then.completed (/Users/lesison/Documents/sonls/react-native/bic-group-app/node_modules/jest-circus/build/utils.js:390:28)
    at new Promise (<anonymous>)
    at callAsyncCircusFn (/Users/lesison/Documents/sonls/react-native/bic-group-app/node_modules/jest-circus/build/utils.js:315:10)
    at _callCircusTest (/Users/lesison/Documents/sonls/react-native/bic-group-app/node_modules/jest-circus/build/run.js:218:40)
    at processTicksAndRejections (node:internal/process/task_queues:96:5)
    at _runTest (/Users/lesison/Documents/sonls/react-native/bic-group-app/node_modules/jest-circus/build/run.js:155:3)
    at _runTestsForDescribeBlock (/Users/lesison/Documents/sonls/react-native/bic-group-app/node_modules/jest-circus/build/run.js:66:9)
    at _runTestsForDescribeBlock (/Users/lesison/Documents/sonls/react-native/bic-group-app/node_modules/jest-circus/build/run.js:60:9)
    at run (/Users/lesison/Documents/sonls/react-native/bic-group-app/node_modules/jest-circus/build/run.js:25:3)]]></failure>
    </testCase>
  </file>
  <file path="/Users/lesison/Documents/sonls/react-native/bic-group-app/src/screens/articles/CreateArticle/screens/CreateArticleContent/index.test.tsx">
    <testCase name="CreateArticleContent screen should not enable button save if content is empty" duration="911"/>
    <testCase name="CreateArticleContent screen should trigger onInitializeEnd" duration="370">
      <failure message="Error: expect([38;2;0;95;95m[48;2;215;255;255mreceived).toMatchSnapshot()"><![CDATA[Error: expect([38;2;0;95;95m[48;2;215;255;255mreceived).toMatchSnapshot()

Snapshot name: `CreateArticleContent screen should trigger onInitializeEnd 1`

[38;2;128;0;128m[48;2;255;215;255m- Snapshot  - 0
[38;2;0;95;95m[48;2;215;255;255m+ Received  + 1

@@ -1278,10 +1278,11 @@
                              style={
                                Object {
                                  "flex": 1,
                                }
                              }
[38;2;0;95;95m[48;2;215;255;255m+                             testID="sticker_view.emoij"
                            >
                              <View
                                style={
                                  Object {
                                    "alignItems": "center",
    at Object.<anonymous> (/Users/lesison/Documents/sonls/react-native/bic-group-app/src/screens/articles/CreateArticle/screens/CreateArticleContent/index.test.tsx:61:21)
    at Promise.then.completed (/Users/lesison/Documents/sonls/react-native/bic-group-app/node_modules/jest-circus/build/utils.js:390:28)
    at new Promise (<anonymous>)
    at callAsyncCircusFn (/Users/lesison/Documents/sonls/react-native/bic-group-app/node_modules/jest-circus/build/utils.js:315:10)
    at _callCircusTest (/Users/lesison/Documents/sonls/react-native/bic-group-app/node_modules/jest-circus/build/run.js:218:40)
    at processTicksAndRejections (node:internal/process/task_queues:96:5)
    at _runTest (/Users/lesison/Documents/sonls/react-native/bic-group-app/node_modules/jest-circus/build/run.js:155:3)
    at _runTestsForDescribeBlock (/Users/lesison/Documents/sonls/react-native/bic-group-app/node_modules/jest-circus/build/run.js:66:9)
    at _runTestsForDescribeBlock (/Users/lesison/Documents/sonls/react-native/bic-group-app/node_modules/jest-circus/build/run.js:60:9)
    at run (/Users/lesison/Documents/sonls/react-native/bic-group-app/node_modules/jest-circus/build/run.js:25:3)]]></failure>
    </testCase>
    <testCase name="CreateArticleContent screen should enable button publish if content is not empty &amp; changed" duration="174"/>
    <testCase name="CreateArticleContent screen should render correctly" duration="108"/>
    <testCase name="CreateArticleContent screen should clickable on save button" duration="150">
      <failure message="Error: Cannot spy the _onPressButton property because it is not a function; undefined given instead"><![CDATA[Error: Cannot spy the _onPressButton property because it is not a function; undefined given instead
    at ModuleMocker.spyOn (/Users/lesison/Documents/sonls/react-native/bic-group-app/node_modules/jest-mock/build/index.js:798:15)
    at Object.<anonymous> (/Users/lesison/Documents/sonls/react-native/bic-group-app/src/screens/articles/CreateArticle/screens/CreateArticleContent/index.test.tsx:141:36)
    at Promise.then.completed (/Users/lesison/Documents/sonls/react-native/bic-group-app/node_modules/jest-circus/build/utils.js:390:28)
    at new Promise (<anonymous>)
    at callAsyncCircusFn (/Users/lesison/Documents/sonls/react-native/bic-group-app/node_modules/jest-circus/build/utils.js:315:10)
    at _callCircusTest (/Users/lesison/Documents/sonls/react-native/bic-group-app/node_modules/jest-circus/build/run.js:218:40)
    at processTicksAndRejections (node:internal/process/task_queues:96:5)
    at _runTest (/Users/lesison/Documents/sonls/react-native/bic-group-app/node_modules/jest-circus/build/run.js:155:3)
    at _runTestsForDescribeBlock (/Users/lesison/Documents/sonls/react-native/bic-group-app/node_modules/jest-circus/build/run.js:66:9)
    at _runTestsForDescribeBlock (/Users/lesison/Documents/sonls/react-native/bic-group-app/node_modules/jest-circus/build/run.js:60:9)]]></failure>
    </testCase>
  </file>
  <file path="/Users/lesison/Documents/sonls/react-native/bic-group-app/src/screens/groups/components/MemberList.test.tsx">
    <testCase name="MemberList component should render data correctly" duration="719"/>
    <testCase name="MemberList component should render loading more indicator correctly when getting more data" duration="416">
      <failure message="Error: Unable to find an element with testID: member_list.loading_more_indicator"><![CDATA[Error: Unable to find an element with testID: member_list.loading_more_indicator
    at Object.<anonymous> (/Users/lesison/Documents/sonls/react-native/bic-group-app/src/screens/groups/components/MemberList.test.tsx:82:38)
    at Promise.then.completed (/Users/lesison/Documents/sonls/react-native/bic-group-app/node_modules/jest-circus/build/utils.js:390:28)
    at new Promise (<anonymous>)
    at callAsyncCircusFn (/Users/lesison/Documents/sonls/react-native/bic-group-app/node_modules/jest-circus/build/utils.js:315:10)
    at _callCircusTest (/Users/lesison/Documents/sonls/react-native/bic-group-app/node_modules/jest-circus/build/run.js:218:40)
    at processTicksAndRejections (node:internal/process/task_queues:96:5)
    at _runTest (/Users/lesison/Documents/sonls/react-native/bic-group-app/node_modules/jest-circus/build/run.js:155:3)
    at _runTestsForDescribeBlock (/Users/lesison/Documents/sonls/react-native/bic-group-app/node_modules/jest-circus/build/run.js:66:9)
    at _runTestsForDescribeBlock (/Users/lesison/Documents/sonls/react-native/bic-group-app/node_modules/jest-circus/build/run.js:60:9)
    at run (/Users/lesison/Documents/sonls/react-native/bic-group-app/node_modules/jest-circus/build/run.js:25:3)]]></failure>
    </testCase>
  </file>
  <file path="/Users/lesison/Documents/sonls/react-native/bic-group-app/src/components/series/SeriesItem/index.test.tsx">
    <testCase name="SeriesItem component renders correctly" duration="903">
      <failure message="Error: expect([38;2;0;95;95m[48;2;215;255;255mreceived).toMatchSnapshot()"><![CDATA[Error: expect([38;2;0;95;95m[48;2;215;255;255mreceived).toMatchSnapshot()

Snapshot name: `SeriesItem component renders correctly 1`

[38;2;128;0;128m[48;2;255;215;255m- Snapshot  - 5
[38;2;0;95;95m[48;2;215;255;255m+ Received  + 6

@@ -159,11 +159,12 @@
          onResponderTerminate={[Function]}
          onResponderTerminationRequest={[Function]}
          onStartShouldSetResponder={[Function]}
          style={
            Object {
[38;2;128;0;128m[48;2;255;215;255m-             "alignSelf": "flex-start",
[38;2;0;95;95m[48;2;215;255;255m+             "alignItems": "center",
[38;2;0;95;95m[48;2;215;255;255m+             "flexDirection": "row",
              "marginRight": 12,
              "opacity": 1,
            }
          }
          testID="button_wrapper"
@@ -178,11 +179,13 @@
                  "fontSize": 15,
                },
                Object {
                  "color": "#181C32",
                },
[38;2;128;0;128m[48;2;255;215;255m-               undefined,
[38;2;0;95;95m[48;2;215;255;255m+               Object {
[38;2;0;95;95m[48;2;215;255;255m+                 "flexShrink": 1,
[38;2;0;95;95m[48;2;215;255;255m+               },
              ]
            }
            testID="content_header.actor"
          >
            Linh Linh
@@ -262,13 +265,11 @@
          >
            
          </Text>
        </View>
      </View>
[38;2;128;0;128m[48;2;255;215;255m-     <View
[38;2;128;0;128m[48;2;255;215;255m-       style={Object {}}
[38;2;128;0;128m[48;2;255;215;255m-     >
[38;2;0;95;95m[48;2;215;255;255m+     <View>
        <View
          accessible={true}
          focusable={true}
          onClick={[Function]}
          onResponderGrant={[Function]}
    at Object.<anonymous> (/Users/lesison/Documents/sonls/react-native/bic-group-app/src/components/series/SeriesItem/index.test.tsx:17:21)
    at Promise.then.completed (/Users/lesison/Documents/sonls/react-native/bic-group-app/node_modules/jest-circus/build/utils.js:390:28)
    at new Promise (<anonymous>)
    at callAsyncCircusFn (/Users/lesison/Documents/sonls/react-native/bic-group-app/node_modules/jest-circus/build/utils.js:315:10)
    at _callCircusTest (/Users/lesison/Documents/sonls/react-native/bic-group-app/node_modules/jest-circus/build/run.js:218:40)
    at processTicksAndRejections (node:internal/process/task_queues:96:5)
    at _runTest (/Users/lesison/Documents/sonls/react-native/bic-group-app/node_modules/jest-circus/build/run.js:155:3)
    at _runTestsForDescribeBlock (/Users/lesison/Documents/sonls/react-native/bic-group-app/node_modules/jest-circus/build/run.js:66:9)
    at _runTestsForDescribeBlock (/Users/lesison/Documents/sonls/react-native/bic-group-app/node_modules/jest-circus/build/run.js:60:9)
    at run (/Users/lesison/Documents/sonls/react-native/bic-group-app/node_modules/jest-circus/build/run.js:25:3)]]></failure>
    </testCase>
    <testCase name="SeriesItem component header should be pressable" duration="167"/>
    <testCase name="SeriesItem component renders delete item when series deleted" duration="79"/>
  </file>
  <file path="/Users/lesison/Documents/sonls/react-native/bic-group-app/src/screens/tags/EditTag/index.test.tsx">
    <testCase name="EditTag component render correctly with default state" duration="538">
      <failure message="Error: expect([38;2;0;95;95m[48;2;215;255;255mreceived).toMatchSnapshot()"><![CDATA[Error: expect([38;2;0;95;95m[48;2;215;255;255mreceived).toMatchSnapshot()

Snapshot name: `EditTag component render correctly with default state 1`

[38;2;128;0;128m[48;2;255;215;255m- Snapshot  - 1
[38;2;0;95;95m[48;2;215;255;255m+ Received  + 1

@@ -406,10 +406,10 @@
                "textAlign": "center",
              },
            ]
          }
        >
[38;2;128;0;128m[48;2;255;215;255m-         The tag will be automatically converted to lowercase after created or updated.
[38;2;0;95;95m[48;2;215;255;255m+         The tag will be automatically converted to uppercase after created or updated.
        </Text>
      </View>
    </View>
  </View>
    at Object.<anonymous> (/Users/lesison/Documents/sonls/react-native/bic-group-app/src/screens/tags/EditTag/index.test.tsx:21:21)
    at Promise.then.completed (/Users/lesison/Documents/sonls/react-native/bic-group-app/node_modules/jest-circus/build/utils.js:390:28)
    at new Promise (<anonymous>)
    at callAsyncCircusFn (/Users/lesison/Documents/sonls/react-native/bic-group-app/node_modules/jest-circus/build/utils.js:315:10)
    at _callCircusTest (/Users/lesison/Documents/sonls/react-native/bic-group-app/node_modules/jest-circus/build/run.js:218:40)
    at processTicksAndRejections (node:internal/process/task_queues:96:5)
    at _runTest (/Users/lesison/Documents/sonls/react-native/bic-group-app/node_modules/jest-circus/build/run.js:155:3)
    at _runTestsForDescribeBlock (/Users/lesison/Documents/sonls/react-native/bic-group-app/node_modules/jest-circus/build/run.js:66:9)
    at _runTestsForDescribeBlock (/Users/lesison/Documents/sonls/react-native/bic-group-app/node_modules/jest-circus/build/run.js:60:9)
    at run (/Users/lesison/Documents/sonls/react-native/bic-group-app/node_modules/jest-circus/build/run.js:25:3)]]></failure>
    </testCase>
  </file>
  <file path="/Users/lesison/Documents/sonls/react-native/bic-group-app/src/components/TagsView/components/TagItem.test.tsx">
    <testCase name="TagView component should navigate when click tag" duration="192">
      <failure message="TypeError: Cannot read properties of null (reading &apos;props&apos;)"><![CDATA[TypeError: Cannot read properties of null (reading 'props')
    at getEventHandler (/Users/lesison/Documents/sonls/react-native/bic-group-app/node_modules/@testing-library/react-native/src/fireEvent.ts:95:22)
    at findEventHandler (/Users/lesison/Documents/sonls/react-native/bic-group-app/node_modules/@testing-library/react-native/src/fireEvent.ts:79:19)
    at invokeEvent (/Users/lesison/Documents/sonls/react-native/bic-group-app/node_modules/@testing-library/react-native/src/fireEvent.ts:112:19)
    at Function.press (/Users/lesison/Documents/sonls/react-native/bic-group-app/node_modules/@testing-library/react-native/src/fireEvent.ts:131:3)
    at Object.<anonymous> (/Users/lesison/Documents/sonls/react-native/bic-group-app/src/components/TagsView/components/TagItem.test.tsx:28:15)
    at Promise.then.completed (/Users/lesison/Documents/sonls/react-native/bic-group-app/node_modules/jest-circus/build/utils.js:390:28)
    at new Promise (<anonymous>)
    at callAsyncCircusFn (/Users/lesison/Documents/sonls/react-native/bic-group-app/node_modules/jest-circus/build/utils.js:315:10)
    at _callCircusTest (/Users/lesison/Documents/sonls/react-native/bic-group-app/node_modules/jest-circus/build/run.js:218:40)
    at processTicksAndRejections (node:internal/process/task_queues:96:5)]]></failure>
    </testCase>
  </file>
  <file path="/Users/lesison/Documents/sonls/react-native/bic-group-app/src/components/series/SeriesContent/ListItem.test.tsx">
    <testCase name="ListItem component should go to article detail when press article item" duration="320">
      <failure message="Error: expect(jest.fn()).toBeCalledWith(...expected)"><![CDATA[Error: expect(jest.fn()).toBeCalledWith(...expected)

- Expected
+ Received

- "article-content-detail",
+ "post-detail",
  Object {
-   "articleId": "1",
+   "post_id": "1",
  },

Number of calls: 1
    at Object.<anonymous> (/Users/lesison/Documents/sonls/react-native/bic-group-app/src/components/series/SeriesContent/ListItem.test.tsx:19:22)
    at Promise.then.completed (/Users/lesison/Documents/sonls/react-native/bic-group-app/node_modules/jest-circus/build/utils.js:390:28)
    at new Promise (<anonymous>)
    at callAsyncCircusFn (/Users/lesison/Documents/sonls/react-native/bic-group-app/node_modules/jest-circus/build/utils.js:315:10)
    at _callCircusTest (/Users/lesison/Documents/sonls/react-native/bic-group-app/node_modules/jest-circus/build/run.js:218:40)
    at processTicksAndRejections (node:internal/process/task_queues:96:5)
    at _runTest (/Users/lesison/Documents/sonls/react-native/bic-group-app/node_modules/jest-circus/build/run.js:155:3)
    at _runTestsForDescribeBlock (/Users/lesison/Documents/sonls/react-native/bic-group-app/node_modules/jest-circus/build/run.js:66:9)
    at _runTestsForDescribeBlock (/Users/lesison/Documents/sonls/react-native/bic-group-app/node_modules/jest-circus/build/run.js:60:9)
    at run (/Users/lesison/Documents/sonls/react-native/bic-group-app/node_modules/jest-circus/build/run.js:25:3)]]></failure>
    </testCase>
  </file>
  <file path="/Users/lesison/Documents/sonls/react-native/bic-group-app/src/screens/groups/GeneralInformation/components/AvatarImage.test.tsx">
    <testCase name="AvatarImage component renders correctly" duration="276"/>
    <testCase name="AvatarImage component should show loading" duration="260"/>
    <testCase name="AvatarImage component should show avatar" duration="315"/>
    <testCase name="AvatarImage component should disable button when loading" duration="534">
      <failure message="Error: Unable to find an element with testID: avatar.button_edit"><![CDATA[Error: Unable to find an element with testID: avatar.button_edit
    at Object.<anonymous> (/Users/lesison/Documents/sonls/react-native/bic-group-app/src/screens/groups/GeneralInformation/components/AvatarImage.test.tsx:77:38)
    at Promise.then.completed (/Users/lesison/Documents/sonls/react-native/bic-group-app/node_modules/jest-circus/build/utils.js:390:28)
    at new Promise (<anonymous>)
    at callAsyncCircusFn (/Users/lesison/Documents/sonls/react-native/bic-group-app/node_modules/jest-circus/build/utils.js:315:10)
    at _callCircusTest (/Users/lesison/Documents/sonls/react-native/bic-group-app/node_modules/jest-circus/build/run.js:218:40)
    at processTicksAndRejections (node:internal/process/task_queues:96:5)
    at _runTest (/Users/lesison/Documents/sonls/react-native/bic-group-app/node_modules/jest-circus/build/run.js:155:3)
    at _runTestsForDescribeBlock (/Users/lesison/Documents/sonls/react-native/bic-group-app/node_modules/jest-circus/build/run.js:66:9)
    at _runTestsForDescribeBlock (/Users/lesison/Documents/sonls/react-native/bic-group-app/node_modules/jest-circus/build/run.js:60:9)
    at run (/Users/lesison/Documents/sonls/react-native/bic-group-app/node_modules/jest-circus/build/run.js:25:3)]]></failure>
    </testCase>
    <testCase name="AvatarImage component should call onEditAvatar when edit button press" duration="304">
      <failure message="Error: Unable to find an element with testID: avatar.button_edit"><![CDATA[Error: Unable to find an element with testID: avatar.button_edit
    at Object.<anonymous> (/Users/lesison/Documents/sonls/react-native/bic-group-app/src/screens/groups/GeneralInformation/components/AvatarImage.test.tsx:101:38)
    at Promise.then.completed (/Users/lesison/Documents/sonls/react-native/bic-group-app/node_modules/jest-circus/build/utils.js:390:28)
    at new Promise (<anonymous>)
    at callAsyncCircusFn (/Users/lesison/Documents/sonls/react-native/bic-group-app/node_modules/jest-circus/build/utils.js:315:10)
    at _callCircusTest (/Users/lesison/Documents/sonls/react-native/bic-group-app/node_modules/jest-circus/build/run.js:218:40)
    at processTicksAndRejections (node:internal/process/task_queues:96:5)
    at _runTest (/Users/lesison/Documents/sonls/react-native/bic-group-app/node_modules/jest-circus/build/run.js:155:3)
    at _runTestsForDescribeBlock (/Users/lesison/Documents/sonls/react-native/bic-group-app/node_modules/jest-circus/build/run.js:66:9)
    at _runTestsForDescribeBlock (/Users/lesison/Documents/sonls/react-native/bic-group-app/node_modules/jest-circus/build/run.js:60:9)
    at run (/Users/lesison/Documents/sonls/react-native/bic-group-app/node_modules/jest-circus/build/run.js:25:3)]]></failure>
    </testCase>
  </file>
  <file path="/Users/lesison/Documents/sonls/react-native/bic-group-app/src/components/series/SeriesContentModal/SeriesItemModal.test.tsx">
    <testCase name="SeriesItemModal component should render correctly" duration="460"/>
    <testCase name="SeriesItemModal component should call prop onPressItem" duration="227"/>
  </file>
  <file path="/Users/lesison/Documents/sonls/react-native/bic-group-app/src/screens/topic/store/actions/getArticleTopicDetail.test.tsx">
    <testCase name="getArticleTopicDetail should call api get articles topic detail when isRefresh = true throw error" duration="576">
      <failure message="Error: expect(received).toBe(expected) // Object.is equality"><![CDATA[Error: expect(received).toBe(expected) // Object.is equality

Expected: false
Received: undefined
    at Object.<anonymous> (/Users/lesison/Documents/sonls/react-native/bic-group-app/src/screens/topic/store/actions/getArticleTopicDetail.test.tsx:42:39)
    at Promise.then.completed (/Users/lesison/Documents/sonls/react-native/bic-group-app/node_modules/jest-circus/build/utils.js:390:28)
    at new Promise (<anonymous>)
    at callAsyncCircusFn (/Users/lesison/Documents/sonls/react-native/bic-group-app/node_modules/jest-circus/build/utils.js:315:10)
    at _callCircusTest (/Users/lesison/Documents/sonls/react-native/bic-group-app/node_modules/jest-circus/build/run.js:218:40)
    at processTicksAndRejections (node:internal/process/task_queues:96:5)
    at _runTest (/Users/lesison/Documents/sonls/react-native/bic-group-app/node_modules/jest-circus/build/run.js:155:3)
    at _runTestsForDescribeBlock (/Users/lesison/Documents/sonls/react-native/bic-group-app/node_modules/jest-circus/build/run.js:66:9)
    at _runTestsForDescribeBlock (/Users/lesison/Documents/sonls/react-native/bic-group-app/node_modules/jest-circus/build/run.js:60:9)
    at run (/Users/lesison/Documents/sonls/react-native/bic-group-app/node_modules/jest-circus/build/run.js:25:3)]]></failure>
    </testCase>
    <testCase name="getArticleTopicDetail should not call API when isRefresh = false and cannot load more" duration="182">
      <failure message="Error: expect(jest.fn()).not.toBeCalled()"><![CDATA[Error: expect(jest.fn()).not.toBeCalled()

Expected number of calls: 0
Received number of calls: 1

1: {"id": undefined, "offset": 0}
    at Object.<anonymous> (/Users/lesison/Documents/sonls/react-native/bic-group-app/src/screens/topic/store/actions/getArticleTopicDetail.test.tsx:66:21)
    at Promise.then.completed (/Users/lesison/Documents/sonls/react-native/bic-group-app/node_modules/jest-circus/build/utils.js:390:28)
    at new Promise (<anonymous>)
    at callAsyncCircusFn (/Users/lesison/Documents/sonls/react-native/bic-group-app/node_modules/jest-circus/build/utils.js:315:10)
    at _callCircusTest (/Users/lesison/Documents/sonls/react-native/bic-group-app/node_modules/jest-circus/build/run.js:218:40)
    at processTicksAndRejections (node:internal/process/task_queues:96:5)
    at _runTest (/Users/lesison/Documents/sonls/react-native/bic-group-app/node_modules/jest-circus/build/run.js:155:3)
    at _runTestsForDescribeBlock (/Users/lesison/Documents/sonls/react-native/bic-group-app/node_modules/jest-circus/build/run.js:66:9)
    at _runTestsForDescribeBlock (/Users/lesison/Documents/sonls/react-native/bic-group-app/node_modules/jest-circus/build/run.js:60:9)
    at run (/Users/lesison/Documents/sonls/react-native/bic-group-app/node_modules/jest-circus/build/run.js:25:3)]]></failure>
    </testCase>
    <testCase name="getArticleTopicDetail should call api get articles topic detail when isRefresh = true success" duration="324"/>
    <testCase name="getArticleTopicDetail should call api get articles topic detail when isRefresh = false success" duration="517"/>
  </file>
  <file path="/Users/lesison/Documents/sonls/react-native/bic-group-app/src/screens/tags/Tags/components/CreateTag.test.tsx">
    <testCase name="CreateTag component render correctly with default state" duration="647">
      <failure message="Error: expect([38;2;0;95;95m[48;2;215;255;255mreceived).toMatchSnapshot()"><![CDATA[Error: expect([38;2;0;95;95m[48;2;215;255;255mreceived).toMatchSnapshot()

Snapshot name: `CreateTag component render correctly with default state 1`

[38;2;128;0;128m[48;2;255;215;255m- Snapshot  - 1
[38;2;0;95;95m[48;2;215;255;255m+ Received  + 1

@@ -171,11 +171,11 @@
              "textAlign": "center",
            },
          ]
        }
      >
[38;2;128;0;128m[48;2;255;215;255m-       The tag will be automatically converted to lowercase after created or updated.
[38;2;0;95;95m[48;2;215;255;255m+       The tag will be automatically converted to uppercase after created or updated.
      </Text>
    </View>
    <View
      style={
        Object {
    at Object.<anonymous> (/Users/lesison/Documents/sonls/react-native/bic-group-app/src/screens/tags/Tags/components/CreateTag.test.tsx:8:21)
    at Promise.then.completed (/Users/lesison/Documents/sonls/react-native/bic-group-app/node_modules/jest-circus/build/utils.js:390:28)
    at new Promise (<anonymous>)
    at callAsyncCircusFn (/Users/lesison/Documents/sonls/react-native/bic-group-app/node_modules/jest-circus/build/utils.js:315:10)
    at _callCircusTest (/Users/lesison/Documents/sonls/react-native/bic-group-app/node_modules/jest-circus/build/run.js:218:40)
    at processTicksAndRejections (node:internal/process/task_queues:96:5)
    at _runTest (/Users/lesison/Documents/sonls/react-native/bic-group-app/node_modules/jest-circus/build/run.js:155:3)
    at _runTestsForDescribeBlock (/Users/lesison/Documents/sonls/react-native/bic-group-app/node_modules/jest-circus/build/run.js:66:9)
    at _runTestsForDescribeBlock (/Users/lesison/Documents/sonls/react-native/bic-group-app/node_modules/jest-circus/build/run.js:60:9)
    at run (/Users/lesison/Documents/sonls/react-native/bic-group-app/node_modules/jest-circus/build/run.js:25:3)]]></failure>
    </testCase>
    <testCase name="CreateTag component should enable button when text change" duration="260"/>
  </file>
  <file path="/Users/lesison/Documents/sonls/react-native/bic-group-app/src/screens/auth/store/actions/signIn.test.ts">
    <testCase name="signIn should call auth amplify sign in success, keep loading" duration="197">
      <failure message="Error: expect(jest.fn()).toBeCalled()"><![CDATA[Error: expect(jest.fn()).toBeCalled()

Expected number of calls: >= 1
Received number of calls:    0
    at Object.<anonymous> (/Users/lesison/Documents/sonls/react-native/bic-group-app/src/screens/auth/store/actions/signIn.test.ts:23:25)
    at Promise.then.completed (/Users/lesison/Documents/sonls/react-native/bic-group-app/node_modules/jest-circus/build/utils.js:390:28)
    at new Promise (<anonymous>)
    at callAsyncCircusFn (/Users/lesison/Documents/sonls/react-native/bic-group-app/node_modules/jest-circus/build/utils.js:315:10)
    at _callCircusTest (/Users/lesison/Documents/sonls/react-native/bic-group-app/node_modules/jest-circus/build/run.js:218:40)
    at processTicksAndRejections (node:internal/process/task_queues:96:5)
    at _runTest (/Users/lesison/Documents/sonls/react-native/bic-group-app/node_modules/jest-circus/build/run.js:155:3)
    at _runTestsForDescribeBlock (/Users/lesison/Documents/sonls/react-native/bic-group-app/node_modules/jest-circus/build/run.js:66:9)
    at _runTestsForDescribeBlock (/Users/lesison/Documents/sonls/react-native/bic-group-app/node_modules/jest-circus/build/run.js:60:9)
    at run (/Users/lesison/Documents/sonls/react-native/bic-group-app/node_modules/jest-circus/build/run.js:25:3)]]></failure>
    </testCase>
    <testCase name="signIn should call auth amplify error, call prop callbackError" duration="120">
      <failure message="Error: expect(jest.fn()).toBeCalled()"><![CDATA[Error: expect(jest.fn()).toBeCalled()

Expected number of calls: >= 1
Received number of calls:    0
    at Object.<anonymous> (/Users/lesison/Documents/sonls/react-native/bic-group-app/src/screens/auth/store/actions/signIn.test.ts:45:25)
    at Promise.then.completed (/Users/lesison/Documents/sonls/react-native/bic-group-app/node_modules/jest-circus/build/utils.js:390:28)
    at new Promise (<anonymous>)
    at callAsyncCircusFn (/Users/lesison/Documents/sonls/react-native/bic-group-app/node_modules/jest-circus/build/utils.js:315:10)
    at _callCircusTest (/Users/lesison/Documents/sonls/react-native/bic-group-app/node_modules/jest-circus/build/run.js:218:40)
    at processTicksAndRejections (node:internal/process/task_queues:96:5)
    at _runTest (/Users/lesison/Documents/sonls/react-native/bic-group-app/node_modules/jest-circus/build/run.js:155:3)
    at _runTestsForDescribeBlock (/Users/lesison/Documents/sonls/react-native/bic-group-app/node_modules/jest-circus/build/run.js:66:9)
    at _runTestsForDescribeBlock (/Users/lesison/Documents/sonls/react-native/bic-group-app/node_modules/jest-circus/build/run.js:60:9)
    at run (/Users/lesison/Documents/sonls/react-native/bic-group-app/node_modules/jest-circus/build/run.js:25:3)]]></failure>
    </testCase>
  </file>
  <file path="/Users/lesison/Documents/sonls/react-native/bic-group-app/src/components/articles/ArticleWebview/index.test.tsx">
    <testCase name="ArticleWebview Component renders correctly" duration="560"/>
    <testCase name="ArticleWebview Component should render null" duration="78"/>
  </file>
  <file path="/Users/lesison/Documents/sonls/react-native/bic-group-app/src/screens/articles/CreateArticle/screens/CreateArticleAudience/AudienceSection.test.tsx">
    <testCase name="AudienceSection should render correctly" duration="518">
      <failure message="Error: expect([38;2;0;95;95m[48;2;215;255;255mreceived).toMatchSnapshot()"><![CDATA[Error: expect([38;2;0;95;95m[48;2;215;255;255mreceived).toMatchSnapshot()

Snapshot name: `AudienceSection should render correctly 1`

[38;2;128;0;128m[48;2;255;215;255m- Snapshot  - 0
[38;2;0;95;95m[48;2;215;255;255m+ Received  + 6

@@ -166,14 +166,17 @@
                            "color": "#212745",
                            "fontFamily": "BeVietnamPro-Light",
                            "fontSize": 13,
                          },
                          Object {},
[38;2;0;95;95m[48;2;215;255;255m+                         Array [
                            Object {
                              "color": "#007AFF",
                              "paddingLeft": 4,
                            },
[38;2;0;95;95m[48;2;215;255;255m+                           undefined,
[38;2;0;95;95m[48;2;215;255;255m+                         ],
                        ]
                      }
                      testID="tag.label"
                    >
                      Community của Hoàng
@@ -224,14 +227,17 @@
                            "color": "#212745",
                            "fontFamily": "BeVietnamPro-Light",
                            "fontSize": 13,
                          },
                          Object {},
[38;2;0;95;95m[48;2;215;255;255m+                         Array [
                            Object {
                              "color": "#007AFF",
                              "paddingLeft": 4,
                            },
[38;2;0;95;95m[48;2;215;255;255m+                           undefined,
[38;2;0;95;95m[48;2;215;255;255m+                         ],
                        ]
                      }
                      testID="tag.label"
                    >
                      Bock Bock
    at Object.<anonymous> (/Users/lesison/Documents/sonls/react-native/bic-group-app/src/screens/articles/CreateArticle/screens/CreateArticleAudience/AudienceSection.test.tsx:31:21)
    at Promise.then.completed (/Users/lesison/Documents/sonls/react-native/bic-group-app/node_modules/jest-circus/build/utils.js:390:28)
    at new Promise (<anonymous>)
    at callAsyncCircusFn (/Users/lesison/Documents/sonls/react-native/bic-group-app/node_modules/jest-circus/build/utils.js:315:10)
    at _callCircusTest (/Users/lesison/Documents/sonls/react-native/bic-group-app/node_modules/jest-circus/build/run.js:218:40)
    at processTicksAndRejections (node:internal/process/task_queues:96:5)
    at _runTest (/Users/lesison/Documents/sonls/react-native/bic-group-app/node_modules/jest-circus/build/run.js:155:3)
    at _runTestsForDescribeBlock (/Users/lesison/Documents/sonls/react-native/bic-group-app/node_modules/jest-circus/build/run.js:66:9)
    at _runTestsForDescribeBlock (/Users/lesison/Documents/sonls/react-native/bic-group-app/node_modules/jest-circus/build/run.js:60:9)
    at run (/Users/lesison/Documents/sonls/react-native/bic-group-app/node_modules/jest-circus/build/run.js:25:3)]]></failure>
    </testCase>
  </file>
  <file path="/Users/lesison/Documents/sonls/react-native/bic-group-app/src/screens/Menu/store/actions/uploadImage.test.ts">
    <testCase name="uploadImage actions should upload image of profile successfully:" duration="206">
      <failure message="Error: expect(jest.fn()).toBeCalled()"><![CDATA[Error: expect(jest.fn()).toBeCalled()

Expected number of calls: >= 1
Received number of calls:    0
    at Object.<anonymous> (/Users/lesison/Documents/sonls/react-native/bic-group-app/src/screens/Menu/store/actions/uploadImage.test.ts:62:26)
    at Promise.then.completed (/Users/lesison/Documents/sonls/react-native/bic-group-app/node_modules/jest-circus/build/utils.js:390:28)
    at new Promise (<anonymous>)
    at callAsyncCircusFn (/Users/lesison/Documents/sonls/react-native/bic-group-app/node_modules/jest-circus/build/utils.js:315:10)
    at _callCircusTest (/Users/lesison/Documents/sonls/react-native/bic-group-app/node_modules/jest-circus/build/run.js:218:40)
    at processTicksAndRejections (node:internal/process/task_queues:96:5)
    at _runTest (/Users/lesison/Documents/sonls/react-native/bic-group-app/node_modules/jest-circus/build/run.js:155:3)
    at _runTestsForDescribeBlock (/Users/lesison/Documents/sonls/react-native/bic-group-app/node_modules/jest-circus/build/run.js:66:9)
    at _runTestsForDescribeBlock (/Users/lesison/Documents/sonls/react-native/bic-group-app/node_modules/jest-circus/build/run.js:60:9)
    at run (/Users/lesison/Documents/sonls/react-native/bic-group-app/node_modules/jest-circus/build/run.js:25:3)]]></failure>
    </testCase>
  </file>
  <file path="/Users/lesison/Documents/sonls/react-native/bic-group-app/src/components/reaction/ReactionDetailBottomSheet/index.test.tsx">
    <testCase name="ReactionDetailBottomSheet component renders correctly" duration="152">
      <failure message="TypeError: Cannot set properties of undefined (setting &apos;reactionDetailBottomSheet&apos;)"><![CDATA[TypeError: Cannot set properties of undefined (setting 'reactionDetailBottomSheet')
    at _callee$ (/Users/lesison/Documents/sonls/react-native/bic-group-app/src/components/reaction/ReactionDetailBottomSheet/index.test.tsx:60:46)
    at tryCatch (/Users/lesison/Documents/sonls/react-native/bic-group-app/node_modules/regenerator-runtime/runtime.js:64:40)
    at Generator.invoke (/Users/lesison/Documents/sonls/react-native/bic-group-app/node_modules/regenerator-runtime/runtime.js:299:22)
    at Generator.next (/Users/lesison/Documents/sonls/react-native/bic-group-app/node_modules/regenerator-runtime/runtime.js:124:21)
    at tryCatch (/Users/lesison/Documents/sonls/react-native/bic-group-app/node_modules/regenerator-runtime/runtime.js:64:40)
    at invoke (/Users/lesison/Documents/sonls/react-native/bic-group-app/node_modules/regenerator-runtime/runtime.js:160:20)
    at /Users/lesison/Documents/sonls/react-native/bic-group-app/node_modules/regenerator-runtime/runtime.js:195:11
    at tryCallTwo (/Users/lesison/Documents/sonls/react-native/bic-group-app/node_modules/react-native/node_modules/promise/lib/core.js:45:5)
    at doResolve (/Users/lesison/Documents/sonls/react-native/bic-group-app/node_modules/react-native/node_modules/promise/lib/core.js:200:13)
    at new Promise (/Users/lesison/Documents/sonls/react-native/bic-group-app/node_modules/react-native/node_modules/promise/lib/core.js:66:3)]]></failure>
    </testCase>
    <testCase name="ReactionDetailBottomSheet component should render list user react correspondingly when clicking reaction item on ReactionTabBar" duration="109">
      <failure message="TypeError: Cannot set properties of undefined (setting &apos;reactionDetailBottomSheet&apos;)"><![CDATA[TypeError: Cannot set properties of undefined (setting 'reactionDetailBottomSheet')
    at _callee2$ (/Users/lesison/Documents/sonls/react-native/bic-group-app/src/components/reaction/ReactionDetailBottomSheet/index.test.tsx:70:46)
    at tryCatch (/Users/lesison/Documents/sonls/react-native/bic-group-app/node_modules/regenerator-runtime/runtime.js:64:40)
    at Generator.invoke (/Users/lesison/Documents/sonls/react-native/bic-group-app/node_modules/regenerator-runtime/runtime.js:299:22)
    at Generator.next (/Users/lesison/Documents/sonls/react-native/bic-group-app/node_modules/regenerator-runtime/runtime.js:124:21)
    at tryCatch (/Users/lesison/Documents/sonls/react-native/bic-group-app/node_modules/regenerator-runtime/runtime.js:64:40)
    at invoke (/Users/lesison/Documents/sonls/react-native/bic-group-app/node_modules/regenerator-runtime/runtime.js:160:20)
    at /Users/lesison/Documents/sonls/react-native/bic-group-app/node_modules/regenerator-runtime/runtime.js:195:11
    at tryCallTwo (/Users/lesison/Documents/sonls/react-native/bic-group-app/node_modules/react-native/node_modules/promise/lib/core.js:45:5)
    at doResolve (/Users/lesison/Documents/sonls/react-native/bic-group-app/node_modules/react-native/node_modules/promise/lib/core.js:200:13)
    at new Promise (/Users/lesison/Documents/sonls/react-native/bic-group-app/node_modules/react-native/node_modules/promise/lib/core.js:66:3)]]></failure>
    </testCase>
    <testCase name="ReactionDetailBottomSheet component should render list empty user react if call api failed" duration="366"/>
    <testCase name="ReactionDetailBottomSheet component should call navigate to user profile by id when click item" duration="90">
      <failure message="TypeError: Cannot set properties of undefined (setting &apos;reactionDetailBottomSheet&apos;)"><![CDATA[TypeError: Cannot set properties of undefined (setting 'reactionDetailBottomSheet')
    at _callee4$ (/Users/lesison/Documents/sonls/react-native/bic-group-app/src/components/reaction/ReactionDetailBottomSheet/index.test.tsx:116:46)
    at tryCatch (/Users/lesison/Documents/sonls/react-native/bic-group-app/node_modules/regenerator-runtime/runtime.js:64:40)
    at Generator.invoke (/Users/lesison/Documents/sonls/react-native/bic-group-app/node_modules/regenerator-runtime/runtime.js:299:22)
    at Generator.next (/Users/lesison/Documents/sonls/react-native/bic-group-app/node_modules/regenerator-runtime/runtime.js:124:21)
    at tryCatch (/Users/lesison/Documents/sonls/react-native/bic-group-app/node_modules/regenerator-runtime/runtime.js:64:40)
    at invoke (/Users/lesison/Documents/sonls/react-native/bic-group-app/node_modules/regenerator-runtime/runtime.js:160:20)
    at /Users/lesison/Documents/sonls/react-native/bic-group-app/node_modules/regenerator-runtime/runtime.js:195:11
    at tryCallTwo (/Users/lesison/Documents/sonls/react-native/bic-group-app/node_modules/react-native/node_modules/promise/lib/core.js:45:5)
    at doResolve (/Users/lesison/Documents/sonls/react-native/bic-group-app/node_modules/react-native/node_modules/promise/lib/core.js:200:13)
    at new Promise (/Users/lesison/Documents/sonls/react-native/bic-group-app/node_modules/react-native/node_modules/promise/lib/core.js:66:3)]]></failure>
    </testCase>
    <testCase name="ReactionDetailBottomSheet component should call navigate to user profile by username when click item" duration="18">
      <failure message="TypeError: Cannot set properties of undefined (setting &apos;reactionDetailBottomSheet&apos;)"><![CDATA[TypeError: Cannot set properties of undefined (setting 'reactionDetailBottomSheet')
    at _callee5$ (/Users/lesison/Documents/sonls/react-native/bic-group-app/src/components/reaction/ReactionDetailBottomSheet/index.test.tsx:145:46)
    at tryCatch (/Users/lesison/Documents/sonls/react-native/bic-group-app/node_modules/regenerator-runtime/runtime.js:64:40)
    at Generator.invoke (/Users/lesison/Documents/sonls/react-native/bic-group-app/node_modules/regenerator-runtime/runtime.js:299:22)
    at Generator.next (/Users/lesison/Documents/sonls/react-native/bic-group-app/node_modules/regenerator-runtime/runtime.js:124:21)
    at tryCatch (/Users/lesison/Documents/sonls/react-native/bic-group-app/node_modules/regenerator-runtime/runtime.js:64:40)
    at invoke (/Users/lesison/Documents/sonls/react-native/bic-group-app/node_modules/regenerator-runtime/runtime.js:160:20)
    at /Users/lesison/Documents/sonls/react-native/bic-group-app/node_modules/regenerator-runtime/runtime.js:195:11
    at tryCallTwo (/Users/lesison/Documents/sonls/react-native/bic-group-app/node_modules/react-native/node_modules/promise/lib/core.js:45:5)
    at doResolve (/Users/lesison/Documents/sonls/react-native/bic-group-app/node_modules/react-native/node_modules/promise/lib/core.js:200:13)
    at new Promise (/Users/lesison/Documents/sonls/react-native/bic-group-app/node_modules/react-native/node_modules/promise/lib/core.js:66:3)]]></failure>
    </testCase>
    <testCase name="ReactionDetailBottomSheet component should render list empty user react if call api return null" duration="29">
      <failure message="TypeError: Cannot set properties of undefined (setting &apos;reactionDetailBottomSheet&apos;)"><![CDATA[TypeError: Cannot set properties of undefined (setting 'reactionDetailBottomSheet')
    at _callee6$ (/Users/lesison/Documents/sonls/react-native/bic-group-app/src/components/reaction/ReactionDetailBottomSheet/index.test.tsx:171:46)
    at tryCatch (/Users/lesison/Documents/sonls/react-native/bic-group-app/node_modules/regenerator-runtime/runtime.js:64:40)
    at Generator.invoke (/Users/lesison/Documents/sonls/react-native/bic-group-app/node_modules/regenerator-runtime/runtime.js:299:22)
    at Generator.next (/Users/lesison/Documents/sonls/react-native/bic-group-app/node_modules/regenerator-runtime/runtime.js:124:21)
    at tryCatch (/Users/lesison/Documents/sonls/react-native/bic-group-app/node_modules/regenerator-runtime/runtime.js:64:40)
    at invoke (/Users/lesison/Documents/sonls/react-native/bic-group-app/node_modules/regenerator-runtime/runtime.js:160:20)
    at /Users/lesison/Documents/sonls/react-native/bic-group-app/node_modules/regenerator-runtime/runtime.js:195:11
    at tryCallTwo (/Users/lesison/Documents/sonls/react-native/bic-group-app/node_modules/react-native/node_modules/promise/lib/core.js:45:5)
    at doResolve (/Users/lesison/Documents/sonls/react-native/bic-group-app/node_modules/react-native/node_modules/promise/lib/core.js:200:13)
    at new Promise (/Users/lesison/Documents/sonls/react-native/bic-group-app/node_modules/react-native/node_modules/promise/lib/core.js:66:3)]]></failure>
    </testCase>
  </file>
  <file path="/Users/lesison/Documents/sonls/react-native/bic-group-app/src/screens/groups/GeneralInformation/helper.test.tsx">
    <testCase name="GeneralInformation helper should _openImagePicker success" duration="99">
      <failure message="Error: expect(jest.fn()).toBeCalled()"><![CDATA[Error: expect(jest.fn()).toBeCalled()

Expected number of calls: >= 1
Received number of calls:    0
    at Object.<anonymous> (/Users/lesison/Documents/sonls/react-native/bic-group-app/src/screens/groups/GeneralInformation/helper.test.tsx:25:17)
    at Promise.then.completed (/Users/lesison/Documents/sonls/react-native/bic-group-app/node_modules/jest-circus/build/utils.js:390:28)
    at new Promise (<anonymous>)
    at callAsyncCircusFn (/Users/lesison/Documents/sonls/react-native/bic-group-app/node_modules/jest-circus/build/utils.js:315:10)
    at _callCircusTest (/Users/lesison/Documents/sonls/react-native/bic-group-app/node_modules/jest-circus/build/run.js:218:40)
    at processTicksAndRejections (node:internal/process/task_queues:96:5)
    at _runTest (/Users/lesison/Documents/sonls/react-native/bic-group-app/node_modules/jest-circus/build/run.js:155:3)
    at _runTestsForDescribeBlock (/Users/lesison/Documents/sonls/react-native/bic-group-app/node_modules/jest-circus/build/run.js:66:9)
    at _runTestsForDescribeBlock (/Users/lesison/Documents/sonls/react-native/bic-group-app/node_modules/jest-circus/build/run.js:60:9)
    at run (/Users/lesison/Documents/sonls/react-native/bic-group-app/node_modules/jest-circus/build/run.js:25:3)]]></failure>
    </testCase>
  </file>
  <file path="/Users/lesison/Documents/sonls/react-native/bic-group-app/src/screens/Menu/AccountSettings/EditContact/index.test.tsx">
    <testCase name="Edit Contact screen should disable save button when not change contact info" duration="719"/>
    <testCase name="Edit Contact screen should enable save button when change country code" duration="248"/>
    <testCase name="Edit Contact screen should enable save button when change location " duration="425"/>
    <testCase name="Edit Contact screen should back to previous screen successfully " duration="130"/>
    <testCase name="Edit Contact screen should disable email input" duration="126"/>
    <testCase name="Edit Contact screen should back to previous screen successfully when click save button" duration="1186"/>
  </file>
  <file path="/Users/lesison/Documents/sonls/react-native/bic-group-app/src/screens/Menu/AccountSettings/EditContact/fragments/EditLocation.test.tsx">
    <testCase name="EditLocation conponent should call prop onItemPress" duration="978"/>
    <testCase name="EditLocation conponent should renders correctly result when typing search" duration="793"/>
    <testCase name="EditLocation conponent should renders no result when typing words with no meaning " duration="524"/>
  </file>
  <file path="/Users/lesison/Documents/sonls/react-native/bic-group-app/src/screens/Home/index.test.tsx">
    <testCase name="Home screen should call open chat" duration="740"/>
    <testCase name="Home screen default render should contentFilter = ALL vs attributeFilter = ALL" duration="2083"/>
  </file>
  <file path="/Users/lesison/Documents/sonls/react-native/bic-group-app/src/screens/Menu/AccountSettings/EditBasicInfo/EditBasicInfo.test.tsx">
    <testCase name="EditBasicInfo screen should disable save button when not change any value" duration="610"/>
    <testCase name="EditBasicInfo screen should enable save button when change name" duration="407"/>
    <testCase name="EditBasicInfo screen should enable save button when change gender" duration="893"/>
    <testCase name="EditBasicInfo screen should render show date picker when click birthday item" duration="414"/>
    <testCase name="EditBasicInfo screen should render language option bottom sheet and enable Save button when click language item" duration="524"/>
    <testCase name="EditBasicInfo screen should render relationship bottom sheet when click relationship item" duration="393"/>
    <testCase name="EditBasicInfo screen should back to previous screen successfully " duration="371"/>
    <testCase name="EditBasicInfo screen should show alert when changed value and click back " duration="392"/>
    <testCase name="EditBasicInfo screen should show error text when deleting all character of name" duration="532"/>
  </file>
  <file path="/Users/lesison/Documents/sonls/react-native/bic-group-app/src/components/FilterToolbar/index.test.tsx">
    <testCase name="FilterToolbar component should render correctly" duration="749"/>
    <testCase name="FilterToolbar component should set groupId" duration="190"/>
    <testCase name="FilterToolbar component should render selected filter date correctly" duration="277"/>
    <testCase name="FilterToolbar component should render selected filter post type correctly" duration="205"/>
    <testCase name="FilterToolbar component should open modal filter by post type when press on button filter by post type" duration="342"/>
    <testCase name="FilterToolbar component should open modal filter by created by when press on button filter by created by" duration="415"/>
    <testCase name="FilterToolbar component should open modal filter by date when press on button filter by date" duration="234"/>
    <testCase name="FilterToolbar component should call onSelectCreatedBy" duration="830"/>
    <testCase name="FilterToolbar component should call onSelectPostType" duration="229"/>
    <testCase name="FilterToolbar component should call onSelectDate" duration="425"/>
    <testCase name="FilterToolbar component should remove filter date correctly" duration="299"/>
    <testCase name="FilterToolbar component should remove filter created by correctly" duration="471"/>
    <testCase name="FilterToolbar component should remove filter post type correctly" duration="154"/>
  </file>
  <file path="/Users/lesison/Documents/sonls/react-native/bic-group-app/src/screens/Notification/index.test.tsx">
    <testCase name="Notification Screen should render correctly" duration="1733"/>
    <testCase name="Notification Screen should show bottom list when click header menu" duration="797"/>
    <testCase name="Notification Screen should show bottom list when click item menu options" duration="1514"/>
    <testCase name="Notification Screen should navigate to post detail if type is undefined" duration="338"/>
    <testCase name="Notification Screen should navigate to article detail if type is post.to_user.in_one_group and target is ARTICLE" duration="639"/>
    <testCase name="Notification Screen should navigate to post detail if type is post.to_user.in_one_group and target is POST" duration="656"/>
    <testCase name="Notification Screen should navigate to draft if type is post.video.to_user.unsuccessful" duration="843"/>
    <testCase name="Notification Screen should navigate to postDetail if type is comment.to_post_creator and target is POST" duration="753"/>
    <testCase name="Notification Screen should navigate to postDetail if type is comment.to_post_creator and target is ARTICLE" duration="918"/>
    <testCase name="Notification Screen should navigate to article detail if type is post.article.to_user.in_one_group" duration="794"/>
    <testCase name="Notification Screen should navigate to comment detail if type is comment.to_mentioned_user.in_comment" duration="801"/>
    <testCase name="Notification Screen should navigate to comment detail if type is comment.to_replied_user.in_the_same_parent_comment" duration="278"/>
    <testCase name="Notification Screen should navigate to community members if type is group.assigned_role.to_user" duration="210"/>
    <testCase name="Notification Screen should navigate to community members if type is group.assigned_role.to_user and has isCommunity = true in activities" duration="248"/>
    <testCase name="Notification Screen should navigate to group members if type is group.assigned_role.to_user and has isCommunity = false in activities" duration="301"/>
    <testCase name="Notification Screen should navigate to series detail if type is post.series.to_user.in_one_group" duration="179"/>
    <testCase name="Notification Screen should navigate to unsupport feature if type is report.user.to_user" duration="248"/>
    <testCase name="Notification Screen should do nothing if type is not defined" duration="300"/>
    <testCase name="Notification Screen should navigate to communityDetail if type is group.changed_privacy.to_group and has community.id" duration="307"/>
    <testCase name="Notification Screen should navigate to group detail if type is group.changed_privacy.to_group and has group.id" duration="217"/>
    <testCase name="Notification Screen should navigate to community members if type is group.join_group.to_admin and has community.id" duration="147"/>
    <testCase name="Notification Screen should navigate to group members if type is group.join_group.to_admin and has group.id" duration="260"/>
  </file>
  <file path="/Users/lesison/Documents/sonls/react-native/bic-group-app/src/screens/auth/VerifyEmail/RequestVerifyEmailModal.test.tsx">
    <testCase name="RequestVerifyEmailModal Component renders correctly" duration="232"/>
    <testCase name="RequestVerifyEmailModal Component should sent verify email success correctly" duration="33"/>
    <testCase name="RequestVerifyEmailModal Component should call api sent verify email" duration="140"/>
    <testCase name="RequestVerifyEmailModal Component should close modal when click close button" duration="78"/>
  </file>
  <file path="/Users/lesison/Documents/sonls/react-native/bic-group-app/src/beinComponents/TimeView/index.test.tsx">
    <testCase name="TimeView component renders correctly with time empty" duration="130"/>
    <testCase name="TimeView component renders correctly with props style" duration="109"/>
    <testCase name="TimeView component renders correctly with props textProps" duration="64"/>
    <testCase name="TimeView component renders correctly with propstime" duration="57"/>
    <testCase name="TimeView component renders correctly with props type fullDateTime" duration="158"/>
    <testCase name="TimeView component renders correctly with props type dateTime" duration="153"/>
    <testCase name="TimeView component renders correctly with props type short" duration="231"/>
    <testCase name="TimeView component function formatShortTime with now" duration="165"/>
    <testCase name="TimeView component function formatShortTime with 5 minutes ago" duration="87"/>
    <testCase name="TimeView component function formatShortTime with 5 hour ago" duration="23"/>
    <testCase name="TimeView component function formatShortTime with 5 days ago" duration="19"/>
    <testCase name="TimeView component function formatShortTime with 1 weeks ago" duration="71"/>
    <testCase name="TimeView component function formatShortTime with date display" duration="80"/>
    <testCase name="TimeView component function formatFullTime" duration="42"/>
    <testCase name="TimeView component function formatFullTime with yesterday" duration="16"/>
    <testCase name="TimeView component function formatFullTime with date display" duration="70"/>
    <testCase name="TimeView component funtion formatDateTime" duration="16"/>
    <testCase name="TimeView component funtion formatDateTime with yesterday" duration="63"/>
    <testCase name="TimeView component funtion formatDateTime with date display" duration="167"/>
  </file>
  <file path="/Users/lesison/Documents/sonls/react-native/bic-group-app/src/screens/post/CreatePostSeries/index.test.tsx">
    <testCase name="CreatePostSeries component should render list series by selected audience" duration="544"/>
    <testCase name="CreatePostSeries component should load more" duration="627"/>
    <testCase name="CreatePostSeries component should add item series when selecting a series" duration="312"/>
    <testCase name="CreatePostSeries component should remove item series when unselecting a series" duration="349"/>
    <testCase name="CreatePostSeries component should search series when typing a keyword" duration="302"/>
    <testCase name="CreatePostSeries component should save selected series" duration="210"/>
  </file>
  <file path="/Users/lesison/Documents/sonls/react-native/bic-group-app/src/baseComponents/EmojiPicker/index.test.tsx">
    <testCase name="EmojiPicker component should render correctly" duration="2866"/>
    <testCase name="EmojiPicker component should render filtered list" duration="2872"/>
    <testCase name="EmojiPicker component should render empty flat list" duration="3953"/>
    <testCase name="EmojiPicker component should call onEmojiPress" duration="7249"/>
    <testCase name="EmojiPicker component should call onSearchEmojiPress" duration="2677"/>
    <testCase name="EmojiPicker component should set currentSectionIndex when list scroll" duration="2859"/>
    <testCase name="EmojiPicker component should call ref scrollToSectionIndex" duration="4593"/>
  </file>
  <file path="/Users/lesison/Documents/sonls/react-native/bic-group-app/src/screens/series/SeriesDetail/components/SeriesDetailItem/TitleItem.test.tsx">
    <testCase name="SeriesDetailArticleItem component render correctly with role guess" duration="383"/>
  </file>
  <file path="/Users/lesison/Documents/sonls/react-native/bic-group-app/src/screens/articles/ArticleContentDetail/index.test.tsx">
    <testCase name="ArticleContentDetail screen should render correctly" duration="547"/>
    <testCase name="ArticleContentDetail screen should hide ReactionView" duration="210"/>
    <testCase name="ArticleContentDetail screen should navigate to detail" duration="218"/>
    <testCase name="ArticleContentDetail screen should hide button react" duration="152"/>
  </file>
  <file path="/Users/lesison/Documents/sonls/react-native/bic-group-app/src/beinComponents/list/items/MenuItem.test.tsx">
    <testCase name="Menu Item component renders correctly" duration="180"/>
    <testCase name="Menu Item component renders correctly testID" duration="32"/>
    <testCase name="Menu Item component should render icon with iconProps" duration="124"/>
    <testCase name="Menu Item component renders correctly rightSubTitle" duration="70"/>
    <testCase name="Menu Item component renders correctly rightSubIcon" duration="79"/>
    <testCase name="Menu Item component renders correctly subTitle" duration="52"/>
    <testCase name="Menu Item component renders correctly RightComponent" duration="49"/>
    <testCase name="Menu Item component should render NotificationsBadge" duration="73"/>
    <testCase name="Menu Item component should call props onPress" duration="52"/>
    <testCase name="Menu Item component should not call props onPress when cant connect to the internet" duration="88"/>
    <testCase name="Menu Item component renders correctly item disable" duration="46"/>
  </file>
  <file path="/Users/lesison/Documents/sonls/react-native/bic-group-app/src/beinComponents/inputs/MentionInput/Autocomplete/AtMention/index.test.tsx">
    <testCase name="AtMention component should hide &quot;AtMention&quot; with empty content when data is empty" duration="314"/>
    <testCase name="AtMention component should show &quot;AtMention&quot; with loading" duration="335"/>
    <testCase name="AtMention component should hide loading" duration="680"/>
    <testCase name="AtMention component should show &quot;AtMention&quot; with item all" duration="145"/>
    <testCase name="AtMention component should show &quot;AtMention&quot; with items" duration="60"/>
  </file>
  <file path="/Users/lesison/Documents/sonls/react-native/bic-group-app/src/screens/Menu/AccountSettings/EditBasicInfo/fragments/Gender.test.tsx">
    <testCase name="Gender conponent should render correctly when gender not set" duration="505"/>
    <testCase name="Gender conponent should call prop setGenderState when press in gender" duration="81"/>
    <testCase name="Gender conponent should call prop setGenderState when press in female" duration="92"/>
    <testCase name="Gender conponent should call prop setGenderState when press in others" duration="86"/>
  </file>
  <file path="/Users/lesison/Documents/sonls/react-native/bic-group-app/src/screens/Menu/AccountSettings/WorkExperience/AddWork.test.tsx">
    <testCase name="Menu screen should render correctly with mode add new work" duration="437"/>
    <testCase name="Menu screen should render correctly with mode edit work" duration="700"/>
    <testCase name="Menu screen should go back successfully when press back" duration="167"/>
    <testCase name="Menu screen should edit work successfully" duration="251"/>
    <testCase name="Menu screen should add work successfully" duration="615"/>
  </file>
  <file path="/Users/lesison/Documents/sonls/react-native/bic-group-app/src/screens/Notification/store/actions/loadMore.test.ts">
    <testCase name="loadMore function load more notification successfully" duration="357"/>
    <testCase name="loadMore function load more notification successfully with no data" duration="100"/>
    <testCase name="loadMore function should load more notifications throw error" duration="193"/>
  </file>
  <file path="/Users/lesison/Documents/sonls/react-native/bic-group-app/src/beinComponents/list/ListView.test.tsx">
    <testCase name="ListView component renders correctly" duration="559"/>
    <testCase name="ListView component renders data correctly" duration="337"/>
    <testCase name="ListView component renders containerStyle correctly" duration="413"/>
    <testCase name="ListView component renders listStyle correctly" duration="116"/>
    <testCase name="ListView component should call prop renderItem correctly" duration="83"/>
    <testCase name="ListView component renders loading correctly" duration="145"/>
    <testCase name="ListView component renders renderLoading prop correctly" duration="117"/>
    <testCase name="ListView component renders LoadingPlaceholder correctly" duration="225"/>
    <testCase name="ListView component renders isFullView correctly" duration="69"/>
    <testCase name="ListView component renders horizontal correctly" duration="79"/>
    <testCase name="ListView component renders title correctly" duration="70"/>
    <testCase name="ListView component renders loadingMore correctly" duration="114"/>
    <testCase name="ListView component renders showItemSeparator = false correctly" duration="94"/>
    <testCase name="ListView component should call prop renderItemSeparator correctly" duration="142"/>
    <testCase name="ListView component should call prop onLoadMore correctly" duration="78"/>
    <testCase name="ListView component should call prop onItemPress correctly" duration="86"/>
    <testCase name="ListView component should call prop onItemLongPress correctly" duration="99"/>
  </file>
  <file path="/Users/lesison/Documents/sonls/react-native/bic-group-app/src/screens/tags/store/actions/getCommunityTags.test.ts">
    <testCase name="getCommunityTags give idCommunity should load that community`s tag" duration="427"/>
  </file>
  <file path="/Users/lesison/Documents/sonls/react-native/bic-group-app/src/store/entities/posts/actions/putEditPost.test.ts">
    <testCase name="putEditPost should not Id" duration="358"/>
    <testCase name="putEditPost should put edit Post success:" duration="752"/>
    <testCase name="putEditPost should put edit Post throw error:" duration="174"/>
  </file>
  <file path="/Users/lesison/Documents/sonls/react-native/bic-group-app/src/beinComponents/Button/ButtonSecondary.test.tsx">
    <testCase name="ButtonSecondary conponent renders correctly" duration="271"/>
    <testCase name="ButtonSecondary conponent renders color correctly" duration="112"/>
    <testCase name="ButtonSecondary conponent renders textColor correctly" duration="190"/>
    <testCase name="ButtonSecondary conponent renders highEmphasis correctly" duration="96"/>
    <testCase name="ButtonSecondary conponent renders disabled correctly" duration="88"/>
  </file>
  <file path="/Users/lesison/Documents/sonls/react-native/bic-group-app/src/screens/topic/TopicDetail/index.test.tsx">
    <testCase name="SeriesDetailArticleItem component render correctly" duration="493"/>
  </file>
  <file path="/Users/lesison/Documents/sonls/react-native/bic-group-app/src/screens/Menu/AccountSettings/EditBasicInfo/fragments/OptionMenu.test.tsx">
    <testCase name="OptionMenu conponent renders correctly" duration="322"/>
    <testCase name="OptionMenu conponent should call props onItemPress" duration="125"/>
  </file>
  <file path="/Users/lesison/Documents/sonls/react-native/bic-group-app/src/screens/groups/components/ButtonApproveDeclineAllRequests.test.tsx">
    <testCase name="Button Approve Decline all requests should render UI correctly" duration="284"/>
    <testCase name="Button Approve Decline all requests should call prop onPressDeclineAll correctly" duration="104"/>
    <testCase name="Button Approve Decline all requests should call prop onPressApproveAll correctly" duration="102"/>
  </file>
  <file path="/Users/lesison/Documents/sonls/react-native/bic-group-app/src/screens/articles/ArticleDetail/index.test.tsx">
    <testCase name="ArticleDetail screen should render placeholder when not mounted" duration="431"/>
    <testCase name="ArticleDetail screen should not render placeholder when has data" duration="1080"/>
  </file>
  <file path="/Users/lesison/Documents/sonls/react-native/bic-group-app/src/components/Report/ReportContent/index.test.tsx">
    <testCase name="ReportContent component renders correctly" duration="310"/>
  </file>
  <file path="/Users/lesison/Documents/sonls/react-native/bic-group-app/src/screens/auth/SignIn/index.test.tsx">
    <testCase name="SignIn screen should hide keyboard" duration="642"/>
    <testCase name="SignIn screen should show email placeholder on mobile" duration="475"/>
    <testCase name="SignIn screen Login button should be clickable" duration="396"/>
  </file>
  <file path="/Users/lesison/Documents/sonls/react-native/bic-group-app/src/components/SelectTags/store/actions/searchTags.test.ts">
    <testCase name="searchTags in article should search list tags success:" duration="293"/>
    <testCase name="searchTags in article should search tags throw error and should show toast" duration="80"/>
  </file>
  <file path="/Users/lesison/Documents/sonls/react-native/bic-group-app/src/baseComponents/EmojiPicker/store/index.test.ts">
    <testCase name="useEmojiPickerStore hook should buildEmojis" duration="262"/>
    <testCase name="useEmojiPickerStore hook should search emoji" duration="1127"/>
    <testCase name="useEmojiPickerStore hook should addToRecently" duration="877"/>
    <testCase name="useEmojiPickerStore hook should setCurrentSectionIndex" duration="530"/>
    <testCase name="useEmojiPickerStore hook should resetData" duration="262"/>
    <testCase name="useEmojiPickerStore hook should reset store" duration="115"/>
  </file>
  <file path="/Users/lesison/Documents/sonls/react-native/bic-group-app/src/screens/auth/ForgotPassword/components/CodeInputView/index.test.tsx">
    <testCase name="CodeInputView component renders correctly" duration="635"/>
    <testCase name="CodeInputView component should call api request forgot password when press text Resend code" duration="393"/>
    <testCase name="CodeInputView component show error text when send an invalid code" duration="369"/>
    <testCase name="CodeInputView component should call api confirm change password when click button submit" duration="618"/>
    <testCase name="CodeInputView component should show error text when code is greater than 7 letter" duration="180"/>
    <testCase name="CodeInputView component should show error text when confirm password is mismatch with new password" duration="131"/>
  </file>
  <file path="/Users/lesison/Documents/sonls/react-native/bic-group-app/src/baseComponents/Icon/index.test.tsx">
    <testCase name="Icon component should clickable when have onPress" duration="266"/>
    <testCase name="Icon component should not clickable when cant reach internet" duration="215"/>
  </file>
  <file path="/Users/lesison/Documents/sonls/react-native/bic-group-app/src/screens/Notification/components/NotificationList.test.tsx">
    <testCase name="NotificationList component should render empty screen if get notifications successfully with no data" duration="292"/>
    <testCase name="NotificationList component should render loading screen if loading when call api get notifications" duration="251"/>
    <testCase name="NotificationList component should render list notification if get notifications successfully " duration="800"/>
  </file>
  <file path="/Users/lesison/Documents/sonls/react-native/bic-group-app/src/baseComponents/EmojiPicker/components/EmojiSectionIcons/index.test.tsx">
    <testCase name="EmojiSectionIcons component should render correctly" duration="564"/>
    <testCase name="EmojiSectionIcons component should render null when visible=false" duration="179"/>
    <testCase name="EmojiSectionIcons component should render null when searching" duration="518"/>
    <testCase name="EmojiSectionIcons component should call onPress" duration="401"/>
    <testCase name="EmojiSectionIcons component should hide KeyboardSpacer on android" duration="492"/>
  </file>
  <file path="/Users/lesison/Documents/sonls/react-native/bic-group-app/src/screens/Menu/AccountSettings/EditBasicInfo/fragments/LanguageOptionMenuSelected.test.tsx">
    <testCase name="LanguageOptionMenuSelected conponent should render correctly when not set language" duration="314"/>
    <testCase name="LanguageOptionMenuSelected conponent should render correctly when language was set" duration="369"/>
  </file>
  <file path="/Users/lesison/Documents/sonls/react-native/bic-group-app/src/store/entities/posts/actions/putMarkSeenPost.test.ts">
    <testCase name="putMarkSeenPost should not Id" duration="253"/>
    <testCase name="putMarkSeenPost should put Mark Seen Post success:" duration="110"/>
    <testCase name="putMarkSeenPost should put Mark Seen Post throw error:" duration="169"/>
  </file>
  <file path="/Users/lesison/Documents/sonls/react-native/bic-group-app/src/baseComponents/Input/TextInput/index.test.tsx">
    <testCase name="TextInput component renders active banner correctly" duration="291"/>
  </file>
  <file path="/Users/lesison/Documents/sonls/react-native/bic-group-app/src/screens/Menu/components/MenuHeader.test.tsx">
    <testCase name="MenuHeader component renders correctly" duration="288"/>
    <testCase name="MenuHeader component should navigate to user profile screen when click fullname" duration="194"/>
    <testCase name="MenuHeader component should navigate to user profile screen when click username" duration="185"/>
    <testCase name="MenuHeader component should navigate to user profile screen when click avatar" duration="148"/>
  </file>
  <file path="/Users/lesison/Documents/sonls/react-native/bic-group-app/src/screens/articles/CreateArticle/screens/CreateArticleContent/ContentSection.test.tsx">
    <testCase name="ContentSection should render correctly" duration="562"/>
  </file>
  <file path="/Users/lesison/Documents/sonls/react-native/bic-group-app/src/baseComponents/Emoji/index.test.tsx">
    <testCase name="Emoji component should render custom emoji" duration="128"/>
    <testCase name="Emoji component should render unicode emoji" duration="80"/>
    <testCase name="Emoji component should render null" duration="66"/>
  </file>
  <file path="/Users/lesison/Documents/sonls/react-native/bic-group-app/src/baseComponents/Radio/index.test.tsx">
    <testCase name="Radio component should render unselect state with default size medium" duration="231"/>
    <testCase name="Radio component should render selected state with default size medium" duration="97"/>
    <testCase name="Radio component should render disabled state with default size medium" duration="55"/>
    <testCase name="Radio component should render disabled state with size small" duration="66"/>
    <testCase name="Radio component should render disabled-auto-selected state with default size medium" duration="305"/>
    <testCase name="Radio component should call onPress when pressing on Radio" duration="50"/>
    <testCase name="Radio component should NOT call onPress when pressing on disabled Radio" duration="102"/>
    <testCase name="Radio component should NOT call onPress when pressing on disabled-auto-selected Radio" duration="71"/>
  </file>
  <file path="/Users/lesison/Documents/sonls/react-native/bic-group-app/src/screens/Menu/UserProfile/store/actions/getCity.test.ts">
    <testCase name="getCity should getCity success:" duration="149"/>
    <testCase name="getCity should getCity throw error" duration="119"/>
  </file>
  <file path="/Users/lesison/Documents/sonls/react-native/bic-group-app/src/screens/comments/CommentDetail/CommentDetailContent.test.tsx">
    <testCase name="CommentDetailContent component should render correctly (isReported = true)" duration="952"/>
    <testCase name="CommentDetailContent component should render correctly (isReported = false)" duration="365"/>
    <testCase name="CommentDetailContent component should render CommentLevel1 is null" duration="205"/>
    <testCase name="CommentDetailContent component should render with commentErrorCode = APIErrorCode.Post.POST_PRIVACY" duration="119"/>
    <testCase name="CommentDetailContent component should render with commentErrorCode = APIErrorCode.Post.COPIED_COMMENT_IS_DELETED" duration="446"/>
    <testCase name="CommentDetailContent component should render with commentErrorCode = APIErrorCode.Post.POST_DELETED" duration="92"/>
  </file>
  <file path="/Users/lesison/Documents/sonls/react-native/bic-group-app/src/screens/Home/HomeSearch/RecentSearchKeyword.test.tsx">
    <testCase name="NFSRecentSearchKeyword component should render loading recent search keyword" duration="441"/>
    <testCase name="NFSRecentSearchKeyword component should render empty recent search keyword" duration="199"/>
    <testCase name="NFSRecentSearchKeyword component should render list recent search keyword" duration="326"/>
    <testCase name="NFSRecentSearchKeyword component should call props onClearAllKeyword" duration="198"/>
    <testCase name="NFSRecentSearchKeyword component should call props onSelectKeyword" duration="163"/>
    <testCase name="NFSRecentSearchKeyword component should call props onDeleteKeyword" duration="239"/>
  </file>
  <file path="/Users/lesison/Documents/sonls/react-native/bic-group-app/src/components/FilterToolbar/FilterCreateBySpecific.test.tsx">
    <testCase name="FilterCreateBySpecific component should render correctly" duration="442"/>
    <testCase name="FilterCreateBySpecific component should render selected correctly" duration="380"/>
    <testCase name="FilterCreateBySpecific component should pressable" duration="217"/>
  </file>
  <file path="/Users/lesison/Documents/sonls/react-native/bic-group-app/src/beinComponents/Header/HeaderAvatar.test.tsx">
    <testCase name="Header Avatar component renders correctly" duration="321"/>
    <testCase name="Header Avatar component renders correctly with props First Label" duration="67"/>
    <testCase name="Header Avatar component renders correctly with props First Label Props" duration="68"/>
    <testCase name="Header Avatar component renders correctly with props Icon Check Circle" duration="114"/>
    <testCase name="Header Avatar component renders correctly with props Icon First Label" duration="26"/>
    <testCase name="Header Avatar component renders correctly with props Icon First Label Props" duration="149"/>
    <testCase name="Header Avatar component renders correctly with props Second Label" duration="246"/>
    <testCase name="Header Avatar component renders correctly with props Second Label Props" duration="42"/>
    <testCase name="Header Avatar component renders correctly with props Avatar" duration="75"/>
    <testCase name="Header Avatar component renders correctly with props Container Style" duration="83"/>
    <testCase name="Header Avatar component renders correctly with props On Press" duration="24"/>
    <testCase name="Header Avatar component shoud not call onPress when cant connect to the internet" duration="72"/>
  </file>
  <file path="/Users/lesison/Documents/sonls/react-native/bic-group-app/src/screens/post/CreatePostTags/index.test.tsx">
    <testCase name="CreatePostTags component should render list tags by selected audience" duration="755"/>
    <testCase name="CreatePostTags component should load more" duration="540"/>
    <testCase name="CreatePostTags component should add item tag when selecting a tag" duration="391"/>
    <testCase name="CreatePostTags component should remove item tag when unselecting a tag" duration="423"/>
    <testCase name="CreatePostTags component should search tag when typing a keyword" duration="189"/>
    <testCase name="CreatePostTags component should save selected tag" duration="249"/>
  </file>
  <file path="/Users/lesison/Documents/sonls/react-native/bic-group-app/src/screens/Menu/components/MenuShortcut.test.tsx">
    <testCase name="MenuShortcut component renders correctly" duration="588"/>
    <testCase name="MenuShortcut component should navigate to select audience screen when click item write post" duration="291"/>
    <testCase name="MenuShortcut component should navigate to create article screen when click item write article" duration="84"/>
    <testCase name="MenuShortcut component should navigate to draft screen when click item your draft" duration="193"/>
    <testCase name="MenuShortcut component should navigate to your content screen when click item your content" duration="91"/>
  </file>
  <file path="/Users/lesison/Documents/sonls/react-native/bic-group-app/src/screens/groups/GroupMembers/AddMembersToGroup/store/actions/getGroupJoinableUsers.test.ts">
    <testCase name="getGroupJoinableUsers should search users success: isLoadMore = false" duration="205"/>
    <testCase name="getGroupJoinableUsers should load more data success: isLoadMore = true &amp; hasNextPage = true" duration="212"/>
    <testCase name="getGroupJoinableUsers should call API when isLoadMore = true and hasNextPage = false" duration="224"/>
    <testCase name="getGroupJoinableUsers should call API and throws an error" duration="807"/>
  </file>
  <file path="/Users/lesison/Documents/sonls/react-native/bic-group-app/src/screens/post/PostDetail/index.test.tsx">
    <testCase name="PostDetail screen should render placeholder" duration="450"/>
  </file>
  <file path="/Users/lesison/Documents/sonls/react-native/bic-group-app/src/components/articles/ArticleScheduleItem/index.test.tsx">
    <testCase name="ArticleScheduleItem component render correctly" duration="342"/>
    <testCase name="ArticleScheduleItem component should navigate to ArticleReviewSchedule screen" duration="322"/>
  </file>
  <file path="/Users/lesison/Documents/sonls/react-native/bic-group-app/src/screens/Menu/AccountSettings/SecurityLogin/ChangePassword/index.test.tsx">
    <testCase name="ChangePassword component renders correctly" duration="1205"/>
  </file>
  <file path="/Users/lesison/Documents/sonls/react-native/bic-group-app/src/components/posts/ButtonMarkAsRead/index.test.tsx">
    <testCase name="ButtonMarkAsRead renders correctly with prop style" duration="205"/>
    <testCase name="ButtonMarkAsRead return null if isActor=true" duration="89"/>
    <testCase name="ButtonMarkAsRead return null if markedReadPost=true and mark as read success = false as default" duration="252"/>
    <testCase name="ButtonMarkAsRead return null if isImportant=true" duration="35"/>
    <testCase name="ButtonMarkAsRead return null if not have expireTime" duration="75"/>
  </file>
  <file path="/Users/lesison/Documents/sonls/react-native/bic-group-app/src/screens/Notification/store/actions/handleNotiBackground.test.ts">
    <testCase name="handleNotiBackground function should do nothing if remoteMessage has not newExtraData" duration="163"/>
    <testCase name="handleNotiBackground function should do nothing if emoteMessage has newExtraData but type not require" duration="86"/>
    <testCase name="handleNotiBackground function should call action updatePosts if emoteMessage has newExtraData and type is video successfully" duration="49"/>
    <testCase name="handleNotiBackground function should call action updatePosts if emoteMessage has newExtraData and type is video unsuccessfully" duration="91"/>
  </file>
  <file path="/Users/lesison/Documents/sonls/react-native/bic-group-app/src/screens/comments/CommentDetail/index.test.tsx">
    <testCase name="CommentDetail component should render correctly (isReported = true)" duration="537"/>
    <testCase name="CommentDetail component should render correctly (isReported = false)" duration="908"/>
  </file>
  <file path="/Users/lesison/Documents/sonls/react-native/bic-group-app/src/screens/groups/GroupDetail/index.test.tsx">
    <testCase name="GroupDetail component renders Placeholder  correctly" duration="1175"/>
    <testCase name="GroupDetail component renders GroupPrivateWelcome when user is a visitor to a private group" duration="463"/>
    <testCase name="GroupDetail component renders NoGroupFound when there is no group info" duration="86"/>
  </file>
  <file path="/Users/lesison/Documents/sonls/react-native/bic-group-app/src/screens/groups/GroupMembers/store/actions/revokeGroupAdmin.test.ts">
    <testCase name="revokeGroupAdmin should set group admin success:" duration="199"/>
    <testCase name="revokeGroupAdmin should set group admin throw error" duration="71"/>
  </file>
  <file path="/Users/lesison/Documents/sonls/react-native/bic-group-app/src/screens/Home/components/VideoProcessingNotice/store/actions/updatePostsInProgress.test.ts">
    <testCase name="updatePostsInProgress should do nothing if payload has no postId" duration="226"/>
    <testCase name="updatePostsInProgress should update store when payload has post id" duration="46"/>
    <testCase name="updatePostsInProgress should update store when payload has post id with type post video success" duration="146"/>
  </file>
  <file path="/Users/lesison/Documents/sonls/react-native/bic-group-app/src/screens/Menu/AccountSettings/EditBasicInfo/fragments/SettingItem.test.tsx">
    <testCase name="SettingItem conponent renders correctly" duration="319"/>
    <testCase name="SettingItem conponent should call props onPress" duration="211"/>
    <testCase name="SettingItem conponent renders correctly testID" duration="303"/>
    <testCase name="SettingItem conponent should show SettingItem disabled" duration="165"/>
    <testCase name="SettingItem conponent should render left, right component" duration="92"/>
    <testCase name="SettingItem conponent render without leftIcon" duration="82"/>
  </file>
  <file path="/Users/lesison/Documents/sonls/react-native/bic-group-app/src/screens/Menu/components/AppVersion.test.tsx">
    <testCase name="AppVersion component renders correctly" duration="247"/>
  </file>
  <file path="/Users/lesison/Documents/sonls/react-native/bic-group-app/src/screens/Menu/UserProfile/components/ItemExperience/index.test.tsx">
    <testCase name="ItemExperience component renders correctly" duration="445"/>
  </file>
  <file path="/Users/lesison/Documents/sonls/react-native/bic-group-app/src/screens/articles/CreateArticle/components/ScheduleModal.test.tsx">
    <testCase name="ScheduleModal should render correctly" duration="744"/>
    <testCase name="ScheduleModal should enable button schedule if date time is set" duration="231"/>
    <testCase name="ScheduleModal should show error if date time is smaller than current" duration="235"/>
    <testCase name="ScheduleModal should show success if schedule success" duration="327"/>
  </file>
  <file path="/Users/lesison/Documents/sonls/react-native/bic-group-app/src/screens/Menu/store/actions/editMyProfile.test.ts">
    <testCase name="editMyProfile action should edit successfully with full payload" duration="302"/>
    <testCase name="editMyProfile action should edit successfully with full editFieldToastMessage = text" duration="80"/>
    <testCase name="editMyProfile action should edit avatar successfully" duration="95"/>
    <testCase name="editMyProfile action should edit background successfully" duration="131"/>
    <testCase name="editMyProfile action should should edit profile throw error:" duration="70"/>
    <testCase name="editMyProfile action should should edit profile throw error in case phone number is used:" duration="112"/>
  </file>
  <file path="/Users/lesison/Documents/sonls/react-native/bic-group-app/src/baseComponents/Button/ButtonRaise/index.test.tsx">
    <testCase name="Button component renders correctly" duration="213"/>
    <testCase name="Button component renders correctly default props" duration="63"/>
    <testCase name="Button component should call props onPress" duration="124"/>
  </file>
  <file path="/Users/lesison/Documents/sonls/react-native/bic-group-app/src/screens/groups/GroupMembers/AddMembersToGroup/components/ChosenPeople.test.tsx">
    <testCase name="ChosenPeople renders correctly with selected users" duration="337"/>
    <testCase name="ChosenPeople calls onSelectUser when close icon X is pressed" duration="205"/>
    <testCase name="ChosenPeople renders nothing with no selected users" duration="114"/>
  </file>
  <file path="/Users/lesison/Documents/sonls/react-native/bic-group-app/src/screens/Home/HomeSearch/index.test.tsx">
    <testCase name="NewsfeedSearch component should render null" duration="352"/>
    <testCase name="NewsfeedSearch component should render search" duration="405"/>
    <testCase name="NewsfeedSearch component should render suggestion" duration="484"/>
  </file>
  <file path="/Users/lesison/Documents/sonls/react-native/bic-group-app/src/screens/Menu/UserProfile/index.test.tsx">
    <testCase name="UserProfile screen should render correctly" duration="516"/>
    <testCase name="UserProfile screen should render no user" duration="106"/>
  </file>
  <file path="/Users/lesison/Documents/sonls/react-native/bic-group-app/src/screens/articles/CreateArticle/screens/CreateArticleTags/index.test.tsx">
    <testCase name="CreateArticleTags screen should not enable button Save if tags is empty" duration="1149"/>
    <testCase name="CreateArticleTags screen should enable button save if tag is not empty &amp; changed" duration="589"/>
    <testCase name="CreateArticleTags screen should show list tags when tags is not empty" duration="358"/>
    <testCase name="CreateArticleTags screen should not fetch tag list if audience group is empty" duration="430"/>
  </file>
  <file path="/Users/lesison/Documents/sonls/react-native/bic-group-app/src/screens/post/CreatePost/components/PostToolbar/index.test.tsx">
    <testCase name="PostToolbar component should render correctly" duration="598"/>
    <testCase name="PostToolbar component should go back" duration="492"/>
    <testCase name="PostToolbar component should go back" duration="362"/>
    <testCase name="PostToolbar component should open modal markdown preview" duration="173"/>
    <testCase name="PostToolbar component should close modal markdown preview when back" duration="366"/>
    <testCase name="PostToolbar component should pressable text help" duration="230"/>
    <testCase name="PostToolbar component should pressable text help" duration="439"/>
    <testCase name="PostToolbar component should open video picker" duration="194"/>
    <testCase name="PostToolbar component should open file picker" duration="120"/>
    <testCase name="PostToolbar component should pressable tags, series and settings" duration="98"/>
  </file>
  <file path="/Users/lesison/Documents/sonls/react-native/bic-group-app/src/screens/Menu/UserProfile/store/actions/getLanguages.test.ts">
    <testCase name="getLanguages should getLanguages success:" duration="308"/>
    <testCase name="getLanguages should getLanguages throw error" duration="98"/>
  </file>
  <file path="/Users/lesison/Documents/sonls/react-native/bic-group-app/src/screens/tags/TagDetail/index.test.tsx">
    <testCase name="TagDetail component renders correctly" duration="537"/>
    <testCase name="TagDetail component renders list article success" duration="610"/>
  </file>
  <file path="/Users/lesison/Documents/sonls/react-native/bic-group-app/src/screens/auth/ForgotPassword/index.test.tsx">
    <testCase name="ForgotPassword screen should show only ForgotInputId component and custom back button when open screen" duration="326"/>
    <testCase name="ForgotPassword screen should back to SignIn screen when click button back custom" duration="168"/>
    <testCase name="ForgotPassword screen should show only CodeInputView component and custom back button when forgotPasswordStage = INPUT_CODE_PW" duration="814"/>
    <testCase name="ForgotPassword screen should show only complete screen and hide custom back button when forgotPasswordStage = COMPLETE" duration="102"/>
    <testCase name="ForgotPassword screen should goback when click button Sign in now" duration="103"/>
  </file>
  <file path="/Users/lesison/Documents/sonls/react-native/bic-group-app/src/screens/PermissionScheme/components/SchemeItem.test.tsx">
    <testCase name="SchemeItem component should NOT display text Activated when there is no applying groups" duration="327"/>
    <testCase name="SchemeItem component should NOT display applying group list when there is no applying groups" duration="196"/>
    <testCase name="SchemeItem component should navigate to edit group scheme screen when pressing button edit" duration="60"/>
  </file>
  <file path="/Users/lesison/Documents/sonls/react-native/bic-group-app/src/baseComponents/BannerImportant/index.test.tsx">
    <testCase name="BannerImportant component renders active banner correctly" duration="314"/>
    <testCase name="BannerImportant component renders inactive banner correctly" duration="96"/>
    <testCase name="BannerImportant component renders default banner when this post is not important" duration="71"/>
    <testCase name="BannerImportant component renders empty when list community = 0 and is not important" duration="131"/>
  </file>
  <file path="/Users/lesison/Documents/sonls/react-native/bic-group-app/src/components/Report/BannerReport/index.test.tsx">
    <testCase name="BannerReport screen render case Post correctly" duration="365"/>
    <testCase name="BannerReport screen render case Comment correctly" duration="199"/>
  </file>
  <file path="/Users/lesison/Documents/sonls/react-native/bic-group-app/src/beinComponents/list/items/NotificationItem/index.test.tsx">
    <testCase name="NotificationItem component should render null when id is empty" duration="257"/>
    <testCase name="NotificationItem component renders correctly when notification is not empty" duration="351"/>
    <testCase name="NotificationItem component renders correctly when notification is not empty and not show avatar" duration="86"/>
  </file>
  <file path="/Users/lesison/Documents/sonls/react-native/bic-group-app/src/baseComponents/Tag/index.test.tsx">
    <testCase name="Tag component should call props onActionPress" duration="221"/>
    <testCase name="Tag component renders correctly Tag component type NameTag" duration="121"/>
    <testCase name="Tag component renders correctly Tag component type AvatarTag" duration="130"/>
    <testCase name="Tag component should call props onPressIcon" duration="158"/>
    <testCase name="Tag component should disable button when props disabled = true" duration="68"/>
    <testCase name="Tag component should render correctly style when change style of props" duration="199"/>
  </file>
  <file path="/Users/lesison/Documents/sonls/react-native/bic-group-app/src/components/articles/ArticleText/index.test.tsx">
    <testCase name="ArticleItem Component renders correctly" duration="165"/>
  </file>
  <file path="/Users/lesison/Documents/sonls/react-native/bic-group-app/src/screens/Menu/components/MenuSettings.test.tsx">
    <testCase name="MenuSettings component renders correctly" duration="293"/>
    <testCase name="MenuSettings component should navigate to account setting screen when click item Settings &amp; privacy" duration="118"/>
    <testCase name="MenuSettings component should open link when click item Report a problem" duration="96"/>
    <testCase name="MenuSettings component should show debug if isShowDebug" duration="68"/>
  </file>
  <file path="/Users/lesison/Documents/sonls/react-native/bic-group-app/src/screens/groups/GroupDetail/store/actions/leaveGroup.test.ts">
    <testCase name="leaveGroup should leave group success:" duration="288"/>
    <testCase name="leaveGroup should leave group throw error" duration="90"/>
  </file>
  <file path="/Users/lesison/Documents/sonls/react-native/bic-group-app/src/screens/articles/ArticleReviewSchedule/index.test.tsx">
    <testCase name="ArticleReviewSchedule screen render correctly" duration="496"/>
  </file>
  <file path="/Users/lesison/Documents/sonls/react-native/bic-group-app/src/screens/articles/CreateArticle/screens/CreateArticleSeries/index.test.tsx">
    <testCase name="CreateArticleSeries screen should not enable button save if series is empty" duration="577"/>
    <testCase name="CreateArticleSeries screen should enable button save if series is not empty &amp; changed" duration="396"/>
  </file>
  <file path="/Users/lesison/Documents/sonls/react-native/bic-group-app/src/beinComponents/ReactionView.test.tsx">
    <testCase name="ReactionView component renders correctly" duration="213"/>
    <testCase name="ReactionView component renders correctly with props Reactions Order " duration="128"/>
    <testCase name="ReactionView component renders correctly with props Reactions Order empty " duration="57"/>
    <testCase name="ReactionView component renders correctly with props showSelectReactionWhenEmpty" duration="79"/>
    <testCase name="ReactionView component renders correctly with props showSelectReactionWhenEmpty = false " duration="39"/>
    <testCase name="ReactionView component renders correctly with props onPressSelectReaction " duration="34"/>
    <testCase name="ReactionView component renders correctly with props onLongPressReaction " duration="169"/>
    <testCase name="ReactionView component renders correctly with props onAddReaction " duration="267"/>
    <testCase name="ReactionView component renders correctly with props onRemoveReaction " duration="72"/>
  </file>
  <file path="/Users/lesison/Documents/sonls/react-native/bic-group-app/src/screens/Menu/store/actions/getJoinedCommunities.test.ts">
    <testCase name="getJoinedCommunities actions should get joined communities successfully:" duration="130"/>
    <testCase name="getJoinedCommunities actions should get joined communities throw error:" duration="97"/>
  </file>
  <file path="/Users/lesison/Documents/sonls/react-native/bic-group-app/src/screens/articles/ArticleScheduleContent/index.test.tsx">
    <testCase name="ArticleScheduleContent screen render correctly" duration="760"/>
  </file>
  <file path="/Users/lesison/Documents/sonls/react-native/bic-group-app/src/screens/groups/GroupDetail/groupSettings/GroupAdministration.test.tsx">
    <testCase name="GroupAdministration component should render data correctly" duration="215"/>
  </file>
  <file path="/Users/lesison/Documents/sonls/react-native/bic-group-app/src/screens/Menu/AccountSettings/SecurityLogin/index.test.tsx">
    <testCase name="SecurityLogin component renders correctly" duration="175"/>
  </file>
  <file path="/Users/lesison/Documents/sonls/react-native/bic-group-app/src/components/CommonModal/index.test.tsx">
    <testCase name="CommonModal component renders correctly" duration="217"/>
    <testCase name="CommonModal component renders correctly with useAppBottomSheet = false" duration="126"/>
  </file>
  <file path="/Users/lesison/Documents/sonls/react-native/bic-group-app/src/components/SelectTags/store/actions/getTags.test.ts">
    <testCase name="getTags in article should get list tags success:" duration="159"/>
    <testCase name="getTags in article should load more list tags success:" duration="289"/>
    <testCase name="getTags in article should get tags throw error and should show toast" duration="119"/>
    <testCase name="getTags in article should setListTagLoading action correctly" duration="117"/>
  </file>
  <file path="/Users/lesison/Documents/sonls/react-native/bic-group-app/src/screens/articles/CreateArticle/screens/CreateArticleTitle/TitleSection.test.tsx">
    <testCase name="TitleSection should render correctly" duration="639"/>
  </file>
  <file path="/Users/lesison/Documents/sonls/react-native/bic-group-app/src/beinComponents/inputs/CommentInput/CommentInputFooter.test.tsx">
    <testCase name="CommentInputFooter component renders correctly mention bar invisible" duration="372"/>
    <testCase name="CommentInputFooter component renders correctly mention bar with item" duration="229"/>
  </file>
  <file path="/Users/lesison/Documents/sonls/react-native/bic-group-app/src/baseComponents/Tab/PillTabButton.test.tsx">
    <testCase name="PillTabButton renders selected button with type primary and size medium correctly" duration="286"/>
    <testCase name="PillTabButton renders selected button with type secondary and size large correctly" duration="75"/>
    <testCase name="PillTabButton renders selected button with type secondary and size small correctly" duration="293"/>
    <testCase name="PillTabButton renders unselected button with size medium correctly" duration="112"/>
    <testCase name="PillTabButton should disable button when cant connect to internet" duration="54"/>
  </file>
  <file path="/Users/lesison/Documents/sonls/react-native/bic-group-app/src/screens/Draft/DraftArticle/store/actions/getDraftArticles.test.ts">
    <testCase name="getDraftArticles should call api get draft articles when isRefresh = true success" duration="183"/>
    <testCase name="getDraftArticles should call api get draft articles when isRefresh = false success" duration="87"/>
    <testCase name="getDraftArticles should not call API when isRefresh = false and cannot load more" duration="43"/>
    <testCase name="getDraftArticles should call api get draft articles when isRefresh = true and throws error" duration="84"/>
  </file>
  <file path="/Users/lesison/Documents/sonls/react-native/bic-group-app/src/screens/groups/GroupMembers/store/actions/getGroupSearchMembers.test.ts">
    <testCase name="getGroupSearchMembers should search group members success:" duration="107"/>
  </file>
  <file path="/Users/lesison/Documents/sonls/react-native/bic-group-app/src/screens/series/CreateSeries/components/ChosenAudiences.test.tsx">
    <testCase name="ChosenAudiences component render correctly" duration="146"/>
    <testCase name="ChosenAudiences component should call onPressAudiences when click component" duration="134"/>
    <testCase name="ChosenAudiences component render correctly when audiences is empty" duration="269"/>
    <testCase name="ChosenAudiences component should disabled component when prop disabled = true" duration="111"/>
  </file>
  <file path="/Users/lesison/Documents/sonls/react-native/bic-group-app/src/screens/Menu/UserProfile/components/CoverImage/index.test.tsx">
    <testCase name="CoverImage component renders correctly" duration="200"/>
  </file>
  <file path="/Users/lesison/Documents/sonls/react-native/bic-group-app/src/components/FilterToolbar/FilterPostType.test.tsx">
    <testCase name="FilterPostType component should render correctly" duration="189"/>
    <testCase name="FilterPostType component should render with init data correctly" duration="103"/>
    <testCase name="FilterPostType component should pressable" duration="131"/>
  </file>
  <file path="/Users/lesison/Documents/sonls/react-native/bic-group-app/src/components/articles/ArticleFooter/index.test.tsx">
    <testCase name="ArticleFooter Component should hide ReactionView" duration="121"/>
    <testCase name="ArticleFooter Component should navigate to detail" duration="73"/>
    <testCase name="ArticleFooter Component should call onPressComment" duration="82"/>
    <testCase name="ArticleFooter Component should show comment count" duration="135"/>
  </file>
  <file path="/Users/lesison/Documents/sonls/react-native/bic-group-app/src/screens/communities/CommunityMembers/store/actions/getCommunityMemberRequests.test.ts">
    <testCase name="getCommunityMemberRequests should call api getCommunityMemberRequests when isRefreshing = true throw error" duration="504"/>
    <testCase name="getCommunityMemberRequests should not call API when isRefreshing = false and canLoadMore = false" duration="86"/>
    <testCase name="getCommunityMemberRequests should not call API when payload of action is empty" duration="120"/>
    <testCase name="getCommunityMemberRequests should call API getCommunityMemberRequests when isRefreshing = true success" duration="68"/>
    <testCase name="getCommunityMemberRequests should call API getCommunityMemberRequests when isRefreshing = false success" duration="46"/>
  </file>
  <file path="/Users/lesison/Documents/sonls/react-native/bic-group-app/src/screens/auth/VerifyEmail/ConfirmUser.test.tsx">
    <testCase name="RequestVerifyEmailModal Component should render loading view when loading = true" duration="283"/>
    <testCase name="RequestVerifyEmailModal Component should render expired view when linkExpired = true" duration="150"/>
    <testCase name="RequestVerifyEmailModal Component should render verified successfuly view when linkExpired = false and loading = false" duration="112"/>
    <testCase name="RequestVerifyEmailModal Component should replace to signIn screen when redirectTo = login" duration="78"/>
    <testCase name="RequestVerifyEmailModal Component should replace to forgot password screen when redirectTo = reset-password" duration="90"/>
  </file>
  <file path="/Users/lesison/Documents/sonls/react-native/bic-group-app/src/screens/auth/store/actions/announceSessionExpire.test.ts">
    <testCase name="announceSessionExpire should show alert session expire" duration="201"/>
    <testCase name="announceSessionExpire should not show alert session expire because of it is showing" duration="298"/>
  </file>
  <file path="/Users/lesison/Documents/sonls/react-native/bic-group-app/src/baseComponents/Input/SearchInput/index.test.tsx">
    <testCase name="SearchInput component renders correctly" duration="158"/>
    <testCase name="SearchInput component should show icon clear" duration="75"/>
    <testCase name="SearchInput component should hide icon clear" duration="52"/>
    <testCase name="SearchInput component should call onChangeText" duration="80"/>
    <testCase name="SearchInput component should not call onSubmitEditing" duration="64"/>
    <testCase name="SearchInput component should call onSubmitEditing" duration="59"/>
    <testCase name="SearchInput component should change border color when focus" duration="59"/>
  </file>
  <file path="/Users/lesison/Documents/sonls/react-native/bic-group-app/src/screens/articles/CreateArticle/screens/CreateArticleCategory/index.test.tsx">
    <testCase name="CreateArticleCategory screen should not enable button save if category is empty" duration="425"/>
    <testCase name="CreateArticleCategory screen should enable button save if category is not empty &amp; changed" duration="193"/>
  </file>
  <file path="/Users/lesison/Documents/sonls/react-native/bic-group-app/src/screens/series/SeriesDetail/components/AddArticles/store/actions/addArticles.test.ts">
    <testCase name="addArticles in series should search addArticles success" duration="186"/>
    <testCase name="addArticles in series should do nothing when seriesId is empty:" duration="246"/>
    <testCase name="addArticles in series should do nothing when article is undefine:" duration="197"/>
    <testCase name="addArticles in series should add article throw error and should show toast" duration="84"/>
  </file>
  <file path="/Users/lesison/Documents/sonls/react-native/bic-group-app/src/store/entities/posts/actions/deletePostLocal.test.ts">
    <testCase name="deletePostLocal should not Id" duration="465"/>
    <testCase name="deletePostLocal should delete Post local success:" duration="165"/>
    <testCase name="deletePostLocal should delete Post local throw error:" duration="81"/>
  </file>
  <file path="/Users/lesison/Documents/sonls/react-native/bic-group-app/src/screens/Menu/UserProfile/components/InfoItem/index.test.tsx">
    <testCase name="InfoItem component should render props correctly" duration="304"/>
  </file>
  <file path="/Users/lesison/Documents/sonls/react-native/bic-group-app/src/screens/groups/GroupMembers/store/actions/getGroupMemberRequests.test.ts">
    <testCase name="action getGroupMemberRequests should call api getGroupMemberRequests when isRefreshing = true throw error" duration="204"/>
    <testCase name="action getGroupMemberRequests should not call api getGroupMemberRequests when isRefreshing = false and canLoadMore = false" duration="167"/>
    <testCase name="action getGroupMemberRequests should not call api getGroupMemberRequests when payload of action is empty" duration="185"/>
    <testCase name="action getGroupMemberRequests should call api getGroupMemberRequests when isRefreshing = true success" duration="50"/>
    <testCase name="action getGroupMemberRequests should call api getGroupMemberRequests when isRefreshing = false success" duration="87"/>
  </file>
  <file path="/Users/lesison/Documents/sonls/react-native/bic-group-app/src/screens/groups/GeneralInformation/components/CoverImage.test.tsx">
    <testCase name="CoverImage component renders correctly" duration="268"/>
    <testCase name="CoverImage component should show loading" duration="195"/>
    <testCase name="CoverImage component should show cover" duration="240"/>
    <testCase name="CoverImage component should call onEditCover when edit button press" duration="60"/>
  </file>
  <file path="/Users/lesison/Documents/sonls/react-native/bic-group-app/src/screens/post/CreatePost/components/CreatePostFooter.test.tsx">
    <testCase name="CreatePostFooter component renders correctly mention bar with items" duration="460"/>
  </file>
  <file path="/Users/lesison/Documents/sonls/react-native/bic-group-app/src/screens/Menu/components/CheckUpdate.test.tsx">
    <testCase name="CheckUpdate component should render button update status if is not production" duration="262"/>
  </file>
  <file path="/Users/lesison/Documents/sonls/react-native/bic-group-app/src/screens/groups/components/MemberSearchResult.test.tsx">
    <testCase name="MemberSearchResult component should NOT render empty screen correctly when loading" duration="175"/>
    <testCase name="MemberSearchResult component should NOT render empty screen correctly when having data and NOT loading" duration="316"/>
    <testCase name="MemberSearchResult component should render empty screen correctly when having NO data and NO loading" duration="57"/>
    <testCase name="MemberSearchResult component should render loading more indicator correctly" duration="130"/>
    <testCase name="MemberSearchResult component should NOT render loading more indicator correctly" duration="53"/>
    <testCase name="MemberSearchResult component should render data correctly" duration="130"/>
  </file>
  <file path="/Users/lesison/Documents/sonls/react-native/bic-group-app/src/screens/series/SeriesDetail/components/AddArticles/store/actions/searchArticles.test.ts">
    <testCase name="searchArticles in series should search articles success without contentSearch" duration="103"/>
    <testCase name="searchArticles in series should search articles success with contentSearch" duration="75"/>
    <testCase name="searchArticles in series should do nothing when loadMore but hasNextPage = false:" duration="114"/>
    <testCase name="searchArticles in series should loadMore articles success:" duration="240"/>
    <testCase name="searchArticles in series should search articles throw error and should show toast" duration="33"/>
  </file>
  <file path="/Users/lesison/Documents/sonls/react-native/bic-group-app/src/components/articles/ArticleHeader/index.test.tsx">
    <testCase name="ArticleHeader Component renders correctly" duration="356">
      <failure message="Error: expect([38;2;0;95;95m[48;2;215;255;255mreceived).toMatchSnapshot()"><![CDATA[Error: expect([38;2;0;95;95m[48;2;215;255;255mreceived).toMatchSnapshot()

Snapshot name: `ArticleHeader Component renders correctly 1`

[38;2;128;0;128m[48;2;255;215;255m- Snapshot  - 5
[38;2;0;95;95m[48;2;215;255;255m+ Received  + 6

@@ -144,11 +144,12 @@
        onResponderTerminate={[Function]}
        onResponderTerminationRequest={[Function]}
        onStartShouldSetResponder={[Function]}
        style={
          Object {
[38;2;128;0;128m[48;2;255;215;255m-           "alignSelf": "flex-start",
[38;2;0;95;95m[48;2;215;255;255m+           "alignItems": "center",
[38;2;0;95;95m[48;2;215;255;255m+           "flexDirection": "row",
            "marginRight": 12,
            "opacity": 1,
          }
        }
        testID="button_wrapper"
@@ -163,11 +164,13 @@
                "fontSize": 15,
              },
              Object {
                "color": "#181C32",
              },
[38;2;128;0;128m[48;2;255;215;255m-             undefined,
[38;2;0;95;95m[48;2;215;255;255m+             Object {
[38;2;0;95;95m[48;2;215;255;255m+               "flexShrink": 1,
[38;2;0;95;95m[48;2;215;255;255m+             },
            ]
          }
          testID="content_header.actor"
        >
          Nguyen Thi Thu Quyền
@@ -247,13 +250,11 @@
        >
          
        </Text>
      </View>
    </View>
[38;2;128;0;128m[48;2;255;215;255m-   <View
[38;2;128;0;128m[48;2;255;215;255m-     style={Object {}}
[38;2;128;0;128m[48;2;255;215;255m-   >
[38;2;0;95;95m[48;2;215;255;255m+   <View>
      <View
        accessible={true}
        focusable={true}
        onClick={[Function]}
        onResponderGrant={[Function]}
    at Object.<anonymous> (/Users/lesison/Documents/sonls/react-native/bic-group-app/src/components/articles/ArticleHeader/index.test.tsx:27:22)
    at Promise.then.completed (/Users/lesison/Documents/sonls/react-native/bic-group-app/node_modules/jest-circus/build/utils.js:390:28)
    at new Promise (<anonymous>)
    at callAsyncCircusFn (/Users/lesison/Documents/sonls/react-native/bic-group-app/node_modules/jest-circus/build/utils.js:315:10)
    at _callCircusTest (/Users/lesison/Documents/sonls/react-native/bic-group-app/node_modules/jest-circus/build/run.js:218:40)
    at processTicksAndRejections (node:internal/process/task_queues:96:5)
    at _runTest (/Users/lesison/Documents/sonls/react-native/bic-group-app/node_modules/jest-circus/build/run.js:155:3)
    at _runTestsForDescribeBlock (/Users/lesison/Documents/sonls/react-native/bic-group-app/node_modules/jest-circus/build/run.js:66:9)
    at _runTestsForDescribeBlock (/Users/lesison/Documents/sonls/react-native/bic-group-app/node_modules/jest-circus/build/run.js:60:9)
    at run (/Users/lesison/Documents/sonls/react-native/bic-group-app/node_modules/jest-circus/build/run.js:25:3)]]></failure>
    </testCase>
    <testCase name="ArticleHeader Component should navigate to detail" duration="65"/>
    <testCase name="ArticleHeader Component should call onPressHeader" duration="89"/>
  </file>
  <file path="/Users/lesison/Documents/sonls/react-native/bic-group-app/src/screens/auth/ForgotPassword/store/actions/requestResetPassword.test.ts">
    <testCase name="requestResetPassword should do nothing if email is empty" duration="490"/>
    <testCase name="requestResetPassword should request forgot password success:" duration="213"/>
    <testCase name="requestResetPassword should request forgot password throw error and call callbackError prop" duration="57"/>
  </file>
  <file path="/Users/lesison/Documents/sonls/react-native/bic-group-app/src/screens/groups/GroupMembers/store/actions/updateGroupJoinSetting.test.ts">
    <testCase name="updateGroupJoinSetting should update group join setting successfully" duration="131"/>
    <testCase name="updateGroupJoinSetting should call API and return error" duration="58"/>
  </file>
  <file path="/Users/lesison/Documents/sonls/react-native/bic-group-app/src/screens/Notification/store/actions/update.test.ts">
    <testCase name="update notification function should update notification successfully" duration="197"/>
    <testCase name="update notification function should update notification successfully when the notification need update is seen" duration="286"/>
  </file>
  <file path="/Users/lesison/Documents/sonls/react-native/bic-group-app/src/store/permissions/actions/shouldHavePermission.test.ts">
    <testCase name="shouldHavePermission should return true when have 1 required permission" duration="727"/>
    <testCase name="shouldHavePermission should return false when not have 1 required permission" duration="383"/>
    <testCase name="shouldHavePermission should return true when have all multiple required permissions" duration="91"/>
    <testCase name="shouldHavePermission should return true when have at least 1 required permission" duration="168"/>
    <testCase name="shouldHavePermission should return false when have no required permissions" duration="87"/>
    <testCase name="shouldHavePermission should return false when input id param is not valid" duration="26"/>
  </file>
  <file path="/Users/lesison/Documents/sonls/react-native/bic-group-app/src/screens/groups/GroupDetail/components/GroupContent.test.tsx">
    <testCase name="GroupContent component renders GroupContent component correctly" duration="1446"/>
  </file>
  <file path="/Users/lesison/Documents/sonls/react-native/bic-group-app/src/screens/comments/components/CommentToolbar/index.test.tsx">
    <testCase name="CommentToolbar component renders correctly" duration="173"/>
    <testCase name="CommentToolbar component renders correctly null" duration="30"/>
    <testCase name="CommentToolbar component should call prop onSelectImage" duration="56"/>
    <testCase name="CommentToolbar component should call prop onSelectGif" duration="62"/>
    <testCase name="CommentToolbar component should call prop onSelectEmoij" duration="46"/>
  </file>
  <file path="/Users/lesison/Documents/sonls/react-native/bic-group-app/src/baseComponents/EmojiPicker/components/EmojiPickerRow/index.test.tsx">
    <testCase name="EmojiPickerRow component should render correctly" duration="283"/>
    <testCase name="EmojiPickerRow component should call onEmojiPress" duration="181"/>
  </file>
  <file path="/Users/lesison/Documents/sonls/react-native/bic-group-app/src/beinComponents/Header/HeaderAvatarView.test.tsx">
    <testCase name="Header Avatar View component renders correctly" duration="443"/>
    <testCase name="Header Avatar View component renders correctly with props First Label" duration="113"/>
    <testCase name="Header Avatar View component renders correctly with props Second Label" duration="43"/>
    <testCase name="Header Avatar View component renders correctly with props Avatar" duration="120"/>
    <testCase name="Header Avatar View component renders correctly with props Container Style" duration="99"/>
    <testCase name="Header Avatar View component renders correctly with props On Press" duration="47"/>
    <testCase name="Header Avatar View component should not call onPress when cant connect to the internet" duration="103"/>
  </file>
  <file path="/Users/lesison/Documents/sonls/react-native/bic-group-app/src/beinComponents/Button/ButtonIcon.test.tsx">
    <testCase name="ButtonDanger conponent renders correctly" duration="286"/>
    <testCase name="ButtonDanger conponent renders label correctly" duration="229"/>
    <testCase name="ButtonDanger conponent renders style correctly" duration="101"/>
    <testCase name="ButtonDanger conponent renders iconWrapperStyle correctly" duration="36"/>
  </file>
  <file path="/Users/lesison/Documents/sonls/react-native/bic-group-app/src/screens/auth/ForgotPassword/store/actions/confirmForgotPassword.test.ts">
    <testCase name="confirmForgotPassword should confirm forgot password success:" duration="282"/>
    <testCase name="confirmForgotPassword should confirm forgot password throw error and should show toast" duration="69"/>
    <testCase name="confirmForgotPassword should confirm forgot password throw error and should show toast when error code = limit exceeded exception" duration="182"/>
    <testCase name="confirmForgotPassword should confirm forgot password throw error when code is mismatch exception" duration="132"/>
  </file>
  <file path="/Users/lesison/Documents/sonls/react-native/bic-group-app/src/screens/topic/store/actions/getTopicDetail.test.tsx">
    <testCase name="getTopicDetail should get TopicDetail throw error" duration="468"/>
    <testCase name="getTopicDetail should call api get TopicDetail success" duration="89"/>
  </file>
  <file path="/Users/lesison/Documents/sonls/react-native/bic-group-app/src/screens/articles/CreateArticle/components/Schedule.test.tsx">
    <testCase name="Schedule should render correctly" duration="922"/>
    <testCase name="Schedule should validate series vs tags" duration="513"/>
    <testCase name="Schedule validate series vs tags fail" duration="439"/>
  </file>
  <file path="/Users/lesison/Documents/sonls/react-native/bic-group-app/src/baseComponents/Checkbox/index.test.tsx">
    <testCase name="Checkbox component should render unselect state with default size medium correctly" duration="366"/>
    <testCase name="Checkbox component should render selected state with default size medium correctly" duration="70"/>
    <testCase name="Checkbox component should render indeterminate state with default size medium correctly" duration="161"/>
    <testCase name="Checkbox component should render disabled state with default size medium correctly" duration="191"/>
    <testCase name="Checkbox component should render disabled state with size small correctly" duration="234"/>
    <testCase name="Checkbox component should render disabled-auto-selected state with default size medium correctly" duration="121"/>
    <testCase name="Checkbox component should call onPress when pressing on Checkbox" duration="142"/>
    <testCase name="Checkbox component should NOT call onPress when pressing on indeterminate Checkbox" duration="126"/>
    <testCase name="Checkbox component should NOT call onPress when pressing on disabled Checkbox" duration="115"/>
    <testCase name="Checkbox component should NOT call onPress when pressing on disabled-auto-selected Checkbox" duration="140"/>
  </file>
  <file path="/Users/lesison/Documents/sonls/react-native/bic-group-app/src/screens/PermissionScheme/GroupSchemeAssignment/components/AlertAssignGroupConfirmContent.test.tsx">
    <testCase name="AlertAssignGroupConfirmContent findGroupInAssignmentsById should return group level 0" duration="335"/>
    <testCase name="AlertAssignGroupConfirmContent findGroupInAssignmentsById should return child group" duration="35"/>
    <testCase name="AlertAssignGroupConfirmContent findGroupInAssignmentsById should return nothing" duration="124"/>
    <testCase name="AlertAssignGroupConfirmContent prepareData should return correct result" duration="79"/>
    <testCase name="AlertAssignGroupConfirmContent prepareData should return empty result" duration="69"/>
    <testCase name="AlertAssignGroupConfirmContent prepareData should return correct result with default unknown scheme name" duration="59"/>
    <testCase name="AlertAssignGroupConfirmContent prepareData should return correct result with new none group" duration="43"/>
    <testCase name="AlertAssignGroupConfirmContent prepareData should return correct result with old none scheme" duration="64"/>
  </file>
  <file path="/Users/lesison/Documents/sonls/react-native/bic-group-app/src/baseComponents/Button/ButtonWrapper/index.test.tsx">
    <testCase name="Button component renders correctly" duration="362"/>
    <testCase name="Button component renders correctly button when no internet connection" duration="255"/>
  </file>
  <file path="/Users/lesison/Documents/sonls/react-native/bic-group-app/src/screens/Menu/AccountSettings/EditBasicInfo/fragments/LanguageOptionMenu.test.tsx">
    <testCase name="LanguageOptionMenu conponent should render correctly when language was not set" duration="275"/>
    <testCase name="LanguageOptionMenu conponent should render correctly when language was set" duration="393"/>
  </file>
  <file path="/Users/lesison/Documents/sonls/react-native/bic-group-app/src/screens/post/CreatePostTags/ListSelectedTags.test.tsx">
    <testCase name="ListSelectedTags component should render correctly" duration="190"/>
    <testCase name="ListSelectedTags component should render nothing if list tags is empty" duration="34"/>
    <testCase name="ListSelectedTags component should removable tag" duration="281"/>
  </file>
  <file path="/Users/lesison/Documents/sonls/react-native/bic-group-app/src/screens/groups/GroupMembers/store/actions/approveSingleGroupMemberRequest.test.ts">
    <testCase name="action approveSingleGroupMemberRequest should call api approveSingleGroupMemberRequest throw error" duration="222"/>
    <testCase name="action approveSingleGroupMemberRequest should not call api approveSingleGroupMemberRequest when payload of action is empty" duration="123"/>
    <testCase name="action approveSingleGroupMemberRequest should call api approveSingleGroupMemberRequest success" duration="328"/>
  </file>
  <file path="/Users/lesison/Documents/sonls/react-native/bic-group-app/src/components/Report/store/actions/getReportedContents.test.ts">
    <testCase name="getReportedContents should call API to get refresh data successfully" duration="338"/>
    <testCase name="getReportedContents should call API to get more data successfully" duration="114"/>
    <testCase name="getReportedContents should call API and no data is return" duration="100"/>
    <testCase name="getReportedContents should call API and throw error" duration="49"/>
  </file>
  <file path="/Users/lesison/Documents/sonls/react-native/bic-group-app/src/beinComponents/SearchBaseView.test.tsx">
    <testCase name="SearchBaseView component should render icon back correctly" duration="279"/>
    <testCase name="SearchBaseView component should run press back fn correctly" duration="140"/>
    <testCase name="SearchBaseView component should render search text input correctly" duration="350"/>
    <testCase name="SearchBaseView component should render icon reset correctly when there is text input" duration="180"/>
    <testCase name="SearchBaseView component should clear text input correctly when press icon reset" duration="106"/>
    <testCase name="SearchBaseView component should NOT render icon reset correctly when there is NO text input" duration="58"/>
  </file>
  <file path="/Users/lesison/Documents/sonls/react-native/bic-group-app/src/beinComponents/inputs/MentionInput/MentionBar/MetionBarItem.test.tsx">
    <testCase name="MentionBarItem component renders correctly" duration="239"/>
    <testCase name="MentionBarItem component should show &quot;MentionBarItem&quot; and onPress should be called" duration="91"/>
    <testCase name="MentionBarItem component should show &quot;MentionBarItem&quot; with Avatar" duration="44"/>
    <testCase name="MentionBarItem component should show &quot;MentionBarItem&quot; with name" duration="67"/>
  </file>
  <file path="/Users/lesison/Documents/sonls/react-native/bic-group-app/src/screens/communities/CommunityDetail/components/PreviewMembers/index.test.tsx">
    <testCase name="PreviewMembers component should render avatar list correctly" duration="219"/>
    <testCase name="PreviewMembers component should render member description text correctly when there is only 1 member" duration="85"/>
    <testCase name="PreviewMembers component should render member description text correctly when there are only 2 members" duration="65"/>
  </file>
  <file path="/Users/lesison/Documents/sonls/react-native/bic-group-app/src/screens/communities/CommunityMembers/store/actions/getCommunityMembers.test.ts">
    <testCase name="getCommunityMembers should return soon when there is no more data to fetch" duration="141"/>
    <testCase name="getCommunityMembers should get group members success:" duration="83"/>
    <testCase name="getCommunityMembers should refresh to get group members success:" duration="71"/>
    <testCase name="getCommunityMembers should get group members throw error" duration="59"/>
  </file>
  <file path="/Users/lesison/Documents/sonls/react-native/bic-group-app/src/screens/Menu/UserProfile/components/AvatarImage/index.test.tsx">
    <testCase name="AvatarImage component renders correctly" duration="381"/>
  </file>
  <file path="/Users/lesison/Documents/sonls/react-native/bic-group-app/src/screens/groups/GroupMembers/store/actions/declineSingleGroupMemberRequest.test.ts">
    <testCase name="action declineSingleGroupMemberRequest should call api declineSingleGroupMemberRequest throw error" duration="157"/>
    <testCase name="action declineSingleGroupMemberRequest should not call api declineSingleGroupMemberRequest when payload of action is empty" duration="174"/>
    <testCase name="action declineSingleGroupMemberRequest should call api declineSingleGroupMemberRequest success" duration="158"/>
  </file>
  <file path="/Users/lesison/Documents/sonls/react-native/bic-group-app/src/screens/articles/ArticleDetail/store/actions/getArticleDetail.test.ts">
    <testCase name="getArticleDetail should call api get article detail error" duration="256"/>
    <testCase name="getArticleDetail should call api get article detail success" duration="127"/>
  </file>
  <file path="/Users/lesison/Documents/sonls/react-native/bic-group-app/src/store/permissions/actions/getAudienceListWithNoPermission.test.ts">
    <testCase name="getAudienceListWithNoPermission should return empty array when input audience is not valid" duration="117"/>
    <testCase name="getAudienceListWithNoPermission should return array of audience with no permissions" duration="43"/>
    <testCase name="getAudienceListWithNoPermission should return empty array of audience with no permissions" duration="44"/>
    <testCase name="getAudienceListWithNoPermission should return full array of 3 audience with no permissions" duration="52"/>
  </file>
  <file path="/Users/lesison/Documents/sonls/react-native/bic-group-app/src/beinComponents/inputs/PasswordInput.test.tsx">
    <testCase name="Password Input component renders correctly" duration="131"/>
    <testCase name="Password Input component renders correctly with hide icon eye" duration="159"/>
  </file>
  <file path="/Users/lesison/Documents/sonls/react-native/bic-group-app/src/beinComponents/Filter.test.tsx">
    <testCase name="Filter component renders correctly" duration="150"/>
  </file>
  <file path="/Users/lesison/Documents/sonls/react-native/bic-group-app/src/components/series/SeriesContentModal/store/action/getSeriesByItems.test.ts">
    <testCase name="getSeriesByItems should call api searchSeries throw error" duration="229"/>
    <testCase name="getSeriesByItems should call api searchSeries success" duration="70"/>
    <testCase name="getSeriesByItems should not call api searchSeries when loading = true and hasNextPage = false" duration="100"/>
  </file>
  <file path="/Users/lesison/Documents/sonls/react-native/bic-group-app/src/screens/groups/GroupDetail/components/GroupPrivateWelcome.test.tsx">
    <testCase name="GroupPrivateWelcome component renders GroupInfoHeader component correctly" duration="575"/>
    <testCase name="GroupPrivateWelcome component renders GroupAboutContent component correctly" duration="134"/>
  </file>
  <file path="/Users/lesison/Documents/sonls/react-native/bic-group-app/src/screens/series/store/actions/deleteSeries.test.ts">
    <testCase name="deleteSeries should do nothing if id undefined" duration="484"/>
    <testCase name="deleteSeries should delete series success:" duration="185"/>
    <testCase name="deleteSeries should delete series throw error and should show toast" duration="36"/>
    <testCase name="deleteSeries should delete series throw error and props callbackError should called" duration="58"/>
  </file>
  <file path="/Users/lesison/Documents/sonls/react-native/bic-group-app/src/screens/Menu/AccountSettings/EditContact/fragments/EditPhoneNumber.test.tsx">
    <testCase name="EditPhoneNumber conponent should render correctly with no phone number" duration="283"/>
    <testCase name="EditPhoneNumber conponent should render correctly with phone number" duration="71"/>
    <testCase name="EditPhoneNumber conponent should call prop onChangeCountryCode:" duration="60"/>
  </file>
  <file path="/Users/lesison/Documents/sonls/react-native/bic-group-app/src/store/permissions/actions/shouldHavePermissionOnSomeAudience.test.ts">
    <testCase name="shouldHavePermissionOnSomeAudience should return true if there is one audience that user has the required permission on" duration="101"/>
    <testCase name="shouldHavePermissionOnSomeAudience should return false if there is NO audience that user has the required permission on" duration="79"/>
    <testCase name="shouldHavePermissionOnSomeAudience should return false if input audience is not valid" duration="193"/>
  </file>
  <file path="/Users/lesison/Documents/sonls/react-native/bic-group-app/src/components/ContentUnavailable/index.test.tsx">
    <testCase name="ContentUnavailable component render correctly" duration="311"/>
  </file>
  <file path="/Users/lesison/Documents/sonls/react-native/bic-group-app/src/screens/groups/components/CommunityItem.test.tsx">
    <testCase name="CommunitItem component should render data correctly" duration="170"/>
    <testCase name="CommunitItem component should call onPressCommunitties when press community item" duration="108"/>
  </file>
  <file path="/Users/lesison/Documents/sonls/react-native/bic-group-app/src/store/entities/groups/actions/addToGroups.test.ts">
    <testCase name="addToGroups should add to groups success:" duration="104"/>
  </file>
  <file path="/Users/lesison/Documents/sonls/react-native/bic-group-app/src/baseComponents/Tab/TabButton.test.tsx">
    <testCase name="TabButton renders selected button with size medium" duration="157"/>
    <testCase name="TabButton renders unselected button with size large" duration="39"/>
    <testCase name="TabButton should disable button when cant connect to internet" duration="73"/>
  </file>
  <file path="/Users/lesison/Documents/sonls/react-native/bic-group-app/src/screens/Menu/UserProfile/fragments/BasicInfo/index.test.tsx">
    <testCase name="BasicInfo component renders correctly" duration="358"/>
  </file>
  <file path="/Users/lesison/Documents/sonls/react-native/bic-group-app/src/screens/articles/ArticleScheduleContent/store/actions/getArticleScheduleContent.test.ts">
    <testCase name="getArticleScheduleContent should call api get draft articles when isRefresh = true success" duration="197"/>
    <testCase name="getArticleScheduleContent should call api get draft articles when isRefresh = false success" duration="75"/>
    <testCase name="getArticleScheduleContent should not call API when isRefresh = false and cannot load more" duration="74"/>
    <testCase name="getArticleScheduleContent should call api get draft articles when isRefresh = true and throws error" duration="37"/>
  </file>
  <file path="/Users/lesison/Documents/sonls/react-native/bic-group-app/src/screens/Menu/UserProfile/store/actions/getCountry.test.ts">
    <testCase name="getCountry should getCountry success:" duration="122"/>
    <testCase name="getCountry should getCountry throw error" duration="86"/>
  </file>
  <file path="/Users/lesison/Documents/sonls/react-native/bic-group-app/src/components/series/SeriesHeader/index.test.tsx">
    <testCase name="SeriesContent component render correctly" duration="193">
      <failure message="Error: expect([38;2;0;95;95m[48;2;215;255;255mreceived).toMatchSnapshot()"><![CDATA[Error: expect([38;2;0;95;95m[48;2;215;255;255mreceived).toMatchSnapshot()

Snapshot name: `SeriesContent component render correctly 1`

[38;2;128;0;128m[48;2;255;215;255m- Snapshot  - 5
[38;2;0;95;95m[48;2;215;255;255m+ Received  + 6

@@ -144,11 +144,12 @@
        onResponderTerminate={[Function]}
        onResponderTerminationRequest={[Function]}
        onStartShouldSetResponder={[Function]}
        style={
          Object {
[38;2;128;0;128m[48;2;255;215;255m-           "alignSelf": "flex-start",
[38;2;0;95;95m[48;2;215;255;255m+           "alignItems": "center",
[38;2;0;95;95m[48;2;215;255;255m+           "flexDirection": "row",
            "marginRight": 12,
            "opacity": 1,
          }
        }
        testID="button_wrapper"
@@ -163,11 +164,13 @@
                "fontSize": 15,
              },
              Object {
                "color": "#181C32",
              },
[38;2;128;0;128m[48;2;255;215;255m-             undefined,
[38;2;0;95;95m[48;2;215;255;255m+             Object {
[38;2;0;95;95m[48;2;215;255;255m+               "flexShrink": 1,
[38;2;0;95;95m[48;2;215;255;255m+             },
            ]
          }
          testID="content_header.actor"
        >
          Linh Linh
@@ -247,13 +250,11 @@
        >
          
        </Text>
      </View>
    </View>
[38;2;128;0;128m[48;2;255;215;255m-   <View
[38;2;128;0;128m[48;2;255;215;255m-     style={Object {}}
[38;2;128;0;128m[48;2;255;215;255m-   >
[38;2;0;95;95m[48;2;215;255;255m+   <View>
      <View
        accessible={true}
        focusable={true}
        onClick={[Function]}
        onResponderGrant={[Function]}
    at Object.<anonymous> (/Users/lesison/Documents/sonls/react-native/bic-group-app/src/components/series/SeriesHeader/index.test.tsx:22:30)
    at Promise.then.completed (/Users/lesison/Documents/sonls/react-native/bic-group-app/node_modules/jest-circus/build/utils.js:390:28)
    at new Promise (<anonymous>)
    at callAsyncCircusFn (/Users/lesison/Documents/sonls/react-native/bic-group-app/node_modules/jest-circus/build/utils.js:315:10)
    at _callCircusTest (/Users/lesison/Documents/sonls/react-native/bic-group-app/node_modules/jest-circus/build/run.js:218:40)
    at processTicksAndRejections (node:internal/process/task_queues:96:5)
    at _runTest (/Users/lesison/Documents/sonls/react-native/bic-group-app/node_modules/jest-circus/build/run.js:155:3)
    at _runTestsForDescribeBlock (/Users/lesison/Documents/sonls/react-native/bic-group-app/node_modules/jest-circus/build/run.js:66:9)
    at _runTestsForDescribeBlock (/Users/lesison/Documents/sonls/react-native/bic-group-app/node_modules/jest-circus/build/run.js:60:9)
    at run (/Users/lesison/Documents/sonls/react-native/bic-group-app/node_modules/jest-circus/build/run.js:25:3)]]></failure>
    </testCase>
    <testCase name="SeriesContent component should go to series detail when press header" duration="73"/>
    <testCase name="SeriesContent component should call action show bottom sheet menu when press menu icon" duration="63"/>
  </file>
  <file path="/Users/lesison/Documents/sonls/react-native/bic-group-app/src/components/Report/store/actions/reportContent.test.ts">
    <testCase name="reportContent should call api reportContent success and show toast success" duration="227"/>
    <testCase name="reportContent should call api reportContent success with type COMMNENT" duration="199"/>
    <testCase name="reportContent should call api reportContent success with type CHILD COMMNENT" duration="92"/>
    <testCase name="reportContent should call api reportContent error and throw error" duration="88"/>
  </file>
  <file path="/Users/lesison/Documents/sonls/react-native/bic-group-app/src/baseComponents/PlaceHolderRemoveContent/index.test.tsx">
    <testCase name="PlaceHolderRemoveContent component renders correctly" duration="435"/>
  </file>
  <file path="/Users/lesison/Documents/sonls/react-native/bic-group-app/src/baseComponents/VideoPlayer/components/FileVideo/index.test.tsx">
    <testCase name="VideoPlayer component renders correctly" duration="116"/>
  </file>
  <file path="/Users/lesison/Documents/sonls/react-native/bic-group-app/src/components/posts/UserInterestedPost/index.test.tsx">
    <testCase name="UserSeenPost Screen given an idPost, should call api getSeenList" duration="148"/>
    <testCase name="UserSeenPost Screen given an idPost, should loading = false when something is wrong" duration="255"/>
  </file>
  <file path="/Users/lesison/Documents/sonls/react-native/bic-group-app/src/screens/auth/ForgotPassword/components/EmailInputView/index.test.tsx">
    <testCase name="EmailInputView component disable button send code to email when typing an invalid email" duration="231"/>
    <testCase name="EmailInputView component request code to forgot password with valid email" duration="270"/>
    <testCase name="EmailInputView component request code to forgot password with valid email but error" duration="151"/>
  </file>
  <file path="/Users/lesison/Documents/sonls/react-native/bic-group-app/src/beinComponents/inputs/MentionInput/Autocomplete/AtMention/AtMentionItem.test.tsx">
    <testCase name="AtMentionItem component renders correctly" duration="210"/>
    <testCase name="AtMentionItem component should show &quot;AtMentionItem&quot; with item all" duration="100"/>
    <testCase name="AtMentionItem component should call &quot;_onPressItem&quot;" duration="54"/>
  </file>
  <file path="/Users/lesison/Documents/sonls/react-native/bic-group-app/src/components/LinkPreview/index.test.tsx">
    <testCase name="LinkPreview component renders loading" duration="269"/>
    <testCase name="LinkPreview component renders correctly" duration="190"/>
    <testCase name="LinkPreview component renders null" duration="60"/>
    <testCase name="LinkPreview component renders when only attribute url" duration="68"/>
  </file>
  <file path="/Users/lesison/Documents/sonls/react-native/bic-group-app/src/screens/communities/Communities/components/Managed/index.test.tsx">
    <testCase name="Managed Screen given no param, should load more data doGetManagedCommunityAndGroup" duration="645"/>
    <testCase name="Managed Screen given param isRefreshing, should refresh data doGetManagedCommunityAndGroup" duration="509"/>
  </file>
  <file path="/Users/lesison/Documents/sonls/react-native/bic-group-app/src/screens/Home/store/index.test.ts">
    <testCase name="useHomeStore hook setContentFilter should set contentFilter" duration="288"/>
    <testCase name="useHomeStore hook setAttributeFilter should set attributeFilter" duration="101"/>
    <testCase name="useHomeStore hook setDataFeed without specify content vs attribute should set feed with current contentFilter vs attributeFilter" duration="45"/>
    <testCase name="useHomeStore hook setDataFeed with specify content vs attribute should set feed with content vs attribute" duration="94"/>
    <testCase name="useHomeStore hook getDataFeed should follow current contentFilter vs attributeFilter" duration="177"/>
  </file>
  <file path="/Users/lesison/Documents/sonls/react-native/bic-group-app/src/screens/Menu/UserProfile/components/EditButton/index.test.tsx">
    <testCase name="EditButton component should render props correctly" duration="273"/>
    <testCase name="EditButton component should not render" duration="87"/>
  </file>
  <file path="/Users/lesison/Documents/sonls/react-native/bic-group-app/src/screens/auth/VerifyEmail/store/actions/confirmSignUp.test.ts">
    <testCase name="confirmSignUp function should call amplify confirm sign up in success" duration="187"/>
    <testCase name="confirmSignUp function should call amplify confirm sign up error, call prop callbackError" duration="82"/>
  </file>
  <file path="/Users/lesison/Documents/sonls/react-native/bic-group-app/src/components/articles/ArticlePlaceholder/index.test.tsx">
    <testCase name="ArticlePlaceholder Component renders correctly" duration="231"/>
  </file>
  <file path="/Users/lesison/Documents/sonls/react-native/bic-group-app/src/screens/communities/CommunityMembers/CommunityMemberList/components/SearchMemberView.test.tsx">
    <testCase name="SearchMemberView component should render data list correctly" duration="312"/>
  </file>
  <file path="/Users/lesison/Documents/sonls/react-native/bic-group-app/src/baseComponents/Button/index.test.tsx">
    <testCase name="Button component renders correctly" duration="306"/>
    <testCase name="Button component renders button primary correctly" duration="149"/>
    <testCase name="Button component renders button secondary correctly" duration="248"/>
    <testCase name="Button component renders button neutral correctly" duration="103"/>
    <testCase name="Button component renders button success correctly" duration="56"/>
    <testCase name="Button component renders button danger correctly" duration="33"/>
    <testCase name="Button component renders correctly button disable" duration="60"/>
    <testCase name="Button component renders correctly button loading" duration="70"/>
    <testCase name="Button component renders correctly style" duration="46"/>
    <testCase name="Button component renders correctly contentStyle" duration="48"/>
    <testCase name="Button component should call props onPress" duration="41"/>
    <testCase name="Button component should call props onLongPress" duration="51"/>
    <testCase name="Button component renders correctly with only icon" duration="52"/>
    <testCase name="Button component renders correctly with text and icon" duration="28"/>
    <testCase name="Button component renders correctly children with useI18n" duration="131"/>
  </file>
  <file path="/Users/lesison/Documents/sonls/react-native/bic-group-app/src/screens/Discover/components/DiscoverCommunities/index.test.tsx">
    <testCase name="DiscoverCommunities Screen given no params, should call api getDiscoverCommunities with the next page" duration="143"/>
    <testCase name="DiscoverCommunities Screen given param isRefreshing, should refresh data" duration="164"/>
  </file>
  <file path="/Users/lesison/Documents/sonls/react-native/bic-group-app/src/baseComponents/Toggle/index.test.tsx">
    <testCase name="Toggle component should render active state with default size small" duration="220"/>
    <testCase name="Toggle component should render inactive state with default size small" duration="50"/>
    <testCase name="Toggle component should render disabled state with default size small" duration="32"/>
    <testCase name="Toggle component should render active state with size medium" duration="48"/>
    <testCase name="Toggle component should render inactive state with size medium" duration="72"/>
    <testCase name="Toggle component should render disabled state with size medium" duration="47"/>
    <testCase name="Toggle component should call onPress when pressing on Toggle" duration="59"/>
    <testCase name="Toggle component should NOT call onPress when pressing on disabled Toggle" duration="54"/>
  </file>
  <file path="/Users/lesison/Documents/sonls/react-native/bic-group-app/src/components/ContentView/ContentHeader/index.test.tsx">
    <testCase name="ContentHeader component render correctly" duration="156"/>
    <testCase name="ContentHeader component should call onPressShowAudiences" duration="76"/>
    <testCase name="ContentHeader component should not call onPressShowAudiences when cant connect to the internet" duration="108"/>
  </file>
  <file path="/Users/lesison/Documents/sonls/react-native/bic-group-app/src/beinComponents/inputs/TextInputController.test.tsx">
    <testCase name="TextInputController component renders correctly" duration="175"/>
    <testCase name="TextInputController component should called validateValue and show error text when typing an invalid value by rule" duration="82"/>
    <testCase name="TextInputController component should not show error text when typing an invalid value by rule with props helperContent" duration="43"/>
  </file>
  <file path="/Users/lesison/Documents/sonls/react-native/bic-group-app/src/components/SelectingListInfo/index.test.tsx">
    <testCase name="SelectingListInfo Component renders correctly" duration="272"/>
    <testCase name="SelectingListInfo Component renders correctly with prop title" duration="210"/>
    <testCase name="SelectingListInfo Component renders correctly with prop infoMessage" duration="620"/>
    <testCase name="SelectingListInfo Component renders correctly with prop tagProps" duration="213"/>
    <testCase name="SelectingListInfo Component should call prop onRemoveItem" duration="208"/>
  </file>
  <file path="/Users/lesison/Documents/sonls/react-native/bic-group-app/src/components/SelectSeries/store/actions/getSeries.test.ts">
    <testCase name="getSeries in article should do nothing if isLoadMore but hasNextPage = false" duration="274"/>
    <testCase name="getSeries in article should get list series success:" duration="113"/>
    <testCase name="getSeries in article should load more list series success:" duration="77"/>
    <testCase name="getSeries in article should get series throw error and should show toast" duration="55"/>
  </file>
  <file path="/Users/lesison/Documents/sonls/react-native/bic-group-app/src/screens/Menu/UserProfile/components/AddButton/index.test.tsx">
    <testCase name="AddButton component should render props correctly" duration="223"/>
    <testCase name="AddButton component should not render" duration="270"/>
  </file>
  <file path="/Users/lesison/Documents/sonls/react-native/bic-group-app/src/screens/Home/HomeSearch/SearchSuggestion.test.tsx">
    <testCase name="SearchSuggestion component should render SearchResult" duration="769"/>
    <testCase name="SearchSuggestion component should not render list recent search if text search is not empty" duration="257"/>
  </file>
  <file path="/Users/lesison/Documents/sonls/react-native/bic-group-app/src/beinComponents/inputs/MentionInput/Autocomplete/index.test.tsx">
    <testCase name="Autocomplete component should hide &quot;Autocomplete&quot;" duration="441"/>
    <testCase name="Autocomplete component should show &quot;Autocomplete&quot;" duration="75"/>
    <testCase name="Autocomplete component should show &quot;Autocomplete&quot; in &quot;top&quot;" duration="76"/>
    <testCase name="Autocomplete component should show &quot;Autocomplete&quot; in &quot;fullWidth&quot;" duration="67"/>
    <testCase name="Autocomplete component should show &quot;Autocomplete&quot; with shadow" duration="60"/>
    <testCase name="Autocomplete component should show &quot;Autocomplete&quot; with title" duration="150"/>
  </file>
  <file path="/Users/lesison/Documents/sonls/react-native/bic-group-app/src/screens/post/PostSelectAudience/index.test.tsx">
    <testCase name="PostSelectAudience screen renders correctly with params isFirstStep" duration="522"/>
  </file>
  <file path="/Users/lesison/Documents/sonls/react-native/bic-group-app/src/utils/permission/index.test.ts">
    <testCase name="permission utils should run checkPermission addPhoto GRANTED" duration="254"/>
    <testCase name="permission utils should run checkPermission addPhoto DENIED" duration="74"/>
    <testCase name="permission utils should run checkPermission addPhoto DENIED and request GRANTED" duration="101"/>
    <testCase name="permission utils should run checkPermission photo BLOCKED" duration="229"/>
    <testCase name="permission utils should run checkPermission photo BLOCKED hide alert" duration="20"/>
    <testCase name="permission utils should run requestPermission photo throw error" duration="122"/>
    <testCase name="permission utils should run checkPermission photo throw error" duration="24"/>
  </file>
  <file path="/Users/lesison/Documents/sonls/react-native/bic-group-app/src/screens/groups/GroupMembers/store/actions/getGroupMembers.test.ts">
    <testCase name="getGroupMembers should return soon when there is no more data to fetch" duration="152"/>
    <testCase name="getGroupMembers should do nothing when refreshing data and there is no data return" duration="225"/>
    <testCase name="getGroupMembers should get group members success:" duration="80"/>
    <testCase name="getGroupMembers should refresh get group members success:" duration="77"/>
    <testCase name="getGroupMembers should get group members throw error" duration="73"/>
  </file>
  <file path="/Users/lesison/Documents/sonls/react-native/bic-group-app/src/components/posts/ButtonMarkAsRead/store/actions/putMarkAsRead.test.ts">
    <testCase name="putMarkAsRead should not Id" duration="121"/>
    <testCase name="putMarkAsRead should put Mark As Read success:" duration="193"/>
    <testCase name="putMarkAsRead should put Mark As Read throw error:" duration="194"/>
  </file>
  <file path="/Users/lesison/Documents/sonls/react-native/bic-group-app/src/screens/Menu/UserProfile/fragments/UserHeader/index.test.tsx">
    <testCase name="UserHeader component renders correctly" duration="188"/>
  </file>
  <file path="/Users/lesison/Documents/sonls/react-native/bic-group-app/src/screens/articles/CreateArticle/screens/CreateArticleSummary/index.test.tsx">
    <testCase name="CreateArticleSummary screen should not enable button save if summary is empty" duration="664"/>
    <testCase name="CreateArticleSummary screen should enable button save if summary is changed" duration="247"/>
  </file>
  <file path="/Users/lesison/Documents/sonls/react-native/bic-group-app/src/screens/auth/VerifyEmail/store/actions/resendVerifyEmail.test.ts">
    <testCase name="resendVerifyEmail should call api resend verify email success" duration="148"/>
    <testCase name="resendVerifyEmail should call call api resend verify email, throw error LimitExceededException" duration="51"/>
    <testCase name="resendVerifyEmail should call call api resend verify email, throw error LimitExceededException" duration="45"/>
  </file>
  <file path="/Users/lesison/Documents/sonls/react-native/bic-group-app/src/screens/articles/CreateArticle/screens/CreateArticleTitle/index.test.tsx">
    <testCase name="CreateArticleTitle screen should not enable button save if title is empty" duration="406"/>
    <testCase name="CreateArticleTitle screen should enable button save if title is not empty &amp; changed" duration="278"/>
  </file>
  <file path="/Users/lesison/Documents/sonls/react-native/bic-group-app/src/screens/auth/ForgotPassword/components/CodeInputView/components/CodeInput.test.tsx">
    <testCase name="CodeInput component renders text error" duration="316"/>
  </file>
  <file path="/Users/lesison/Documents/sonls/react-native/bic-group-app/src/screens/Notification/store/actions/getNotifications.test.ts">
    <testCase name="getNotifications function get notification successfully" duration="179"/>
    <testCase name="getNotifications function get notifications successfully with no data" duration="295"/>
    <testCase name="getNotifications function should get notifications throw error" duration="241"/>
  </file>
  <file path="/Users/lesison/Documents/sonls/react-native/bic-group-app/src/screens/tags/store/actions/createTag.test.ts">
    <testCase name="createTag give tag vs idCommunity should create a new tag" duration="232"/>
  </file>
  <file path="/Users/lesison/Documents/sonls/react-native/bic-group-app/src/components/SelectSeries/store/actions/searchSeries.test.ts">
    <testCase name="searchSeries in article should search list series success:" duration="265"/>
    <testCase name="searchSeries in article should search series throw error and should show toast" duration="173"/>
  </file>
  <file path="/Users/lesison/Documents/sonls/react-native/bic-group-app/src/screens/Notification/store/actions/attach.test.ts">
    <testCase name="attach notification function should add a noti success" duration="193"/>
    <testCase name="attach notification function should add a noti in tab important success" duration="105"/>
    <testCase name="attach notification function should add a noti in tab mention success" duration="295"/>
  </file>
  <file path="/Users/lesison/Documents/sonls/react-native/bic-group-app/src/screens/tags/store/actions/getCUDTagPermission.test.ts">
    <testCase name="getCommunityCUDTagPermission should getPermission data successfully" duration="149"/>
    <testCase name="getCommunityCUDTagPermission should call API and throws an error" duration="78"/>
  </file>
  <file path="/Users/lesison/Documents/sonls/react-native/bic-group-app/src/screens/tags/Tags/index.test.tsx">
    <testCase name="Tags screen render correctly with default state" duration="306"/>
  </file>
  <file path="/Users/lesison/Documents/sonls/react-native/bic-group-app/src/screens/articles/CreateArticle/screens/CreateArticleCategory/store/actions/getCategories.test.ts">
    <testCase name="getCategories in article should do nothing if hasNextPage = false" duration="164"/>
    <testCase name="getCategories in article should get list categories success:" duration="91"/>
  </file>
  <file path="/Users/lesison/Documents/sonls/react-native/bic-group-app/src/beinComponents/inputs/TextInput.test.tsx">
    <testCase name="TextInput component renders correctly" duration="105"/>
    <testCase name="TextInput component should show &quot;TextInput&quot; with right spacing" duration="63"/>
    <testCase name="TextInput component should show &quot;TextInput&quot; editable" duration="58"/>
    <testCase name="TextInput component onChangeText should be called" duration="69"/>
    <testCase name="TextInput component should show &quot;TextInput&quot; with text helper" duration="85"/>
    <testCase name="TextInput component should show &quot;TextInput&quot; with text helper in error" duration="326"/>
    <testCase name="TextInput component should show &quot;TextInput&quot; with text helper action" duration="87"/>
  </file>
  <file path="/Users/lesison/Documents/sonls/react-native/bic-group-app/src/beinComponents/Button/ButtonDanger.test.tsx">
    <testCase name="ButtonDanger conponent renders correctly" duration="290"/>
    <testCase name="ButtonDanger conponent renders children correctly" duration="60"/>
    <testCase name="ButtonDanger conponent renders style correctly" duration="73"/>
    <testCase name="ButtonDanger conponent renders disabled correctly" duration="58"/>
  </file>
  <file path="/Users/lesison/Documents/sonls/react-native/bic-group-app/src/screens/groups/GeneralInformation/store/actions/editGroupDetail.test.ts">
    <testCase name="editGroupDetail should edit group detail success:" duration="151"/>
    <testCase name="editGroupDetail should edit group detail success with editFieldName:" duration="68"/>
    <testCase name="editGroupDetail should edit group detail success and props callback is called:" duration="117"/>
    <testCase name="editGroupDetail should set group admin throw error" duration="51"/>
  </file>
  <file path="/Users/lesison/Documents/sonls/react-native/bic-group-app/src/screens/Notification/store/actions/detach.test.ts">
    <testCase name="detach notification function should remove a noti success" duration="278"/>
  </file>
  <file path="/Users/lesison/Documents/sonls/react-native/bic-group-app/src/screens/Home/HomeSearch/store/actions/deleteRecentSearchById.test.ts">
    <testCase name="deleteRecentSearchById should deleteRecentSearchById" duration="286"/>
  </file>
  <file path="/Users/lesison/Documents/sonls/react-native/bic-group-app/src/screens/Menu/UserProfile/components/InfoSection/index.test.tsx">
    <testCase name="InfoSection component should render props correctly" duration="316"/>
  </file>
  <file path="/Users/lesison/Documents/sonls/react-native/bic-group-app/src/screens/communities/CommunityDetail/components/AboutContent/index.test.tsx">
    <testCase name="AboutContent component should render correctly" duration="737"/>
  </file>
  <file path="/Users/lesison/Documents/sonls/react-native/bic-group-app/src/screens/communities/Communities/components/YourCommunities/index.test.tsx">
    <testCase name="YourCommunities Screen given no params, should call api getJoinedCommunities with the next page" duration="350"/>
    <testCase name="YourCommunities Screen given param isRefreshing, should refresh data" duration="352"/>
  </file>
  <file path="/Users/lesison/Documents/sonls/react-native/bic-group-app/src/screens/Menu/UserProfile/fragments/Experiences/index.test.tsx">
    <testCase name="Experiences component renders correctly" duration="680"/>
    <testCase name="Experiences component should not render" duration="153"/>
  </file>
  <file path="/Users/lesison/Documents/sonls/react-native/bic-group-app/src/screens/Menu/UserProfile/store/actions/getUserProfile.test.ts">
    <testCase name="getUserProfile should getUserProfile success:" duration="240"/>
    <testCase name="getUserProfile should getUserProfile throw error" duration="114"/>
  </file>
  <file path="/Users/lesison/Documents/sonls/react-native/bic-group-app/src/screens/groups/components/MemberItem.test.tsx">
    <testCase name="MemberItem component should render data correctly" duration="489"/>
    <testCase name="MemberItem component should render icon member option correctly when user is an admin" duration="107"/>
    <testCase name="MemberItem component should NOT render icon member option correctly when user is NOT an admin" duration="80"/>
    <testCase name="MemberItem component should navigate to User profile correctly" duration="146"/>
  </file>
  <file path="/Users/lesison/Documents/sonls/react-native/bic-group-app/src/beinComponents/FilterFeedButtonGroup.test.tsx">
    <testCase name="FilterFeedButtonGroup component renders FilterFeedButtonGroup correctly" duration="721"/>
  </file>
  <file path="/Users/lesison/Documents/sonls/react-native/bic-group-app/src/screens/groups/GroupMembers/store/actions/assignGroupAdmin.test.ts">
    <testCase name="assignGroupAdmin should set group admin success:" duration="192"/>
    <testCase name="assignGroupAdmin should set group admin throw error" duration="93"/>
  </file>
  <file path="/Users/lesison/Documents/sonls/react-native/bic-group-app/src/components/articles/ArticleBoxScheduleTime/index.test.tsx">
    <testCase name="ArticleBoxScheduleTime component renders correctly" duration="254"/>
    <testCase name="ArticleBoxScheduleTime component renders schedule article fail with red background" duration="195"/>
  </file>
  <file path="/Users/lesison/Documents/sonls/react-native/bic-group-app/src/screens/auth/store/actions/signOut.test.ts">
    <testCase name="signOut should do nothing if signing out" duration="197"/>
  </file>
  <file path="/Users/lesison/Documents/sonls/react-native/bic-group-app/src/screens/groups/GroupMembers/AddMembersToGroup/components/SearchResults.test.tsx">
    <testCase name="SearchResults renders a list of users and select a user" duration="247"/>
    <testCase name="SearchResults renders a loading indicator when searching" duration="78"/>
    <testCase name="SearchResults renders NoSearchResultsFound when there is no data" duration="48"/>
    <testCase name="SearchResults renders loading more at the bottom of the scrren when hasNextPage = true" duration="82"/>
  </file>
  <file path="/Users/lesison/Documents/sonls/react-native/bic-group-app/src/screens/Home/HomeSearch/store/actions/deleteRecentSearchAll.test.ts">
    <testCase name="deleteRecentSearchAll should deleteRecentSearchAll" duration="293"/>
  </file>
  <file path="/Users/lesison/Documents/sonls/react-native/bic-group-app/src/screens/Notification/store/actions/markAsUnRead.test.ts">
    <testCase name="markAsUnRead function should do nothing when id is empty" duration="569"/>
    <testCase name="markAsUnRead function should call api mark as seen all successfully" duration="270"/>
    <testCase name="markAsUnRead function should call api mark as seen all throw error" duration="101"/>
  </file>
  <file path="/Users/lesison/Documents/sonls/react-native/bic-group-app/src/screens/Menu/components/MenuDiscoverCommunity.test.tsx">
    <testCase name="MenuDiscoverCommunity component renders loading list:" duration="291"/>
    <testCase name="MenuDiscoverCommunity component should navigate to community detail screen when click community item" duration="311"/>
    <testCase name="MenuDiscoverCommunity component renders empty list:" duration="239"/>
  </file>
  <file path="/Users/lesison/Documents/sonls/react-native/bic-group-app/src/screens/comments/CommentDetail/store/actions/getCommentDetail.test.ts">
    <testCase name="getCommentDetail should getCommentDetail (isReported = true) success:" duration="404"/>
    <testCase name="getCommentDetail should getCommentDetail (isReported = false) success:" duration="202"/>
    <testCase name="getCommentDetail should getCommentDetail throw error" duration="187"/>
  </file>
  <file path="/Users/lesison/Documents/sonls/react-native/bic-group-app/src/screens/communities/CommunityMembers/store/actions/approveSingleCommunityMemberRequest.test.ts">
    <testCase name="approveSingleCommunityMemberRequest should call api approveSingleGroupMemberRequest throw error" duration="117"/>
    <testCase name="approveSingleCommunityMemberRequest should not call api approveSingleGroupMemberRequest when payload of action is empty" duration="25"/>
    <testCase name="approveSingleCommunityMemberRequest should call api approveSingleGroupMemberRequest success" duration="120"/>
  </file>
  <file path="/Users/lesison/Documents/sonls/react-native/bic-group-app/src/screens/communities/store/actions/leaveCommunity.test.ts">
    <testCase name="leaveCommunity should leave community success:" duration="418"/>
    <testCase name="leaveCommunity should leave community throw error" duration="107"/>
  </file>
  <file path="/Users/lesison/Documents/sonls/react-native/bic-group-app/src/screens/Menu/AccountSettings/index.test.tsx">
    <testCase name="AccoutSettings screen should render correctly" duration="725"/>
  </file>
  <file path="/Users/lesison/Documents/sonls/react-native/bic-group-app/src/screens/series/store/actions/postCreateNewSeries.test.ts">
    <testCase name="postCreateNewSeries should post new series success:" duration="245"/>
    <testCase name="postCreateNewSeries should post new series throw error" duration="70"/>
  </file>
  <file path="/Users/lesison/Documents/sonls/react-native/bic-group-app/src/beinComponents/list/items/NotificationItem/NotificationAvatar.test.tsx">
    <testCase name="NotificationAvatar component should render null when actors is empty" duration="155"/>
    <testCase name="NotificationAvatar component renders correctly with COMMENT verb with action comment lv1" duration="62"/>
  </file>
  <file path="/Users/lesison/Documents/sonls/react-native/bic-group-app/src/screens/communities/CommunityAdmin/index.test.tsx">
    <testCase name="CommunityAdmin component should render data correctly" duration="516"/>
  </file>
  <file path="/Users/lesison/Documents/sonls/react-native/bic-group-app/src/screens/Menu/index.test.tsx">
    <testCase name="Menu screen should render correctly" duration="539"/>
  </file>
  <file path="/Users/lesison/Documents/sonls/react-native/bic-group-app/src/screens/Menu/components/NoUserFound.test.tsx">
    <testCase name="NoUserFound component renders correctly" duration="375"/>
  </file>
  <file path="/Users/lesison/Documents/sonls/react-native/bic-group-app/src/components/articles/ArticleReactions/index.test.tsx">
    <testCase name="ArticleReactions Component renders correctly" duration="311"/>
  </file>
  <file path="/Users/lesison/Documents/sonls/react-native/bic-group-app/src/components/CommunityGroupCard/ButtonCommunityGroupCard.test.tsx">
    <testCase name="ButtonCommunityGroupCard component given joinStatus = 1, should render button join" duration="347"/>
    <testCase name="ButtonCommunityGroupCard component given joinStatus = 2, should render button view" duration="89"/>
    <testCase name="ButtonCommunityGroupCard component given joinStatus = 3, should render button cancel request" duration="112"/>
  </file>
  <file path="/Users/lesison/Documents/sonls/react-native/bic-group-app/src/screens/UnsupportFeature/index.test.tsx">
    <testCase name="UnsupportFeature component render correctly" duration="220"/>
  </file>
  <file path="/Users/lesison/Documents/sonls/react-native/bic-group-app/src/screens/Menu/UserProfile/store/actions/addWorkExperience.test.ts">
    <testCase name="addWorkExperience should addWorkExperience success:" duration="199"/>
    <testCase name="addWorkExperience should addWorkExperience throw error" duration="65"/>
  </file>
  <file path="/Users/lesison/Documents/sonls/react-native/bic-group-app/src/screens/articles/CreateArticle/screens/CreateArticleCover/index.test.tsx">
    <testCase name="CreateArticleCover should render correctly if cover is empty" duration="951"/>
    <testCase name="CreateArticleCover should render correctly if cover is not empty" duration="192"/>
  </file>
  <file path="/Users/lesison/Documents/sonls/react-native/bic-group-app/src/screens/Notification/store/actions/registerPushToken.test.ts">
    <testCase name="registerPushToken should register push token successfully" duration="261"/>
    <testCase name="registerPushToken should register push token throw error" duration="147"/>
  </file>
  <file path="/Users/lesison/Documents/sonls/react-native/bic-group-app/src/screens/articles/store/actions/deleteArticle.test.ts">
    <testCase name="deleteArticle should call API to delete draft article success" duration="140"/>
    <testCase name="deleteArticle should not run because id is not available" duration="28"/>
    <testCase name="deleteArticle should call API and throws error" duration="59"/>
    <testCase name="deleteArticle should call API to delete draft article success but no data is return" duration="70"/>
  </file>
  <file path="/Users/lesison/Documents/sonls/react-native/bic-group-app/src/baseComponents/Text/CollapsibleText/index.test.tsx">
    <testCase name="Collapsible Text component renders correctly testID" duration="114"/>
    <testCase name="Collapsible Text component should render short text with a short length and limit the length" duration="151"/>
    <testCase name="Collapsible Text component should render full text when click read more button text " duration="62"/>
    <testCase name="Collapsible Text component should call props onPress" duration="81"/>
  </file>
  <file path="/Users/lesison/Documents/sonls/react-native/bic-group-app/src/baseComponents/Reaction/index.test.tsx">
    <testCase name="Reaction component renders correctly" duration="159"/>
    <testCase name="Reaction component should call prop onActionPress to select Emoji correctly" duration="116"/>
    <testCase name="Reaction component should call prop onLongPress correctly" duration="77"/>
    <testCase name="Reaction component renders style correctly" duration="103"/>
    <testCase name="Reaction component renders disableUpdateState with selected=false correctly" duration="53"/>
  </file>
  <file path="/Users/lesison/Documents/sonls/react-native/bic-group-app/src/screens/communities/CommunityMembers/store/actions/removeCommunityMember.test.ts">
    <testCase name="removeCommunityMember should remove community member success:" duration="447"/>
    <testCase name="removeCommunityMember should remove community member throw error" duration="126"/>
  </file>
  <file path="/Users/lesison/Documents/sonls/react-native/bic-group-app/src/screens/YourContent/components/ScheduledArticles/store/actions/getScheduleArticles.test.ts">
    <testCase name="getScheduleArticles should call api getArticleByParams when isRefresh = true throw error" duration="334"/>
    <testCase name="getScheduleArticles should call api getArticleByParams when isRefresh = true success" duration="84"/>
    <testCase name="getScheduleArticles should call api getArticleByParams when isRefresh = false success" duration="98"/>
  </file>
  <file path="/Users/lesison/Documents/sonls/react-native/bic-group-app/src/screens/groups/GroupMembers/store/actions/declineAllGroupMemberRequests.test.ts">
    <testCase name="action declineAllGroupMemberRequests should call api declineAllGroupMemberRequests throw error" duration="143"/>
    <testCase name="action declineAllGroupMemberRequests should not call api declineAllGroupMemberRequests when payload of action is empty" duration="88"/>
    <testCase name="action declineAllGroupMemberRequests should call api declineAllGroupMemberRequests success" duration="55"/>
  </file>
  <file path="/Users/lesison/Documents/sonls/react-native/bic-group-app/src/screens/groups/GroupMembers/components/SearchMemberView.test.tsx">
    <testCase name="SearchMemberView component should render data list correctly" duration="235"/>
  </file>
  <file path="/Users/lesison/Documents/sonls/react-native/bic-group-app/src/screens/series/store/actions/editSeries.test.ts">
    <testCase name="editSeries should do nothing if id undefined" duration="294"/>
    <testCase name="editSeries should put edit series success:" duration="111"/>
    <testCase name="editSeries should put edit series throw error and should show toast" duration="47"/>
    <testCase name="editSeries should put edit series throw error and props callbackError should called" duration="61"/>
  </file>
  <file path="/Users/lesison/Documents/sonls/react-native/bic-group-app/src/screens/Menu/components/JoinedCommunityPlaceholder.test.tsx">
    <testCase name="JoinedCommunityPlaceholder component renders correctly" duration="311"/>
  </file>
  <file path="/Users/lesison/Documents/sonls/react-native/bic-group-app/src/components/series/SeriesContentModal/index.test.tsx">
    <testCase name="SeriesContentModal component should render correctly" duration="594"/>
    <testCase name="SeriesContentModal component should render empty component" duration="194"/>
    <testCase name="SeriesContentModal component should not render empty component when loading" duration="93"/>
    <testCase name="SeriesContentModal component should render navigate to SeriesDetail" duration="109"/>
  </file>
  <file path="/Users/lesison/Documents/sonls/react-native/bic-group-app/src/screens/Notification/store/actions/markAsReadAll.test.ts">
    <testCase name="markAsReadAll function call api mark as read all successfully" duration="168"/>
    <testCase name="markAsReadAll function should call api mark as read all throw error" duration="186"/>
  </file>
  <file path="/Users/lesison/Documents/sonls/react-native/bic-group-app/src/beinComponents/list/items/NotificationItem/NotificationContent/index.test.tsx">
    <testCase name="NotificationContent component renders correctly" duration="403"/>
  </file>
  <file path="/Users/lesison/Documents/sonls/react-native/bic-group-app/src/screens/articles/CreateArticle/screens/CreateArticleSummary/SummarySection.test.tsx">
    <testCase name="SummarySection should render correctly" duration="313"/>
  </file>
  <file path="/Users/lesison/Documents/sonls/react-native/bic-group-app/src/screens/communities/CommunityMembers/index.test.tsx">
    <testCase name="CommunityMembers should render correct tab" duration="431"/>
    <testCase name="CommunityMembers should render list data correctly" duration="138"/>
  </file>
  <file path="/Users/lesison/Documents/sonls/react-native/bic-group-app/src/screens/Menu/UserProfile/store/actions/deleteWorkExperience.test.ts">
    <testCase name="deleteWorkExperience should deleteWorkExperience success:" duration="159"/>
    <testCase name="deleteWorkExperience should deleteWorkExperience throw error" duration="92"/>
  </file>
  <file path="/Users/lesison/Documents/sonls/react-native/bic-group-app/src/beinComponents/Button/ButtonPrimary.test.tsx">
    <testCase name="ButtonPrimary conponent renders correctly" duration="443"/>
    <testCase name="ButtonPrimary conponent renders color correctly" duration="55"/>
    <testCase name="ButtonPrimary conponent renders textColor correctly" duration="79"/>
  </file>
  <file path="/Users/lesison/Documents/sonls/react-native/bic-group-app/src/screens/Menu/UserProfile/store/actions/getWorkExperience.test.ts">
    <testCase name="getWorkExperience should getWorkExperience success:" duration="158"/>
    <testCase name="getWorkExperience should getWorkExperience throw error" duration="62"/>
  </file>
  <file path="/Users/lesison/Documents/sonls/react-native/bic-group-app/src/baseComponents/Toast/BaseToast/index.test.tsx">
    <testCase name="BaseToast component renders success toast correctly" duration="208"/>
    <testCase name="BaseToast component renders error toast correctly" duration="148"/>
    <testCase name="BaseToast component renders full toast with button correctly" duration="94"/>
    <testCase name="BaseToast component should call prop onButtonPress" duration="53"/>
    <testCase name="BaseToast component should call prop onPressClose" duration="152"/>
  </file>
  <file path="/Users/lesison/Documents/sonls/react-native/bic-group-app/src/baseComponents/Avatar/AvatarComponent.test.tsx">
    <testCase name="Avatar component renders correctly badge" duration="143"/>
    <testCase name="Avatar component renders correctly badge bottom" duration="94"/>
    <testCase name="Avatar component renders correctly badge check" duration="256"/>
    <testCase name="Avatar component renders correctly round" duration="61"/>
    <testCase name="Avatar component should call props onPressAction" duration="81"/>
    <testCase name="Avatar component renders correctly status" duration="70"/>
  </file>
  <file path="/Users/lesison/Documents/sonls/react-native/bic-group-app/src/utils/images/index.test.ts">
    <testCase name="images utils should run downloadImage on iOS success" duration="60"/>
    <testCase name="images utils should run downloadImage on iOS failed" duration="41"/>
    <testCase name="images utils should run downloadImage on android success" duration="119"/>
    <testCase name="images utils should run downloadImage on android failed" duration="272"/>
    <testCase name="images utils should not run downloadImage" duration="62"/>
    <testCase name="images utils should not run copyImageFromUrl" duration="69"/>
    <testCase name="images utils should not run copyImageFromUrl" duration="96"/>
    <testCase name="images utils should not run copyImageFromUrl" duration="29"/>
  </file>
  <file path="/Users/lesison/Documents/sonls/react-native/bic-group-app/src/components/Report/store/actions/getMemberReportReasons.test.ts">
    <testCase name="getMemberReportReasons should getMemberReportReasons throw error" duration="156"/>
    <testCase name="getMemberReportReasons should call api getMemberReportReasons success" duration="197"/>
  </file>
  <file path="/Users/lesison/Documents/sonls/react-native/bic-group-app/src/screens/Menu/UserProfile/components/WorkInfo/index.test.tsx">
    <testCase name="WorkInfo component should render props correctly" duration="156"/>
    <testCase name="WorkInfo component should not render" duration="150"/>
  </file>
  <file path="/Users/lesison/Documents/sonls/react-native/bic-group-app/src/screens/Menu/UserProfile/store/actions/editWorkExperience.test.ts">
    <testCase name="editWorkExperience should editWorkExperience success:" duration="543"/>
    <testCase name="editWorkExperience should editWorkExperience throw error" duration="213"/>
  </file>
  <file path="/Users/lesison/Documents/sonls/react-native/bic-group-app/src/screens/groups/GroupMembers/AddMembersToGroup/index.test.tsx">
    <testCase name="AddMembersToGroup renders correctly when no search text is typed" duration="313"/>
    <testCase name="AddMembersToGroup enables the add button when there are selected users" duration="413"/>
  </file>
  <file path="/Users/lesison/Documents/sonls/react-native/bic-group-app/src/screens/communities/CommunityMembers/store/actions/declineSingleCommunityMemberRequest.test.ts">
    <testCase name="declineSingleCommunityMemberRequest should call api declineSingleGroupMemberRequest throw error" duration="186"/>
    <testCase name="declineSingleCommunityMemberRequest should not call api declineSingleGroupMemberRequest when payload of action is empty" duration="87"/>
    <testCase name="declineSingleCommunityMemberRequest should call api declineSingleGroupMemberRequest success" duration="212"/>
  </file>
  <file path="/Users/lesison/Documents/sonls/react-native/bic-group-app/src/screens/communities/CommunityMembers/store/actions/declineAllCommunityMemberRequests.test.ts">
    <testCase name="declineAllCommunityMemberRequests should call api declineAllGroupMemberRequests throw error" duration="103"/>
    <testCase name="declineAllCommunityMemberRequests should not call api declineAllGroupMemberRequests when payload of action is empty" duration="56"/>
    <testCase name="declineAllCommunityMemberRequests should call api declineAllGroupMemberRequests success" duration="68"/>
  </file>
  <file path="/Users/lesison/Documents/sonls/react-native/bic-group-app/src/components/NoticePanel/index.test.tsx">
    <testCase name="NoticePanel component renders correctly" duration="250"/>
    <testCase name="NoticePanel component should call props onButtonPress" duration="226"/>
    <testCase name="NoticePanel component should call props onClose" duration="170"/>
  </file>
  <file path="/Users/lesison/Documents/sonls/react-native/bic-group-app/src/screens/articles/CreateArticle/screens/CreateArticleCategory/store/actions/getSearchCategories.test.ts">
    <testCase name="getSearchCategories in article should get list categories success:" duration="208"/>
  </file>
  <file path="/Users/lesison/Documents/sonls/react-native/bic-group-app/src/screens/Draft/DraftPost/store/actions/getDraftPosts.test.tsx">
    <testCase name="getDraftPosts should call api get draft posts when isRefresh = true throw error" duration="541"/>
    <testCase name="getDraftPosts should call api get draft posts when isRefresh = true success" duration="262"/>
    <testCase name="getDraftPosts should load more draft post success" duration="199"/>
  </file>
  <file path="/Users/lesison/Documents/sonls/react-native/bic-group-app/src/screens/tags/TagDetail/store/actions/getArticlesByTag.test.ts">
    <testCase name="getArticlesByTag should do nothing if isLoadMore = true but hasNextPage = false" duration="130"/>
    <testCase name="getArticlesByTag should get articles success:" duration="398"/>
    <testCase name="getArticlesByTag should get articles success with full param value:" duration="471"/>
    <testCase name="getArticlesByTag should get articles throw error" duration="83"/>
  </file>
  <file path="/Users/lesison/Documents/sonls/react-native/bic-group-app/src/screens/Menu/UserProfile/fragments/CoverHeader/index.test.tsx">
    <testCase name="CoverHeader component renders correctly with onLayout" duration="795"/>
    <testCase name="CoverHeader component renders correctly Not onLayout" duration="204"/>
  </file>
  <file path="/Users/lesison/Documents/sonls/react-native/bic-group-app/src/screens/topic/TopicDetail/components/TopicDetailArticleItem/index.test.tsx">
    <testCase name="SeriesDetailArticleItem component render correctly" duration="876"/>
  </file>
  <file path="/Users/lesison/Documents/sonls/react-native/bic-group-app/src/screens/groups/GroupDetail/components/NoGroupFound.test.tsx">
    <testCase name="NoGroupFound component should render correctly" duration="726"/>
    <testCase name="NoGroupFound component should navigate back to safety when pressing back button" duration="292"/>
  </file>
  <file path="/Users/lesison/Documents/sonls/react-native/bic-group-app/src/screens/groups/components/PendingUserItem.test.tsx">
    <testCase name="PendingUserItem component should render data correctly" duration="287"/>
    <testCase name="PendingUserItem component should call prop onPressDecline correctly" duration="115"/>
    <testCase name="PendingUserItem component should call prop onPressApprove correctly" duration="115"/>
  </file>
  <file path="/Users/lesison/Documents/sonls/react-native/bic-group-app/src/screens/Notification/store/actions/markAsSeenAll.test.ts">
    <testCase name="markAsSeenAll function call api mark as seen all successfully" duration="209"/>
    <testCase name="markAsSeenAll function should call api mark as seen all throw error" duration="284"/>
  </file>
  <file path="/Users/lesison/Documents/sonls/react-native/bic-group-app/src/components/FilterToolbar/store/actions/searchPostUsers.test.ts">
    <testCase name="searchPostUsers should refresh search if isLoadMore = false" duration="486"/>
    <testCase name="searchPostUsers should load more search if isLoadMore = true" duration="84"/>
  </file>
  <file path="/Users/lesison/Documents/sonls/react-native/bic-group-app/src/screens/Notification/store/actions/markAsRead.test.ts">
    <testCase name="markAsRead function do nothing if notificationId= &quot;&quot; " duration="383"/>
    <testCase name="markAsRead function mark a notification as read successfully" duration="249"/>
    <testCase name="markAsRead function should call api mark as read and throw error" duration="114"/>
  </file>
  <file path="/Users/lesison/Documents/sonls/react-native/bic-group-app/src/screens/groups/GroupMembers/store/actions/approveAllGroupMemberRequests.test.ts">
    <testCase name="action approveAllGroupMemberRequests should call api approveAllGroupMemberRequests throw error" duration="433"/>
    <testCase name="action approveAllGroupMemberRequests should not call api approveAllGroupMemberRequests when payload of action is empty" duration="337"/>
    <testCase name="action approveAllGroupMemberRequests should call api approveAllGroupMemberRequests success and show toast" duration="252"/>
  </file>
  <file path="/Users/lesison/Documents/sonls/react-native/bic-group-app/src/components/Report/store/actions/getReportReasons.test.ts">
    <testCase name="getReportReasons should getReportReasons throw error" duration="369"/>
    <testCase name="getReportReasons should call api getReportReasons success" duration="189"/>
  </file>
  <file path="/Users/lesison/Documents/sonls/react-native/bic-group-app/src/screens/tags/Tags/components/TagItem.test.tsx">
    <testCase name="TagItem component given canCUDTag &amp; tag has totalUsed = 0, should render menu" duration="238"/>
    <testCase name="TagItem component given canCUDTag &amp; tag has totalUsed &gt; 0, should not render menu" duration="70"/>
    <testCase name="TagItem component given canCUDTag = false, should not render menu" duration="73"/>
  </file>
  <file path="/Users/lesison/Documents/sonls/react-native/bic-group-app/src/store/entities/posts/actions/deletePost.test.ts">
    <testCase name="deletePost should not Id" duration="195"/>
    <testCase name="deletePost should delete Post success:" duration="103"/>
    <testCase name="deletePost should delete Post throw error:" duration="103"/>
  </file>
  <file path="/Users/lesison/Documents/sonls/react-native/bic-group-app/src/screens/tags/store/actions/editTag.test.ts">
    <testCase name="editTag give a tag should edit that tag" duration="288"/>
  </file>
  <file path="/Users/lesison/Documents/sonls/react-native/bic-group-app/src/components/posts/PostFooter/index.test.tsx">
    <testCase name="PostFooter component should render correctly" duration="130"/>
  </file>
  <file path="/Users/lesison/Documents/sonls/react-native/bic-group-app/src/screens/Home/HomeSearch/store/actions/getSearchPosts.test.ts">
    <testCase name="getSearchPosts should getSearchPosts" duration="389"/>
  </file>
  <file path="/Users/lesison/Documents/sonls/react-native/bic-group-app/src/screens/articles/ArticleContentDetail/helper.test.ts">
    <testCase name="ArticleContentDetail helper should navigate to userProfile when onPressMentionAudience" duration="89"/>
    <testCase name="ArticleContentDetail helper should navigate to seriesDetail when onPressSeries" duration="121"/>
    <testCase name="ArticleContentDetail helper should navigate to communityDetail when onPressAudiences" duration="44"/>
    <testCase name="ArticleContentDetail helper should navigate to groupDetail when onPressAudiences" duration="40"/>
    <testCase name="ArticleContentDetail helper should replace is topicDetail when onPressTopics" duration="105"/>
    <testCase name="ArticleContentDetail helper should navigate to tagDetail when onPressTags" duration="28"/>
    <testCase name="ArticleContentDetail helper should set state index image when onPressImages" duration="57"/>
    <testCase name="ArticleContentDetail helper should default" duration="47"/>
  </file>
  <file path="/Users/lesison/Documents/sonls/react-native/bic-group-app/src/screens/Menu/AccountSettings/SecurityLogin/ChangePassword/store/actions/changePassword.test.ts">
    <testCase name="changePassword should changePassword success (global = false)" duration="204"/>
    <testCase name="changePassword should changePassword success (global = true)" duration="67"/>
    <testCase name="changePassword should changePassword throw error" duration="48"/>
  </file>
  <file path="/Users/lesison/Documents/sonls/react-native/bic-group-app/src/screens/groups/GroupMembers/AddMembersToGroup/store/actions/addUsersToGroup.test.ts">
    <testCase name="addUsersToGroup should add users to group success and then update store correctly" duration="183"/>
    <testCase name="addUsersToGroup should call API but thows an error" duration="123"/>
  </file>
  <file path="/Users/lesison/Documents/sonls/react-native/bic-group-app/src/screens/groups/GroupMembers/store/actions/removeGroupMember.test.ts">
    <testCase name="removeGroupMember should remove group member success:" duration="106"/>
    <testCase name="removeGroupMember should remove group member throw error" duration="71"/>
  </file>
  <file path="/Users/lesison/Documents/sonls/react-native/bic-group-app/src/screens/Menu/UserProfile/components/DeleteButton/index.test.tsx">
    <testCase name="DeleteButton component should render props correctly" duration="243"/>
    <testCase name="DeleteButton component should not render" duration="91"/>
  </file>
  <file path="/Users/lesison/Documents/sonls/react-native/bic-group-app/src/screens/communities/CommunityMembers/store/actions/approveAllCommunityMemberRequests.test.ts">
    <testCase name="approveAllCommunityMemberRequests should call api approveAllGroupMemberRequests throw error" duration="289"/>
    <testCase name="approveAllCommunityMemberRequests should not call api approveAllGroupMemberRequests when payload of action is empty" duration="70"/>
    <testCase name="approveAllCommunityMemberRequests should call api approveAllGroupMemberRequests success" duration="109"/>
  </file>
  <file path="/Users/lesison/Documents/sonls/react-native/bic-group-app/src/components/FilterToolbar/helper.test.ts">
    <testCase name="FilterToolbar component given time range of the last 7 days, isLastSevenDays function should return true" duration="66"/>
    <testCase name="FilterToolbar component given time range, getCurrentFilterByTimeRange function should return TypeFilter correctly" duration="69"/>
  </file>
  <file path="/Users/lesison/Documents/sonls/react-native/bic-group-app/src/screens/tags/store/actions/deleteTag.test.ts">
    <testCase name="deleteTag give id tag vs idCommunity should delete a tag" duration="347"/>
  </file>
  <file path="/Users/lesison/Documents/sonls/react-native/bic-group-app/src/screens/Home/HomeSearch/store/actions/saveRecentSearchKeywords.test.ts">
    <testCase name="saveRecentSearchKeywords should save recent search keyword" duration="532"/>
  </file>
  <file path="/Users/lesison/Documents/sonls/react-native/bic-group-app/src/screens/groups/GroupMembers/AddMembersToGroup/store/actions/setSelectedUsers.test.ts">
    <testCase name="setSelectedUsers given user-1 is not selected yet, should add user-1 to the list" duration="179"/>
    <testCase name="setSelectedUsers given user-1 is already selected, should remove user-1 from the list" duration="101"/>
  </file>
  <file path="/Users/lesison/Documents/sonls/react-native/bic-group-app/src/screens/Menu/UserProfile/helper.test.ts">
    <testCase name="UserProfile helper getLanguages: validate valued array" duration="230"/>
  </file>
  <file path="/Users/lesison/Documents/sonls/react-native/bic-group-app/src/components/InfoCard/index.test.tsx">
    <testCase name="InfoSection component renders correctly" duration="118"/>
  </file>
  <file path="/Users/lesison/Documents/sonls/react-native/bic-group-app/src/utils/link/index.test.ts">
    <testCase name="Link utils should run generateLink correctly" duration="58"/>
    <testCase name="Link utils should run generateLink COMMENT in snake case params" duration="1"/>
    <testCase name="Link utils should run getGroupLink correctly" duration="2"/>
    <testCase name="Link utils should run getChatDomain correctly" duration="1"/>
    <testCase name="Link utils should run formatChannelLink correctly" duration="2"/>
    <testCase name="Link utils should run formatDMLink correctly" duration="1"/>
    <testCase name="Link utils should run getHostNameFromUri correctly" duration="3"/>
    <testCase name="Link utils should run openUrl in browser" duration="3"/>
    <testCase name="Link utils should run openUrl with BIC url in app" duration="3"/>
    <testCase name="Link utils should run openUrl with BIC url in browser" duration="1"/>
    <testCase name="Link utils should run matchDeepLink correctly" duration="5"/>
    <testCase name="Link utils should run getErrorMessageFromResponse correctly" duration="1"/>
    <testCase name="Link utils should run openInAppBrowser in app" duration="2"/>
    <testCase name="Link utils should run openInAppBrowser in browser" duration="153"/>
  </file>
  <file path="/Users/lesison/Documents/sonls/react-native/bic-group-app/src/utils/emojis/index.test.js">
    <testCase name="emojis utils should getEmoticonName correctly" duration="7"/>
    <testCase name="emojis utils should compareEmojis correctly" duration="2"/>
    <testCase name="emojis utils should getCustomEmojisByName correctly" duration="18"/>
    <testCase name="emojis utils should getEmojiCode correctly" duration="12"/>
    <testCase name="emojis utils should formatTextWithEmoji correctly" duration="19"/>
  </file>
  <file path="/Users/lesison/Documents/sonls/react-native/bic-group-app/src/screens/communities/Communities/components/YourGroups/index.test.tsx">
    <testCase name="YourGroups Screen given no params, should call api getJoinedAllGroups with the next page" duration="332"/>
    <testCase name="YourGroups Screen given param isRefreshing, should refresh data" duration="234"/>
  </file>
  <file path="/Users/lesison/Documents/sonls/react-native/bic-group-app/src/screens/comments/CommentDetail/helper.test.ts">
    <testCase name="CommentDetail helper should title is article" duration="2"/>
    <testCase name="CommentDetail helper should title is post" duration="133"/>
    <testCase name="CommentDetail helper should replace is article detail" duration="1"/>
    <testCase name="CommentDetail helper should replace is post detail" duration="0"/>
  </file>
  <file path="/Users/lesison/Documents/sonls/react-native/bic-group-app/src/screens/Menu/AccountSettings/EditBasicInfo/fragments/LanguageOptionMenuItem.test.tsx">
    <testCase name="LanguageOptionMenuItem conponent should render correctly when not set language" duration="156"/>
  </file>
  <file path="/Users/lesison/Documents/sonls/react-native/bic-group-app/src/beinComponents/Divider.test.tsx">
    <testCase name="Divider component renders correctly" duration="121"/>
    <testCase name="Divider component renders correctly color" duration="82"/>
    <testCase name="Divider component renders correctly horizontal" duration="2"/>
  </file>
  <file path="/Users/lesison/Documents/sonls/react-native/bic-group-app/src/utils/socket/Encoder.test.ts">
    <testCase name="Encoder utils should encode correctly" duration="2"/>
  </file>
  <file path="/Users/lesison/Documents/sonls/react-native/bic-group-app/src/beinComponents/inputs/PasswordInputController.test.tsx">
    <testCase name="PasswordInputController component renders correctly" duration="162"/>
    <testCase name="PasswordInputController component should called validateValue and show error text when typing an invalid value by rule" duration="88"/>
  </file>
  <file path="/Users/lesison/Documents/sonls/react-native/bic-group-app/src/utils/socket/index.test.ts">
    <testCase name="socket utils should getMsgPackParser enable true" duration="2"/>
    <testCase name="socket utils should getMsgPackParser enable false" duration="0"/>
  </file>
  <file path="/Users/lesison/Documents/sonls/react-native/bic-group-app/src/screens/Menu/UserProfile/fragments/Contact/index.test.tsx">
    <testCase name="Contact component renders correctly" duration="224"/>
  </file>
  <file path="/Users/lesison/Documents/sonls/react-native/bic-group-app/src/utils/env/index.test.ts">
    <testCase name="formatter utils should run getEnv correctly" duration="2"/>
  </file>
  <file path="/Users/lesison/Documents/sonls/react-native/bic-group-app/src/beinComponents/inputs/MentionInput/helper.test.ts">
    <testCase name="_MentionInput helper getMatchTermForAtMention correctly" duration="3"/>
    <testCase name="_MentionInput helper getMatchTermForAtMention should be null" duration="1"/>
    <testCase name="_MentionInput helper switchKeyboardForCodeBlocks should be default" duration="7"/>
    <testCase name="_MentionInput helper switchKeyboardForCodeBlocks should be email-address" duration="9"/>
  </file>
  <file path="/Users/lesison/Documents/sonls/react-native/bic-group-app/src/baseComponents/Button/helper.test.ts">
    <testCase name="Button helper getButtonColors with theme" duration="3"/>
  </file>
  <file path="/Users/lesison/Documents/sonls/react-native/bic-group-app/src/utils/formatter/index.test.ts">
    <testCase name="formatter utils should run formatDate correctly" duration="29"/>
    <testCase name="formatter utils should run formatLargeNumber correctly" duration="2"/>
    <testCase name="formatter utils should run formatBytes correctly" duration="1"/>
    <testCase name="formatter utils should run escapeMarkDown correctly" duration="5"/>
    <testCase name="formatter utils should run formatTextRemoveSpace correctly" duration="1"/>
    <testCase name="formatter utils should run convertArrayToObject correctly" duration="1"/>
    <testCase name="formatter utils should run formatNumberWithZeroPrefix correctly" duration="1"/>
  </file>
  <file path="/Users/lesison/Documents/sonls/react-native/bic-group-app/src/screens/Home/HomeSearch/store/actions/getRecentSearchKeywords.test.ts">
    <testCase name="getRecentSearchKeywords should getRecentSearchKeywords" duration="118"/>
  </file>
  <file path="/Users/lesison/Documents/sonls/react-native/bic-group-app/src/baseComponents/Text/index.test.tsx">
    <testCase name="Text component renders correctly" duration="158"/>
    <testCase name="Text component renders correctly children" duration="18"/>
    <testCase name="Text component renders correctly children with useI18n" duration="15"/>
    <testCase name="Text component renders correctly text color" duration="13"/>
    <testCase name="Text component renders correctly variant" duration="9"/>
    <testCase name="Text component renders correctly variant H1" duration="3"/>
    <testCase name="Text component renders correctly variant H2" duration="4"/>
    <testCase name="Text component renders correctly variant H3" duration="5"/>
    <testCase name="Text component renders correctly variant H4" duration="4"/>
    <testCase name="Text component renders correctly variant H5" duration="4"/>
    <testCase name="Text component renders correctly variant H6" duration="3"/>
  </file>
  <file path="/Users/lesison/Documents/sonls/react-native/bic-group-app/src/store/permissions/helper.test.ts">
    <testCase name="helper function checkIfHasPermission should return false correctly when input
  available permissions is not valid" duration="2"/>
    <testCase name="helper function checkIfHasPermission should return true correctly when current
  available permissions have the required permission" duration="5"/>
    <testCase name="helper function checkIfHasPermission should return false correctly when current
  available permissions do not have the required permission" duration="2"/>
    <testCase name="helper function checkIfHasPermission should return true correctly when current
  available permissions have all required permissions" duration="1"/>
    <testCase name="helper function checkIfHasPermission should return true correctly when current
  available permissions have at least 1 required permission" duration="0"/>
    <testCase name="helper function checkIfHasPermission should return true correctly when current
  available permissions has no required permission but has full permission" duration="1"/>
    <testCase name="helper function checkIfHasPermission should return false correctly when current
  available permissions dont have any required permissions" duration="1"/>
  </file>
  <file path="/Users/lesison/Documents/sonls/react-native/bic-group-app/src/utils/socket/Decoder.test.ts">
    <testCase name="Decoder utils should add correctly" duration="4"/>
  </file>
  <file path="/Users/lesison/Documents/sonls/react-native/bic-group-app/src/components/DeletedItem/index.test.tsx">
    <testCase name="DeletedItem component renders correctly" duration="168"/>
    <testCase name="DeletedItem component renders correctly title" duration="10"/>
    <testCase name="DeletedItem component renders correctly style" duration="3"/>
  </file>
  <file path="/Users/lesison/Documents/sonls/react-native/bic-group-app/src/beinComponents/Badge/NotificationsBadge/NotificationsBadgeComponent.test.tsx">
    <testCase name="NotificationsBadgeComponent renders correctly" duration="174"/>
    <testCase name="NotificationsBadgeComponent renders variant alert correctly" duration="4"/>
    <testCase name="NotificationsBadgeComponent renders view style correctly" duration="21"/>
    <testCase name="NotificationsBadgeComponent renders number value that is smaller than maxNumber correctly" duration="7"/>
    <testCase name="NotificationsBadgeComponent renders maxNumber correctly" duration="3"/>
    <testCase name="NotificationsBadgeComponent renders textStyle correctly" duration="2"/>
  </file>
  <file path="/Users/lesison/Documents/sonls/react-native/bic-group-app/src/utils/convertHelper/index.test.ts">
    <testCase name="ConvertHelper utils should run camelizeKeys correctly" duration="3"/>
    <testCase name="ConvertHelper utils should run camelizeKeys correctly" duration="36"/>
  </file>
  <file path="/Users/lesison/Documents/sonls/react-native/bic-group-app/src/utils/common/index.test.ts">
    <testCase name="Commom utils should run titleCase correctly" duration="3"/>
    <testCase name="Commom utils should run parseSafe correctly" duration="28"/>
    <testCase name="Commom utils should run getUrlFromText correctly" duration="3"/>
    <testCase name="Commom utils should run searchText correctly" duration="10"/>
  </file>
  <file path="/Users/lesison/Documents/sonls/react-native/bic-group-app/src/screens/PermissionScheme/GroupSchemeAssignSelection/helper.test.ts">
    <testCase name="group scheme assign selection helper handleSelectNewGroupScheme should add new item if has change with current assignments" duration="2"/>
    <testCase name="group scheme assign selection helper handleSelectNewGroupScheme should not add new item if not has change with current assignments" duration="0"/>
    <testCase name="group scheme assign selection helper changeSchemeIdOfGroup should update schemeId of group by groupId" duration="1"/>
    <testCase name="group scheme assign selection helper changeSchemeIdOfGroup should update schemeId of child group by groupId" duration="1"/>
    <testCase name="group scheme assign selection helper changeSchemeIdOfGroup should not update any thing" duration="1"/>
  </file>
  <file path="/Users/lesison/Documents/sonls/react-native/bic-group-app/src/screens/post/PostSelectAudience/SelectAudienceHelper.test.ts">
    <testCase name="PostSelectAudience helper checkChangeAudiences has changed length, return true" duration="2"/>
    <testCase name="PostSelectAudience helper checkChangeAudiences has no changed return false" duration="1"/>
    <testCase name="PostSelectAudience helper checkChangeAudiences has changed position, return false" duration="1"/>
  </file>
  <file path="/Users/lesison/Documents/sonls/react-native/bic-group-app/src/screens/groups/GeneralInformation/components/PrivacyItem.test.tsx">
  </file>
  <file path="/Users/lesison/Documents/sonls/react-native/bic-group-app/src/screens/post/CreatePost/helper.test.ts">
  </file>
  <file path="/Users/lesison/Documents/sonls/react-native/bic-group-app/src/screens/auth/store/actions/resendVerifyEmail.test.ts">
    <testCase name="resendVerifyEmail should call api success" duration="140"/>
    <testCase name="resendVerifyEmail should call api error" duration="66"/>
  </file>
  <file path="/Users/lesison/Documents/sonls/react-native/bic-group-app/src/screens/auth/store/actions/signUp.test.ts">
    <testCase name="signUp should call api success" duration="210"/>
    <testCase name="signUp should call api error" duration="83"/>
  </file>
  <file path="/Users/lesison/Documents/sonls/react-native/bic-group-app/src/screens/auth/SignIn/components/InputEmail.test.tsx">
    <testCase name="InputEmail component renders correctly" duration="267"/>
  </file>
  <file path="/Users/lesison/Documents/sonls/react-native/bic-group-app/src/screens/auth/SignIn/components/InputPassword.test.tsx">
    <testCase name="InputPassword component renders correctly" duration="422"/>
  </file>
  <file path="/Users/lesison/Documents/sonls/react-native/bic-group-app/src/screens/auth/components/FormCheckPassword.test.tsx">
    <testCase name="FormCheckPassword component renders correctly" duration="230"/>
  </file>
  <file path="/Users/lesison/Documents/sonls/react-native/bic-group-app/src/screens/comments/EditComment/store/actions/editComment.test.ts">
    <testCase name="editComment actions should edit comment successfully:" duration="182"/>
    <testCase name="editComment actions should do nothing if id undefined:" duration="69"/>
    <testCase name="editComment actions should do nothing if comment undefined:" duration="48"/>
    <testCase name="editComment actions should do nothing if data undefined:" duration="105"/>
    <testCase name="editComment actions should edit comment throw error:" duration="38"/>
  </file>
  <file path="/Users/lesison/Documents/sonls/react-native/bic-group-app/src/screens/auth/helper.test.ts">
    <testCase name="FormCheckPassword helper should validate success" duration="3"/>
    <testCase name="FormCheckPassword helper should validate failed" duration="23"/>
  </file>
  <file path="/Users/lesison/Documents/sonls/react-native/bic-group-app/src/screens/comments/EditComment/index.test.tsx">
    <testCase name="EditComment screen should render correctly" duration="773"/>
    <testCase name="EditComment screen should render correctly with giphy:" duration="499"/>
    <testCase name="EditComment screen should render correctly with image:" duration="311"/>
    <testCase name="EditComment screen should call action edit comment successfully" duration="297"/>
    <testCase name="EditComment screen should check permission when click image in CommentToolbar" duration="320"/>
    <testCase name="EditComment screen should call action edit comment if edit comment has image successfully:" duration="386"/>
    <testCase name="EditComment screen should call action edit comment if edit comment has gif:" duration="412"/>
    <testCase name="EditComment screen should back to previous screen successfully " duration="184"/>
    <testCase name="EditComment screen should show alert when press back and content is changed:" duration="232"/>
    <testCase name="EditComment screen should render correctly in mode android" duration="426"/>
  </file>
  <file path="/Users/lesison/Documents/sonls/react-native/bic-group-app/src/screens/auth/components/FormInput.test.tsx">
    <testCase name="FormInput component renders correctly" duration="410"/>
  </file>
  <file path="/Users/lesison/Documents/sonls/react-native/bic-group-app/src/screens/auth/SignUp/components/InputEmail.test.tsx">
    <testCase name="InputEmail component renders correctly" duration="211"/>
  </file>
  <file path="/Users/lesison/Documents/sonls/react-native/bic-group-app/src/screens/auth/SignUp/components/InputUserName.test.tsx">
    <testCase name="InputUserName component renders correctly" duration="355"/>
  </file>
  <file path="/Users/lesison/Documents/sonls/react-native/bic-group-app/src/screens/auth/SignUp/components/InputFullName.test.tsx">
    <testCase name="InputFullName component renders correctly" duration="520"/>
  </file>
  <file path="/Users/lesison/Documents/sonls/react-native/bic-group-app/src/screens/auth/SignUp/components/SignUpSuccessModal.test.tsx">
    <testCase name="SignUpSuccessModal component renders correctly" duration="1305"/>
  </file>
  <file path="/Users/lesison/Documents/sonls/react-native/bic-group-app/src/screens/auth/SignUp/index.test.tsx">
    <testCase name="SignUp component renders correctly" duration="239"/>
  </file>
  <file path="/Users/lesison/Documents/sonls/react-native/bic-group-app/src/components/DeactivatedView/index.test.tsx">
    <testCase name="DeactivatedView component renders correctly" duration="68"/>
  </file>
  <file path="/Users/lesison/Documents/sonls/react-native/bic-group-app/src/screens/auth/components/LogoImage.test.tsx">
    <testCase name="LogoImage component renders correctly" duration="66"/>
  </file>
</testExecutions>